=== WW Sample Processing Summary ===
Timestamp: 2025-06-06 11:59:35
Total root files: 31
Files per list: 1
List files created: 31

=== Root files distribution ===
List file 1: 1 root files
List file 2: 1 root files
List file 3: 1 root files
List file 4: 1 root files
List file 5: 1 root files
List file 6: 1 root files
List file 7: 1 root files
List file 8: 1 root files
List file 9: 1 root files
List file 10: 1 root files
List file 11: 1 root files
List file 12: 1 root files
List file 13: 1 root files
List file 14: 1 root files
List file 15: 1 root files
List file 16: 1 root files
List file 17: 1 root files
List file 18: 1 root files
List file 19: 1 root files
List file 20: 1 root files
List file 21: 1 root files
List file 22: 1 root files
List file 23: 1 root files
List file 24: 1 root files
List file 25: 1 root files
List file 26: 1 root files
List file 27: 1 root files
List file 28: 1 root files
List file 29: 1 root files
List file 30: 1 root files
List file 31: 1 root files

=== All root files ===
   1. dcap://cluster142.knu.ac.kr//pnfs/knu.ac.kr/data/cms/store/user/gcho/CPV_ntuple/NanoAOD/UL2018_MC/WW_TuneCP5_13TeV-pythia8/WW_TuneCP5_pythia8/250124_133542/0000/tree_10.root
   2. dcap://cluster142.knu.ac.kr//pnfs/knu.ac.kr/data/cms/store/user/gcho/CPV_ntuple/NanoAOD/UL2018_MC/WW_TuneCP5_13TeV-pythia8/WW_TuneCP5_pythia8/250124_133542/0000/tree_11.root
   3. dcap://cluster142.knu.ac.kr//pnfs/knu.ac.kr/data/cms/store/user/gcho/CPV_ntuple/NanoAOD/UL2018_MC/WW_TuneCP5_13TeV-pythia8/WW_TuneCP5_pythia8/250124_133542/0000/tree_12.root
   4. dcap://cluster142.knu.ac.kr//pnfs/knu.ac.kr/data/cms/store/user/gcho/CPV_ntuple/NanoAOD/UL2018_MC/WW_TuneCP5_13TeV-pythia8/WW_TuneCP5_pythia8/250124_133542/0000/tree_13.root
   5. dcap://cluster142.knu.ac.kr//pnfs/knu.ac.kr/data/cms/store/user/gcho/CPV_ntuple/NanoAOD/UL2018_MC/WW_TuneCP5_13TeV-pythia8/WW_TuneCP5_pythia8/250124_133542/0000/tree_14.root
   6. dcap://cluster142.knu.ac.kr//pnfs/knu.ac.kr/data/cms/store/user/gcho/CPV_ntuple/NanoAOD/UL2018_MC/WW_TuneCP5_13TeV-pythia8/WW_TuneCP5_pythia8/250124_133542/0000/tree_15.root
   7. dcap://cluster142.knu.ac.kr//pnfs/knu.ac.kr/data/cms/store/user/gcho/CPV_ntuple/NanoAOD/UL2018_MC/WW_TuneCP5_13TeV-pythia8/WW_TuneCP5_pythia8/250124_133542/0000/tree_16.root
   8. dcap://cluster142.knu.ac.kr//pnfs/knu.ac.kr/data/cms/store/user/gcho/CPV_ntuple/NanoAOD/UL2018_MC/WW_TuneCP5_13TeV-pythia8/WW_TuneCP5_pythia8/250124_133542/0000/tree_17.root
   9. dcap://cluster142.knu.ac.kr//pnfs/knu.ac.kr/data/cms/store/user/gcho/CPV_ntuple/NanoAOD/UL2018_MC/WW_TuneCP5_13TeV-pythia8/WW_TuneCP5_pythia8/250124_133542/0000/tree_18.root
  10. dcap://cluster142.knu.ac.kr//pnfs/knu.ac.kr/data/cms/store/user/gcho/CPV_ntuple/NanoAOD/UL2018_MC/WW_TuneCP5_13TeV-pythia8/WW_TuneCP5_pythia8/250124_133542/0000/tree_19.root
  11. dcap://cluster142.knu.ac.kr//pnfs/knu.ac.kr/data/cms/store/user/gcho/CPV_ntuple/NanoAOD/UL2018_MC/WW_TuneCP5_13TeV-pythia8/WW_TuneCP5_pythia8/250124_133542/0000/tree_1.root
  12. dcap://cluster142.knu.ac.kr//pnfs/knu.ac.kr/data/cms/store/user/gcho/CPV_ntuple/NanoAOD/UL2018_MC/WW_TuneCP5_13TeV-pythia8/WW_TuneCP5_pythia8/250124_133542/0000/tree_20.root
  13. dcap://cluster142.knu.ac.kr//pnfs/knu.ac.kr/data/cms/store/user/gcho/CPV_ntuple/NanoAOD/UL2018_MC/WW_TuneCP5_13TeV-pythia8/WW_TuneCP5_pythia8/250124_133542/0000/tree_21.root
  14. dcap://cluster142.knu.ac.kr//pnfs/knu.ac.kr/data/cms/store/user/gcho/CPV_ntuple/NanoAOD/UL2018_MC/WW_TuneCP5_13TeV-pythia8/WW_TuneCP5_pythia8/250124_133542/0000/tree_22.root
  15. dcap://cluster142.knu.ac.kr//pnfs/knu.ac.kr/data/cms/store/user/gcho/CPV_ntuple/NanoAOD/UL2018_MC/WW_TuneCP5_13TeV-pythia8/WW_TuneCP5_pythia8/250124_133542/0000/tree_23.root
  16. dcap://cluster142.knu.ac.kr//pnfs/knu.ac.kr/data/cms/store/user/gcho/CPV_ntuple/NanoAOD/UL2018_MC/WW_TuneCP5_13TeV-pythia8/WW_TuneCP5_pythia8/250124_133542/0000/tree_24.root
  17. dcap://cluster142.knu.ac.kr//pnfs/knu.ac.kr/data/cms/store/user/gcho/CPV_ntuple/NanoAOD/UL2018_MC/WW_TuneCP5_13TeV-pythia8/WW_TuneCP5_pythia8/250124_133542/0000/tree_25.root
  18. dcap://cluster142.knu.ac.kr//pnfs/knu.ac.kr/data/cms/store/user/gcho/CPV_ntuple/NanoAOD/UL2018_MC/WW_TuneCP5_13TeV-pythia8/WW_TuneCP5_pythia8/250124_133542/0000/tree_26.root
  19. dcap://cluster142.knu.ac.kr//pnfs/knu.ac.kr/data/cms/store/user/gcho/CPV_ntuple/NanoAOD/UL2018_MC/WW_TuneCP5_13TeV-pythia8/WW_TuneCP5_pythia8/250124_133542/0000/tree_27.root
  20. dcap://cluster142.knu.ac.kr//pnfs/knu.ac.kr/data/cms/store/user/gcho/CPV_ntuple/NanoAOD/UL2018_MC/WW_TuneCP5_13TeV-pythia8/WW_TuneCP5_pythia8/250124_133542/0000/tree_28.root
  21. dcap://cluster142.knu.ac.kr//pnfs/knu.ac.kr/data/cms/store/user/gcho/CPV_ntuple/NanoAOD/UL2018_MC/WW_TuneCP5_13TeV-pythia8/WW_TuneCP5_pythia8/250124_133542/0000/tree_29.root
  22. dcap://cluster142.knu.ac.kr//pnfs/knu.ac.kr/data/cms/store/user/gcho/CPV_ntuple/NanoAOD/UL2018_MC/WW_TuneCP5_13TeV-pythia8/WW_TuneCP5_pythia8/250124_133542/0000/tree_2.root
  23. dcap://cluster142.knu.ac.kr//pnfs/knu.ac.kr/data/cms/store/user/gcho/CPV_ntuple/NanoAOD/UL2018_MC/WW_TuneCP5_13TeV-pythia8/WW_TuneCP5_pythia8/250124_133542/0000/tree_30.root
  24. dcap://cluster142.knu.ac.kr//pnfs/knu.ac.kr/data/cms/store/user/gcho/CPV_ntuple/NanoAOD/UL2018_MC/WW_TuneCP5_13TeV-pythia8/WW_TuneCP5_pythia8/250124_133542/0000/tree_31.root
  25. dcap://cluster142.knu.ac.kr//pnfs/knu.ac.kr/data/cms/store/user/gcho/CPV_ntuple/NanoAOD/UL2018_MC/WW_TuneCP5_13TeV-pythia8/WW_TuneCP5_pythia8/250124_133542/0000/tree_3.root
  26. dcap://cluster142.knu.ac.kr//pnfs/knu.ac.kr/data/cms/store/user/gcho/CPV_ntuple/NanoAOD/UL2018_MC/WW_TuneCP5_13TeV-pythia8/WW_TuneCP5_pythia8/250124_133542/0000/tree_4.root
  27. dcap://cluster142.knu.ac.kr//pnfs/knu.ac.kr/data/cms/store/user/gcho/CPV_ntuple/NanoAOD/UL2018_MC/WW_TuneCP5_13TeV-pythia8/WW_TuneCP5_pythia8/250124_133542/0000/tree_5.root
  28. dcap://cluster142.knu.ac.kr//pnfs/knu.ac.kr/data/cms/store/user/gcho/CPV_ntuple/NanoAOD/UL2018_MC/WW_TuneCP5_13TeV-pythia8/WW_TuneCP5_pythia8/250124_133542/0000/tree_6.root
  29. dcap://cluster142.knu.ac.kr//pnfs/knu.ac.kr/data/cms/store/user/gcho/CPV_ntuple/NanoAOD/UL2018_MC/WW_TuneCP5_13TeV-pythia8/WW_TuneCP5_pythia8/250124_133542/0000/tree_7.root
  30. dcap://cluster142.knu.ac.kr//pnfs/knu.ac.kr/data/cms/store/user/gcho/CPV_ntuple/NanoAOD/UL2018_MC/WW_TuneCP5_13TeV-pythia8/WW_TuneCP5_pythia8/250124_133542/0000/tree_8.root
  31. dcap://cluster142.knu.ac.kr//pnfs/knu.ac.kr/data/cms/store/user/gcho/CPV_ntuple/NanoAOD/UL2018_MC/WW_TuneCP5_13TeV-pythia8/WW_TuneCP5_pythia8/250124_133542/0000/tree_9.root
