000 (842554.002.000) 2026-03-14 10:57:19 Job submitted from host: <155.230.23.72:9618?addrs=155.230.23.72-9618+[2407-c000-c024-0-20c-29ff-fe6a-c74b]-9618&alias=cms02.knu.ac.kr&noUDP&sock=schedd_1497_655d>
...
040 (842554.002.000) 2026-03-14 10:59:05 Started transferring input files
	Transferring to host: <155.230.21.41:9618?addrs=155.230.21.41-9618+[2407-c000-c025--21-41]-9618&alias=cluster241.knu.ac.kr&noUDP&sock=slot1_6_1541_8618_7654>
...
040 (842554.002.000) 2026-03-14 10:59:05 Finished transferring input files
...
001 (842554.002.000) 2026-03-14 10:59:06 Job executing on host: <155.230.21.41:9618?addrs=155.230.21.41-9618+[2407-c000-c025--21-41]-9618&alias=cluster241.knu.ac.kr&noUDP&sock=startd_1097_077b>
	SlotName: slot1_6@cluster241.knu.ac.kr
	CondorScratchDir = "/home/condor/dir_4033382"
	Cpus = 1
	Disk = 2819
	GPUs = 0
	Memory = 1100
...
006 (842554.002.000) 2026-03-14 10:59:15 Image size of job updated: 85396
	84  -  MemoryUsage of job (MB)
	85396  -  ResidentSetSize of job (KB)
...
006 (842554.002.000) 2026-03-14 11:04:16 Image size of job updated: 167352
	159  -  MemoryUsage of job (MB)
	161888  -  ResidentSetSize of job (KB)
...
006 (842554.002.000) 2026-03-14 11:09:16 Image size of job updated: 171312
	168  -  MemoryUsage of job (MB)
	171312  -  ResidentSetSize of job (KB)
...
006 (842554.002.000) 2026-03-14 12:24:23 Image size of job updated: 176228
	173  -  MemoryUsage of job (MB)
	176228  -  ResidentSetSize of job (KB)
...
006 (842554.002.000) 2026-03-14 12:29:24 Image size of job updated: 178092
	174  -  MemoryUsage of job (MB)
	178092  -  ResidentSetSize of job (KB)
...
006 (842554.002.000) 2026-03-14 14:54:39 Image size of job updated: 178232
	175  -  MemoryUsage of job (MB)
	178232  -  ResidentSetSize of job (KB)
...
006 (842554.002.000) 2026-03-14 14:59:39 Image size of job updated: 178332
	175  -  MemoryUsage of job (MB)
	178332  -  ResidentSetSize of job (KB)
...
006 (842554.002.000) 2026-03-14 15:04:40 Image size of job updated: 178336
	175  -  MemoryUsage of job (MB)
	178336  -  ResidentSetSize of job (KB)
...
006 (842554.002.000) 2026-03-14 15:14:41 Image size of job updated: 178356
	175  -  MemoryUsage of job (MB)
	178356  -  ResidentSetSize of job (KB)
...
040 (842554.002.000) 2026-03-14 16:57:43 Started transferring output files
...
040 (842554.002.000) 2026-03-14 16:57:43 Finished transferring output files
...
005 (842554.002.000) 2026-03-14 16:57:43 Job terminated.
	(1) Normal termination (return value 0)
		Usr 0 01:01:55, Sys 0 00:09:43  -  Run Remote Usage
		Usr 0 00:00:00, Sys 0 00:00:00  -  Run Local Usage
		Usr 0 01:01:55, Sys 0 00:09:43  -  Total Remote Usage
		Usr 0 00:00:00, Sys 0 00:00:00  -  Total Local Usage
	81449  -  Run Bytes Sent By Job
	738  -  Run Bytes Received By Job
	81449  -  Total Bytes Sent By Job
	738  -  Total Bytes Received By Job
	Partitionable Resources :    Usage  Request Allocated 
	   Cpus                 :     0.42        1         1 
	   Disk (KB)            :   140           1      2819 
	   GPUs                 :                           0 
	   Memory (MB)          :   175        1024      1100 
	   TimeExecute (s)      : 21517                       
	   TimeSlotBusy (s)     : 21518                       

	Job terminated of its own accord at 2026-03-14T07:57:43Z with exit-code 0.
...
