000 (842554.001.000) 2026-03-14 10:57:19 Job submitted from host: <155.230.23.72:9618?addrs=155.230.23.72-9618+[2407-c000-c024-0-20c-29ff-fe6a-c74b]-9618&alias=cms02.knu.ac.kr&noUDP&sock=schedd_1497_655d>
...
040 (842554.001.000) 2026-03-14 10:59:06 Started transferring input files
	Transferring to host: <155.230.21.98:9618?addrs=155.230.21.98-9618+[2407-c000-c025--21-98]-9618&alias=cluster298.knu.ac.kr&noUDP&sock=slot1_7_1507_9156_1904>
...
040 (842554.001.000) 2026-03-14 10:59:06 Finished transferring input files
...
001 (842554.001.000) 2026-03-14 10:59:07 Job executing on host: <155.230.21.98:9618?addrs=155.230.21.98-9618+[2407-c000-c025--21-98]-9618&alias=cluster298.knu.ac.kr&noUDP&sock=startd_1094_f8b2>
	SlotName: slot1_7@cluster298.knu.ac.kr
	CondorScratchDir = "/home/condor/dir_3011123"
	Cpus = 1
	Disk = 2835
	GPUs = 0
	Memory = 1100
...
006 (842554.001.000) 2026-03-14 10:59:16 Image size of job updated: 94032
	92  -  MemoryUsage of job (MB)
	94032  -  ResidentSetSize of job (KB)
...
006 (842554.001.000) 2026-03-14 11:04:17 Image size of job updated: 168528
	165  -  MemoryUsage of job (MB)
	168528  -  ResidentSetSize of job (KB)
...
006 (842554.001.000) 2026-03-14 11:09:17 Image size of job updated: 171116
	168  -  MemoryUsage of job (MB)
	171116  -  ResidentSetSize of job (KB)
...
006 (842554.001.000) 2026-03-14 11:14:17 Image size of job updated: 171168
	168  -  MemoryUsage of job (MB)
	171168  -  ResidentSetSize of job (KB)
...
006 (842554.001.000) 2026-03-14 11:34:19 Image size of job updated: 176776
	173  -  MemoryUsage of job (MB)
	176776  -  ResidentSetSize of job (KB)
...
006 (842554.001.000) 2026-03-14 11:44:20 Image size of job updated: 177020
	173  -  MemoryUsage of job (MB)
	177020  -  ResidentSetSize of job (KB)
...
040 (842554.001.000) 2026-03-14 11:47:35 Started transferring output files
...
040 (842554.001.000) 2026-03-14 11:47:35 Finished transferring output files
...
005 (842554.001.000) 2026-03-14 11:47:35 Job terminated.
	(1) Normal termination (return value 0)
		Usr 0 00:38:24, Sys 0 00:04:17  -  Run Remote Usage
		Usr 0 00:00:00, Sys 0 00:00:00  -  Run Local Usage
		Usr 0 00:38:24, Sys 0 00:04:17  -  Total Remote Usage
		Usr 0 00:00:00, Sys 0 00:00:00  -  Total Local Usage
	49599  -  Run Bytes Sent By Job
	738  -  Run Bytes Received By Job
	49599  -  Total Bytes Sent By Job
	738  -  Total Bytes Received By Job
	Partitionable Resources :    Usage  Request Allocated 
	   Cpus                 :     0.80        1         1 
	   Disk (KB)            :   109           1      2835 
	   GPUs                 :                           0 
	   Memory (MB)          :   173        1024      1100 
	   TimeExecute (s)      :  2907                       
	   TimeSlotBusy (s)     :  2909                       

	Job terminated of its own accord at 2026-03-14T02:47:34Z with exit-code 0.
...
