000 (842554.003.000) 2026-03-14 10:57:19 Job submitted from host: <155.230.23.72:9618?addrs=155.230.23.72-9618+[2407-c000-c024-0-20c-29ff-fe6a-c74b]-9618&alias=cms02.knu.ac.kr&noUDP&sock=schedd_1497_655d>
...
040 (842554.003.000) 2026-03-14 10:59:05 Started transferring input files
	Transferring to host: <155.230.21.106:9618?addrs=155.230.21.106-9618+[2407-c000-c025--21-106]-9618&alias=cluster306.knu.ac.kr&noUDP&sock=slot1_11_1861_fe25_3215>
...
040 (842554.003.000) 2026-03-14 10:59:05 Finished transferring input files
...
001 (842554.003.000) 2026-03-14 10:59:06 Job executing on host: <155.230.21.106:9618?addrs=155.230.21.106-9618+[2407-c000-c025--21-106]-9618&alias=cluster306.knu.ac.kr&noUDP&sock=startd_1495_062d>
	SlotName: slot1_11@cluster306.knu.ac.kr
	CondorScratchDir = "/home/condor/dir_2804071"
	Cpus = 1
	Disk = 2833
	GPUs = 0
	Memory = 1100
...
006 (842554.003.000) 2026-03-14 10:59:15 Image size of job updated: 85336
	84  -  MemoryUsage of job (MB)
	85336  -  ResidentSetSize of job (KB)
...
006 (842554.003.000) 2026-03-14 11:04:16 Image size of job updated: 168728
	165  -  MemoryUsage of job (MB)
	168728  -  ResidentSetSize of job (KB)
...
006 (842554.003.000) 2026-03-14 11:05:33 Image size of job updated: 168748
	165  -  MemoryUsage of job (MB)
	168728  -  ResidentSetSize of job (KB)
...
040 (842554.003.000) 2026-03-14 11:05:33 Started transferring output files
...
040 (842554.003.000) 2026-03-14 11:05:33 Finished transferring output files
...
005 (842554.003.000) 2026-03-14 11:05:33 Job terminated.
	(1) Normal termination (return value 0)
		Usr 0 00:05:00, Sys 0 00:00:37  -  Run Remote Usage
		Usr 0 00:00:00, Sys 0 00:00:00  -  Run Local Usage
		Usr 0 00:05:00, Sys 0 00:00:37  -  Total Remote Usage
		Usr 0 00:00:00, Sys 0 00:00:00  -  Total Local Usage
	5766  -  Run Bytes Sent By Job
	738  -  Run Bytes Received By Job
	5766  -  Total Bytes Sent By Job
	738  -  Total Bytes Received By Job
	Partitionable Resources :    Usage  Request Allocated 
	   Cpus                 :     0.98        1         1 
	   Disk (KB)            :    66           1      2833 
	   GPUs                 :                           0 
	   Memory (MB)          :   165        1024      1100 
	   TimeExecute (s)      :   387                       
	   TimeSlotBusy (s)     :   388                       

	Job terminated of its own accord at 2026-03-14T02:05:33Z with exit-code 0.
...
