000 (842554.000.000) 2026-03-14 10:57:19 Job submitted from host: <155.230.23.72:9618?addrs=155.230.23.72-9618+[2407-c000-c024-0-20c-29ff-fe6a-c74b]-9618&alias=cms02.knu.ac.kr&noUDP&sock=schedd_1497_655d>
...
040 (842554.000.000) 2026-03-14 10:59:05 Started transferring input files
	Transferring to host: <155.230.21.37:9618?addrs=155.230.21.37-9618+[2407-c000-c025--21-37]-9618&alias=cluster237.knu.ac.kr&noUDP&sock=slot1_8_1476_b9b5_1788>
...
040 (842554.000.000) 2026-03-14 10:59:05 Finished transferring input files
...
001 (842554.000.000) 2026-03-14 10:59:06 Job executing on host: <155.230.21.37:9618?addrs=155.230.21.37-9618+[2407-c000-c025--21-37]-9618&alias=cluster237.knu.ac.kr&noUDP&sock=startd_1087_2b89>
	SlotName: slot1_8@cluster237.knu.ac.kr
	CondorScratchDir = "/home/condor/dir_1780158"
	Cpus = 1
	Disk = 2826
	GPUs = 0
	Memory = 1100
...
006 (842554.000.000) 2026-03-14 10:59:15 Image size of job updated: 85396
	84  -  MemoryUsage of job (MB)
	85396  -  ResidentSetSize of job (KB)
...
006 (842554.000.000) 2026-03-14 11:04:16 Image size of job updated: 149820
	147  -  MemoryUsage of job (MB)
	149820  -  ResidentSetSize of job (KB)
...
006 (842554.000.000) 2026-03-14 11:09:17 Image size of job updated: 163752
	160  -  MemoryUsage of job (MB)
	163752  -  ResidentSetSize of job (KB)
...
006 (842554.000.000) 2026-03-14 11:14:17 Image size of job updated: 170528
	167  -  MemoryUsage of job (MB)
	170528  -  ResidentSetSize of job (KB)
...
006 (842554.000.000) 2026-03-14 11:24:19 Image size of job updated: 171128
	168  -  MemoryUsage of job (MB)
	171128  -  ResidentSetSize of job (KB)
...
006 (842554.000.000) 2026-03-14 15:34:45 Image size of job updated: 171400
	168  -  MemoryUsage of job (MB)
	171400  -  ResidentSetSize of job (KB)
...
040 (842554.000.000) 2026-03-16 01:41:12 Started transferring output files
...
040 (842554.000.000) 2026-03-16 01:41:13 Finished transferring output files
...
005 (842554.000.000) 2026-03-16 01:41:13 Job terminated.
	(1) Normal termination (return value 0)
		Usr 0 01:05:07, Sys 0 00:11:45  -  Run Remote Usage
		Usr 0 00:00:00, Sys 0 00:00:00  -  Run Local Usage
		Usr 0 01:05:07, Sys 0 00:11:45  -  Total Remote Usage
		Usr 0 00:00:00, Sys 0 00:00:00  -  Total Local Usage
	82675  -  Run Bytes Sent By Job
	738  -  Run Bytes Received By Job
	82675  -  Total Bytes Sent By Job
	738  -  Total Bytes Received By Job
	Partitionable Resources :     Usage  Request Allocated 
	   Cpus                 :      0.19        1         1 
	   Disk (KB)            :    141           1      2826 
	   GPUs                 :                            0 
	   Memory (MB)          :    168        1024      1100 
	   TimeExecute (s)      : 139326                       
	   TimeSlotBusy (s)     : 139328                       

	Job terminated of its own accord at 2026-03-15T16:41:12Z with exit-code 0.
...
