000 (842539.025.000) 2026-03-14 10:57:16 Job submitted from host: <155.230.23.72:9618?addrs=155.230.23.72-9618+[2407-c000-c024-0-20c-29ff-fe6a-c74b]-9618&alias=cms02.knu.ac.kr&noUDP&sock=schedd_1497_655d>
...
040 (842539.025.000) 2026-03-14 10:57:46 Started transferring input files
	Transferring to host: <155.230.21.86:9618?addrs=155.230.21.86-9618+[2407-c000-c025--21-86]-9618&alias=cluster286.knu.ac.kr&noUDP&sock=slot1_2_1752_3140_2609>
...
040 (842539.025.000) 2026-03-14 10:57:46 Finished transferring input files
...
001 (842539.025.000) 2026-03-14 10:57:47 Job executing on host: <155.230.21.86:9618?addrs=155.230.21.86-9618+[2407-c000-c025--21-86]-9618&alias=cluster286.knu.ac.kr&noUDP&sock=startd_1252_58a9>
	SlotName: slot1_2@cluster286.knu.ac.kr
	CondorScratchDir = "/home/condor/dir_2172330"
	Cpus = 1
	Disk = 2818
	GPUs = 0
	Memory = 1100
...
006 (842539.025.000) 2026-03-14 10:57:55 Image size of job updated: 97372
	96  -  MemoryUsage of job (MB)
	97372  -  ResidentSetSize of job (KB)
...
006 (842539.025.000) 2026-03-14 11:02:55 Image size of job updated: 168996
	166  -  MemoryUsage of job (MB)
	168996  -  ResidentSetSize of job (KB)
...
006 (842539.025.000) 2026-03-14 11:07:55 Image size of job updated: 169936
	166  -  MemoryUsage of job (MB)
	169936  -  ResidentSetSize of job (KB)
...
006 (842539.025.000) 2026-03-14 11:17:56 Image size of job updated: 172508
	169  -  MemoryUsage of job (MB)
	172508  -  ResidentSetSize of job (KB)
...
006 (842539.025.000) 2026-03-14 12:08:02 Image size of job updated: 173640
	170  -  MemoryUsage of job (MB)
	173640  -  ResidentSetSize of job (KB)
...
040 (842539.025.000) 2026-03-14 12:15:31 Started transferring output files
...
040 (842539.025.000) 2026-03-14 12:15:31 Finished transferring output files
...
005 (842539.025.000) 2026-03-14 12:15:32 Job terminated.
	(1) Normal termination (return value 0)
		Usr 0 00:56:56, Sys 0 00:09:30  -  Run Remote Usage
		Usr 0 00:00:00, Sys 0 00:00:00  -  Run Local Usage
		Usr 0 00:56:56, Sys 0 00:09:30  -  Total Remote Usage
		Usr 0 00:00:00, Sys 0 00:00:00  -  Total Local Usage
	94101  -  Run Bytes Sent By Job
	843  -  Run Bytes Received By Job
	94101  -  Total Bytes Sent By Job
	843  -  Total Bytes Received By Job
	Partitionable Resources :    Usage  Request Allocated 
	   Cpus                 :     0.91        1         1 
	   Disk (KB)            :   153           1      2818 
	   GPUs                 :                           0 
	   Memory (MB)          :   170        1024      1100 
	   TimeExecute (s)      :  4664                       
	   TimeSlotBusy (s)     :  4665                       

	Job terminated of its own accord at 2026-03-14T03:15:31Z with exit-code 0.
...
000 (845918.025.000) 2026-03-16 11:09:37 Job submitted from host: <155.230.23.72:9618?addrs=155.230.23.72-9618+[2407-c000-c024-0-20c-29ff-fe6a-c74b]-9618&alias=cms02.knu.ac.kr&noUDP&sock=schedd_1497_655d>
...
040 (845918.025.000) 2026-03-16 11:10:04 Started transferring input files
	Transferring to host: <155.230.21.116:9618?addrs=155.230.21.116-9618+[2407-c000-c025--21-116]-9618&alias=cluster316.knu.ac.kr&noUDP&sock=slot1_9_2117_5e2f_2736>
...
040 (845918.025.000) 2026-03-16 11:10:04 Finished transferring input files
...
001 (845918.025.000) 2026-03-16 11:10:05 Job executing on host: <155.230.21.116:9618?addrs=155.230.21.116-9618+[2407-c000-c025--21-116]-9618&alias=cluster316.knu.ac.kr&noUDP&sock=startd_1694_8585>
	SlotName: slot1_9@cluster316.knu.ac.kr
	CondorScratchDir = "/home/condor/dir_3633522"
	Cpus = 1
	Disk = 2823
	GPUs = 0
	Memory = 1100
...
006 (845918.025.000) 2026-03-16 11:10:14 Image size of job updated: 92992
	91  -  MemoryUsage of job (MB)
	92992  -  ResidentSetSize of job (KB)
...
006 (845918.025.000) 2026-03-16 11:15:15 Image size of job updated: 149744
	147  -  MemoryUsage of job (MB)
	149744  -  ResidentSetSize of job (KB)
...
006 (845918.025.000) 2026-03-16 11:20:15 Image size of job updated: 163124
	160  -  MemoryUsage of job (MB)
	163124  -  ResidentSetSize of job (KB)
...
006 (845918.025.000) 2026-03-16 11:25:16 Image size of job updated: 166336
	163  -  MemoryUsage of job (MB)
	166336  -  ResidentSetSize of job (KB)
...
006 (845918.025.000) 2026-03-16 11:30:17 Image size of job updated: 166352
	163  -  MemoryUsage of job (MB)
	166352  -  ResidentSetSize of job (KB)
...
006 (845918.025.000) 2026-03-16 11:35:17 Image size of job updated: 172604
	169  -  MemoryUsage of job (MB)
	172604  -  ResidentSetSize of job (KB)
...
006 (845918.025.000) 2026-03-16 13:00:26 Image size of job updated: 173728
	170  -  MemoryUsage of job (MB)
	173728  -  ResidentSetSize of job (KB)
...
040 (845918.025.000) 2026-03-16 13:12:25 Started transferring output files
...
040 (845918.025.000) 2026-03-16 13:12:25 Finished transferring output files
...
005 (845918.025.000) 2026-03-16 13:12:25 Job terminated.
	(1) Normal termination (return value 0)
		Usr 0 01:45:24, Sys 0 00:09:17  -  Run Remote Usage
		Usr 0 00:00:00, Sys 0 00:00:00  -  Run Local Usage
		Usr 0 01:45:24, Sys 0 00:09:17  -  Total Remote Usage
		Usr 0 00:00:00, Sys 0 00:00:00  -  Total Local Usage
	95364  -  Run Bytes Sent By Job
	843  -  Run Bytes Received By Job
	95364  -  Total Bytes Sent By Job
	843  -  Total Bytes Received By Job
	Partitionable Resources :    Usage  Request Allocated 
	   Cpus                 :     0.98        1         1 
	   Disk (KB)            :   116           1      2823 
	   GPUs                 :                           0 
	   Memory (MB)          :   170        1024      1100 
	   TimeExecute (s)      :  7339                       
	   TimeSlotBusy (s)     :  7341                       

	Job terminated of its own accord at 2026-03-16T04:12:24Z with exit-code 0.
...
