000 (842539.027.000) 2026-03-14 10:57:16 Job submitted from host: <155.230.23.72:9618?addrs=155.230.23.72-9618+[2407-c000-c024-0-20c-29ff-fe6a-c74b]-9618&alias=cms02.knu.ac.kr&noUDP&sock=schedd_1497_655d>
...
040 (842539.027.000) 2026-03-14 10:57:46 Started transferring input files
	Transferring to host: <155.230.21.90:9618?addrs=155.230.21.90-9618+[2407-c000-c025--21-90]-9618&alias=cluster290.knu.ac.kr&noUDP&sock=slot1_2_1800_0342_344>
...
040 (842539.027.000) 2026-03-14 10:57:46 Finished transferring input files
...
001 (842539.027.000) 2026-03-14 10:57:47 Job executing on host: <155.230.21.90:9618?addrs=155.230.21.90-9618+[2407-c000-c025--21-90]-9618&alias=cluster290.knu.ac.kr&noUDP&sock=startd_1278_2e20>
	SlotName: slot1_2@cluster290.knu.ac.kr
	CondorScratchDir = "/home/condor/dir_378784"
	Cpus = 1
	Disk = 2824
	GPUs = 0
	Memory = 1100
...
006 (842539.027.000) 2026-03-14 10:57:56 Image size of job updated: 95848
	94  -  MemoryUsage of job (MB)
	95848  -  ResidentSetSize of job (KB)
...
006 (842539.027.000) 2026-03-14 11:02:57 Image size of job updated: 169096
	166  -  MemoryUsage of job (MB)
	169096  -  ResidentSetSize of job (KB)
...
006 (842539.027.000) 2026-03-14 11:07:58 Image size of job updated: 170152
	167  -  MemoryUsage of job (MB)
	170152  -  ResidentSetSize of job (KB)
...
006 (842539.027.000) 2026-03-14 11:58:04 Image size of job updated: 176844
	173  -  MemoryUsage of job (MB)
	176844  -  ResidentSetSize of job (KB)
...
006 (842539.027.000) 2026-03-14 12:08:05 Image size of job updated: 180024
	176  -  MemoryUsage of job (MB)
	180024  -  ResidentSetSize of job (KB)
...
040 (842539.027.000) 2026-03-14 12:10:55 Started transferring output files
...
040 (842539.027.000) 2026-03-14 12:10:55 Finished transferring output files
...
005 (842539.027.000) 2026-03-14 12:10:55 Job terminated.
	(1) Normal termination (return value 0)
		Usr 0 00:54:51, Sys 0 00:08:40  -  Run Remote Usage
		Usr 0 00:00:00, Sys 0 00:00:00  -  Run Local Usage
		Usr 0 00:54:51, Sys 0 00:08:40  -  Total Remote Usage
		Usr 0 00:00:00, Sys 0 00:00:00  -  Total Local Usage
	88108  -  Run Bytes Sent By Job
	843  -  Run Bytes Received By Job
	88108  -  Total Bytes Sent By Job
	843  -  Total Bytes Received By Job
	Partitionable Resources :    Usage  Request Allocated 
	   Cpus                 :     0.96        1         1 
	   Disk (KB)            :   147           1      2824 
	   GPUs                 :                           0 
	   Memory (MB)          :   176        1024      1100 
	   TimeExecute (s)      :  4388                       
	   TimeSlotBusy (s)     :  4389                       

	Job terminated of its own accord at 2026-03-14T03:10:55Z with exit-code 0.
...
000 (845918.027.000) 2026-03-16 11:09:37 Job submitted from host: <155.230.23.72:9618?addrs=155.230.23.72-9618+[2407-c000-c024-0-20c-29ff-fe6a-c74b]-9618&alias=cms02.knu.ac.kr&noUDP&sock=schedd_1497_655d>
...
040 (845918.027.000) 2026-03-16 11:10:19 Started transferring input files
	Transferring to host: <155.230.21.141:9618?addrs=155.230.21.141-9618+[2407-c000-c025--21-141]-9618&alias=cluster341.knu.ac.kr&noUDP&sock=slot1_2_2594_7523_3719>
...
040 (845918.027.000) 2026-03-16 11:10:19 Finished transferring input files
...
001 (845918.027.000) 2026-03-16 11:10:20 Job executing on host: <155.230.21.141:9618?addrs=155.230.21.141-9618+[2407-c000-c025--21-141]-9618&alias=cluster341.knu.ac.kr&noUDP&sock=startd_2129_e538>
	SlotName: slot1_2@cluster341.knu.ac.kr
	CondorScratchDir = "/home/condor/dir_109756"
	Cpus = 1
	Disk = 2757
	GPUs = 0
	Memory = 1100
...
006 (845918.027.000) 2026-03-16 11:10:29 Image size of job updated: 97252
	95  -  MemoryUsage of job (MB)
	97252  -  ResidentSetSize of job (KB)
...
006 (845918.027.000) 2026-03-16 11:15:30 Image size of job updated: 170460
	167  -  MemoryUsage of job (MB)
	170460  -  ResidentSetSize of job (KB)
...
006 (845918.027.000) 2026-03-16 11:20:30 Image size of job updated: 170752
	167  -  MemoryUsage of job (MB)
	170752  -  ResidentSetSize of job (KB)
...
006 (845918.027.000) 2026-03-16 11:25:30 Image size of job updated: 170784
	167  -  MemoryUsage of job (MB)
	170784  -  ResidentSetSize of job (KB)
...
006 (845918.027.000) 2026-03-16 12:05:35 Image size of job updated: 170796
	167  -  MemoryUsage of job (MB)
	170796  -  ResidentSetSize of job (KB)
...
006 (845918.027.000) 2026-03-16 12:10:35 Image size of job updated: 173368
	170  -  MemoryUsage of job (MB)
	173368  -  ResidentSetSize of job (KB)
...
006 (845918.027.000) 2026-03-16 12:30:37 Image size of job updated: 177756
	174  -  MemoryUsage of job (MB)
	177756  -  ResidentSetSize of job (KB)
...
040 (845918.027.000) 2026-03-16 12:49:36 Started transferring output files
...
040 (845918.027.000) 2026-03-16 12:49:36 Finished transferring output files
...
005 (845918.027.000) 2026-03-16 12:49:36 Job terminated.
	(1) Normal termination (return value 0)
		Usr 0 01:12:49, Sys 0 00:09:46  -  Run Remote Usage
		Usr 0 00:00:00, Sys 0 00:00:00  -  Run Local Usage
		Usr 0 01:12:49, Sys 0 00:09:46  -  Total Remote Usage
		Usr 0 00:00:00, Sys 0 00:00:00  -  Total Local Usage
	89109  -  Run Bytes Sent By Job
	843  -  Run Bytes Received By Job
	89109  -  Total Bytes Sent By Job
	843  -  Total Bytes Received By Job
	Partitionable Resources :    Usage  Request Allocated 
	   Cpus                 :     0.76        1         1 
	   Disk (KB)            :   109           1      2757 
	   GPUs                 :                           0 
	   Memory (MB)          :   174        1024      1100 
	   TimeExecute (s)      :  5956                       
	   TimeSlotBusy (s)     :  5957                       

	Job terminated of its own accord at 2026-03-16T03:49:36Z with exit-code 0.
...
