000 (842539.012.000) 2026-03-14 10:57:16 Job submitted from host: <155.230.23.72:9618?addrs=155.230.23.72-9618+[2407-c000-c024-0-20c-29ff-fe6a-c74b]-9618&alias=cms02.knu.ac.kr&noUDP&sock=schedd_1497_655d>
...
040 (842539.012.000) 2026-03-14 10:57:43 Started transferring input files
	Transferring to host: <155.230.21.41:9618?addrs=155.230.21.41-9618+[2407-c000-c025--21-41]-9618&alias=cluster241.knu.ac.kr&noUDP&sock=slot1_2_1541_8618_7650>
...
040 (842539.012.000) 2026-03-14 10:57:43 Finished transferring input files
...
001 (842539.012.000) 2026-03-14 10:57:44 Job executing on host: <155.230.21.41:9618?addrs=155.230.21.41-9618+[2407-c000-c025--21-41]-9618&alias=cluster241.knu.ac.kr&noUDP&sock=startd_1097_077b>
	SlotName: slot1_2@cluster241.knu.ac.kr
	CondorScratchDir = "/home/condor/dir_4032594"
	Cpus = 1
	Disk = 2819
	GPUs = 0
	Memory = 1100
...
006 (842539.012.000) 2026-03-14 10:57:52 Image size of job updated: 97160
	95  -  MemoryUsage of job (MB)
	97160  -  ResidentSetSize of job (KB)
...
006 (842539.012.000) 2026-03-14 11:02:52 Image size of job updated: 170884
	167  -  MemoryUsage of job (MB)
	170884  -  ResidentSetSize of job (KB)
...
006 (842539.012.000) 2026-03-14 11:07:53 Image size of job updated: 170928
	167  -  MemoryUsage of job (MB)
	170928  -  ResidentSetSize of job (KB)
...
006 (842539.012.000) 2026-03-14 11:17:53 Image size of job updated: 171812
	168  -  MemoryUsage of job (MB)
	171812  -  ResidentSetSize of job (KB)
...
006 (842539.012.000) 2026-03-14 11:27:55 Image size of job updated: 171816
	168  -  MemoryUsage of job (MB)
	171816  -  ResidentSetSize of job (KB)
...
004 (842539.012.000) 2026-03-16 11:09:10 Job was evicted.
	(0) CPU times
		Usr 0 00:28:12, Sys 0 00:05:13  -  Run Remote Usage
		Usr 0 00:00:00, Sys 0 00:00:00  -  Run Local Usage
	0  -  Run Bytes Sent By Job
	843  -  Run Bytes Received By Job
	Partitionable Resources :     Usage  Request Allocated 
	   Cpus                 :      0.00        1         1 
	   Disk (KB)            :    115           1      2819 
	   GPUs                 :                            0 
	   Memory (MB)          :    168        1024      1100 
	   TimeExecute (s)      : 173486                       
	   TimeSlotBusy (s)     : 173487                       
...
009 (842539.012.000) 2026-03-16 11:09:11 Job was aborted.
	via condor_rm (by user dwkim)
...
000 (845918.012.000) 2026-03-16 11:09:37 Job submitted from host: <155.230.23.72:9618?addrs=155.230.23.72-9618+[2407-c000-c024-0-20c-29ff-fe6a-c74b]-9618&alias=cms02.knu.ac.kr&noUDP&sock=schedd_1497_655d>
...
040 (845918.012.000) 2026-03-16 11:10:00 Started transferring input files
	Transferring to host: <155.230.21.108:9618?addrs=155.230.21.108-9618+[2407-c000-c025--21-108]-9618&alias=cluster308.knu.ac.kr&noUDP&sock=slot1_12_2299_9a77_4086>
...
040 (845918.012.000) 2026-03-16 11:10:00 Finished transferring input files
...
001 (845918.012.000) 2026-03-16 11:10:01 Job executing on host: <155.230.21.108:9618?addrs=155.230.21.108-9618+[2407-c000-c025--21-108]-9618&alias=cluster308.knu.ac.kr&noUDP&sock=startd_1898_72d7>
	SlotName: slot1_12@cluster308.knu.ac.kr
	CondorScratchDir = "/home/condor/dir_685241"
	Cpus = 1
	Disk = 2774
	GPUs = 0
	Memory = 1100
...
006 (845918.012.000) 2026-03-16 11:10:10 Image size of job updated: 90284
	89  -  MemoryUsage of job (MB)
	90284  -  ResidentSetSize of job (KB)
...
006 (845918.012.000) 2026-03-16 11:15:11 Image size of job updated: 169300
	166  -  MemoryUsage of job (MB)
	169300  -  ResidentSetSize of job (KB)
...
006 (845918.012.000) 2026-03-16 11:20:11 Image size of job updated: 169576
	166  -  MemoryUsage of job (MB)
	169576  -  ResidentSetSize of job (KB)
...
006 (845918.012.000) 2026-03-16 11:40:12 Image size of job updated: 172164
	169  -  MemoryUsage of job (MB)
	172164  -  ResidentSetSize of job (KB)
...
040 (845918.012.000) 2026-03-16 13:22:49 Started transferring output files
...
040 (845918.012.000) 2026-03-16 13:22:49 Finished transferring output files
...
005 (845918.012.000) 2026-03-16 13:22:49 Job terminated.
	(1) Normal termination (return value 0)
		Usr 0 01:43:51, Sys 0 00:13:09  -  Run Remote Usage
		Usr 0 00:00:00, Sys 0 00:00:00  -  Run Local Usage
		Usr 0 01:43:51, Sys 0 00:13:09  -  Total Remote Usage
		Usr 0 00:00:00, Sys 0 00:00:00  -  Total Local Usage
	118016  -  Run Bytes Sent By Job
	843  -  Run Bytes Received By Job
	118016  -  Total Bytes Sent By Job
	843  -  Total Bytes Received By Job
	Partitionable Resources :    Usage  Request Allocated 
	   Cpus                 :     0.90        1         1 
	   Disk (KB)            :   138           1      2774 
	   GPUs                 :                           0 
	   Memory (MB)          :   169        1024      1100 
	   TimeExecute (s)      :  7967                       
	   TimeSlotBusy (s)     :  7969                       

	Job terminated of its own accord at 2026-03-16T04:22:48Z with exit-code 0.
...
