000 (842539.023.000) 2026-03-14 10:57:16 Job submitted from host: <155.230.23.72:9618?addrs=155.230.23.72-9618+[2407-c000-c024-0-20c-29ff-fe6a-c74b]-9618&alias=cms02.knu.ac.kr&noUDP&sock=schedd_1497_655d>
...
040 (842539.023.000) 2026-03-14 10:57:46 Started transferring input files
	Transferring to host: <155.230.21.118:9618?addrs=155.230.21.118-9618+[2407-c000-c025--21-118]-9618&alias=cluster318.knu.ac.kr&noUDP&sock=slot1_6_2186_fc12_3178>
...
040 (842539.023.000) 2026-03-14 10:57:46 Finished transferring input files
...
001 (842539.023.000) 2026-03-14 10:57:47 Job executing on host: <155.230.21.118:9618?addrs=155.230.21.118-9618+[2407-c000-c025--21-118]-9618&alias=cluster318.knu.ac.kr&noUDP&sock=startd_1764_8927>
	SlotName: slot1_6@cluster318.knu.ac.kr
	CondorScratchDir = "/home/condor/dir_1361947"
	Cpus = 1
	Disk = 2822
	GPUs = 0
	Memory = 1100
...
006 (842539.023.000) 2026-03-14 10:57:55 Image size of job updated: 95872
	94  -  MemoryUsage of job (MB)
	95872  -  ResidentSetSize of job (KB)
...
006 (842539.023.000) 2026-03-14 11:02:55 Image size of job updated: 168916
	165  -  MemoryUsage of job (MB)
	168916  -  ResidentSetSize of job (KB)
...
006 (842539.023.000) 2026-03-14 11:07:55 Image size of job updated: 170316
	167  -  MemoryUsage of job (MB)
	170316  -  ResidentSetSize of job (KB)
...
040 (842539.023.000) 2026-03-14 12:28:34 Started transferring output files
...
040 (842539.023.000) 2026-03-14 12:28:34 Finished transferring output files
...
005 (842539.023.000) 2026-03-14 12:28:34 Job terminated.
	(1) Normal termination (return value 0)
		Usr 0 01:11:16, Sys 0 00:10:05  -  Run Remote Usage
		Usr 0 00:00:00, Sys 0 00:00:00  -  Run Local Usage
		Usr 0 01:11:16, Sys 0 00:10:05  -  Total Remote Usage
		Usr 0 00:00:00, Sys 0 00:00:00  -  Total Local Usage
	98963  -  Run Bytes Sent By Job
	843  -  Run Bytes Received By Job
	98963  -  Total Bytes Sent By Job
	843  -  Total Bytes Received By Job
	Partitionable Resources :    Usage  Request Allocated 
	   Cpus                 :     0.96        1         1 
	   Disk (KB)            :   158           1      2822 
	   GPUs                 :                           0 
	   Memory (MB)          :   167        1024      1100 
	   TimeExecute (s)      :  5447                       
	   TimeSlotBusy (s)     :  5449                       

	Job terminated of its own accord at 2026-03-14T03:28:34Z with exit-code 0.
...
000 (845918.023.000) 2026-03-16 11:09:37 Job submitted from host: <155.230.23.72:9618?addrs=155.230.23.72-9618+[2407-c000-c024-0-20c-29ff-fe6a-c74b]-9618&alias=cms02.knu.ac.kr&noUDP&sock=schedd_1497_655d>
...
040 (845918.023.000) 2026-03-16 11:10:04 Started transferring input files
	Transferring to host: <155.230.21.126:9618?addrs=155.230.21.126-9618+[2407-c000-c025--21-126]-9618&alias=cluster326.knu.ac.kr&noUDP&sock=slot1_27_2434_b91c_18288>
...
040 (845918.023.000) 2026-03-16 11:10:04 Finished transferring input files
...
001 (845918.023.000) 2026-03-16 11:10:05 Job executing on host: <155.230.21.126:9618?addrs=155.230.21.126-9618+[2407-c000-c025--21-126]-9618&alias=cluster326.knu.ac.kr&noUDP&sock=startd_2019_71cd>
	SlotName: slot1_27@cluster326.knu.ac.kr
	CondorScratchDir = "/home/condor/dir_4050169"
	Cpus = 1
	Disk = 2819
	GPUs = 0
	Memory = 1100
...
006 (845918.023.000) 2026-03-16 11:10:14 Image size of job updated: 95288
	94  -  MemoryUsage of job (MB)
	95288  -  ResidentSetSize of job (KB)
...
006 (845918.023.000) 2026-03-16 11:15:15 Image size of job updated: 164272
	161  -  MemoryUsage of job (MB)
	164272  -  ResidentSetSize of job (KB)
...
006 (845918.023.000) 2026-03-16 11:20:15 Image size of job updated: 167724
	164  -  MemoryUsage of job (MB)
	167724  -  ResidentSetSize of job (KB)
...
006 (845918.023.000) 2026-03-16 11:25:15 Image size of job updated: 167788
	164  -  MemoryUsage of job (MB)
	167788  -  ResidentSetSize of job (KB)
...
006 (845918.023.000) 2026-03-16 11:30:16 Image size of job updated: 167792
	164  -  MemoryUsage of job (MB)
	167792  -  ResidentSetSize of job (KB)
...
006 (845918.023.000) 2026-03-16 12:10:20 Image size of job updated: 172996
	169  -  MemoryUsage of job (MB)
	172996  -  ResidentSetSize of job (KB)
...
040 (845918.023.000) 2026-03-16 13:14:52 Started transferring output files
...
040 (845918.023.000) 2026-03-16 13:14:52 Finished transferring output files
...
005 (845918.023.000) 2026-03-16 13:14:52 Job terminated.
	(1) Normal termination (return value 0)
		Usr 0 01:45:46, Sys 0 00:10:11  -  Run Remote Usage
		Usr 0 00:00:00, Sys 0 00:00:00  -  Run Local Usage
		Usr 0 01:45:46, Sys 0 00:10:11  -  Total Remote Usage
		Usr 0 00:00:00, Sys 0 00:00:00  -  Total Local Usage
	99885  -  Run Bytes Sent By Job
	843  -  Run Bytes Received By Job
	99885  -  Total Bytes Sent By Job
	843  -  Total Bytes Received By Job
	Partitionable Resources :    Usage  Request Allocated 
	   Cpus                 :     0.94        1         1 
	   Disk (KB)            :   120           1      2819 
	   GPUs                 :                           0 
	   Memory (MB)          :   169        1024      1100 
	   TimeExecute (s)      :  7484                       
	   TimeSlotBusy (s)     :  7488                       

	Job terminated of its own accord at 2026-03-16T04:14:49Z with exit-code 0.
...
