000 (842539.018.000) 2026-03-14 10:57:16 Job submitted from host: <155.230.23.72:9618?addrs=155.230.23.72-9618+[2407-c000-c024-0-20c-29ff-fe6a-c74b]-9618&alias=cms02.knu.ac.kr&noUDP&sock=schedd_1497_655d>
...
040 (842539.018.000) 2026-03-14 10:57:50 Started transferring input files
	Transferring to host: <155.230.21.97:9618?addrs=155.230.21.97-9618+[2407-c000-c025--21-97]-9618&alias=cluster297.knu.ac.kr&noUDP&sock=slot1_2_1830_2683_1920>
...
040 (842539.018.000) 2026-03-14 10:57:50 Finished transferring input files
...
001 (842539.018.000) 2026-03-14 10:57:52 Job executing on host: <155.230.21.97:9618?addrs=155.230.21.97-9618+[2407-c000-c025--21-97]-9618&alias=cluster297.knu.ac.kr&noUDP&sock=startd_1246_3b18>
	SlotName: slot1_2@cluster297.knu.ac.kr
	CondorScratchDir = "/home/condor/dir_2781610"
	Cpus = 1
	Disk = 2048
	GPUs = 0
	Memory = 1100
...
006 (842539.018.000) 2026-03-14 10:58:00 Image size of job updated: 99820
	98  -  MemoryUsage of job (MB)
	99820  -  ResidentSetSize of job (KB)
...
006 (842539.018.000) 2026-03-14 11:03:00 Image size of job updated: 168644
	165  -  MemoryUsage of job (MB)
	168644  -  ResidentSetSize of job (KB)
...
006 (842539.018.000) 2026-03-14 11:08:00 Image size of job updated: 172352
	169  -  MemoryUsage of job (MB)
	172352  -  ResidentSetSize of job (KB)
...
006 (842539.018.000) 2026-03-14 11:48:05 Image size of job updated: 172632
	169  -  MemoryUsage of job (MB)
	172632  -  ResidentSetSize of job (KB)
...
006 (842539.018.000) 2026-03-14 12:38:11 Image size of job updated: 172812
	169  -  MemoryUsage of job (MB)
	172812  -  ResidentSetSize of job (KB)
...
040 (842539.018.000) 2026-03-14 14:26:24 Started transferring output files
...
040 (842539.018.000) 2026-03-14 14:26:24 Finished transferring output files
...
005 (842539.018.000) 2026-03-14 14:26:24 Job terminated.
	(1) Normal termination (return value 0)
		Usr 0 02:44:20, Sys 0 00:19:56  -  Run Remote Usage
		Usr 0 00:00:00, Sys 0 00:00:00  -  Run Local Usage
		Usr 0 02:44:20, Sys 0 00:19:56  -  Total Remote Usage
		Usr 0 00:00:00, Sys 0 00:00:00  -  Total Local Usage
	163389  -  Run Bytes Sent By Job
	843  -  Run Bytes Received By Job
	163389  -  Total Bytes Sent By Job
	843  -  Total Bytes Received By Job
	Partitionable Resources :    Usage  Request Allocated 
	   Cpus                 :     0.85        1         1 
	   Disk (KB)            :   220           1      2048 
	   GPUs                 :                           0 
	   Memory (MB)          :   169        1024      1100 
	   TimeExecute (s)      : 12513                       
	   TimeSlotBusy (s)     : 12514                       

	Job terminated of its own accord at 2026-03-14T05:26:24Z with exit-code 0.
...
000 (845918.018.000) 2026-03-16 11:09:37 Job submitted from host: <155.230.23.72:9618?addrs=155.230.23.72-9618+[2407-c000-c024-0-20c-29ff-fe6a-c74b]-9618&alias=cms02.knu.ac.kr&noUDP&sock=schedd_1497_655d>
...
040 (845918.018.000) 2026-03-16 11:10:02 Started transferring input files
	Transferring to host: <155.230.21.115:9618?addrs=155.230.21.115-9618+[2407-c000-c025--21-115]-9618&alias=cluster315.knu.ac.kr&noUDP&sock=slot1_16_2102_cc8f_2843>
...
040 (845918.018.000) 2026-03-16 11:10:02 Finished transferring input files
...
001 (845918.018.000) 2026-03-16 11:10:03 Job executing on host: <155.230.21.115:9618?addrs=155.230.21.115-9618+[2407-c000-c025--21-115]-9618&alias=cluster315.knu.ac.kr&noUDP&sock=startd_1635_0d6f>
	SlotName: slot1_16@cluster315.knu.ac.kr
	CondorScratchDir = "/home/condor/dir_3690334"
	Cpus = 1
	Disk = 2830
	GPUs = 0
	Memory = 1100
...
006 (845918.018.000) 2026-03-16 11:10:12 Image size of job updated: 99956
	98  -  MemoryUsage of job (MB)
	99956  -  ResidentSetSize of job (KB)
...
006 (845918.018.000) 2026-03-16 11:15:13 Image size of job updated: 151388
	148  -  MemoryUsage of job (MB)
	151388  -  ResidentSetSize of job (KB)
...
006 (845918.018.000) 2026-03-16 11:20:13 Image size of job updated: 151676
	149  -  MemoryUsage of job (MB)
	151676  -  ResidentSetSize of job (KB)
...
006 (845918.018.000) 2026-03-16 11:25:13 Image size of job updated: 165916
	163  -  MemoryUsage of job (MB)
	165916  -  ResidentSetSize of job (KB)
...
006 (845918.018.000) 2026-03-16 11:30:14 Image size of job updated: 165936
	163  -  MemoryUsage of job (MB)
	165936  -  ResidentSetSize of job (KB)
...
006 (845918.018.000) 2026-03-16 11:35:14 Image size of job updated: 168936
	165  -  MemoryUsage of job (MB)
	168936  -  ResidentSetSize of job (KB)
...
006 (845918.018.000) 2026-03-16 11:40:14 Image size of job updated: 169620
	166  -  MemoryUsage of job (MB)
	169620  -  ResidentSetSize of job (KB)
...
006 (845918.018.000) 2026-03-16 11:50:15 Image size of job updated: 172512
	169  -  MemoryUsage of job (MB)
	172512  -  ResidentSetSize of job (KB)
...
006 (845918.018.000) 2026-03-16 12:35:20 Image size of job updated: 172544
	169  -  MemoryUsage of job (MB)
	172544  -  ResidentSetSize of job (KB)
...
006 (845918.018.000) 2026-03-16 13:05:22 Image size of job updated: 172644
	169  -  MemoryUsage of job (MB)
	172644  -  ResidentSetSize of job (KB)
...
006 (845918.018.000) 2026-03-16 13:35:25 Image size of job updated: 172848
	169  -  MemoryUsage of job (MB)
	172848  -  ResidentSetSize of job (KB)
...
040 (845918.018.000) 2026-03-16 15:04:43 Started transferring output files
...
040 (845918.018.000) 2026-03-16 15:04:43 Finished transferring output files
...
005 (845918.018.000) 2026-03-16 15:04:43 Job terminated.
	(1) Normal termination (return value 0)
		Usr 0 03:26:19, Sys 0 00:19:44  -  Run Remote Usage
		Usr 0 00:00:00, Sys 0 00:00:00  -  Run Local Usage
		Usr 0 03:26:19, Sys 0 00:19:44  -  Total Remote Usage
		Usr 0 00:00:00, Sys 0 00:00:00  -  Total Local Usage
	164279  -  Run Bytes Sent By Job
	843  -  Run Bytes Received By Job
	164279  -  Total Bytes Sent By Job
	843  -  Total Bytes Received By Job
	Partitionable Resources :    Usage  Request Allocated 
	   Cpus                 :     0.96        1         1 
	   Disk (KB)            :   183           1      2830 
	   GPUs                 :                           0 
	   Memory (MB)          :   169        1024      1100 
	   TimeExecute (s)      : 14080                       
	   TimeSlotBusy (s)     : 14081                       

	Job terminated of its own accord at 2026-03-16T06:04:43Z with exit-code 0.
...
