000 (842539.020.000) 2026-03-14 10:57:16 Job submitted from host: <155.230.23.72:9618?addrs=155.230.23.72-9618+[2407-c000-c024-0-20c-29ff-fe6a-c74b]-9618&alias=cms02.knu.ac.kr&noUDP&sock=schedd_1497_655d>
...
040 (842539.020.000) 2026-03-14 10:57:44 Started transferring input files
	Transferring to host: <155.230.21.129:9618?addrs=155.230.21.129-9618+[2407-c000-c025--21-129]-9618&alias=cluster329.knu.ac.kr&noUDP&sock=slot1_6_3623_7b2c_4109>
...
040 (842539.020.000) 2026-03-14 10:57:44 Finished transferring input files
...
001 (842539.020.000) 2026-03-14 10:57:45 Job executing on host: <155.230.21.129:9618?addrs=155.230.21.129-9618+[2407-c000-c025--21-129]-9618&alias=cluster329.knu.ac.kr&noUDP&sock=startd_2866_6a85>
	SlotName: slot1_6@cluster329.knu.ac.kr
	AvailableGPUs = {  }
	CondorScratchDir = "/home/condor/dir_2658620"
	Cpus = 1
	Disk = 2823
	GPUs = 0
	Memory = 1100
...
006 (842539.020.000) 2026-03-14 10:57:54 Image size of job updated: 99404
	98  -  MemoryUsage of job (MB)
	99404  -  ResidentSetSize of job (KB)
...
006 (842539.020.000) 2026-03-14 11:02:55 Image size of job updated: 165844
	162  -  MemoryUsage of job (MB)
	165844  -  ResidentSetSize of job (KB)
...
006 (842539.020.000) 2026-03-14 11:07:55 Image size of job updated: 169936
	166  -  MemoryUsage of job (MB)
	169936  -  ResidentSetSize of job (KB)
...
006 (842539.020.000) 2026-03-14 11:12:55 Image size of job updated: 170224
	167  -  MemoryUsage of job (MB)
	170224  -  ResidentSetSize of job (KB)
...
040 (842539.020.000) 2026-03-14 13:39:44 Started transferring output files
...
040 (842539.020.000) 2026-03-14 13:39:44 Finished transferring output files
...
005 (842539.020.000) 2026-03-14 13:39:44 Job terminated.
	(1) Normal termination (return value 0)
		Usr 0 02:14:39, Sys 0 00:15:36  -  Run Remote Usage
		Usr 0 00:00:00, Sys 0 00:00:00  -  Run Local Usage
		Usr 0 02:14:39, Sys 0 00:15:36  -  Total Remote Usage
		Usr 0 00:00:00, Sys 0 00:00:00  -  Total Local Usage
	139114  -  Run Bytes Sent By Job
	843  -  Run Bytes Received By Job
	139114  -  Total Bytes Sent By Job
	843  -  Total Bytes Received By Job
	Partitionable Resources :    Usage  Request Allocated 
	   Cpus                 :     0.93        1         1 
	   Disk (KB)            :   197           1      2823 
	   GPUs                 :                           0 
	   Memory (MB)          :   167        1024      1100 
	   TimeExecute (s)      :  9719                       
	   TimeSlotBusy (s)     :  9720                       

	Job terminated of its own accord at 2026-03-14T04:39:44Z with exit-code 0.
...
000 (845918.020.000) 2026-03-16 11:09:37 Job submitted from host: <155.230.23.72:9618?addrs=155.230.23.72-9618+[2407-c000-c024-0-20c-29ff-fe6a-c74b]-9618&alias=cms02.knu.ac.kr&noUDP&sock=schedd_1497_655d>
...
040 (845918.020.000) 2026-03-16 11:10:04 Started transferring input files
	Transferring to host: <155.230.21.72:9618?addrs=155.230.21.72-9618+[2407-c000-c025--21-72]-9618&alias=cluster272.knu.ac.kr&noUDP&sock=slot1_8_3993884_54e3_3891>
...
040 (845918.020.000) 2026-03-16 11:10:04 Finished transferring input files
...
001 (845918.020.000) 2026-03-16 11:10:05 Job executing on host: <155.230.21.72:9618?addrs=155.230.21.72-9618+[2407-c000-c025--21-72]-9618&alias=cluster272.knu.ac.kr&noUDP&sock=startd_1080_5e5f>
	SlotName: slot1_8@cluster272.knu.ac.kr
	CondorScratchDir = "/home/condor/dir_2242025"
	Cpus = 1
	Disk = 2821
	GPUs = 0
	Memory = 1100
...
006 (845918.020.000) 2026-03-16 11:10:13 Image size of job updated: 96828
	95  -  MemoryUsage of job (MB)
	96828  -  ResidentSetSize of job (KB)
...
006 (845918.020.000) 2026-03-16 11:15:13 Image size of job updated: 149224
	146  -  MemoryUsage of job (MB)
	149224  -  ResidentSetSize of job (KB)
...
006 (845918.020.000) 2026-03-16 11:20:14 Image size of job updated: 166620
	163  -  MemoryUsage of job (MB)
	166620  -  ResidentSetSize of job (KB)
...
006 (845918.020.000) 2026-03-16 11:25:15 Image size of job updated: 167840
	164  -  MemoryUsage of job (MB)
	167840  -  ResidentSetSize of job (KB)
...
006 (845918.020.000) 2026-03-16 11:35:16 Image size of job updated: 168416
	165  -  MemoryUsage of job (MB)
	168416  -  ResidentSetSize of job (KB)
...
006 (845918.020.000) 2026-03-16 11:40:17 Image size of job updated: 168536
	165  -  MemoryUsage of job (MB)
	168536  -  ResidentSetSize of job (KB)
...
006 (845918.020.000) 2026-03-16 11:50:18 Image size of job updated: 168564
	165  -  MemoryUsage of job (MB)
	168564  -  ResidentSetSize of job (KB)
...
006 (845918.020.000) 2026-03-16 12:00:19 Image size of job updated: 168584
	165  -  MemoryUsage of job (MB)
	168584  -  ResidentSetSize of job (KB)
...
006 (845918.020.000) 2026-03-16 12:10:20 Image size of job updated: 168588
	165  -  MemoryUsage of job (MB)
	168588  -  ResidentSetSize of job (KB)
...
006 (845918.020.000) 2026-03-16 14:25:32 Image size of job updated: 170084
	167  -  MemoryUsage of job (MB)
	170084  -  ResidentSetSize of job (KB)
...
006 (845918.020.000) 2026-03-16 16:20:44 Image size of job updated: 171292
	168  -  MemoryUsage of job (MB)
	171292  -  ResidentSetSize of job (KB)
...
006 (845918.020.000) 2026-03-16 16:50:46 Image size of job updated: 172424
	169  -  MemoryUsage of job (MB)
	172424  -  ResidentSetSize of job (KB)
...
040 (845918.020.000) 2026-03-16 22:52:35 Started transferring output files
...
040 (845918.020.000) 2026-03-16 22:52:35 Finished transferring output files
...
005 (845918.020.000) 2026-03-16 22:52:35 Job terminated.
	(1) Normal termination (return value 0)
		Usr 0 03:41:50, Sys 0 00:21:23  -  Run Remote Usage
		Usr 0 00:00:00, Sys 0 00:00:00  -  Run Local Usage
		Usr 0 03:41:50, Sys 0 00:21:23  -  Total Remote Usage
		Usr 0 00:00:00, Sys 0 00:00:00  -  Total Local Usage
	141402  -  Run Bytes Sent By Job
	843  -  Run Bytes Received By Job
	141402  -  Total Bytes Sent By Job
	843  -  Total Bytes Received By Job
	Partitionable Resources :    Usage  Request Allocated 
	   Cpus                 :     0.21        1         1 
	   Disk (KB)            :   160           1      2821 
	   GPUs                 :                           0 
	   Memory (MB)          :   169        1024      1100 
	   TimeExecute (s)      : 42149                       
	   TimeSlotBusy (s)     : 42151                       

	Job terminated of its own accord at 2026-03-16T13:52:34Z with exit-code 0.
...
