000 (842539.026.000) 2026-03-14 10:57:16 Job submitted from host: <155.230.23.72:9618?addrs=155.230.23.72-9618+[2407-c000-c024-0-20c-29ff-fe6a-c74b]-9618&alias=cms02.knu.ac.kr&noUDP&sock=schedd_1497_655d>
...
040 (842539.026.000) 2026-03-14 10:57:46 Started transferring input files
	Transferring to host: <155.230.21.87:9618?addrs=155.230.21.87-9618+[2407-c000-c025--21-87]-9618&alias=cluster287.knu.ac.kr&noUDP&sock=slot1_2_1781_a022_2278>
...
040 (842539.026.000) 2026-03-14 10:57:46 Finished transferring input files
...
001 (842539.026.000) 2026-03-14 10:57:47 Job executing on host: <155.230.21.87:9618?addrs=155.230.21.87-9618+[2407-c000-c025--21-87]-9618&alias=cluster287.knu.ac.kr&noUDP&sock=startd_1267_a295>
	SlotName: slot1_2@cluster287.knu.ac.kr
	CondorScratchDir = "/home/condor/dir_1577832"
	Cpus = 1
	Disk = 2841
	GPUs = 0
	Memory = 1100
...
006 (842539.026.000) 2026-03-14 10:57:56 Image size of job updated: 95592
	94  -  MemoryUsage of job (MB)
	95592  -  ResidentSetSize of job (KB)
...
006 (842539.026.000) 2026-03-14 11:02:57 Image size of job updated: 168472
	165  -  MemoryUsage of job (MB)
	168472  -  ResidentSetSize of job (KB)
...
006 (842539.026.000) 2026-03-14 11:07:58 Image size of job updated: 168528
	165  -  MemoryUsage of job (MB)
	168528  -  ResidentSetSize of job (KB)
...
006 (842539.026.000) 2026-03-14 11:22:59 Image size of job updated: 168532
	165  -  MemoryUsage of job (MB)
	168532  -  ResidentSetSize of job (KB)
...
006 (842539.026.000) 2026-03-14 11:27:59 Image size of job updated: 168848
	165  -  MemoryUsage of job (MB)
	168848  -  ResidentSetSize of job (KB)
...
040 (842539.026.000) 2026-03-14 12:07:00 Started transferring output files
...
040 (842539.026.000) 2026-03-14 12:07:00 Finished transferring output files
...
005 (842539.026.000) 2026-03-14 12:07:01 Job terminated.
	(1) Normal termination (return value 0)
		Usr 0 00:51:19, Sys 0 00:08:00  -  Run Remote Usage
		Usr 0 00:00:00, Sys 0 00:00:00  -  Run Local Usage
		Usr 0 00:51:19, Sys 0 00:08:00  -  Total Remote Usage
		Usr 0 00:00:00, Sys 0 00:00:00  -  Total Local Usage
	83000  -  Run Bytes Sent By Job
	843  -  Run Bytes Received By Job
	83000  -  Total Bytes Sent By Job
	843  -  Total Bytes Received By Job
	Partitionable Resources :    Usage  Request Allocated 
	   Cpus                 :     0.91        1         1 
	   Disk (KB)            :   142           1      2841 
	   GPUs                 :                           0 
	   Memory (MB)          :   165        1024      1100 
	   TimeExecute (s)      :  4153                       
	   TimeSlotBusy (s)     :  4154                       

	Job terminated of its own accord at 2026-03-14T03:07:00Z with exit-code 0.
...
000 (845918.026.000) 2026-03-16 11:09:37 Job submitted from host: <155.230.23.72:9618?addrs=155.230.23.72-9618+[2407-c000-c024-0-20c-29ff-fe6a-c74b]-9618&alias=cms02.knu.ac.kr&noUDP&sock=schedd_1497_655d>
...
040 (845918.026.000) 2026-03-16 11:10:21 Started transferring input files
	Transferring to host: <155.230.21.71:9618?addrs=155.230.21.71-9618+[2407-c000-c025--21-71]-9618&alias=cluster271.knu.ac.kr&noUDP&sock=slot1_8_2586400_86d0_4093>
...
040 (845918.026.000) 2026-03-16 11:10:21 Finished transferring input files
...
001 (845918.026.000) 2026-03-16 11:10:22 Job executing on host: <155.230.21.71:9618?addrs=155.230.21.71-9618+[2407-c000-c025--21-71]-9618&alias=cluster271.knu.ac.kr&noUDP&sock=startd_1160_3df3>
	SlotName: slot1_8@cluster271.knu.ac.kr
	CondorScratchDir = "/home/condor/dir_796517"
	Cpus = 1
	Disk = 2840
	GPUs = 0
	Memory = 1100
...
006 (845918.026.000) 2026-03-16 11:10:31 Image size of job updated: 95736
	94  -  MemoryUsage of job (MB)
	95736  -  ResidentSetSize of job (KB)
...
006 (845918.026.000) 2026-03-16 11:15:32 Image size of job updated: 168020
	165  -  MemoryUsage of job (MB)
	168020  -  ResidentSetSize of job (KB)
...
006 (845918.026.000) 2026-03-16 11:20:33 Image size of job updated: 168668
	165  -  MemoryUsage of job (MB)
	168668  -  ResidentSetSize of job (KB)
...
006 (845918.026.000) 2026-03-16 11:25:33 Image size of job updated: 168768
	165  -  MemoryUsage of job (MB)
	168768  -  ResidentSetSize of job (KB)
...
006 (845918.026.000) 2026-03-16 11:35:35 Image size of job updated: 168772
	165  -  MemoryUsage of job (MB)
	168772  -  ResidentSetSize of job (KB)
...
006 (845918.026.000) 2026-03-16 11:45:36 Image size of job updated: 168976
	166  -  MemoryUsage of job (MB)
	168976  -  ResidentSetSize of job (KB)
...
006 (845918.026.000) 2026-03-16 11:50:37 Image size of job updated: 170148
	167  -  MemoryUsage of job (MB)
	170148  -  ResidentSetSize of job (KB)
...
006 (845918.026.000) 2026-03-16 15:46:01 Image size of job updated: 171356
	168  -  MemoryUsage of job (MB)
	171356  -  ResidentSetSize of job (KB)
...
040 (845918.026.000) 2026-03-16 18:52:15 Started transferring output files
...
040 (845918.026.000) 2026-03-16 18:52:15 Finished transferring output files
...
005 (845918.026.000) 2026-03-16 18:52:15 Job terminated.
	(1) Normal termination (return value 0)
		Usr 0 01:24:22, Sys 0 00:11:27  -  Run Remote Usage
		Usr 0 00:00:00, Sys 0 00:00:00  -  Run Local Usage
		Usr 0 01:24:22, Sys 0 00:11:27  -  Total Remote Usage
		Usr 0 00:00:00, Sys 0 00:00:00  -  Total Local Usage
	85602  -  Run Bytes Sent By Job
	843  -  Run Bytes Received By Job
	85602  -  Total Bytes Sent By Job
	843  -  Total Bytes Received By Job
	Partitionable Resources :    Usage  Request Allocated 
	   Cpus                 :     0.34        1         1 
	   Disk (KB)            :   106           1      2840 
	   GPUs                 :                           0 
	   Memory (MB)          :   168        1024      1100 
	   TimeExecute (s)      : 27707                       
	   TimeSlotBusy (s)     : 27714                       

	Job terminated of its own accord at 2026-03-16T09:52:09Z with exit-code 0.
...
