000 (842539.004.000) 2026-03-14 10:57:16 Job submitted from host: <155.230.23.72:9618?addrs=155.230.23.72-9618+[2407-c000-c024-0-20c-29ff-fe6a-c74b]-9618&alias=cms02.knu.ac.kr&noUDP&sock=schedd_1497_655d>
...
040 (842539.004.000) 2026-03-14 10:57:39 Started transferring input files
	Transferring to host: <155.230.21.33:9618?addrs=155.230.21.33-9618+[2407-c000-c025--21-33]-9618&alias=cluster233.knu.ac.kr&noUDP&sock=slot1_3_1663_7bdd_1568>
...
040 (842539.004.000) 2026-03-14 10:57:39 Finished transferring input files
...
001 (842539.004.000) 2026-03-14 10:57:40 Job executing on host: <155.230.21.33:9618?addrs=155.230.21.33-9618+[2407-c000-c025--21-33]-9618&alias=cluster233.knu.ac.kr&noUDP&sock=startd_1134_687c>
	SlotName: slot1_3@cluster233.knu.ac.kr
	CondorScratchDir = "/home/condor/dir_2851913"
	Cpus = 1
	Disk = 2833
	GPUs = 0
	Memory = 1100
...
006 (842539.004.000) 2026-03-14 10:57:49 Image size of job updated: 97792
	96  -  MemoryUsage of job (MB)
	97792  -  ResidentSetSize of job (KB)
...
006 (842539.004.000) 2026-03-14 11:02:50 Image size of job updated: 169428
	166  -  MemoryUsage of job (MB)
	169428  -  ResidentSetSize of job (KB)
...
006 (842539.004.000) 2026-03-14 11:07:51 Image size of job updated: 174728
	171  -  MemoryUsage of job (MB)
	174728  -  ResidentSetSize of job (KB)
...
040 (842539.004.000) 2026-03-16 03:53:24 Started transferring output files
...
040 (842539.004.000) 2026-03-16 03:53:24 Finished transferring output files
...
005 (842539.004.000) 2026-03-16 03:53:24 Job terminated.
	(1) Normal termination (return value 0)
		Usr 0 01:39:38, Sys 0 00:17:51  -  Run Remote Usage
		Usr 0 00:00:00, Sys 0 00:00:00  -  Run Local Usage
		Usr 0 01:39:38, Sys 0 00:17:51  -  Total Remote Usage
		Usr 0 00:00:00, Sys 0 00:00:00  -  Total Local Usage
	122306  -  Run Bytes Sent By Job
	843  -  Run Bytes Received By Job
	122306  -  Total Bytes Sent By Job
	843  -  Total Bytes Received By Job
	Partitionable Resources :     Usage  Request Allocated 
	   Cpus                 :      0.83        1         1 
	   Disk (KB)            :    180           1      2833 
	   GPUs                 :                            0 
	   Memory (MB)          :    171        1024      1100 
	   TimeExecute (s)      : 147344                       
	   TimeSlotBusy (s)     : 147345                       

	Job terminated of its own accord at 2026-03-15T18:53:24Z with exit-code 0.
...
000 (845918.004.000) 2026-03-16 11:09:37 Job submitted from host: <155.230.23.72:9618?addrs=155.230.23.72-9618+[2407-c000-c024-0-20c-29ff-fe6a-c74b]-9618&alias=cms02.knu.ac.kr&noUDP&sock=schedd_1497_655d>
...
040 (845918.004.000) 2026-03-16 11:09:51 Started transferring input files
	Transferring to host: <155.230.21.144:9618?addrs=155.230.21.144-9618+[2407-c000-c025--21-144]-9618&alias=cluster344.knu.ac.kr&noUDP&sock=slot1_51_3897_89f8_5889>
...
040 (845918.004.000) 2026-03-16 11:09:51 Finished transferring input files
...
001 (845918.004.000) 2026-03-16 11:09:52 Job executing on host: <155.230.21.144:9618?addrs=155.230.21.144-9618+[2407-c000-c025--21-144]-9618&alias=cluster344.knu.ac.kr&noUDP&sock=startd_3065_e9dd>
	SlotName: slot1_51@cluster344.knu.ac.kr
	CondorScratchDir = "/home/condor/dir_1471232"
	Cpus = 1
	Disk = 2826
	GPUs = 0
	Memory = 1100
...
006 (845918.004.000) 2026-03-16 11:10:00 Image size of job updated: 97876
	96  -  MemoryUsage of job (MB)
	97876  -  ResidentSetSize of job (KB)
...
006 (845918.004.000) 2026-03-16 11:15:00 Image size of job updated: 153440
	150  -  MemoryUsage of job (MB)
	153440  -  ResidentSetSize of job (KB)
...
006 (845918.004.000) 2026-03-16 11:20:01 Image size of job updated: 153452
	150  -  MemoryUsage of job (MB)
	153452  -  ResidentSetSize of job (KB)
...
006 (845918.004.000) 2026-03-16 11:25:02 Image size of job updated: 167848
	164  -  MemoryUsage of job (MB)
	167848  -  ResidentSetSize of job (KB)
...
006 (845918.004.000) 2026-03-16 11:30:02 Image size of job updated: 171068
	168  -  MemoryUsage of job (MB)
	171068  -  ResidentSetSize of job (KB)
...
006 (845918.004.000) 2026-03-16 11:35:02 Image size of job updated: 172248
	169  -  MemoryUsage of job (MB)
	172248  -  ResidentSetSize of job (KB)
...
040 (845918.004.000) 2026-03-16 13:30:20 Started transferring output files
...
040 (845918.004.000) 2026-03-16 13:30:20 Finished transferring output files
...
005 (845918.004.000) 2026-03-16 13:30:20 Job terminated.
	(1) Normal termination (return value 0)
		Usr 0 01:44:02, Sys 0 00:13:21  -  Run Remote Usage
		Usr 0 00:00:00, Sys 0 00:00:00  -  Run Local Usage
		Usr 0 01:44:02, Sys 0 00:13:21  -  Total Remote Usage
		Usr 0 00:00:00, Sys 0 00:00:00  -  Total Local Usage
	119060  -  Run Bytes Sent By Job
	843  -  Run Bytes Received By Job
	119060  -  Total Bytes Sent By Job
	843  -  Total Bytes Received By Job
	Partitionable Resources :    Usage  Request Allocated 
	   Cpus                 :     0.96        1         1 
	   Disk (KB)            :   138           1      2826 
	   GPUs                 :                           0 
	   Memory (MB)          :   169        1024      1100 
	   TimeExecute (s)      :  8428                       
	   TimeSlotBusy (s)     :  8429                       

	Job terminated of its own accord at 2026-03-16T04:30:20Z with exit-code 0.
...
