000 (842539.002.000) 2026-03-14 10:57:16 Job submitted from host: <155.230.23.72:9618?addrs=155.230.23.72-9618+[2407-c000-c024-0-20c-29ff-fe6a-c74b]-9618&alias=cms02.knu.ac.kr&noUDP&sock=schedd_1497_655d>
...
040 (842539.002.000) 2026-03-14 10:57:39 Started transferring input files
	Transferring to host: <155.230.21.137:9618?addrs=155.230.21.137-9618+[2407-c000-c025--21-137]-9618&alias=cluster337.knu.ac.kr&noUDP&sock=slot1_8_4110_9de0_22063>
...
040 (842539.002.000) 2026-03-14 10:57:39 Finished transferring input files
...
001 (842539.002.000) 2026-03-14 10:57:40 Job executing on host: <155.230.21.137:9618?addrs=155.230.21.137-9618+[2407-c000-c025--21-137]-9618&alias=cluster337.knu.ac.kr&noUDP&sock=startd_3186_e8d3>
	SlotName: slot1_8@cluster337.knu.ac.kr
	CondorScratchDir = "/home/condor/dir_1123566"
	Cpus = 1
	Disk = 4687
	GPUs = 0
	Memory = 1100
...
006 (842539.002.000) 2026-03-14 10:57:49 Image size of job updated: 98856
	97  -  MemoryUsage of job (MB)
	98856  -  ResidentSetSize of job (KB)
...
006 (842539.002.000) 2026-03-14 11:02:50 Image size of job updated: 169384
	166  -  MemoryUsage of job (MB)
	169384  -  ResidentSetSize of job (KB)
...
006 (842539.002.000) 2026-03-14 11:07:50 Image size of job updated: 170404
	167  -  MemoryUsage of job (MB)
	170404  -  ResidentSetSize of job (KB)
...
006 (842539.002.000) 2026-03-14 11:12:51 Image size of job updated: 174220
	171  -  MemoryUsage of job (MB)
	174220  -  ResidentSetSize of job (KB)
...
040 (842539.002.000) 2026-03-14 12:38:15 Started transferring output files
...
040 (842539.002.000) 2026-03-14 12:38:15 Finished transferring output files
...
005 (842539.002.000) 2026-03-14 12:38:15 Job terminated.
	(1) Normal termination (return value 0)
		Usr 0 01:15:00, Sys 0 00:13:56  -  Run Remote Usage
		Usr 0 00:00:00, Sys 0 00:00:00  -  Run Local Usage
		Usr 0 01:15:00, Sys 0 00:13:56  -  Total Remote Usage
		Usr 0 00:00:00, Sys 0 00:00:00  -  Total Local Usage
	122670  -  Run Bytes Sent By Job
	843  -  Run Bytes Received By Job
	122670  -  Total Bytes Sent By Job
	843  -  Total Bytes Received By Job
	Partitionable Resources :    Usage  Request Allocated 
	   Cpus                 :     0.97        1         1 
	   Disk (KB)            :   181           1      4687 
	   GPUs                 :                           0 
	   Memory (MB)          :   171        1024      1100 
	   TimeExecute (s)      :  6035                       
	   TimeSlotBusy (s)     :  6036                       

	Job terminated of its own accord at 2026-03-14T03:38:15Z with exit-code 0.
...
000 (845918.002.000) 2026-03-16 11:09:37 Job submitted from host: <155.230.23.72:9618?addrs=155.230.23.72-9618+[2407-c000-c024-0-20c-29ff-fe6a-c74b]-9618&alias=cms02.knu.ac.kr&noUDP&sock=schedd_1497_655d>
...
040 (845918.002.000) 2026-03-16 11:09:49 Started transferring input files
	Transferring to host: <155.230.21.111:9618?addrs=155.230.21.111-9618+[2407-c000-c025--21-111]-9618&alias=cluster311.knu.ac.kr&noUDP&sock=slot1_2_1791_abe2_3093>
...
040 (845918.002.000) 2026-03-16 11:09:49 Finished transferring input files
...
001 (845918.002.000) 2026-03-16 11:09:50 Job executing on host: <155.230.21.111:9618?addrs=155.230.21.111-9618+[2407-c000-c025--21-111]-9618&alias=cluster311.knu.ac.kr&noUDP&sock=startd_1310_2127>
	SlotName: slot1_2@cluster311.knu.ac.kr
	CondorScratchDir = "/home/condor/dir_2430216"
	Cpus = 1
	Disk = 2841
	GPUs = 0
	Memory = 1100
...
006 (845918.002.000) 2026-03-16 11:09:59 Image size of job updated: 99224
	97  -  MemoryUsage of job (MB)
	99224  -  ResidentSetSize of job (KB)
...
006 (845918.002.000) 2026-03-16 11:15:00 Image size of job updated: 152324
	149  -  MemoryUsage of job (MB)
	152324  -  ResidentSetSize of job (KB)
...
006 (845918.002.000) 2026-03-16 11:20:00 Image size of job updated: 166292
	163  -  MemoryUsage of job (MB)
	166292  -  ResidentSetSize of job (KB)
...
006 (845918.002.000) 2026-03-16 11:25:00 Image size of job updated: 170132
	167  -  MemoryUsage of job (MB)
	170132  -  ResidentSetSize of job (KB)
...
006 (845918.002.000) 2026-03-16 11:30:01 Image size of job updated: 173008
	169  -  MemoryUsage of job (MB)
	173008  -  ResidentSetSize of job (KB)
...
006 (845918.002.000) 2026-03-16 11:35:02 Image size of job updated: 176872
	173  -  MemoryUsage of job (MB)
	176872  -  ResidentSetSize of job (KB)
...
006 (845918.002.000) 2026-03-16 13:00:10 Image size of job updated: 179584
	176  -  MemoryUsage of job (MB)
	179584  -  ResidentSetSize of job (KB)
...
040 (845918.002.000) 2026-03-16 13:43:40 Started transferring output files
...
040 (845918.002.000) 2026-03-16 13:43:40 Finished transferring output files
...
005 (845918.002.000) 2026-03-16 13:43:40 Job terminated.
	(1) Normal termination (return value 0)
		Usr 0 02:06:43, Sys 0 00:14:39  -  Run Remote Usage
		Usr 0 00:00:00, Sys 0 00:00:00  -  Run Local Usage
		Usr 0 02:06:43, Sys 0 00:14:39  -  Total Remote Usage
		Usr 0 00:00:00, Sys 0 00:00:00  -  Total Local Usage
	123954  -  Run Bytes Sent By Job
	843  -  Run Bytes Received By Job
	123954  -  Total Bytes Sent By Job
	843  -  Total Bytes Received By Job
	Partitionable Resources :    Usage  Request Allocated 
	   Cpus                 :     0.95        1         1 
	   Disk (KB)            :   143           1      2841 
	   GPUs                 :                           0 
	   Memory (MB)          :   176        1024      1100 
	   TimeExecute (s)      :  9230                       
	   TimeSlotBusy (s)     :  9231                       

	Job terminated of its own accord at 2026-03-16T04:43:40Z with exit-code 0.
...
