000 (842538.002.000) 2026-03-14 10:57:16 Job submitted from host: <155.230.23.72:9618?addrs=155.230.23.72-9618+[2407-c000-c024-0-20c-29ff-fe6a-c74b]-9618&alias=cms02.knu.ac.kr&noUDP&sock=schedd_1497_655d>
...
040 (842538.002.000) 2026-03-14 10:57:30 Started transferring input files
	Transferring to host: <155.230.21.142:9618?addrs=155.230.21.142-9618+[2407-c000-c025--21-142]-9618&alias=cluster342.knu.ac.kr&noUDP&sock=slot1_1_2558_17a1_1854>
...
040 (842538.002.000) 2026-03-14 10:57:30 Finished transferring input files
...
001 (842538.002.000) 2026-03-14 10:57:31 Job executing on host: <155.230.21.142:9618?addrs=155.230.21.142-9618+[2407-c000-c025--21-142]-9618&alias=cluster342.knu.ac.kr&noUDP&sock=startd_1844_68ba>
	SlotName: slot1_1@cluster342.knu.ac.kr
	CondorScratchDir = "/home/condor/dir_1783890"
	Cpus = 1
	Disk = 2760
	GPUs = 0
	Memory = 1100
...
006 (842538.002.000) 2026-03-14 10:57:40 Image size of job updated: 95144
	93  -  MemoryUsage of job (MB)
	95144  -  ResidentSetSize of job (KB)
...
006 (842538.002.000) 2026-03-14 11:02:41 Image size of job updated: 179964
	176  -  MemoryUsage of job (MB)
	179964  -  ResidentSetSize of job (KB)
...
006 (842538.002.000) 2026-03-14 11:07:41 Image size of job updated: 182820
	179  -  MemoryUsage of job (MB)
	182820  -  ResidentSetSize of job (KB)
...
006 (842538.002.000) 2026-03-14 11:12:41 Image size of job updated: 183504
	180  -  MemoryUsage of job (MB)
	183504  -  ResidentSetSize of job (KB)
...
040 (842538.002.000) 2026-03-14 12:07:46 Started transferring output files
...
040 (842538.002.000) 2026-03-14 12:07:46 Finished transferring output files
...
005 (842538.002.000) 2026-03-14 12:07:46 Job terminated.
	(1) Normal termination (return value 0)
		Usr 0 00:48:59, Sys 0 00:07:13  -  Run Remote Usage
		Usr 0 00:00:00, Sys 0 00:00:00  -  Run Local Usage
		Usr 0 00:48:59, Sys 0 00:07:13  -  Total Remote Usage
		Usr 0 00:00:00, Sys 0 00:00:00  -  Total Local Usage
	104133  -  Run Bytes Sent By Job
	863  -  Run Bytes Received By Job
	104133  -  Total Bytes Sent By Job
	863  -  Total Bytes Received By Job
	Partitionable Resources :    Usage  Request Allocated 
	   Cpus                 :     0.86        1         1 
	   Disk (KB)            :   163           1      2760 
	   GPUs                 :                           0 
	   Memory (MB)          :   180        1024      1100 
	   TimeExecute (s)      :  4214                       
	   TimeSlotBusy (s)     :  4216                       

	Job terminated of its own accord at 2026-03-14T03:07:45Z with exit-code 0.
...
