000 (842538.024.000) 2026-03-14 10:57:16 Job submitted from host: <155.230.23.72:9618?addrs=155.230.23.72-9618+[2407-c000-c024-0-20c-29ff-fe6a-c74b]-9618&alias=cms02.knu.ac.kr&noUDP&sock=schedd_1497_655d>
...
040 (842538.024.000) 2026-03-14 10:57:39 Started transferring input files
	Transferring to host: <155.230.21.135:9618?addrs=155.230.21.135-9618+[2407-c000-c025--21-135]-9618&alias=cluster335.knu.ac.kr&noUDP&sock=slot1_2_3817_2bf4_4965>
...
040 (842538.024.000) 2026-03-14 10:57:39 Finished transferring input files
...
001 (842538.024.000) 2026-03-14 10:57:40 Job executing on host: <155.230.21.135:9618?addrs=155.230.21.135-9618+[2407-c000-c025--21-135]-9618&alias=cluster335.knu.ac.kr&noUDP&sock=startd_2883_13a1>
	SlotName: slot1_2@cluster335.knu.ac.kr
	CondorScratchDir = "/home/condor/dir_275722"
	Cpus = 1
	Disk = 2836
	GPUs = 0
	Memory = 1100
...
006 (842538.024.000) 2026-03-14 10:57:48 Image size of job updated: 95032
	93  -  MemoryUsage of job (MB)
	95032  -  ResidentSetSize of job (KB)
...
006 (842538.024.000) 2026-03-14 11:02:48 Image size of job updated: 182124
	178  -  MemoryUsage of job (MB)
	182124  -  ResidentSetSize of job (KB)
...
006 (842538.024.000) 2026-03-14 11:07:49 Image size of job updated: 182148
	178  -  MemoryUsage of job (MB)
	182148  -  ResidentSetSize of job (KB)
...
040 (842538.024.000) 2026-03-14 11:14:10 Started transferring output files
...
040 (842538.024.000) 2026-03-14 11:14:10 Finished transferring output files
...
005 (842538.024.000) 2026-03-14 11:14:10 Job terminated.
	(1) Normal termination (return value 0)
		Usr 0 00:14:41, Sys 0 00:00:31  -  Run Remote Usage
		Usr 0 00:00:00, Sys 0 00:00:00  -  Run Local Usage
		Usr 0 00:14:41, Sys 0 00:00:31  -  Total Remote Usage
		Usr 0 00:00:00, Sys 0 00:00:00  -  Total Local Usage
	25134  -  Run Bytes Sent By Job
	863  -  Run Bytes Received By Job
	25134  -  Total Bytes Sent By Job
	863  -  Total Bytes Received By Job
	Partitionable Resources :    Usage  Request Allocated 
	   Cpus                 :     0.97        1         1 
	   Disk (KB)            :    86           1      2836 
	   GPUs                 :                           0 
	   Memory (MB)          :   178        1024      1100 
	   TimeExecute (s)      :   990                       
	   TimeSlotBusy (s)     :   991                       

	Job terminated of its own accord at 2026-03-14T02:14:10Z with exit-code 0.
...
