000 (842538.020.000) 2026-03-14 10:57:16 Job submitted from host: <155.230.23.72:9618?addrs=155.230.23.72-9618+[2407-c000-c024-0-20c-29ff-fe6a-c74b]-9618&alias=cms02.knu.ac.kr&noUDP&sock=schedd_1497_655d>
...
040 (842538.020.000) 2026-03-14 10:57:36 Started transferring input files
	Transferring to host: <155.230.21.116:9618?addrs=155.230.21.116-9618+[2407-c000-c025--21-116]-9618&alias=cluster316.knu.ac.kr&noUDP&sock=slot1_2_2117_5e2f_2184>
...
040 (842538.020.000) 2026-03-14 10:57:36 Finished transferring input files
...
001 (842538.020.000) 2026-03-14 10:57:37 Job executing on host: <155.230.21.116:9618?addrs=155.230.21.116-9618+[2407-c000-c025--21-116]-9618&alias=cluster316.knu.ac.kr&noUDP&sock=startd_1694_8585>
	SlotName: slot1_2@cluster316.knu.ac.kr
	CondorScratchDir = "/home/condor/dir_3186113"
	Cpus = 1
	Disk = 2823
	GPUs = 0
	Memory = 1100
...
006 (842538.020.000) 2026-03-14 10:57:46 Image size of job updated: 96160
	94  -  MemoryUsage of job (MB)
	96160  -  ResidentSetSize of job (KB)
...
006 (842538.020.000) 2026-03-14 11:02:47 Image size of job updated: 181960
	178  -  MemoryUsage of job (MB)
	181960  -  ResidentSetSize of job (KB)
...
006 (842538.020.000) 2026-03-14 11:07:47 Image size of job updated: 181972
	178  -  MemoryUsage of job (MB)
	181972  -  ResidentSetSize of job (KB)
...
006 (842538.020.000) 2026-03-14 11:47:50 Image size of job updated: 182164
	178  -  MemoryUsage of job (MB)
	182164  -  ResidentSetSize of job (KB)
...
006 (842538.020.000) 2026-03-14 11:52:51 Image size of job updated: 184544
	181  -  MemoryUsage of job (MB)
	184544  -  ResidentSetSize of job (KB)
...
040 (842538.020.000) 2026-03-14 12:19:31 Started transferring output files
...
040 (842538.020.000) 2026-03-14 12:19:31 Finished transferring output files
...
005 (842538.020.000) 2026-03-14 12:19:31 Job terminated.
	(1) Normal termination (return value 0)
		Usr 0 01:05:37, Sys 0 00:07:34  -  Run Remote Usage
		Usr 0 00:00:00, Sys 0 00:00:00  -  Run Local Usage
		Usr 0 01:05:37, Sys 0 00:07:34  -  Total Remote Usage
		Usr 0 00:00:00, Sys 0 00:00:00  -  Total Local Usage
	112338  -  Run Bytes Sent By Job
	863  -  Run Bytes Received By Job
	112338  -  Total Bytes Sent By Job
	863  -  Total Bytes Received By Job
	Partitionable Resources :    Usage  Request Allocated 
	   Cpus                 :     0.96        1         1 
	   Disk (KB)            :   171           1      2823 
	   GPUs                 :                           0 
	   Memory (MB)          :   181        1024      1100 
	   TimeExecute (s)      :  4914                       
	   TimeSlotBusy (s)     :  4915                       

	Job terminated of its own accord at 2026-03-14T03:19:31Z with exit-code 0.
...
