000 (842538.013.000) 2026-03-14 10:57:16 Job submitted from host: <155.230.23.72:9618?addrs=155.230.23.72-9618+[2407-c000-c024-0-20c-29ff-fe6a-c74b]-9618&alias=cms02.knu.ac.kr&noUDP&sock=schedd_1497_655d>
...
040 (842538.013.000) 2026-03-14 10:57:34 Started transferring input files
	Transferring to host: <155.230.21.122:9618?addrs=155.230.21.122-9618+[2407-c000-c025--21-122]-9618&alias=cluster322.knu.ac.kr&noUDP&sock=slot1_1_1936_d648_2055>
...
040 (842538.013.000) 2026-03-14 10:57:34 Finished transferring input files
...
001 (842538.013.000) 2026-03-14 10:57:36 Job executing on host: <155.230.21.122:9618?addrs=155.230.21.122-9618+[2407-c000-c025--21-122]-9618&alias=cluster322.knu.ac.kr&noUDP&sock=startd_1539_3457>
	SlotName: slot1_1@cluster322.knu.ac.kr
	CondorScratchDir = "/home/condor/dir_2203311"
	Cpus = 1
	Disk = 2839
	GPUs = 0
	Memory = 1100
...
006 (842538.013.000) 2026-03-14 10:57:44 Image size of job updated: 96964
	95  -  MemoryUsage of job (MB)
	96964  -  ResidentSetSize of job (KB)
...
006 (842538.013.000) 2026-03-14 11:02:44 Image size of job updated: 179788
	176  -  MemoryUsage of job (MB)
	179788  -  ResidentSetSize of job (KB)
...
006 (842538.013.000) 2026-03-14 11:07:44 Image size of job updated: 181552
	178  -  MemoryUsage of job (MB)
	181552  -  ResidentSetSize of job (KB)
...
006 (842538.013.000) 2026-03-14 11:12:45 Image size of job updated: 181560
	178  -  MemoryUsage of job (MB)
	181560  -  ResidentSetSize of job (KB)
...
006 (842538.013.000) 2026-03-14 11:52:47 Image size of job updated: 181768
	178  -  MemoryUsage of job (MB)
	181768  -  ResidentSetSize of job (KB)
...
006 (842538.013.000) 2026-03-14 11:57:48 Image size of job updated: 184148
	180  -  MemoryUsage of job (MB)
	184148  -  ResidentSetSize of job (KB)
...
040 (842538.013.000) 2026-03-14 12:45:20 Started transferring output files
...
040 (842538.013.000) 2026-03-14 12:45:20 Finished transferring output files
...
005 (842538.013.000) 2026-03-14 12:45:20 Job terminated.
	(1) Normal termination (return value 0)
		Usr 0 01:29:53, Sys 0 00:09:22  -  Run Remote Usage
		Usr 0 00:00:00, Sys 0 00:00:00  -  Run Local Usage
		Usr 0 01:29:53, Sys 0 00:09:22  -  Total Remote Usage
		Usr 0 00:00:00, Sys 0 00:00:00  -  Total Local Usage
	131517  -  Run Bytes Sent By Job
	863  -  Run Bytes Received By Job
	131517  -  Total Bytes Sent By Job
	863  -  Total Bytes Received By Job
	Partitionable Resources :    Usage  Request Allocated 
	   Cpus                 :     0.95        1         1 
	   Disk (KB)            :   190           1      2839 
	   GPUs                 :                           0 
	   Memory (MB)          :   180        1024      1100 
	   TimeExecute (s)      :  6465                       
	   TimeSlotBusy (s)     :  6466                       

	Job terminated of its own accord at 2026-03-14T03:45:20Z with exit-code 0.
...
