000 (842538.001.000) 2026-03-14 10:57:16 Job submitted from host: <155.230.23.72:9618?addrs=155.230.23.72-9618+[2407-c000-c024-0-20c-29ff-fe6a-c74b]-9618&alias=cms02.knu.ac.kr&noUDP&sock=schedd_1497_655d>
...
040 (842538.001.000) 2026-03-14 10:57:30 Started transferring input files
	Transferring to host: <155.230.21.91:9618?addrs=155.230.21.91-9618+[2407-c000-c025--21-91]-9618&alias=cluster291.knu.ac.kr&noUDP&sock=slot1_1_1826_5503_2369>
...
040 (842538.001.000) 2026-03-14 10:57:30 Finished transferring input files
...
001 (842538.001.000) 2026-03-14 10:57:31 Job executing on host: <155.230.21.91:9618?addrs=155.230.21.91-9618+[2407-c000-c025--21-91]-9618&alias=cluster291.knu.ac.kr&noUDP&sock=startd_1327_ca44>
	SlotName: slot1_1@cluster291.knu.ac.kr
	CondorScratchDir = "/home/condor/dir_2742403"
	Cpus = 1
	Disk = 2831
	GPUs = 0
	Memory = 1100
...
006 (842538.001.000) 2026-03-14 10:57:40 Image size of job updated: 96784
	95  -  MemoryUsage of job (MB)
	96784  -  ResidentSetSize of job (KB)
...
006 (842538.001.000) 2026-03-14 11:02:41 Image size of job updated: 182648
	179  -  MemoryUsage of job (MB)
	182648  -  ResidentSetSize of job (KB)
...
006 (842538.001.000) 2026-03-14 11:07:42 Image size of job updated: 183100
	179  -  MemoryUsage of job (MB)
	183100  -  ResidentSetSize of job (KB)
...
006 (842538.001.000) 2026-03-14 11:32:44 Image size of job updated: 183544
	180  -  MemoryUsage of job (MB)
	183544  -  ResidentSetSize of job (KB)
...
040 (842538.001.000) 2026-03-14 12:02:54 Started transferring output files
...
040 (842538.001.000) 2026-03-14 12:02:54 Finished transferring output files
...
005 (842538.001.000) 2026-03-14 12:02:54 Job terminated.
	(1) Normal termination (return value 0)
		Usr 0 00:50:25, Sys 0 00:07:05  -  Run Remote Usage
		Usr 0 00:00:00, Sys 0 00:00:00  -  Run Local Usage
		Usr 0 00:50:25, Sys 0 00:07:05  -  Total Remote Usage
		Usr 0 00:00:00, Sys 0 00:00:00  -  Total Local Usage
	107017  -  Run Bytes Sent By Job
	863  -  Run Bytes Received By Job
	107017  -  Total Bytes Sent By Job
	863  -  Total Bytes Received By Job
	Partitionable Resources :    Usage  Request Allocated 
	   Cpus                 :     0.97        1         1 
	   Disk (KB)            :   166           1      2831 
	   GPUs                 :                           0 
	   Memory (MB)          :   180        1024      1100 
	   TimeExecute (s)      :  3923                       
	   TimeSlotBusy (s)     :  3924                       

	Job terminated of its own accord at 2026-03-14T03:02:54Z with exit-code 0.
...
