000 (842538.007.000) 2026-03-14 10:57:16 Job submitted from host: <155.230.23.72:9618?addrs=155.230.23.72-9618+[2407-c000-c024-0-20c-29ff-fe6a-c74b]-9618&alias=cms02.knu.ac.kr&noUDP&sock=schedd_1497_655d>
...
040 (842538.007.000) 2026-03-14 10:57:33 Started transferring input files
	Transferring to host: <155.230.21.127:9618?addrs=155.230.21.127-9618+[2407-c000-c025--21-127]-9618&alias=cluster327.knu.ac.kr&noUDP&sock=slot1_5_3816_7794_4902>
...
040 (842538.007.000) 2026-03-14 10:57:33 Finished transferring input files
...
001 (842538.007.000) 2026-03-14 10:57:34 Job executing on host: <155.230.21.127:9618?addrs=155.230.21.127-9618+[2407-c000-c025--21-127]-9618&alias=cluster327.knu.ac.kr&noUDP&sock=startd_2856_8e92>
	SlotName: slot1_5@cluster327.knu.ac.kr
	CondorScratchDir = "/home/condor/dir_3297082"
	Cpus = 1
	Disk = 2885
	GPUs = 0
	Memory = 1100
...
006 (842538.007.000) 2026-03-14 10:57:42 Image size of job updated: 96768
	95  -  MemoryUsage of job (MB)
	96768  -  ResidentSetSize of job (KB)
...
006 (842538.007.000) 2026-03-14 11:02:42 Image size of job updated: 180428
	177  -  MemoryUsage of job (MB)
	180428  -  ResidentSetSize of job (KB)
...
006 (842538.007.000) 2026-03-14 11:07:43 Image size of job updated: 181504
	178  -  MemoryUsage of job (MB)
	181504  -  ResidentSetSize of job (KB)
...
006 (842538.007.000) 2026-03-14 11:12:43 Image size of job updated: 181512
	178  -  MemoryUsage of job (MB)
	181512  -  ResidentSetSize of job (KB)
...
040 (842538.007.000) 2026-03-14 12:27:22 Started transferring output files
...
040 (842538.007.000) 2026-03-14 12:27:22 Finished transferring output files
...
005 (842538.007.000) 2026-03-14 12:27:23 Job terminated.
	(1) Normal termination (return value 0)
		Usr 0 01:12:31, Sys 0 00:07:49  -  Run Remote Usage
		Usr 0 00:00:00, Sys 0 00:00:00  -  Run Local Usage
		Usr 0 01:12:31, Sys 0 00:07:49  -  Total Remote Usage
		Usr 0 00:00:00, Sys 0 00:00:00  -  Total Local Usage
	120073  -  Run Bytes Sent By Job
	863  -  Run Bytes Received By Job
	120073  -  Total Bytes Sent By Job
	863  -  Total Bytes Received By Job
	Partitionable Resources :    Usage  Request Allocated 
	   Cpus                 :     0.97        1         1 
	   Disk (KB)            :   178           1      2885 
	   GPUs                 :                           0 
	   Memory (MB)          :   178        1024      1100 
	   TimeExecute (s)      :  5388                       
	   TimeSlotBusy (s)     :  5389                       

	Job terminated of its own accord at 2026-03-14T03:27:22Z with exit-code 0.
...
