000 (842538.009.000) 2026-03-14 10:57:16 Job submitted from host: <155.230.23.72:9618?addrs=155.230.23.72-9618+[2407-c000-c024-0-20c-29ff-fe6a-c74b]-9618&alias=cms02.knu.ac.kr&noUDP&sock=schedd_1497_655d>
...
040 (842538.009.000) 2026-03-14 10:57:33 Started transferring input files
	Transferring to host: <155.230.21.82:9618?addrs=155.230.21.82-9618+[2407-c000-c025--21-82]-9618&alias=cluster282.knu.ac.kr&noUDP&sock=slot1_2_1746_f700_2271>
...
040 (842538.009.000) 2026-03-14 10:57:33 Finished transferring input files
...
001 (842538.009.000) 2026-03-14 10:57:34 Job executing on host: <155.230.21.82:9618?addrs=155.230.21.82-9618+[2407-c000-c025--21-82]-9618&alias=cluster282.knu.ac.kr&noUDP&sock=startd_1265_4364>
	SlotName: slot1_2@cluster282.knu.ac.kr
	CondorScratchDir = "/home/condor/dir_2040925"
	Cpus = 1
	Disk = 2824
	GPUs = 0
	Memory = 1100
...
006 (842538.009.000) 2026-03-14 10:57:43 Image size of job updated: 96604
	95  -  MemoryUsage of job (MB)
	96604  -  ResidentSetSize of job (KB)
...
006 (842538.009.000) 2026-03-14 11:02:44 Image size of job updated: 179348
	176  -  MemoryUsage of job (MB)
	179348  -  ResidentSetSize of job (KB)
...
006 (842538.009.000) 2026-03-14 11:07:44 Image size of job updated: 181648
	178  -  MemoryUsage of job (MB)
	181648  -  ResidentSetSize of job (KB)
...
006 (842538.009.000) 2026-03-14 11:12:44 Image size of job updated: 184048
	180  -  MemoryUsage of job (MB)
	184048  -  ResidentSetSize of job (KB)
...
040 (842538.009.000) 2026-03-14 12:11:34 Started transferring output files
...
040 (842538.009.000) 2026-03-14 12:11:34 Finished transferring output files
...
005 (842538.009.000) 2026-03-14 12:11:34 Job terminated.
	(1) Normal termination (return value 0)
		Usr 0 00:56:21, Sys 0 00:07:32  -  Run Remote Usage
		Usr 0 00:00:00, Sys 0 00:00:00  -  Run Local Usage
		Usr 0 00:56:21, Sys 0 00:07:32  -  Total Remote Usage
		Usr 0 00:00:00, Sys 0 00:00:00  -  Total Local Usage
	112277  -  Run Bytes Sent By Job
	863  -  Run Bytes Received By Job
	112277  -  Total Bytes Sent By Job
	863  -  Total Bytes Received By Job
	Partitionable Resources :    Usage  Request Allocated 
	   Cpus                 :     0.95        1         1 
	   Disk (KB)            :   171           1      2824 
	   GPUs                 :                           0 
	   Memory (MB)          :   180        1024      1100 
	   TimeExecute (s)      :  4440                       
	   TimeSlotBusy (s)     :  4441                       

	Job terminated of its own accord at 2026-03-14T03:11:34Z with exit-code 0.
...
