000 (842538.003.000) 2026-03-14 10:57:16 Job submitted from host: <155.230.23.72:9618?addrs=155.230.23.72-9618+[2407-c000-c024-0-20c-29ff-fe6a-c74b]-9618&alias=cms02.knu.ac.kr&noUDP&sock=schedd_1497_655d>
...
040 (842538.003.000) 2026-03-14 10:57:31 Started transferring input files
	Transferring to host: <155.230.21.100:9618?addrs=155.230.21.100-9618+[2407-c000-c025--21-100]-9618&alias=cluster300.knu.ac.kr&noUDP&sock=slot1_3_2329_bdb8_3356>
...
040 (842538.003.000) 2026-03-14 10:57:31 Finished transferring input files
...
001 (842538.003.000) 2026-03-14 10:57:32 Job executing on host: <155.230.21.100:9618?addrs=155.230.21.100-9618+[2407-c000-c025--21-100]-9618&alias=cluster300.knu.ac.kr&noUDP&sock=startd_1664_f1ae>
	SlotName: slot1_3@cluster300.knu.ac.kr
	CondorScratchDir = "/home/condor/dir_2435132"
	Cpus = 1
	Disk = 2777
	GPUs = 0
	Memory = 1100
...
006 (842538.003.000) 2026-03-14 10:57:41 Image size of job updated: 96484
	95  -  MemoryUsage of job (MB)
	96484  -  ResidentSetSize of job (KB)
...
006 (842538.003.000) 2026-03-14 11:02:42 Image size of job updated: 179808
	176  -  MemoryUsage of job (MB)
	179808  -  ResidentSetSize of job (KB)
...
006 (842538.003.000) 2026-03-14 11:07:42 Image size of job updated: 181740
	178  -  MemoryUsage of job (MB)
	181740  -  ResidentSetSize of job (KB)
...
006 (842538.003.000) 2026-03-14 11:12:42 Image size of job updated: 181864
	178  -  MemoryUsage of job (MB)
	181864  -  ResidentSetSize of job (KB)
...
006 (842538.003.000) 2026-03-14 11:17:43 Image size of job updated: 184312
	180  -  MemoryUsage of job (MB)
	184312  -  ResidentSetSize of job (KB)
...
040 (842538.003.000) 2026-03-14 12:35:11 Started transferring output files
...
040 (842538.003.000) 2026-03-14 12:35:11 Finished transferring output files
...
005 (842538.003.000) 2026-03-14 12:35:11 Job terminated.
	(1) Normal termination (return value 0)
		Usr 0 01:22:38, Sys 0 00:06:43  -  Run Remote Usage
		Usr 0 00:00:00, Sys 0 00:00:00  -  Run Local Usage
		Usr 0 01:22:38, Sys 0 00:06:43  -  Total Remote Usage
		Usr 0 00:00:00, Sys 0 00:00:00  -  Total Local Usage
	103222  -  Run Bytes Sent By Job
	863  -  Run Bytes Received By Job
	103222  -  Total Bytes Sent By Job
	863  -  Total Bytes Received By Job
	Partitionable Resources :    Usage  Request Allocated 
	   Cpus                 :     0.95        1         1 
	   Disk (KB)            :   162           1      2777 
	   GPUs                 :                           0 
	   Memory (MB)          :   180        1024      1100 
	   TimeExecute (s)      :  5859                       
	   TimeSlotBusy (s)     :  5860                       

	Job terminated of its own accord at 2026-03-14T03:35:11Z with exit-code 0.
...
