000 (842538.021.000) 2026-03-14 10:57:16 Job submitted from host: <155.230.23.72:9618?addrs=155.230.23.72-9618+[2407-c000-c024-0-20c-29ff-fe6a-c74b]-9618&alias=cms02.knu.ac.kr&noUDP&sock=schedd_1497_655d>
...
040 (842538.021.000) 2026-03-14 10:57:37 Started transferring input files
	Transferring to host: <155.230.21.133:9618?addrs=155.230.21.133-9618+[2407-c000-c025--21-133]-9618&alias=cluster333.knu.ac.kr&noUDP&sock=slot1_5_3830_54d5_5339>
...
040 (842538.021.000) 2026-03-14 10:57:37 Finished transferring input files
...
001 (842538.021.000) 2026-03-14 10:57:38 Job executing on host: <155.230.21.133:9618?addrs=155.230.21.133-9618+[2407-c000-c025--21-133]-9618&alias=cluster333.knu.ac.kr&noUDP&sock=startd_2881_b470>
	SlotName: slot1_5@cluster333.knu.ac.kr
	CondorScratchDir = "/home/condor/dir_3794294"
	Cpus = 1
	Disk = 2832
	GPUs = 0
	Memory = 1100
...
006 (842538.021.000) 2026-03-14 10:57:47 Image size of job updated: 96268
	95  -  MemoryUsage of job (MB)
	96268  -  ResidentSetSize of job (KB)
...
006 (842538.021.000) 2026-03-14 11:02:48 Image size of job updated: 181468
	178  -  MemoryUsage of job (MB)
	181468  -  ResidentSetSize of job (KB)
...
006 (842538.021.000) 2026-03-14 11:07:48 Image size of job updated: 181512
	178  -  MemoryUsage of job (MB)
	181512  -  ResidentSetSize of job (KB)
...
040 (842538.021.000) 2026-03-14 12:12:08 Started transferring output files
...
040 (842538.021.000) 2026-03-14 12:12:08 Finished transferring output files
...
005 (842538.021.000) 2026-03-14 12:12:08 Job terminated.
	(1) Normal termination (return value 0)
		Usr 0 01:00:15, Sys 0 00:06:21  -  Run Remote Usage
		Usr 0 00:00:00, Sys 0 00:00:00  -  Run Local Usage
		Usr 0 01:00:15, Sys 0 00:06:21  -  Total Remote Usage
		Usr 0 00:00:00, Sys 0 00:00:00  -  Total Local Usage
	103348  -  Run Bytes Sent By Job
	863  -  Run Bytes Received By Job
	103348  -  Total Bytes Sent By Job
	863  -  Total Bytes Received By Job
	Partitionable Resources :    Usage  Request Allocated 
	   Cpus                 :     0.97        1         1 
	   Disk (KB)            :   162           1      2832 
	   GPUs                 :                           0 
	   Memory (MB)          :   178        1024      1100 
	   TimeExecute (s)      :  4470                       
	   TimeSlotBusy (s)     :  4471                       

	Job terminated of its own accord at 2026-03-14T03:12:08Z with exit-code 0.
...
