000 (842538.015.000) 2026-03-14 10:57:16 Job submitted from host: <155.230.23.72:9618?addrs=155.230.23.72-9618+[2407-c000-c024-0-20c-29ff-fe6a-c74b]-9618&alias=cms02.knu.ac.kr&noUDP&sock=schedd_1497_655d>
...
040 (842538.015.000) 2026-03-14 10:57:35 Started transferring input files
	Transferring to host: <155.230.21.115:9618?addrs=155.230.21.115-9618+[2407-c000-c025--21-115]-9618&alias=cluster315.knu.ac.kr&noUDP&sock=slot1_1_2102_cc8f_2298>
...
040 (842538.015.000) 2026-03-14 10:57:36 Finished transferring input files
...
001 (842538.015.000) 2026-03-14 10:57:36 Job executing on host: <155.230.21.115:9618?addrs=155.230.21.115-9618+[2407-c000-c025--21-115]-9618&alias=cluster315.knu.ac.kr&noUDP&sock=startd_1635_0d6f>
	SlotName: slot1_1@cluster315.knu.ac.kr
	CondorScratchDir = "/home/condor/dir_3135936"
	Cpus = 1
	Disk = 2830
	GPUs = 0
	Memory = 1100
...
006 (842538.015.000) 2026-03-14 10:57:45 Image size of job updated: 97248
	95  -  MemoryUsage of job (MB)
	97248  -  ResidentSetSize of job (KB)
...
006 (842538.015.000) 2026-03-14 11:02:46 Image size of job updated: 180196
	176  -  MemoryUsage of job (MB)
	180196  -  ResidentSetSize of job (KB)
...
006 (842538.015.000) 2026-03-14 11:07:46 Image size of job updated: 181908
	178  -  MemoryUsage of job (MB)
	181908  -  ResidentSetSize of job (KB)
...
006 (842538.015.000) 2026-03-14 12:02:51 Image size of job updated: 184472
	181  -  MemoryUsage of job (MB)
	184472  -  ResidentSetSize of job (KB)
...
040 (842538.015.000) 2026-03-14 12:31:24 Started transferring output files
...
040 (842538.015.000) 2026-03-14 12:31:24 Finished transferring output files
...
005 (842538.015.000) 2026-03-14 12:31:24 Job terminated.
	(1) Normal termination (return value 0)
		Usr 0 01:17:21, Sys 0 00:08:40  -  Run Remote Usage
		Usr 0 00:00:00, Sys 0 00:00:00  -  Run Local Usage
		Usr 0 01:17:21, Sys 0 00:08:40  -  Total Remote Usage
		Usr 0 00:00:00, Sys 0 00:00:00  -  Total Local Usage
	126438  -  Run Bytes Sent By Job
	863  -  Run Bytes Received By Job
	126438  -  Total Bytes Sent By Job
	863  -  Total Bytes Received By Job
	Partitionable Resources :    Usage  Request Allocated 
	   Cpus                 :     0.97        1         1 
	   Disk (KB)            :   185           1      2830 
	   GPUs                 :                           0 
	   Memory (MB)          :   181        1024      1100 
	   TimeExecute (s)      :  5628                       
	   TimeSlotBusy (s)     :  5629                       

	Job terminated of its own accord at 2026-03-14T03:31:24Z with exit-code 0.
...
