000 (842538.005.000) 2026-03-14 10:57:16 Job submitted from host: <155.230.23.72:9618?addrs=155.230.23.72-9618+[2407-c000-c024-0-20c-29ff-fe6a-c74b]-9618&alias=cms02.knu.ac.kr&noUDP&sock=schedd_1497_655d>
...
040 (842538.005.000) 2026-03-14 10:57:31 Started transferring input files
	Transferring to host: <155.230.21.95:9618?addrs=155.230.21.95-9618+[2407-c000-c025--21-95]-9618&alias=cluster295.knu.ac.kr&noUDP&sock=slot1_1_1535_4bd7_6476>
...
040 (842538.005.000) 2026-03-14 10:57:31 Finished transferring input files
...
001 (842538.005.000) 2026-03-14 10:57:32 Job executing on host: <155.230.21.95:9618?addrs=155.230.21.95-9618+[2407-c000-c025--21-95]-9618&alias=cluster295.knu.ac.kr&noUDP&sock=startd_1084_1cc0>
	SlotName: slot1_1@cluster295.knu.ac.kr
	CondorScratchDir = "/home/condor/dir_2307795"
	Cpus = 1
	Disk = 2815
	GPUs = 0
	Memory = 1100
...
006 (842538.005.000) 2026-03-14 10:57:41 Image size of job updated: 95132
	93  -  MemoryUsage of job (MB)
	95132  -  ResidentSetSize of job (KB)
...
006 (842538.005.000) 2026-03-14 11:02:41 Image size of job updated: 182084
	178  -  MemoryUsage of job (MB)
	182084  -  ResidentSetSize of job (KB)
...
006 (842538.005.000) 2026-03-14 11:07:41 Image size of job updated: 183644
	180  -  MemoryUsage of job (MB)
	183644  -  ResidentSetSize of job (KB)
...
040 (842538.005.000) 2026-03-14 12:41:32 Started transferring output files
...
040 (842538.005.000) 2026-03-14 12:41:32 Finished transferring output files
...
005 (842538.005.000) 2026-03-14 12:41:33 Job terminated.
	(1) Normal termination (return value 0)
		Usr 0 01:26:36, Sys 0 00:08:04  -  Run Remote Usage
		Usr 0 00:00:00, Sys 0 00:00:00  -  Run Local Usage
		Usr 0 01:26:36, Sys 0 00:08:04  -  Total Remote Usage
		Usr 0 00:00:00, Sys 0 00:00:00  -  Total Local Usage
	119392  -  Run Bytes Sent By Job
	863  -  Run Bytes Received By Job
	119392  -  Total Bytes Sent By Job
	863  -  Total Bytes Received By Job
	Partitionable Resources :    Usage  Request Allocated 
	   Cpus                 :     0.92        1         1 
	   Disk (KB)            :   178           1      2815 
	   GPUs                 :                           0 
	   Memory (MB)          :   180        1024      1100 
	   TimeExecute (s)      :  6240                       
	   TimeSlotBusy (s)     :  6241                       

	Job terminated of its own accord at 2026-03-14T03:41:32Z with exit-code 0.
...
