000 (842538.019.000) 2026-03-14 10:57:16 Job submitted from host: <155.230.23.72:9618?addrs=155.230.23.72-9618+[2407-c000-c024-0-20c-29ff-fe6a-c74b]-9618&alias=cms02.knu.ac.kr&noUDP&sock=schedd_1497_655d>
...
040 (842538.019.000) 2026-03-14 10:57:36 Started transferring input files
	Transferring to host: <155.230.21.119:9618?addrs=155.230.21.119-9618+[2407-c000-c025--21-119]-9618&alias=cluster319.knu.ac.kr&noUDP&sock=slot1_1_2021_ba2b_2212>
...
040 (842538.019.000) 2026-03-14 10:57:36 Finished transferring input files
...
001 (842538.019.000) 2026-03-14 10:57:37 Job executing on host: <155.230.21.119:9618?addrs=155.230.21.119-9618+[2407-c000-c025--21-119]-9618&alias=cluster319.knu.ac.kr&noUDP&sock=startd_1632_fea6>
	SlotName: slot1_1@cluster319.knu.ac.kr
	CondorScratchDir = "/home/condor/dir_1815341"
	Cpus = 1
	Disk = 2829
	GPUs = 0
	Memory = 1100
...
006 (842538.019.000) 2026-03-14 10:57:46 Image size of job updated: 96908
	95  -  MemoryUsage of job (MB)
	96908  -  ResidentSetSize of job (KB)
...
006 (842538.019.000) 2026-03-14 11:02:47 Image size of job updated: 184164
	180  -  MemoryUsage of job (MB)
	184164  -  ResidentSetSize of job (KB)
...
006 (842538.019.000) 2026-03-14 11:07:47 Image size of job updated: 184956
	181  -  MemoryUsage of job (MB)
	184956  -  ResidentSetSize of job (KB)
...
040 (842538.019.000) 2026-03-14 12:13:34 Started transferring output files
...
040 (842538.019.000) 2026-03-14 12:13:34 Finished transferring output files
...
005 (842538.019.000) 2026-03-14 12:13:34 Job terminated.
	(1) Normal termination (return value 0)
		Usr 0 01:00:55, Sys 0 00:06:58  -  Run Remote Usage
		Usr 0 00:00:00, Sys 0 00:00:00  -  Run Local Usage
		Usr 0 01:00:55, Sys 0 00:06:58  -  Total Remote Usage
		Usr 0 00:00:00, Sys 0 00:00:00  -  Total Local Usage
	105899  -  Run Bytes Sent By Job
	863  -  Run Bytes Received By Job
	105899  -  Total Bytes Sent By Job
	863  -  Total Bytes Received By Job
	Partitionable Resources :    Usage  Request Allocated 
	   Cpus                 :     0.94        1         1 
	   Disk (KB)            :   165           1      2829 
	   GPUs                 :                           0 
	   Memory (MB)          :   181        1024      1100 
	   TimeExecute (s)      :  4557                       
	   TimeSlotBusy (s)     :  4558                       

	Job terminated of its own accord at 2026-03-14T03:13:34Z with exit-code 0.
...
