000 (842538.011.000) 2026-03-14 10:57:16 Job submitted from host: <155.230.23.72:9618?addrs=155.230.23.72-9618+[2407-c000-c024-0-20c-29ff-fe6a-c74b]-9618&alias=cms02.knu.ac.kr&noUDP&sock=schedd_1497_655d>
...
040 (842538.011.000) 2026-03-14 10:57:33 Started transferring input files
	Transferring to host: <155.230.21.113:9618?addrs=155.230.21.113-9618+[2407-c000-c025--21-113]-9618&alias=cluster313.knu.ac.kr&noUDP&sock=slot1_1_2052_91cd_3394>
...
040 (842538.011.000) 2026-03-14 10:57:33 Finished transferring input files
...
001 (842538.011.000) 2026-03-14 10:57:34 Job executing on host: <155.230.21.113:9618?addrs=155.230.21.113-9618+[2407-c000-c025--21-113]-9618&alias=cluster313.knu.ac.kr&noUDP&sock=startd_1757_bbfd>
	SlotName: slot1_1@cluster313.knu.ac.kr
	CondorScratchDir = "/home/condor/dir_228400"
	Cpus = 1
	Disk = 2834
	GPUs = 0
	Memory = 1100
...
006 (842538.011.000) 2026-03-14 10:57:43 Image size of job updated: 96624
	95  -  MemoryUsage of job (MB)
	96624  -  ResidentSetSize of job (KB)
...
006 (842538.011.000) 2026-03-14 11:02:44 Image size of job updated: 182196
	178  -  MemoryUsage of job (MB)
	182196  -  ResidentSetSize of job (KB)
...
006 (842538.011.000) 2026-03-14 11:07:44 Image size of job updated: 182600
	179  -  MemoryUsage of job (MB)
	182600  -  ResidentSetSize of job (KB)
...
006 (842538.011.000) 2026-03-14 11:37:48 Image size of job updated: 185188
	181  -  MemoryUsage of job (MB)
	185188  -  ResidentSetSize of job (KB)
...
040 (842538.011.000) 2026-03-14 12:13:34 Started transferring output files
...
040 (842538.011.000) 2026-03-14 12:13:34 Finished transferring output files
...
005 (842538.011.000) 2026-03-14 12:13:34 Job terminated.
	(1) Normal termination (return value 0)
		Usr 0 00:58:57, Sys 0 00:07:52  -  Run Remote Usage
		Usr 0 00:00:00, Sys 0 00:00:00  -  Run Local Usage
		Usr 0 00:58:57, Sys 0 00:07:52  -  Total Remote Usage
		Usr 0 00:00:00, Sys 0 00:00:00  -  Total Local Usage
	114953  -  Run Bytes Sent By Job
	863  -  Run Bytes Received By Job
	114953  -  Total Bytes Sent By Job
	863  -  Total Bytes Received By Job
	Partitionable Resources :    Usage  Request Allocated 
	   Cpus                 :     0.87        1         1 
	   Disk (KB)            :   173           1      2834 
	   GPUs                 :                           0 
	   Memory (MB)          :   181        1024      1100 
	   TimeExecute (s)      :  4560                       
	   TimeSlotBusy (s)     :  4561                       

	Job terminated of its own accord at 2026-03-14T03:13:34Z with exit-code 0.
...
