000 (842538.014.000) 2026-03-14 10:57:16 Job submitted from host: <155.230.23.72:9618?addrs=155.230.23.72-9618+[2407-c000-c024-0-20c-29ff-fe6a-c74b]-9618&alias=cms02.knu.ac.kr&noUDP&sock=schedd_1497_655d>
...
040 (842538.014.000) 2026-03-14 10:57:34 Started transferring input files
	Transferring to host: <155.230.21.120:9618?addrs=155.230.21.120-9618+[2407-c000-c025--21-120]-9618&alias=cluster320.knu.ac.kr&noUDP&sock=slot1_2_2006_288b_2281>
...
040 (842538.014.000) 2026-03-14 10:57:34 Finished transferring input files
...
001 (842538.014.000) 2026-03-14 10:57:36 Job executing on host: <155.230.21.120:9618?addrs=155.230.21.120-9618+[2407-c000-c025--21-120]-9618&alias=cluster320.knu.ac.kr&noUDP&sock=startd_1541_9388>
	SlotName: slot1_2@cluster320.knu.ac.kr
	CondorScratchDir = "/home/condor/dir_1492175"
	Cpus = 1
	Disk = 2818
	GPUs = 0
	Memory = 1100
...
006 (842538.014.000) 2026-03-14 10:57:44 Image size of job updated: 98548
	97  -  MemoryUsage of job (MB)
	98548  -  ResidentSetSize of job (KB)
...
006 (842538.014.000) 2026-03-14 11:02:44 Image size of job updated: 180188
	176  -  MemoryUsage of job (MB)
	180188  -  ResidentSetSize of job (KB)
...
006 (842538.014.000) 2026-03-14 11:07:44 Image size of job updated: 182236
	178  -  MemoryUsage of job (MB)
	182236  -  ResidentSetSize of job (KB)
...
006 (842538.014.000) 2026-03-14 11:12:45 Image size of job updated: 182272
	178  -  MemoryUsage of job (MB)
	182272  -  ResidentSetSize of job (KB)
...
006 (842538.014.000) 2026-03-14 11:47:48 Image size of job updated: 184836
	181  -  MemoryUsage of job (MB)
	184836  -  ResidentSetSize of job (KB)
...
040 (842538.014.000) 2026-03-14 12:43:07 Started transferring output files
...
040 (842538.014.000) 2026-03-14 12:43:07 Finished transferring output files
...
005 (842538.014.000) 2026-03-14 12:43:07 Job terminated.
	(1) Normal termination (return value 0)
		Usr 0 01:27:02, Sys 0 00:09:21  -  Run Remote Usage
		Usr 0 00:00:00, Sys 0 00:00:00  -  Run Local Usage
		Usr 0 01:27:02, Sys 0 00:09:21  -  Total Remote Usage
		Usr 0 00:00:00, Sys 0 00:00:00  -  Total Local Usage
	133486  -  Run Bytes Sent By Job
	863  -  Run Bytes Received By Job
	133486  -  Total Bytes Sent By Job
	863  -  Total Bytes Received By Job
	Partitionable Resources :    Usage  Request Allocated 
	   Cpus                 :     0.98        1         1 
	   Disk (KB)            :   191           1      2818 
	   GPUs                 :                           0 
	   Memory (MB)          :   181        1024      1100 
	   TimeExecute (s)      :  6332                       
	   TimeSlotBusy (s)     :  6333                       

	Job terminated of its own accord at 2026-03-14T03:43:07Z with exit-code 0.
...
