000 (842538.012.000) 2026-03-14 10:57:16 Job submitted from host: <155.230.23.72:9618?addrs=155.230.23.72-9618+[2407-c000-c024-0-20c-29ff-fe6a-c74b]-9618&alias=cms02.knu.ac.kr&noUDP&sock=schedd_1497_655d>
...
040 (842538.012.000) 2026-03-14 10:57:34 Started transferring input files
	Transferring to host: <155.230.21.108:9618?addrs=155.230.21.108-9618+[2407-c000-c025--21-108]-9618&alias=cluster308.knu.ac.kr&noUDP&sock=slot1_2_2299_9a77_3470>
...
040 (842538.012.000) 2026-03-14 10:57:34 Finished transferring input files
...
001 (842538.012.000) 2026-03-14 10:57:36 Job executing on host: <155.230.21.108:9618?addrs=155.230.21.108-9618+[2407-c000-c025--21-108]-9618&alias=cluster308.knu.ac.kr&noUDP&sock=startd_1898_72d7>
	SlotName: slot1_2@cluster308.knu.ac.kr
	CondorScratchDir = "/home/condor/dir_3948175"
	Cpus = 1
	Disk = 2774
	GPUs = 0
	Memory = 1100
...
006 (842538.012.000) 2026-03-14 10:57:44 Image size of job updated: 95348
	94  -  MemoryUsage of job (MB)
	95348  -  ResidentSetSize of job (KB)
...
006 (842538.012.000) 2026-03-14 11:02:44 Image size of job updated: 180672
	177  -  MemoryUsage of job (MB)
	180672  -  ResidentSetSize of job (KB)
...
006 (842538.012.000) 2026-03-14 11:07:44 Image size of job updated: 181316
	178  -  MemoryUsage of job (MB)
	181316  -  ResidentSetSize of job (KB)
...
006 (842538.012.000) 2026-03-14 11:12:45 Image size of job updated: 181352
	178  -  MemoryUsage of job (MB)
	181352  -  ResidentSetSize of job (KB)
...
006 (842538.012.000) 2026-03-14 11:17:45 Image size of job updated: 181372
	178  -  MemoryUsage of job (MB)
	181372  -  ResidentSetSize of job (KB)
...
040 (842538.012.000) 2026-03-14 12:33:28 Started transferring output files
...
040 (842538.012.000) 2026-03-14 12:33:28 Finished transferring output files
...
005 (842538.012.000) 2026-03-14 12:33:28 Job terminated.
	(1) Normal termination (return value 0)
		Usr 0 01:18:09, Sys 0 00:09:14  -  Run Remote Usage
		Usr 0 00:00:00, Sys 0 00:00:00  -  Run Local Usage
		Usr 0 01:18:09, Sys 0 00:09:14  -  Total Remote Usage
		Usr 0 00:00:00, Sys 0 00:00:00  -  Total Local Usage
	131964  -  Run Bytes Sent By Job
	863  -  Run Bytes Received By Job
	131964  -  Total Bytes Sent By Job
	863  -  Total Bytes Received By Job
	Partitionable Resources :    Usage  Request Allocated 
	   Cpus                 :     0.98        1         1 
	   Disk (KB)            :   190           1      2774 
	   GPUs                 :                           0 
	   Memory (MB)          :   178        1024      1100 
	   TimeExecute (s)      :  5751                       
	   TimeSlotBusy (s)     :  5754                       

	Job terminated of its own accord at 2026-03-14T03:33:26Z with exit-code 0.
...
