000 (842538.017.000) 2026-03-14 10:57:16 Job submitted from host: <155.230.23.72:9618?addrs=155.230.23.72-9618+[2407-c000-c024-0-20c-29ff-fe6a-c74b]-9618&alias=cms02.knu.ac.kr&noUDP&sock=schedd_1497_655d>
...
040 (842538.017.000) 2026-03-14 10:57:35 Started transferring input files
	Transferring to host: <155.230.21.121:9618?addrs=155.230.21.121-9618+[2407-c000-c025--21-121]-9618&alias=cluster321.knu.ac.kr&noUDP&sock=slot1_1_2177_a4b2_2822>
...
040 (842538.017.000) 2026-03-14 10:57:35 Finished transferring input files
...
001 (842538.017.000) 2026-03-14 10:57:36 Job executing on host: <155.230.21.121:9618?addrs=155.230.21.121-9618+[2407-c000-c025--21-121]-9618&alias=cluster321.knu.ac.kr&noUDP&sock=startd_1610_e791>
	SlotName: slot1_1@cluster321.knu.ac.kr
	CondorScratchDir = "/home/condor/dir_2671640"
	Cpus = 1
	Disk = 2773
	GPUs = 0
	Memory = 1100
...
006 (842538.017.000) 2026-03-14 10:57:45 Image size of job updated: 96428
	95  -  MemoryUsage of job (MB)
	96428  -  ResidentSetSize of job (KB)
...
006 (842538.017.000) 2026-03-14 11:02:46 Image size of job updated: 178100
	174  -  MemoryUsage of job (MB)
	178100  -  ResidentSetSize of job (KB)
...
006 (842538.017.000) 2026-03-14 11:07:46 Image size of job updated: 180892
	177  -  MemoryUsage of job (MB)
	180576  -  ResidentSetSize of job (KB)
...
040 (842538.017.000) 2026-03-14 12:07:55 Started transferring output files
...
040 (842538.017.000) 2026-03-14 12:07:55 Finished transferring output files
...
005 (842538.017.000) 2026-03-14 12:07:55 Job terminated.
	(1) Normal termination (return value 0)
		Usr 0 00:56:39, Sys 0 00:06:45  -  Run Remote Usage
		Usr 0 00:00:00, Sys 0 00:00:00  -  Run Local Usage
		Usr 0 00:56:39, Sys 0 00:06:45  -  Total Remote Usage
		Usr 0 00:00:00, Sys 0 00:00:00  -  Total Local Usage
	102786  -  Run Bytes Sent By Job
	863  -  Run Bytes Received By Job
	102786  -  Total Bytes Sent By Job
	863  -  Total Bytes Received By Job
	Partitionable Resources :    Usage  Request Allocated 
	   Cpus                 :     0.97        1         1 
	   Disk (KB)            :   162           1      2773 
	   GPUs                 :                           0 
	   Memory (MB)          :   177        1024      1100 
	   TimeExecute (s)      :  4219                       
	   TimeSlotBusy (s)     :  4220                       

	Job terminated of its own accord at 2026-03-14T03:07:55Z with exit-code 0.
...
