000 (842538.022.000) 2026-03-14 10:57:16 Job submitted from host: <155.230.23.72:9618?addrs=155.230.23.72-9618+[2407-c000-c024-0-20c-29ff-fe6a-c74b]-9618&alias=cms02.knu.ac.kr&noUDP&sock=schedd_1497_655d>
...
040 (842538.022.000) 2026-03-14 10:57:37 Started transferring input files
	Transferring to host: <155.230.21.148:9618?addrs=155.230.21.148-9618+[2407-c000-c025--21-148]-9618&alias=cluster348.knu.ac.kr&noUDP&sock=slot1_2_4717_4d99_8507>
...
040 (842538.022.000) 2026-03-14 10:57:37 Finished transferring input files
...
001 (842538.022.000) 2026-03-14 10:57:38 Job executing on host: <155.230.21.148:9618?addrs=155.230.21.148-9618+[2407-c000-c025--21-148]-9618&alias=cluster348.knu.ac.kr&noUDP&sock=startd_3493_7c66>
	SlotName: slot1_2@cluster348.knu.ac.kr
	CondorScratchDir = "/home/condor/dir_4041302"
	Cpus = 1
	Disk = 2048
	GPUs = 0
	Memory = 1100
...
006 (842538.022.000) 2026-03-14 10:57:47 Image size of job updated: 95104
	93  -  MemoryUsage of job (MB)
	95104  -  ResidentSetSize of job (KB)
...
006 (842538.022.000) 2026-03-14 11:02:48 Image size of job updated: 180940
	177  -  MemoryUsage of job (MB)
	180940  -  ResidentSetSize of job (KB)
...
006 (842538.022.000) 2026-03-14 11:07:48 Image size of job updated: 181336
	178  -  MemoryUsage of job (MB)
	181336  -  ResidentSetSize of job (KB)
...
006 (842538.022.000) 2026-03-14 11:12:48 Image size of job updated: 181340
	178  -  MemoryUsage of job (MB)
	181340  -  ResidentSetSize of job (KB)
...
040 (842538.022.000) 2026-03-14 11:57:21 Started transferring output files
...
040 (842538.022.000) 2026-03-14 11:57:21 Finished transferring output files
...
005 (842538.022.000) 2026-03-14 11:57:21 Job terminated.
	(1) Normal termination (return value 0)
		Usr 0 00:39:25, Sys 0 00:06:54  -  Run Remote Usage
		Usr 0 00:00:00, Sys 0 00:00:00  -  Run Local Usage
		Usr 0 00:39:25, Sys 0 00:06:54  -  Total Remote Usage
		Usr 0 00:00:00, Sys 0 00:00:00  -  Total Local Usage
	102638  -  Run Bytes Sent By Job
	863  -  Run Bytes Received By Job
	102638  -  Total Bytes Sent By Job
	863  -  Total Bytes Received By Job
	Partitionable Resources :    Usage  Request Allocated 
	   Cpus                 :     0.89        1         1 
	   Disk (KB)            :   162           1      2048 
	   GPUs                 :                           0 
	   Memory (MB)          :   178        1024      1100 
	   TimeExecute (s)      :  3583                       
	   TimeSlotBusy (s)     :  3584                       

	Job terminated of its own accord at 2026-03-14T02:57:21Z with exit-code 0.
...
