000 (842538.016.000) 2026-03-14 10:57:16 Job submitted from host: <155.230.23.72:9618?addrs=155.230.23.72-9618+[2407-c000-c024-0-20c-29ff-fe6a-c74b]-9618&alias=cms02.knu.ac.kr&noUDP&sock=schedd_1497_655d>
...
040 (842538.016.000) 2026-03-14 10:57:35 Started transferring input files
	Transferring to host: <155.230.21.146:9618?addrs=155.230.21.146-9618+[2407-c000-c025--21-146]-9618&alias=cluster346.knu.ac.kr&noUDP&sock=slot1_2_98017_97eb_4094>
...
040 (842538.016.000) 2026-03-14 10:57:35 Finished transferring input files
...
001 (842538.016.000) 2026-03-14 10:57:36 Job executing on host: <155.230.21.146:9618?addrs=155.230.21.146-9618+[2407-c000-c025--21-146]-9618&alias=cluster346.knu.ac.kr&noUDP&sock=startd_6945_4554>
	SlotName: slot1_2@cluster346.knu.ac.kr
	AvailableGPUs = {  }
	CondorScratchDir = "/home/condor/dir_3757362"
	Cpus = 1
	Disk = 2048
	GPUs = 0
	Memory = 1100
...
006 (842538.016.000) 2026-03-14 10:57:45 Image size of job updated: 97060
	95  -  MemoryUsage of job (MB)
	97060  -  ResidentSetSize of job (KB)
...
006 (842538.016.000) 2026-03-14 11:02:47 Image size of job updated: 179504
	176  -  MemoryUsage of job (MB)
	179504  -  ResidentSetSize of job (KB)
...
006 (842538.016.000) 2026-03-14 11:07:47 Image size of job updated: 181208
	177  -  MemoryUsage of job (MB)
	181208  -  ResidentSetSize of job (KB)
...
006 (842538.016.000) 2026-03-14 11:12:47 Image size of job updated: 181236
	177  -  MemoryUsage of job (MB)
	181236  -  ResidentSetSize of job (KB)
...
040 (842538.016.000) 2026-03-14 12:45:39 Started transferring output files
...
040 (842538.016.000) 2026-03-14 12:45:39 Finished transferring output files
...
005 (842538.016.000) 2026-03-14 12:45:39 Job terminated.
	(1) Normal termination (return value 0)
		Usr 0 01:38:46, Sys 0 00:02:06  -  Run Remote Usage
		Usr 0 00:00:00, Sys 0 00:00:00  -  Run Local Usage
		Usr 0 01:38:46, Sys 0 00:02:06  -  Total Remote Usage
		Usr 0 00:00:00, Sys 0 00:00:00  -  Total Local Usage
	117163  -  Run Bytes Sent By Job
	863  -  Run Bytes Received By Job
	117163  -  Total Bytes Sent By Job
	863  -  Total Bytes Received By Job
	Partitionable Resources :    Usage  Request Allocated 
	   Cpus                 :     0.99        1         1 
	   Disk (KB)            :   176           1      2048 
	   GPUs                 :                           0 
	   Memory (MB)          :   177        1024      1100 
	   TimeExecute (s)      :  6483                       
	   TimeSlotBusy (s)     :  6484                       

	Job terminated of its own accord at 2026-03-14T03:45:39Z with exit-code 0.
...
