000 (842538.018.000) 2026-03-14 10:57:16 Job submitted from host: <155.230.23.72:9618?addrs=155.230.23.72-9618+[2407-c000-c024-0-20c-29ff-fe6a-c74b]-9618&alias=cms02.knu.ac.kr&noUDP&sock=schedd_1497_655d>
...
040 (842538.018.000) 2026-03-14 10:57:36 Started transferring input files
	Transferring to host: <155.230.21.114:9618?addrs=155.230.21.114-9618+[2407-c000-c025--21-114]-9618&alias=cluster314.knu.ac.kr&noUDP&sock=slot1_1_2241_bcb4_2363>
...
040 (842538.018.000) 2026-03-14 10:57:36 Finished transferring input files
...
001 (842538.018.000) 2026-03-14 10:57:37 Job executing on host: <155.230.21.114:9618?addrs=155.230.21.114-9618+[2407-c000-c025--21-114]-9618&alias=cluster314.knu.ac.kr&noUDP&sock=startd_1682_4a63>
	SlotName: slot1_1@cluster314.knu.ac.kr
	CondorScratchDir = "/home/condor/dir_3502541"
	Cpus = 1
	Disk = 2754
	GPUs = 0
	Memory = 1100
...
006 (842538.018.000) 2026-03-14 10:57:46 Image size of job updated: 96368
	95  -  MemoryUsage of job (MB)
	96368  -  ResidentSetSize of job (KB)
...
006 (842538.018.000) 2026-03-14 11:02:47 Image size of job updated: 180708
	177  -  MemoryUsage of job (MB)
	180708  -  ResidentSetSize of job (KB)
...
006 (842538.018.000) 2026-03-14 11:07:47 Image size of job updated: 181272
	178  -  MemoryUsage of job (MB)
	181272  -  ResidentSetSize of job (KB)
...
006 (842538.018.000) 2026-03-14 11:12:48 Image size of job updated: 181276
	178  -  MemoryUsage of job (MB)
	181276  -  ResidentSetSize of job (KB)
...
040 (842538.018.000) 2026-03-14 12:10:15 Started transferring output files
...
040 (842538.018.000) 2026-03-14 12:10:15 Finished transferring output files
...
005 (842538.018.000) 2026-03-14 12:10:15 Job terminated.
	(1) Normal termination (return value 0)
		Usr 0 00:59:01, Sys 0 00:06:26  -  Run Remote Usage
		Usr 0 00:00:00, Sys 0 00:00:00  -  Run Local Usage
		Usr 0 00:59:01, Sys 0 00:06:26  -  Total Remote Usage
		Usr 0 00:00:00, Sys 0 00:00:00  -  Total Local Usage
	99268  -  Run Bytes Sent By Job
	863  -  Run Bytes Received By Job
	99268  -  Total Bytes Sent By Job
	863  -  Total Bytes Received By Job
	Partitionable Resources :    Usage  Request Allocated 
	   Cpus                 :     0.98        1         1 
	   Disk (KB)            :   158           1      2754 
	   GPUs                 :                           0 
	   Memory (MB)          :   178        1024      1100 
	   TimeExecute (s)      :  4358                       
	   TimeSlotBusy (s)     :  4359                       

	Job terminated of its own accord at 2026-03-14T03:10:15Z with exit-code 0.
...
