000 (842538.000.000) 2026-03-14 10:57:16 Job submitted from host: <155.230.23.72:9618?addrs=155.230.23.72-9618+[2407-c000-c024-0-20c-29ff-fe6a-c74b]-9618&alias=cms02.knu.ac.kr&noUDP&sock=schedd_1497_655d>
...
040 (842538.000.000) 2026-03-14 10:57:30 Started transferring input files
	Transferring to host: <155.230.21.85:9618?addrs=155.230.21.85-9618+[2407-c000-c025--21-85]-9618&alias=cluster285.knu.ac.kr&noUDP&sock=slot1_2_1828_bdc3_2376>
...
040 (842538.000.000) 2026-03-14 10:57:30 Finished transferring input files
...
001 (842538.000.000) 2026-03-14 10:57:31 Job executing on host: <155.230.21.85:9618?addrs=155.230.21.85-9618+[2407-c000-c025--21-85]-9618&alias=cluster285.knu.ac.kr&noUDP&sock=startd_1273_c026>
	SlotName: slot1_2@cluster285.knu.ac.kr
	CondorScratchDir = "/home/condor/dir_2050642"
	Cpus = 1
	Disk = 2827
	GPUs = 0
	Memory = 1100
...
006 (842538.000.000) 2026-03-14 10:57:40 Image size of job updated: 96520
	95  -  MemoryUsage of job (MB)
	96520  -  ResidentSetSize of job (KB)
...
006 (842538.000.000) 2026-03-14 11:02:41 Image size of job updated: 180048
	176  -  MemoryUsage of job (MB)
	180048  -  ResidentSetSize of job (KB)
...
006 (842538.000.000) 2026-03-14 11:07:41 Image size of job updated: 180312
	176  -  MemoryUsage of job (MB)
	180048  -  ResidentSetSize of job (KB)
...
006 (842538.000.000) 2026-03-14 11:17:42 Image size of job updated: 182452
	179  -  MemoryUsage of job (MB)
	182452  -  ResidentSetSize of job (KB)
...
006 (842538.000.000) 2026-03-14 11:22:43 Image size of job updated: 182460
	179  -  MemoryUsage of job (MB)
	182460  -  ResidentSetSize of job (KB)
...
006 (842538.000.000) 2026-03-14 11:27:43 Image size of job updated: 182772
	179  -  MemoryUsage of job (MB)
	182772  -  ResidentSetSize of job (KB)
...
040 (842538.000.000) 2026-03-14 12:15:05 Started transferring output files
...
040 (842538.000.000) 2026-03-14 12:15:05 Finished transferring output files
...
005 (842538.000.000) 2026-03-14 12:15:05 Job terminated.
	(1) Normal termination (return value 0)
		Usr 0 01:01:21, Sys 0 00:07:31  -  Run Remote Usage
		Usr 0 00:00:00, Sys 0 00:00:00  -  Run Local Usage
		Usr 0 01:01:21, Sys 0 00:07:31  -  Total Remote Usage
		Usr 0 00:00:00, Sys 0 00:00:00  -  Total Local Usage
	113353  -  Run Bytes Sent By Job
	863  -  Run Bytes Received By Job
	113353  -  Total Bytes Sent By Job
	863  -  Total Bytes Received By Job
	Partitionable Resources :    Usage  Request Allocated 
	   Cpus                 :     0.95        1         1 
	   Disk (KB)            :   172           1      2827 
	   GPUs                 :                           0 
	   Memory (MB)          :   179        1024      1100 
	   TimeExecute (s)      :  4654                       
	   TimeSlotBusy (s)     :  4655                       

	Job terminated of its own accord at 2026-03-14T03:15:05Z with exit-code 0.
...
