000 (842537.016.000) 2026-03-14 10:57:16 Job submitted from host: <155.230.23.72:9618?addrs=155.230.23.72-9618+[2407-c000-c024-0-20c-29ff-fe6a-c74b]-9618&alias=cms02.knu.ac.kr&noUDP&sock=schedd_1497_655d>
...
040 (842537.016.000) 2026-03-14 10:57:24 Started transferring input files
	Transferring to host: <155.230.21.129:9618?addrs=155.230.21.129-9618+[2407-c000-c025--21-129]-9618&alias=cluster329.knu.ac.kr&noUDP&sock=slot1_3_3623_7b2c_4108>
...
040 (842537.016.000) 2026-03-14 10:57:24 Finished transferring input files
...
001 (842537.016.000) 2026-03-14 10:57:25 Job executing on host: <155.230.21.129:9618?addrs=155.230.21.129-9618+[2407-c000-c025--21-129]-9618&alias=cluster329.knu.ac.kr&noUDP&sock=startd_2866_6a85>
	SlotName: slot1_3@cluster329.knu.ac.kr
	AvailableGPUs = {  }
	CondorScratchDir = "/home/condor/dir_2658276"
	Cpus = 1
	Disk = 2823
	GPUs = 0
	Memory = 1100
...
006 (842537.016.000) 2026-03-14 10:57:34 Image size of job updated: 100036
	98  -  MemoryUsage of job (MB)
	100036  -  ResidentSetSize of job (KB)
...
006 (842537.016.000) 2026-03-14 11:02:35 Image size of job updated: 167976
	165  -  MemoryUsage of job (MB)
	167976  -  ResidentSetSize of job (KB)
...
006 (842537.016.000) 2026-03-14 11:07:36 Image size of job updated: 168924
	165  -  MemoryUsage of job (MB)
	168924  -  ResidentSetSize of job (KB)
...
006 (842537.016.000) 2026-03-14 11:12:36 Image size of job updated: 168976
	166  -  MemoryUsage of job (MB)
	168976  -  ResidentSetSize of job (KB)
...
006 (842537.016.000) 2026-03-14 12:12:42 Image size of job updated: 173512
	170  -  MemoryUsage of job (MB)
	173512  -  ResidentSetSize of job (KB)
...
040 (842537.016.000) 2026-03-14 13:08:13 Started transferring output files
...
040 (842537.016.000) 2026-03-14 13:08:13 Finished transferring output files
...
005 (842537.016.000) 2026-03-14 13:08:13 Job terminated.
	(1) Normal termination (return value 0)
		Usr 0 01:47:45, Sys 0 00:13:15  -  Run Remote Usage
		Usr 0 00:00:00, Sys 0 00:00:00  -  Run Local Usage
		Usr 0 01:47:45, Sys 0 00:13:15  -  Total Remote Usage
		Usr 0 00:00:00, Sys 0 00:00:00  -  Total Local Usage
	117451  -  Run Bytes Sent By Job
	843  -  Run Bytes Received By Job
	117451  -  Total Bytes Sent By Job
	843  -  Total Bytes Received By Job
	Partitionable Resources :    Usage  Request Allocated 
	   Cpus                 :     0.93        1         1 
	   Disk (KB)            :   176           1      2823 
	   GPUs                 :                           0 
	   Memory (MB)          :   170        1024      1100 
	   TimeExecute (s)      :  7847                       
	   TimeSlotBusy (s)     :  7849                       

	Job terminated of its own accord at 2026-03-14T04:08:12Z with exit-code 0.
...
000 (845917.016.000) 2026-03-16 11:09:37 Job submitted from host: <155.230.23.72:9618?addrs=155.230.23.72-9618+[2407-c000-c024-0-20c-29ff-fe6a-c74b]-9618&alias=cms02.knu.ac.kr&noUDP&sock=schedd_1497_655d>
...
040 (845917.016.000) 2026-03-16 11:09:44 Started transferring input files
	Transferring to host: <155.230.21.85:9618?addrs=155.230.21.85-9618+[2407-c000-c025--21-85]-9618&alias=cluster285.knu.ac.kr&noUDP&sock=slot1_24_1828_bdc3_2712>
...
040 (845917.016.000) 2026-03-16 11:09:45 Finished transferring input files
...
001 (845917.016.000) 2026-03-16 11:09:46 Job executing on host: <155.230.21.85:9618?addrs=155.230.21.85-9618+[2407-c000-c025--21-85]-9618&alias=cluster285.knu.ac.kr&noUDP&sock=startd_1273_c026>
	SlotName: slot1_24@cluster285.knu.ac.kr
	CondorScratchDir = "/home/condor/dir_2651146"
	Cpus = 1
	Disk = 2827
	GPUs = 0
	Memory = 1100
...
006 (845917.016.000) 2026-03-16 11:09:54 Image size of job updated: 72972
	72  -  MemoryUsage of job (MB)
	72972  -  ResidentSetSize of job (KB)
...
006 (845917.016.000) 2026-03-16 11:14:54 Image size of job updated: 150792
	148  -  MemoryUsage of job (MB)
	150792  -  ResidentSetSize of job (KB)
...
006 (845917.016.000) 2026-03-16 11:19:54 Image size of job updated: 164604
	161  -  MemoryUsage of job (MB)
	164604  -  ResidentSetSize of job (KB)
...
006 (845917.016.000) 2026-03-16 11:24:55 Image size of job updated: 167544
	164  -  MemoryUsage of job (MB)
	167544  -  ResidentSetSize of job (KB)
...
006 (845917.016.000) 2026-03-16 11:29:55 Image size of job updated: 168368
	165  -  MemoryUsage of job (MB)
	168368  -  ResidentSetSize of job (KB)
...
006 (845917.016.000) 2026-03-16 11:34:55 Image size of job updated: 168712
	165  -  MemoryUsage of job (MB)
	168712  -  ResidentSetSize of job (KB)
...
006 (845917.016.000) 2026-03-16 11:39:57 Image size of job updated: 171240
	168  -  MemoryUsage of job (MB)
	171240  -  ResidentSetSize of job (KB)
...
006 (845917.016.000) 2026-03-16 12:50:04 Image size of job updated: 172568
	169  -  MemoryUsage of job (MB)
	172568  -  ResidentSetSize of job (KB)
...
006 (845917.016.000) 2026-03-16 13:20:07 Image size of job updated: 179660
	176  -  MemoryUsage of job (MB)
	179660  -  ResidentSetSize of job (KB)
...
040 (845917.016.000) 2026-03-16 13:39:56 Started transferring output files
...
040 (845917.016.000) 2026-03-16 13:39:56 Finished transferring output files
...
005 (845917.016.000) 2026-03-16 13:39:56 Job terminated.
	(1) Normal termination (return value 0)
		Usr 0 02:04:26, Sys 0 00:13:52  -  Run Remote Usage
		Usr 0 00:00:00, Sys 0 00:00:00  -  Run Local Usage
		Usr 0 02:04:26, Sys 0 00:13:52  -  Total Remote Usage
		Usr 0 00:00:00, Sys 0 00:00:00  -  Total Local Usage
	118134  -  Run Bytes Sent By Job
	843  -  Run Bytes Received By Job
	118134  -  Total Bytes Sent By Job
	843  -  Total Bytes Received By Job
	Partitionable Resources :    Usage  Request Allocated 
	   Cpus                 :     0.93        1         1 
	   Disk (KB)            :   138           1      2827 
	   GPUs                 :                           0 
	   Memory (MB)          :   176        1024      1100 
	   TimeExecute (s)      :  9010                       
	   TimeSlotBusy (s)     :  9012                       

	Job terminated of its own accord at 2026-03-16T04:39:56Z with exit-code 0.
...
