000 (842537.018.000) 2026-03-14 10:57:16 Job submitted from host: <155.230.23.72:9618?addrs=155.230.23.72-9618+[2407-c000-c024-0-20c-29ff-fe6a-c74b]-9618&alias=cms02.knu.ac.kr&noUDP&sock=schedd_1497_655d>
...
040 (842537.018.000) 2026-03-14 10:57:24 Started transferring input files
	Transferring to host: <155.230.21.94:9618?addrs=155.230.21.94-9618+[2407-c000-c025--21-94]-9618&alias=cluster294.knu.ac.kr&noUDP&sock=slot1_1_1751_7ce0_2351>
...
040 (842537.018.000) 2026-03-14 10:57:24 Finished transferring input files
...
001 (842537.018.000) 2026-03-14 10:57:25 Job executing on host: <155.230.21.94:9618?addrs=155.230.21.94-9618+[2407-c000-c025--21-94]-9618&alias=cluster294.knu.ac.kr&noUDP&sock=startd_1252_58a9>
	SlotName: slot1_1@cluster294.knu.ac.kr
	CondorScratchDir = "/home/condor/dir_1832157"
	Cpus = 1
	Disk = 2825
	GPUs = 0
	Memory = 1100
...
006 (842537.018.000) 2026-03-14 10:57:34 Image size of job updated: 98320
	97  -  MemoryUsage of job (MB)
	98320  -  ResidentSetSize of job (KB)
...
006 (842537.018.000) 2026-03-14 11:02:35 Image size of job updated: 168736
	165  -  MemoryUsage of job (MB)
	168736  -  ResidentSetSize of job (KB)
...
006 (842537.018.000) 2026-03-14 11:07:36 Image size of job updated: 169104
	166  -  MemoryUsage of job (MB)
	169104  -  ResidentSetSize of job (KB)
...
006 (842537.018.000) 2026-03-14 11:17:37 Image size of job updated: 169108
	166  -  MemoryUsage of job (MB)
	169108  -  ResidentSetSize of job (KB)
...
006 (842537.018.000) 2026-03-14 11:42:39 Image size of job updated: 171684
	168  -  MemoryUsage of job (MB)
	171684  -  ResidentSetSize of job (KB)
...
006 (842537.018.000) 2026-03-14 12:42:46 Image size of job updated: 172948
	169  -  MemoryUsage of job (MB)
	172948  -  ResidentSetSize of job (KB)
...
006 (842537.018.000) 2026-03-14 12:52:46 Image size of job updated: 179084
	175  -  MemoryUsage of job (MB)
	179084  -  ResidentSetSize of job (KB)
...
040 (842537.018.000) 2026-03-14 13:00:06 Started transferring output files
...
040 (842537.018.000) 2026-03-14 13:00:06 Finished transferring output files
...
005 (842537.018.000) 2026-03-14 13:00:06 Job terminated.
	(1) Normal termination (return value 0)
		Usr 0 01:39:12, Sys 0 00:12:51  -  Run Remote Usage
		Usr 0 00:00:00, Sys 0 00:00:00  -  Run Local Usage
		Usr 0 01:39:12, Sys 0 00:12:51  -  Total Remote Usage
		Usr 0 00:00:00, Sys 0 00:00:00  -  Total Local Usage
	112849  -  Run Bytes Sent By Job
	843  -  Run Bytes Received By Job
	112849  -  Total Bytes Sent By Job
	843  -  Total Bytes Received By Job
	Partitionable Resources :    Usage  Request Allocated 
	   Cpus                 :     0.92        1         1 
	   Disk (KB)            :   171           1      2825 
	   GPUs                 :                           0 
	   Memory (MB)          :   175        1024      1100 
	   TimeExecute (s)      :  7361                       
	   TimeSlotBusy (s)     :  7362                       

	Job terminated of its own accord at 2026-03-14T04:00:06Z with exit-code 0.
...
000 (845917.018.000) 2026-03-16 11:09:37 Job submitted from host: <155.230.23.72:9618?addrs=155.230.23.72-9618+[2407-c000-c024-0-20c-29ff-fe6a-c74b]-9618&alias=cms02.knu.ac.kr&noUDP&sock=schedd_1497_655d>
...
040 (845917.018.000) 2026-03-16 11:09:45 Started transferring input files
	Transferring to host: <155.230.21.75:9618?addrs=155.230.21.75-9618+[2407-c000-c025--21-75]-9618&alias=cluster275.knu.ac.kr&noUDP&sock=slot1_1_1504_7436_6828>
...
040 (845917.018.000) 2026-03-16 11:09:45 Finished transferring input files
...
001 (845917.018.000) 2026-03-16 11:09:46 Job executing on host: <155.230.21.75:9618?addrs=155.230.21.75-9618+[2407-c000-c025--21-75]-9618&alias=cluster275.knu.ac.kr&noUDP&sock=startd_1094_f8b2>
	SlotName: slot1_1@cluster275.knu.ac.kr
	CondorScratchDir = "/home/condor/dir_2046688"
	Cpus = 1
	Disk = 2841
	GPUs = 0
	Memory = 1100
...
006 (845917.018.000) 2026-03-16 11:09:55 Image size of job updated: 97580
	96  -  MemoryUsage of job (MB)
	97580  -  ResidentSetSize of job (KB)
...
006 (845917.018.000) 2026-03-16 11:14:56 Image size of job updated: 165304
	162  -  MemoryUsage of job (MB)
	165304  -  ResidentSetSize of job (KB)
...
006 (845917.018.000) 2026-03-16 11:19:57 Image size of job updated: 167944
	165  -  MemoryUsage of job (MB)
	167944  -  ResidentSetSize of job (KB)
...
006 (845917.018.000) 2026-03-16 11:24:57 Image size of job updated: 170508
	167  -  MemoryUsage of job (MB)
	170508  -  ResidentSetSize of job (KB)
...
006 (845917.018.000) 2026-03-16 11:29:57 Image size of job updated: 171680
	168  -  MemoryUsage of job (MB)
	171680  -  ResidentSetSize of job (KB)
...
006 (845917.018.000) 2026-03-16 20:05:48 Image size of job updated: 172944
	169  -  MemoryUsage of job (MB)
	172944  -  ResidentSetSize of job (KB)
...
040 (845917.018.000) 2026-03-16 21:00:22 Started transferring output files
...
040 (845917.018.000) 2026-03-16 21:00:22 Finished transferring output files
...
005 (845917.018.000) 2026-03-16 21:00:22 Job terminated.
	(1) Normal termination (return value 0)
		Usr 0 02:09:18, Sys 0 00:16:28  -  Run Remote Usage
		Usr 0 00:00:00, Sys 0 00:00:00  -  Run Local Usage
		Usr 0 02:09:18, Sys 0 00:16:28  -  Total Remote Usage
		Usr 0 00:00:00, Sys 0 00:00:00  -  Total Local Usage
	114858  -  Run Bytes Sent By Job
	843  -  Run Bytes Received By Job
	114858  -  Total Bytes Sent By Job
	843  -  Total Bytes Received By Job
	Partitionable Resources :    Usage  Request Allocated 
	   Cpus                 :     0.59        1         1 
	   Disk (KB)            :   134           1      2841 
	   GPUs                 :                           0 
	   Memory (MB)          :   169        1024      1100 
	   TimeExecute (s)      : 35435                       
	   TimeSlotBusy (s)     : 35437                       

	Job terminated of its own accord at 2026-03-16T12:00:21Z with exit-code 0.
...
