000 (842537.028.000) 2026-03-14 10:57:16 Job submitted from host: <155.230.23.72:9618?addrs=155.230.23.72-9618+[2407-c000-c024-0-20c-29ff-fe6a-c74b]-9618&alias=cms02.knu.ac.kr&noUDP&sock=schedd_1497_655d>
...
040 (842537.028.000) 2026-03-14 10:57:30 Started transferring input files
	Transferring to host: <155.230.21.111:9618?addrs=155.230.21.111-9618+[2407-c000-c025--21-111]-9618&alias=cluster311.knu.ac.kr&noUDP&sock=slot1_1_1791_abe2_2630>
...
040 (842537.028.000) 2026-03-14 10:57:30 Finished transferring input files
...
001 (842537.028.000) 2026-03-14 10:57:31 Job executing on host: <155.230.21.111:9618?addrs=155.230.21.111-9618+[2407-c000-c025--21-111]-9618&alias=cluster311.knu.ac.kr&noUDP&sock=startd_1310_2127>
	SlotName: slot1_1@cluster311.knu.ac.kr
	CondorScratchDir = "/home/condor/dir_2000647"
	Cpus = 1
	Disk = 2841
	GPUs = 0
	Memory = 1100
...
006 (842537.028.000) 2026-03-14 10:57:39 Image size of job updated: 97644
	96  -  MemoryUsage of job (MB)
	97644  -  ResidentSetSize of job (KB)
...
006 (842537.028.000) 2026-03-14 11:02:39 Image size of job updated: 167956
	165  -  MemoryUsage of job (MB)
	167956  -  ResidentSetSize of job (KB)
...
006 (842537.028.000) 2026-03-14 11:07:40 Image size of job updated: 168968
	166  -  MemoryUsage of job (MB)
	168968  -  ResidentSetSize of job (KB)
...
006 (842537.028.000) 2026-03-14 11:37:43 Image size of job updated: 169164
	166  -  MemoryUsage of job (MB)
	169164  -  ResidentSetSize of job (KB)
...
006 (842537.028.000) 2026-03-14 11:42:44 Image size of job updated: 171544
	168  -  MemoryUsage of job (MB)
	171544  -  ResidentSetSize of job (KB)
...
040 (842537.028.000) 2026-03-14 12:56:45 Started transferring output files
...
040 (842537.028.000) 2026-03-14 12:56:45 Finished transferring output files
...
005 (842537.028.000) 2026-03-14 12:56:45 Job terminated.
	(1) Normal termination (return value 0)
		Usr 0 01:32:59, Sys 0 00:15:04  -  Run Remote Usage
		Usr 0 00:00:00, Sys 0 00:00:00  -  Run Local Usage
		Usr 0 01:32:59, Sys 0 00:15:04  -  Total Remote Usage
		Usr 0 00:00:00, Sys 0 00:00:00  -  Total Local Usage
	124807  -  Run Bytes Sent By Job
	843  -  Run Bytes Received By Job
	124807  -  Total Bytes Sent By Job
	843  -  Total Bytes Received By Job
	Partitionable Resources :    Usage  Request Allocated 
	   Cpus                 :     0.97        1         1 
	   Disk (KB)            :   183           1      2841 
	   GPUs                 :                           0 
	   Memory (MB)          :   168        1024      1100 
	   TimeExecute (s)      :  7154                       
	   TimeSlotBusy (s)     :  7156                       

	Job terminated of its own accord at 2026-03-14T03:56:45Z with exit-code 0.
...
000 (845917.028.000) 2026-03-16 11:09:37 Job submitted from host: <155.230.23.72:9618?addrs=155.230.23.72-9618+[2407-c000-c024-0-20c-29ff-fe6a-c74b]-9618&alias=cms02.knu.ac.kr&noUDP&sock=schedd_1497_655d>
...
040 (845917.028.000) 2026-03-16 11:09:48 Started transferring input files
	Transferring to host: <155.230.21.41:9618?addrs=155.230.21.41-9618+[2407-c000-c025--21-41]-9618&alias=cluster241.knu.ac.kr&noUDP&sock=slot1_7_1541_8618_7803>
...
040 (845917.028.000) 2026-03-16 11:09:48 Finished transferring input files
...
001 (845917.028.000) 2026-03-16 11:09:49 Job executing on host: <155.230.21.41:9618?addrs=155.230.21.41-9618+[2407-c000-c025--21-41]-9618&alias=cluster241.knu.ac.kr&noUDP&sock=startd_1097_077b>
	SlotName: slot1_7@cluster241.knu.ac.kr
	CondorScratchDir = "/home/condor/dir_685212"
	Cpus = 1
	Disk = 2819
	GPUs = 0
	Memory = 1100
...
006 (845917.028.000) 2026-03-16 11:09:58 Image size of job updated: 95368
	94  -  MemoryUsage of job (MB)
	95368  -  ResidentSetSize of job (KB)
...
006 (845917.028.000) 2026-03-16 11:14:59 Image size of job updated: 163024
	160  -  MemoryUsage of job (MB)
	163024  -  ResidentSetSize of job (KB)
...
006 (845917.028.000) 2026-03-16 11:20:00 Image size of job updated: 166324
	163  -  MemoryUsage of job (MB)
	166324  -  ResidentSetSize of job (KB)
...
006 (845917.028.000) 2026-03-16 11:30:01 Image size of job updated: 167264
	164  -  MemoryUsage of job (MB)
	167264  -  ResidentSetSize of job (KB)
...
006 (845917.028.000) 2026-03-16 11:35:02 Image size of job updated: 167296
	164  -  MemoryUsage of job (MB)
	167296  -  ResidentSetSize of job (KB)
...
006 (845917.028.000) 2026-03-16 11:40:02 Image size of job updated: 167516
	164  -  MemoryUsage of job (MB)
	167516  -  ResidentSetSize of job (KB)
...
006 (845917.028.000) 2026-03-16 11:45:02 Image size of job updated: 168724
	165  -  MemoryUsage of job (MB)
	168724  -  ResidentSetSize of job (KB)
...
006 (845917.028.000) 2026-03-16 14:00:16 Image size of job updated: 172524
	169  -  MemoryUsage of job (MB)
	172524  -  ResidentSetSize of job (KB)
...
040 (845917.028.000) 2026-03-16 21:20:39 Started transferring output files
...
040 (845917.028.000) 2026-03-16 21:20:39 Finished transferring output files
...
005 (845917.028.000) 2026-03-16 21:20:39 Job terminated.
	(1) Normal termination (return value 0)
		Usr 0 02:17:51, Sys 0 00:18:27  -  Run Remote Usage
		Usr 0 00:00:00, Sys 0 00:00:00  -  Run Local Usage
		Usr 0 02:17:51, Sys 0 00:18:27  -  Total Remote Usage
		Usr 0 00:00:00, Sys 0 00:00:00  -  Total Local Usage
	127146  -  Run Bytes Sent By Job
	843  -  Run Bytes Received By Job
	127146  -  Total Bytes Sent By Job
	843  -  Total Bytes Received By Job
	Partitionable Resources :    Usage  Request Allocated 
	   Cpus                 :     0.85        1         1 
	   Disk (KB)            :   146           1      2819 
	   GPUs                 :                           0 
	   Memory (MB)          :   169        1024      1100 
	   TimeExecute (s)      : 36650                       
	   TimeSlotBusy (s)     : 36651                       

	Job terminated of its own accord at 2026-03-16T12:20:39Z with exit-code 0.
...
