000 (842537.006.000) 2026-03-14 10:57:16 Job submitted from host: <155.230.23.72:9618?addrs=155.230.23.72-9618+[2407-c000-c024-0-20c-29ff-fe6a-c74b]-9618&alias=cms02.knu.ac.kr&noUDP&sock=schedd_1497_655d>
...
040 (842537.006.000) 2026-03-14 10:57:28 Started transferring input files
	Transferring to host: <155.230.21.149:9618?addrs=155.230.21.149-9618+[2407-c000-c025--21-149]-9618&alias=cluster349.knu.ac.kr&noUDP&sock=slot1_2_2461_bf3d_2575>
...
040 (842537.006.000) 2026-03-14 10:57:28 Finished transferring input files
...
001 (842537.006.000) 2026-03-14 10:57:29 Job executing on host: <155.230.21.149:9618?addrs=155.230.21.149-9618+[2407-c000-c025--21-149]-9618&alias=cluster349.knu.ac.kr&noUDP&sock=startd_1753_fd9c>
	SlotName: slot1_2@cluster349.knu.ac.kr
	CondorScratchDir = "/home/condor/dir_1690422"
	Cpus = 1
	Disk = 2837
	GPUs = 0
	Memory = 1100
...
006 (842537.006.000) 2026-03-14 10:57:38 Image size of job updated: 23592
	23  -  MemoryUsage of job (MB)
	22756  -  ResidentSetSize of job (KB)
...
006 (842537.006.000) 2026-03-14 11:02:39 Image size of job updated: 162052
	159  -  MemoryUsage of job (MB)
	162052  -  ResidentSetSize of job (KB)
...
006 (842537.006.000) 2026-03-14 11:07:40 Image size of job updated: 165916
	163  -  MemoryUsage of job (MB)
	165916  -  ResidentSetSize of job (KB)
...
006 (842537.006.000) 2026-03-14 11:12:40 Image size of job updated: 166000
	163  -  MemoryUsage of job (MB)
	166000  -  ResidentSetSize of job (KB)
...
006 (842537.006.000) 2026-03-14 11:17:41 Image size of job updated: 166072
	163  -  MemoryUsage of job (MB)
	166072  -  ResidentSetSize of job (KB)
...
006 (842537.006.000) 2026-03-14 12:57:50 Image size of job updated: 167280
	164  -  MemoryUsage of job (MB)
	167280  -  ResidentSetSize of job (KB)
...
006 (842537.006.000) 2026-03-14 13:02:51 Image size of job updated: 169908
	166  -  MemoryUsage of job (MB)
	169908  -  ResidentSetSize of job (KB)
...
040 (842537.006.000) 2026-03-14 13:15:54 Started transferring output files
...
040 (842537.006.000) 2026-03-14 13:15:54 Finished transferring output files
...
005 (842537.006.000) 2026-03-14 13:15:54 Job terminated.
	(1) Normal termination (return value 0)
		Usr 0 01:48:26, Sys 0 00:13:45  -  Run Remote Usage
		Usr 0 00:00:00, Sys 0 00:00:00  -  Run Local Usage
		Usr 0 01:48:26, Sys 0 00:13:45  -  Total Remote Usage
		Usr 0 00:00:00, Sys 0 00:00:00  -  Total Local Usage
	116325  -  Run Bytes Sent By Job
	843  -  Run Bytes Received By Job
	116325  -  Total Bytes Sent By Job
	843  -  Total Bytes Received By Job
	Partitionable Resources :    Usage  Request Allocated 
	   Cpus                 :     0.93        1         1 
	   Disk (KB)            :   175           1      2837 
	   GPUs                 :                           0 
	   Memory (MB)          :   166        1024      1100 
	   TimeExecute (s)      :  8305                       
	   TimeSlotBusy (s)     :  8306                       

	Job terminated of its own accord at 2026-03-14T04:15:54Z with exit-code 0.
...
000 (845917.006.000) 2026-03-16 11:09:37 Job submitted from host: <155.230.23.72:9618?addrs=155.230.23.72-9618+[2407-c000-c024-0-20c-29ff-fe6a-c74b]-9618&alias=cms02.knu.ac.kr&noUDP&sock=schedd_1497_655d>
...
040 (845917.006.000) 2026-03-16 11:09:41 Started transferring input files
	Transferring to host: <155.230.21.80:9618?addrs=155.230.21.80-9618+[2407-c000-c025--21-80]-9618&alias=cluster280.knu.ac.kr&noUDP&sock=slot1_11_1740_bcc0_3164>
...
040 (845917.006.000) 2026-03-16 11:09:41 Finished transferring input files
...
001 (845917.006.000) 2026-03-16 11:09:42 Job executing on host: <155.230.21.80:9618?addrs=155.230.21.80-9618+[2407-c000-c025--21-80]-9618&alias=cluster280.knu.ac.kr&noUDP&sock=startd_1255_6772>
	SlotName: slot1_11@cluster280.knu.ac.kr
	CondorScratchDir = "/home/condor/dir_702721"
	Cpus = 1
	Disk = 2821
	GPUs = 0
	Memory = 1100
...
006 (845917.006.000) 2026-03-16 11:09:51 Image size of job updated: 97280
	95  -  MemoryUsage of job (MB)
	97280  -  ResidentSetSize of job (KB)
...
006 (845917.006.000) 2026-03-16 11:14:52 Image size of job updated: 163692
	160  -  MemoryUsage of job (MB)
	163692  -  ResidentSetSize of job (KB)
...
006 (845917.006.000) 2026-03-16 11:19:52 Image size of job updated: 167000
	164  -  MemoryUsage of job (MB)
	167000  -  ResidentSetSize of job (KB)
...
006 (845917.006.000) 2026-03-16 11:24:52 Image size of job updated: 167736
	164  -  MemoryUsage of job (MB)
	167736  -  ResidentSetSize of job (KB)
...
006 (845917.006.000) 2026-03-16 11:29:53 Image size of job updated: 168836
	165  -  MemoryUsage of job (MB)
	168836  -  ResidentSetSize of job (KB)
...
006 (845917.006.000) 2026-03-16 11:34:53 Image size of job updated: 168928
	165  -  MemoryUsage of job (MB)
	168928  -  ResidentSetSize of job (KB)
...
006 (845917.006.000) 2026-03-16 11:39:53 Image size of job updated: 168964
	166  -  MemoryUsage of job (MB)
	168964  -  ResidentSetSize of job (KB)
...
006 (845917.006.000) 2026-03-16 11:49:54 Image size of job updated: 171552
	168  -  MemoryUsage of job (MB)
	171552  -  ResidentSetSize of job (KB)
...
040 (845917.006.000) 2026-03-16 13:52:04 Started transferring output files
...
040 (845917.006.000) 2026-03-16 13:52:04 Finished transferring output files
...
005 (845917.006.000) 2026-03-16 13:52:04 Job terminated.
	(1) Normal termination (return value 0)
		Usr 0 02:07:07, Sys 0 00:14:04  -  Run Remote Usage
		Usr 0 00:00:00, Sys 0 00:00:00  -  Run Local Usage
		Usr 0 02:07:07, Sys 0 00:14:04  -  Total Remote Usage
		Usr 0 00:00:00, Sys 0 00:00:00  -  Total Local Usage
	116794  -  Run Bytes Sent By Job
	843  -  Run Bytes Received By Job
	116794  -  Total Bytes Sent By Job
	843  -  Total Bytes Received By Job
	Partitionable Resources :    Usage  Request Allocated 
	   Cpus                 :     0.85        1         1 
	   Disk (KB)            :   136           1      2821 
	   GPUs                 :                           0 
	   Memory (MB)          :   168        1024      1100 
	   TimeExecute (s)      :  9742                       
	   TimeSlotBusy (s)     :  9743                       

	Job terminated of its own accord at 2026-03-16T04:52:04Z with exit-code 0.
...
