000 (842537.009.000) 2026-03-14 10:57:16 Job submitted from host: <155.230.23.72:9618?addrs=155.230.23.72-9618+[2407-c000-c024-0-20c-29ff-fe6a-c74b]-9618&alias=cms02.knu.ac.kr&noUDP&sock=schedd_1497_655d>
...
040 (842537.009.000) 2026-03-14 10:57:21 Started transferring input files
	Transferring to host: <155.230.21.106:9618?addrs=155.230.21.106-9618+[2407-c000-c025--21-106]-9618&alias=cluster306.knu.ac.kr&noUDP&sock=slot1_2_1861_fe25_3210>
...
040 (842537.009.000) 2026-03-14 10:57:21 Finished transferring input files
...
001 (842537.009.000) 2026-03-14 10:57:22 Job executing on host: <155.230.21.106:9618?addrs=155.230.21.106-9618+[2407-c000-c025--21-106]-9618&alias=cluster306.knu.ac.kr&noUDP&sock=startd_1495_062d>
	SlotName: slot1_2@cluster306.knu.ac.kr
	CondorScratchDir = "/home/condor/dir_2802577"
	Cpus = 1
	Disk = 2833
	GPUs = 0
	Memory = 1100
...
006 (842537.009.000) 2026-03-14 10:57:31 Image size of job updated: 97396
	96  -  MemoryUsage of job (MB)
	97396  -  ResidentSetSize of job (KB)
...
006 (842537.009.000) 2026-03-14 11:02:32 Image size of job updated: 168192
	165  -  MemoryUsage of job (MB)
	168192  -  ResidentSetSize of job (KB)
...
006 (842537.009.000) 2026-03-14 11:07:33 Image size of job updated: 168368
	165  -  MemoryUsage of job (MB)
	168368  -  ResidentSetSize of job (KB)
...
006 (842537.009.000) 2026-03-14 11:12:33 Image size of job updated: 168380
	165  -  MemoryUsage of job (MB)
	168380  -  ResidentSetSize of job (KB)
...
006 (842537.009.000) 2026-03-14 12:37:42 Image size of job updated: 169720
	166  -  MemoryUsage of job (MB)
	169720  -  ResidentSetSize of job (KB)
...
006 (842537.009.000) 2026-03-14 13:07:44 Image size of job updated: 169916
	166  -  MemoryUsage of job (MB)
	169916  -  ResidentSetSize of job (KB)
...
006 (842537.009.000) 2026-03-14 13:08:22 Image size of job updated: 179796
	166  -  MemoryUsage of job (MB)
	169916  -  ResidentSetSize of job (KB)
...
040 (842537.009.000) 2026-03-14 13:08:22 Started transferring output files
...
040 (842537.009.000) 2026-03-14 13:08:22 Finished transferring output files
...
005 (842537.009.000) 2026-03-14 13:08:22 Job terminated.
	(1) Normal termination (return value 0)
		Usr 0 01:48:06, Sys 0 00:13:14  -  Run Remote Usage
		Usr 0 00:00:00, Sys 0 00:00:00  -  Run Local Usage
		Usr 0 01:48:06, Sys 0 00:13:14  -  Total Remote Usage
		Usr 0 00:00:00, Sys 0 00:00:00  -  Total Local Usage
	111190  -  Run Bytes Sent By Job
	843  -  Run Bytes Received By Job
	111190  -  Total Bytes Sent By Job
	843  -  Total Bytes Received By Job
	Partitionable Resources :    Usage  Request Allocated 
	   Cpus                 :     0.96        1         1 
	   Disk (KB)            :   170           1      2833 
	   GPUs                 :                           0 
	   Memory (MB)          :   166        1024      1100 
	   TimeExecute (s)      :  7860                       
	   TimeSlotBusy (s)     :  7861                       

	Job terminated of its own accord at 2026-03-14T04:08:22Z with exit-code 0.
...
000 (845917.009.000) 2026-03-16 11:09:37 Job submitted from host: <155.230.23.72:9618?addrs=155.230.23.72-9618+[2407-c000-c024-0-20c-29ff-fe6a-c74b]-9618&alias=cms02.knu.ac.kr&noUDP&sock=schedd_1497_655d>
...
040 (845917.009.000) 2026-03-16 11:09:43 Started transferring input files
	Transferring to host: <155.230.21.106:9618?addrs=155.230.21.106-9618+[2407-c000-c025--21-106]-9618&alias=cluster306.knu.ac.kr&noUDP&sock=slot1_9_1861_fe25_3718>
...
040 (845917.009.000) 2026-03-16 11:09:43 Finished transferring input files
...
001 (845917.009.000) 2026-03-16 11:09:44 Job executing on host: <155.230.21.106:9618?addrs=155.230.21.106-9618+[2407-c000-c025--21-106]-9618&alias=cluster306.knu.ac.kr&noUDP&sock=startd_1495_062d>
	SlotName: slot1_9@cluster306.knu.ac.kr
	CondorScratchDir = "/home/condor/dir_3879811"
	Cpus = 1
	Disk = 2833
	GPUs = 0
	Memory = 1100
...
006 (845917.009.000) 2026-03-16 11:09:52 Image size of job updated: 90364
	89  -  MemoryUsage of job (MB)
	90364  -  ResidentSetSize of job (KB)
...
006 (845917.009.000) 2026-03-16 11:14:52 Image size of job updated: 165016
	162  -  MemoryUsage of job (MB)
	165016  -  ResidentSetSize of job (KB)
...
006 (845917.009.000) 2026-03-16 11:19:53 Image size of job updated: 167844
	164  -  MemoryUsage of job (MB)
	167844  -  ResidentSetSize of job (KB)
...
006 (845917.009.000) 2026-03-16 11:24:53 Image size of job updated: 168396
	165  -  MemoryUsage of job (MB)
	168396  -  ResidentSetSize of job (KB)
...
006 (845917.009.000) 2026-03-16 11:29:53 Image size of job updated: 168516
	165  -  MemoryUsage of job (MB)
	168516  -  ResidentSetSize of job (KB)
...
006 (845917.009.000) 2026-03-16 11:34:54 Image size of job updated: 168536
	165  -  MemoryUsage of job (MB)
	168536  -  ResidentSetSize of job (KB)
...
006 (845917.009.000) 2026-03-16 11:44:55 Image size of job updated: 168736
	165  -  MemoryUsage of job (MB)
	168736  -  ResidentSetSize of job (KB)
...
006 (845917.009.000) 2026-03-16 11:49:56 Image size of job updated: 171116
	168  -  MemoryUsage of job (MB)
	171116  -  ResidentSetSize of job (KB)
...
006 (845917.009.000) 2026-03-16 13:15:04 Image size of job updated: 177544
	174  -  MemoryUsage of job (MB)
	177544  -  ResidentSetSize of job (KB)
...
040 (845917.009.000) 2026-03-16 13:41:03 Started transferring output files
...
040 (845917.009.000) 2026-03-16 13:41:03 Finished transferring output files
...
005 (845917.009.000) 2026-03-16 13:41:03 Job terminated.
	(1) Normal termination (return value 0)
		Usr 0 01:52:36, Sys 0 00:14:11  -  Run Remote Usage
		Usr 0 00:00:00, Sys 0 00:00:00  -  Run Local Usage
		Usr 0 01:52:36, Sys 0 00:14:11  -  Total Remote Usage
		Usr 0 00:00:00, Sys 0 00:00:00  -  Total Local Usage
	111756  -  Run Bytes Sent By Job
	843  -  Run Bytes Received By Job
	111756  -  Total Bytes Sent By Job
	843  -  Total Bytes Received By Job
	Partitionable Resources :    Usage  Request Allocated 
	   Cpus                 :     0.97        1         1 
	   Disk (KB)            :   131           1      2833 
	   GPUs                 :                           0 
	   Memory (MB)          :   174        1024      1100 
	   TimeExecute (s)      :  9079                       
	   TimeSlotBusy (s)     :  9080                       

	Job terminated of its own accord at 2026-03-16T04:41:03Z with exit-code 0.
...
