000 (842537.010.000) 2026-03-14 10:57:16 Job submitted from host: <155.230.23.72:9618?addrs=155.230.23.72-9618+[2407-c000-c024-0-20c-29ff-fe6a-c74b]-9618&alias=cms02.knu.ac.kr&noUDP&sock=schedd_1497_655d>
...
040 (842537.010.000) 2026-03-14 10:57:22 Started transferring input files
	Transferring to host: <155.230.21.74:9618?addrs=155.230.21.74-9618+[2407-c000-c025--21-74]-9618&alias=cluster274.knu.ac.kr&noUDP&sock=slot1_3_1519_05d7_1325>
...
040 (842537.010.000) 2026-03-14 10:57:22 Finished transferring input files
...
001 (842537.010.000) 2026-03-14 10:57:23 Job executing on host: <155.230.21.74:9618?addrs=155.230.21.74-9618+[2407-c000-c025--21-74]-9618&alias=cluster274.knu.ac.kr&noUDP&sock=startd_1101_c5dc>
	SlotName: slot1_3@cluster274.knu.ac.kr
	CondorScratchDir = "/home/condor/dir_2209541"
	Cpus = 1
	Disk = 2830
	GPUs = 0
	Memory = 1100
...
006 (842537.010.000) 2026-03-14 10:57:32 Image size of job updated: 98516
	97  -  MemoryUsage of job (MB)
	98516  -  ResidentSetSize of job (KB)
...
006 (842537.010.000) 2026-03-14 11:02:33 Image size of job updated: 170496
	167  -  MemoryUsage of job (MB)
	170496  -  ResidentSetSize of job (KB)
...
006 (842537.010.000) 2026-03-14 11:42:36 Image size of job updated: 170684
	167  -  MemoryUsage of job (MB)
	170684  -  ResidentSetSize of job (KB)
...
040 (842537.010.000) 2026-03-16 01:52:17 Started transferring output files
...
040 (842537.010.000) 2026-03-16 01:52:17 Finished transferring output files
...
005 (842537.010.000) 2026-03-16 01:52:17 Job terminated.
	(1) Normal termination (return value 0)
		Usr 0 01:48:26, Sys 0 00:18:03  -  Run Remote Usage
		Usr 0 00:00:00, Sys 0 00:00:00  -  Run Local Usage
		Usr 0 01:48:26, Sys 0 00:18:03  -  Total Remote Usage
		Usr 0 00:00:00, Sys 0 00:00:00  -  Total Local Usage
	119367  -  Run Bytes Sent By Job
	843  -  Run Bytes Received By Job
	119367  -  Total Bytes Sent By Job
	843  -  Total Bytes Received By Job
	Partitionable Resources :     Usage  Request Allocated 
	   Cpus                 :      0.21        1         1 
	   Disk (KB)            :    177           1      2830 
	   GPUs                 :                            0 
	   Memory (MB)          :    167        1024      1100 
	   TimeExecute (s)      : 140093                       
	   TimeSlotBusy (s)     : 140095                       

	Job terminated of its own accord at 2026-03-15T16:52:16Z with exit-code 0.
...
000 (845917.010.000) 2026-03-16 11:09:37 Job submitted from host: <155.230.23.72:9618?addrs=155.230.23.72-9618+[2407-c000-c024-0-20c-29ff-fe6a-c74b]-9618&alias=cms02.knu.ac.kr&noUDP&sock=schedd_1497_655d>
...
040 (845917.010.000) 2026-03-16 11:09:43 Started transferring input files
	Transferring to host: <155.230.21.141:9618?addrs=155.230.21.141-9618+[2407-c000-c025--21-141]-9618&alias=cluster341.knu.ac.kr&noUDP&sock=slot1_8_2594_7523_3718>
...
040 (845917.010.000) 2026-03-16 11:09:43 Finished transferring input files
...
001 (845917.010.000) 2026-03-16 11:09:44 Job executing on host: <155.230.21.141:9618?addrs=155.230.21.141-9618+[2407-c000-c025--21-141]-9618&alias=cluster341.knu.ac.kr&noUDP&sock=startd_2129_e538>
	SlotName: slot1_8@cluster341.knu.ac.kr
	CondorScratchDir = "/home/condor/dir_109400"
	Cpus = 1
	Disk = 2757
	GPUs = 0
	Memory = 1100
...
006 (845917.010.000) 2026-03-16 11:09:52 Image size of job updated: 98672
	97  -  MemoryUsage of job (MB)
	98672  -  ResidentSetSize of job (KB)
...
006 (845917.010.000) 2026-03-16 11:14:52 Image size of job updated: 166912
	163  -  MemoryUsage of job (MB)
	166912  -  ResidentSetSize of job (KB)
...
006 (845917.010.000) 2026-03-16 11:19:53 Image size of job updated: 168296
	165  -  MemoryUsage of job (MB)
	168296  -  ResidentSetSize of job (KB)
...
006 (845917.010.000) 2026-03-16 11:24:53 Image size of job updated: 168308
	165  -  MemoryUsage of job (MB)
	168308  -  ResidentSetSize of job (KB)
...
006 (845917.010.000) 2026-03-16 11:29:53 Image size of job updated: 168312
	165  -  MemoryUsage of job (MB)
	168312  -  ResidentSetSize of job (KB)
...
006 (845917.010.000) 2026-03-16 12:04:57 Image size of job updated: 168512
	165  -  MemoryUsage of job (MB)
	168512  -  ResidentSetSize of job (KB)
...
006 (845917.010.000) 2026-03-16 12:09:58 Image size of job updated: 170892
	167  -  MemoryUsage of job (MB)
	170892  -  ResidentSetSize of job (KB)
...
040 (845917.010.000) 2026-03-16 13:34:21 Started transferring output files
...
040 (845917.010.000) 2026-03-16 13:34:21 Finished transferring output files
...
005 (845917.010.000) 2026-03-16 13:34:21 Job terminated.
	(1) Normal termination (return value 0)
		Usr 0 01:45:03, Sys 0 00:15:11  -  Run Remote Usage
		Usr 0 00:00:00, Sys 0 00:00:00  -  Run Local Usage
		Usr 0 01:45:03, Sys 0 00:15:11  -  Total Remote Usage
		Usr 0 00:00:00, Sys 0 00:00:00  -  Total Local Usage
	116728  -  Run Bytes Sent By Job
	843  -  Run Bytes Received By Job
	116728  -  Total Bytes Sent By Job
	843  -  Total Bytes Received By Job
	Partitionable Resources :    Usage  Request Allocated 
	   Cpus                 :     0.79        1         1 
	   Disk (KB)            :   136           1      2757 
	   GPUs                 :                           0 
	   Memory (MB)          :   167        1024      1100 
	   TimeExecute (s)      :  8677                       
	   TimeSlotBusy (s)     :  8678                       

	Job terminated of its own accord at 2026-03-16T04:34:21Z with exit-code 0.
...
