000 (842537.025.000) 2026-03-14 10:57:16 Job submitted from host: <155.230.23.72:9618?addrs=155.230.23.72-9618+[2407-c000-c024-0-20c-29ff-fe6a-c74b]-9618&alias=cms02.knu.ac.kr&noUDP&sock=schedd_1497_655d>
...
040 (842537.025.000) 2026-03-14 10:57:27 Started transferring input files
	Transferring to host: <155.230.21.75:9618?addrs=155.230.21.75-9618+[2407-c000-c025--21-75]-9618&alias=cluster275.knu.ac.kr&noUDP&sock=slot1_1_1504_7436_6682>
...
040 (842537.025.000) 2026-03-14 10:57:27 Finished transferring input files
...
001 (842537.025.000) 2026-03-14 10:57:28 Job executing on host: <155.230.21.75:9618?addrs=155.230.21.75-9618+[2407-c000-c025--21-75]-9618&alias=cluster275.knu.ac.kr&noUDP&sock=startd_1094_f8b2>
	SlotName: slot1_1@cluster275.knu.ac.kr
	CondorScratchDir = "/home/condor/dir_1776521"
	Cpus = 1
	Disk = 2841
	GPUs = 0
	Memory = 1100
...
006 (842537.025.000) 2026-03-14 10:57:37 Image size of job updated: 97460
	96  -  MemoryUsage of job (MB)
	97460  -  ResidentSetSize of job (KB)
...
006 (842537.025.000) 2026-03-14 11:02:38 Image size of job updated: 151944
	149  -  MemoryUsage of job (MB)
	151944  -  ResidentSetSize of job (KB)
...
006 (842537.025.000) 2026-03-14 11:07:38 Image size of job updated: 169720
	166  -  MemoryUsage of job (MB)
	169720  -  ResidentSetSize of job (KB)
...
006 (842537.025.000) 2026-03-14 11:12:38 Image size of job updated: 170188
	167  -  MemoryUsage of job (MB)
	170188  -  ResidentSetSize of job (KB)
...
006 (842537.025.000) 2026-03-14 11:22:39 Image size of job updated: 170400
	167  -  MemoryUsage of job (MB)
	170400  -  ResidentSetSize of job (KB)
...
004 (842537.025.000) 2026-03-16 11:09:10 Job was evicted.
	(0) CPU times
		Usr 0 00:28:17, Sys 0 00:05:22  -  Run Remote Usage
		Usr 0 00:00:00, Sys 0 00:00:00  -  Run Local Usage
	0  -  Run Bytes Sent By Job
	843  -  Run Bytes Received By Job
	Partitionable Resources :    Usage  Request Allocated 
	   Cpus                 :        0        1         1 
	   Disk (KB)            :      113        1      2841 
	   GPUs                 :                           0 
	   Memory (MB)          :      167     1024      1100 
	   TimeExecute (s)      :   173502                    
	   TimeSlotBusy (s)     :   173503                    
...
009 (842537.025.000) 2026-03-16 11:09:10 Job was aborted.
	via condor_rm (by user dwkim)
...
000 (845917.025.000) 2026-03-16 11:09:37 Job submitted from host: <155.230.23.72:9618?addrs=155.230.23.72-9618+[2407-c000-c024-0-20c-29ff-fe6a-c74b]-9618&alias=cms02.knu.ac.kr&noUDP&sock=schedd_1497_655d>
...
040 (845917.025.000) 2026-03-16 11:09:40 Started transferring input files
	Transferring to host: <155.230.21.114:9618?addrs=155.230.21.114-9618+[2407-c000-c025--21-114]-9618&alias=cluster314.knu.ac.kr&noUDP&sock=slot1_2_2241_bcb4_2917>
...
040 (845917.025.000) 2026-03-16 11:09:40 Finished transferring input files
...
001 (845917.025.000) 2026-03-16 11:09:41 Job executing on host: <155.230.21.114:9618?addrs=155.230.21.114-9618+[2407-c000-c025--21-114]-9618&alias=cluster314.knu.ac.kr&noUDP&sock=startd_1682_4a63>
	SlotName: slot1_2@cluster314.knu.ac.kr
	CondorScratchDir = "/home/condor/dir_3909918"
	Cpus = 1
	Disk = 2754
	GPUs = 0
	Memory = 1100
...
006 (845917.025.000) 2026-03-16 11:09:50 Image size of job updated: 97620
	96  -  MemoryUsage of job (MB)
	97620  -  ResidentSetSize of job (KB)
...
006 (845917.025.000) 2026-03-16 11:14:51 Image size of job updated: 149460
	146  -  MemoryUsage of job (MB)
	149460  -  ResidentSetSize of job (KB)
...
006 (845917.025.000) 2026-03-16 11:19:51 Image size of job updated: 164008
	161  -  MemoryUsage of job (MB)
	164008  -  ResidentSetSize of job (KB)
...
006 (845917.025.000) 2026-03-16 11:24:51 Image size of job updated: 166952
	164  -  MemoryUsage of job (MB)
	166952  -  ResidentSetSize of job (KB)
...
006 (845917.025.000) 2026-03-16 11:29:53 Image size of job updated: 167492
	164  -  MemoryUsage of job (MB)
	167492  -  ResidentSetSize of job (KB)
...
006 (845917.025.000) 2026-03-16 11:34:53 Image size of job updated: 167772
	164  -  MemoryUsage of job (MB)
	167772  -  ResidentSetSize of job (KB)
...
006 (845917.025.000) 2026-03-16 11:44:54 Image size of job updated: 167828
	164  -  MemoryUsage of job (MB)
	167828  -  ResidentSetSize of job (KB)
...
006 (845917.025.000) 2026-03-16 11:49:55 Image size of job updated: 167840
	164  -  MemoryUsage of job (MB)
	167840  -  ResidentSetSize of job (KB)
...
006 (845917.025.000) 2026-03-16 11:54:55 Image size of job updated: 170476
	167  -  MemoryUsage of job (MB)
	170476  -  ResidentSetSize of job (KB)
...
006 (845917.025.000) 2026-03-16 13:15:03 Image size of job updated: 170824
	167  -  MemoryUsage of job (MB)
	170824  -  ResidentSetSize of job (KB)
...
040 (845917.025.000) 2026-03-16 13:26:41 Started transferring output files
...
040 (845917.025.000) 2026-03-16 13:26:41 Finished transferring output files
...
005 (845917.025.000) 2026-03-16 13:26:41 Job terminated.
	(1) Normal termination (return value 0)
		Usr 0 01:58:42, Sys 0 00:10:37  -  Run Remote Usage
		Usr 0 00:00:00, Sys 0 00:00:00  -  Run Local Usage
		Usr 0 01:58:42, Sys 0 00:10:37  -  Total Remote Usage
		Usr 0 00:00:00, Sys 0 00:00:00  -  Total Local Usage
	95522  -  Run Bytes Sent By Job
	843  -  Run Bytes Received By Job
	95522  -  Total Bytes Sent By Job
	843  -  Total Bytes Received By Job
	Partitionable Resources :    Usage  Request Allocated 
	   Cpus                 :     0.95        1         1 
	   Disk (KB)            :   116           1      2754 
	   GPUs                 :                           0 
	   Memory (MB)          :   167        1024      1100 
	   TimeExecute (s)      :  8220                       
	   TimeSlotBusy (s)     :  8221                       

	Job terminated of its own accord at 2026-03-16T04:26:41Z with exit-code 0.
...
