000 (842540.010.000) 2026-03-14 10:57:16 Job submitted from host: <155.230.23.72:9618?addrs=155.230.23.72-9618+[2407-c000-c024-0-20c-29ff-fe6a-c74b]-9618&alias=cms02.knu.ac.kr&noUDP&sock=schedd_1497_655d>
...
040 (842540.010.000) 2026-03-14 10:57:50 Started transferring input files
	Transferring to host: <155.230.21.91:9618?addrs=155.230.21.91-9618+[2407-c000-c025--21-91]-9618&alias=cluster291.knu.ac.kr&noUDP&sock=slot1_2_1826_5503_2370>
...
040 (842540.010.000) 2026-03-14 10:57:50 Finished transferring input files
...
001 (842540.010.000) 2026-03-14 10:57:51 Job executing on host: <155.230.21.91:9618?addrs=155.230.21.91-9618+[2407-c000-c025--21-91]-9618&alias=cluster291.knu.ac.kr&noUDP&sock=startd_1327_ca44>
	SlotName: slot1_2@cluster291.knu.ac.kr
	CondorScratchDir = "/home/condor/dir_2742623"
	Cpus = 1
	Disk = 2831
	GPUs = 0
	Memory = 1100
...
006 (842540.010.000) 2026-03-14 10:57:59 Image size of job updated: 96616
	95  -  MemoryUsage of job (MB)
	96616  -  ResidentSetSize of job (KB)
...
006 (842540.010.000) 2026-03-14 11:02:59 Image size of job updated: 181084
	177  -  MemoryUsage of job (MB)
	181084  -  ResidentSetSize of job (KB)
...
040 (842540.010.000) 2026-03-14 11:03:04 Started transferring output files
...
040 (842540.010.000) 2026-03-14 11:03:04 Finished transferring output files
...
005 (842540.010.000) 2026-03-14 11:03:04 Job terminated.
	(1) Normal termination (return value 0)
		Usr 0 00:03:54, Sys 0 00:00:33  -  Run Remote Usage
		Usr 0 00:00:00, Sys 0 00:00:00  -  Run Local Usage
		Usr 0 00:03:54, Sys 0 00:00:33  -  Total Remote Usage
		Usr 0 00:00:00, Sys 0 00:00:00  -  Total Local Usage
	9389  -  Run Bytes Sent By Job
	868  -  Run Bytes Received By Job
	9389  -  Total Bytes Sent By Job
	868  -  Total Bytes Received By Job
	Partitionable Resources :    Usage  Request Allocated 
	   Cpus                 :     0.93        1         1 
	   Disk (KB)            :    70           1      2831 
	   GPUs                 :                           0 
	   Memory (MB)          :   177        1024      1100 
	   TimeExecute (s)      :   313                       
	   TimeSlotBusy (s)     :   314                       

	Job terminated of its own accord at 2026-03-14T02:03:04Z with exit-code 0.
...
000 (845919.010.000) 2026-03-16 11:09:37 Job submitted from host: <155.230.23.72:9618?addrs=155.230.23.72-9618+[2407-c000-c024-0-20c-29ff-fe6a-c74b]-9618&alias=cms02.knu.ac.kr&noUDP&sock=schedd_1497_655d>
...
040 (845919.010.000) 2026-03-16 11:11:03 Started transferring input files
	Transferring to host: <155.230.21.97:9618?addrs=155.230.21.97-9618+[2407-c000-c025--21-97]-9618&alias=cluster297.knu.ac.kr&noUDP&sock=slot1_9_1830_2683_2154>
...
040 (845919.010.000) 2026-03-16 11:11:03 Finished transferring input files
...
001 (845919.010.000) 2026-03-16 11:11:04 Job executing on host: <155.230.21.97:9618?addrs=155.230.21.97-9618+[2407-c000-c025--21-97]-9618&alias=cluster297.knu.ac.kr&noUDP&sock=startd_1246_3b18>
	SlotName: slot1_9@cluster297.knu.ac.kr
	CondorScratchDir = "/home/condor/dir_3059762"
	Cpus = 1
	Disk = 2048
	GPUs = 0
	Memory = 1100
...
006 (845919.010.000) 2026-03-16 11:11:13 Image size of job updated: 96764
	95  -  MemoryUsage of job (MB)
	96764  -  ResidentSetSize of job (KB)
...
006 (845919.010.000) 2026-03-16 11:16:14 Image size of job updated: 179900
	176  -  MemoryUsage of job (MB)
	179900  -  ResidentSetSize of job (KB)
...
006 (845919.010.000) 2026-03-16 11:20:07 Image size of job updated: 181452
	176  -  MemoryUsage of job (MB)
	179900  -  ResidentSetSize of job (KB)
...
040 (845919.010.000) 2026-03-16 11:20:07 Started transferring output files
...
040 (845919.010.000) 2026-03-16 11:20:07 Finished transferring output files
...
005 (845919.010.000) 2026-03-16 11:20:07 Job terminated.
	(1) Normal termination (return value 0)
		Usr 0 00:08:04, Sys 0 00:00:33  -  Run Remote Usage
		Usr 0 00:00:00, Sys 0 00:00:00  -  Run Local Usage
		Usr 0 00:08:04, Sys 0 00:00:33  -  Total Remote Usage
		Usr 0 00:00:00, Sys 0 00:00:00  -  Total Local Usage
	9419  -  Run Bytes Sent By Job
	868  -  Run Bytes Received By Job
	9419  -  Total Bytes Sent By Job
	868  -  Total Bytes Received By Job
	Partitionable Resources :    Usage  Request Allocated 
	   Cpus                 :     0.92        1         1 
	   Disk (KB)            :    31           1      2048 
	   GPUs                 :                           0 
	   Memory (MB)          :   176        1024      1100 
	   TimeExecute (s)      :   543                       
	   TimeSlotBusy (s)     :   544                       

	Job terminated of its own accord at 2026-03-16T02:20:07Z with exit-code 0.
...
