000 (842540.006.000) 2026-03-14 10:57:16 Job submitted from host: <155.230.23.72:9618?addrs=155.230.23.72-9618+[2407-c000-c024-0-20c-29ff-fe6a-c74b]-9618&alias=cms02.knu.ac.kr&noUDP&sock=schedd_1497_655d>
...
040 (842540.006.000) 2026-03-14 10:57:48 Started transferring input files
	Transferring to host: <155.230.21.112:9618?addrs=155.230.21.112-9618+[2407-c000-c025--21-112]-9618&alias=cluster312.knu.ac.kr&noUDP&sock=slot1_3_1717_881f_2681>
...
040 (842540.006.000) 2026-03-14 10:57:48 Finished transferring input files
...
001 (842540.006.000) 2026-03-14 10:57:49 Job executing on host: <155.230.21.112:9618?addrs=155.230.21.112-9618+[2407-c000-c025--21-112]-9618&alias=cluster312.knu.ac.kr&noUDP&sock=startd_1274_6fbf>
	SlotName: slot1_3@cluster312.knu.ac.kr
	CondorScratchDir = "/home/condor/dir_1859055"
	Cpus = 1
	Disk = 2838
	GPUs = 0
	Memory = 1100
...
006 (842540.006.000) 2026-03-14 10:57:58 Image size of job updated: 95236
	94  -  MemoryUsage of job (MB)
	95236  -  ResidentSetSize of job (KB)
...
006 (842540.006.000) 2026-03-14 11:02:59 Image size of job updated: 180712
	177  -  MemoryUsage of job (MB)
	180712  -  ResidentSetSize of job (KB)
...
006 (842540.006.000) 2026-03-14 11:07:59 Image size of job updated: 181900
	178  -  MemoryUsage of job (MB)
	181900  -  ResidentSetSize of job (KB)
...
006 (842540.006.000) 2026-03-14 11:13:00 Image size of job updated: 183316
	180  -  MemoryUsage of job (MB)
	183316  -  ResidentSetSize of job (KB)
...
006 (842540.006.000) 2026-03-14 11:18:01 Image size of job updated: 184488
	181  -  MemoryUsage of job (MB)
	184488  -  ResidentSetSize of job (KB)
...
040 (842540.006.000) 2026-03-14 11:49:55 Started transferring output files
...
040 (842540.006.000) 2026-03-14 11:49:55 Finished transferring output files
...
005 (842540.006.000) 2026-03-14 11:49:55 Job terminated.
	(1) Normal termination (return value 0)
		Usr 0 00:39:36, Sys 0 00:05:07  -  Run Remote Usage
		Usr 0 00:00:00, Sys 0 00:00:00  -  Run Local Usage
		Usr 0 00:39:36, Sys 0 00:05:07  -  Total Remote Usage
		Usr 0 00:00:00, Sys 0 00:00:00  -  Total Local Usage
	76154  -  Run Bytes Sent By Job
	868  -  Run Bytes Received By Job
	76154  -  Total Bytes Sent By Job
	868  -  Total Bytes Received By Job
	Partitionable Resources :    Usage  Request Allocated 
	   Cpus                 :     0.91        1         1 
	   Disk (KB)            :   135           1      2838 
	   GPUs                 :                           0 
	   Memory (MB)          :   181        1024      1100 
	   TimeExecute (s)      :  3126                       
	   TimeSlotBusy (s)     :  3127                       

	Job terminated of its own accord at 2026-03-14T02:49:55Z with exit-code 0.
...
000 (845919.006.000) 2026-03-16 11:09:37 Job submitted from host: <155.230.23.72:9618?addrs=155.230.23.72-9618+[2407-c000-c024-0-20c-29ff-fe6a-c74b]-9618&alias=cms02.knu.ac.kr&noUDP&sock=schedd_1497_655d>
...
040 (845919.006.000) 2026-03-16 11:10:22 Started transferring input files
	Transferring to host: <155.230.21.71:9618?addrs=155.230.21.71-9618+[2407-c000-c025--21-71]-9618&alias=cluster271.knu.ac.kr&noUDP&sock=slot1_14_2586400_86d0_4094>
...
040 (845919.006.000) 2026-03-16 11:10:22 Finished transferring input files
...
001 (845919.006.000) 2026-03-16 11:10:23 Job executing on host: <155.230.21.71:9618?addrs=155.230.21.71-9618+[2407-c000-c025--21-71]-9618&alias=cluster271.knu.ac.kr&noUDP&sock=startd_1160_3df3>
	SlotName: slot1_14@cluster271.knu.ac.kr
	CondorScratchDir = "/home/condor/dir_796519"
	Cpus = 1
	Disk = 2840
	GPUs = 0
	Memory = 1100
...
006 (845919.006.000) 2026-03-16 11:10:32 Image size of job updated: 95380
	94  -  MemoryUsage of job (MB)
	95380  -  ResidentSetSize of job (KB)
...
006 (845919.006.000) 2026-03-16 11:15:33 Image size of job updated: 157180
	154  -  MemoryUsage of job (MB)
	157180  -  ResidentSetSize of job (KB)
...
006 (845919.006.000) 2026-03-16 11:20:33 Image size of job updated: 180196
	176  -  MemoryUsage of job (MB)
	180196  -  ResidentSetSize of job (KB)
...
006 (845919.006.000) 2026-03-16 11:25:33 Image size of job updated: 181124
	177  -  MemoryUsage of job (MB)
	181124  -  ResidentSetSize of job (KB)
...
006 (845919.006.000) 2026-03-16 11:30:34 Image size of job updated: 181140
	177  -  MemoryUsage of job (MB)
	181140  -  ResidentSetSize of job (KB)
...
006 (845919.006.000) 2026-03-16 11:40:34 Image size of job updated: 181904
	178  -  MemoryUsage of job (MB)
	181904  -  ResidentSetSize of job (KB)
...
006 (845919.006.000) 2026-03-16 11:50:35 Image size of job updated: 184476
	181  -  MemoryUsage of job (MB)
	184476  -  ResidentSetSize of job (KB)
...
006 (845919.006.000) 2026-03-16 15:46:00 Image size of job updated: 184484
	181  -  MemoryUsage of job (MB)
	184484  -  ResidentSetSize of job (KB)
...
040 (845919.006.000) 2026-03-16 16:09:04 Started transferring output files
...
040 (845919.006.000) 2026-03-16 16:09:04 Finished transferring output files
...
005 (845919.006.000) 2026-03-16 16:09:04 Job terminated.
	(1) Normal termination (return value 0)
		Usr 0 01:04:57, Sys 0 00:07:04  -  Run Remote Usage
		Usr 0 00:00:00, Sys 0 00:00:00  -  Run Local Usage
		Usr 0 01:04:57, Sys 0 00:07:04  -  Total Remote Usage
		Usr 0 00:00:00, Sys 0 00:00:00  -  Total Local Usage
	78456  -  Run Bytes Sent By Job
	868  -  Run Bytes Received By Job
	78456  -  Total Bytes Sent By Job
	868  -  Total Bytes Received By Job
	Partitionable Resources :    Usage  Request Allocated 
	   Cpus                 :     0.08        1         1 
	   Disk (KB)            :    99           1      2840 
	   GPUs                 :                           0 
	   Memory (MB)          :   181        1024      1100 
	   TimeExecute (s)      : 17921                       
	   TimeSlotBusy (s)     : 17922                       

	Job terminated of its own accord at 2026-03-16T07:09:04Z with exit-code 0.
...
