000 (842540.004.000) 2026-03-14 10:57:16 Job submitted from host: <155.230.23.72:9618?addrs=155.230.23.72-9618+[2407-c000-c024-0-20c-29ff-fe6a-c74b]-9618&alias=cms02.knu.ac.kr&noUDP&sock=schedd_1497_655d>
...
040 (842540.004.000) 2026-03-14 10:57:47 Started transferring input files
	Transferring to host: <155.230.21.149:9618?addrs=155.230.21.149-9618+[2407-c000-c025--21-149]-9618&alias=cluster349.knu.ac.kr&noUDP&sock=slot1_3_2461_bf3d_2576>
...
040 (842540.004.000) 2026-03-14 10:57:47 Finished transferring input files
...
001 (842540.004.000) 2026-03-14 10:57:48 Job executing on host: <155.230.21.149:9618?addrs=155.230.21.149-9618+[2407-c000-c025--21-149]-9618&alias=cluster349.knu.ac.kr&noUDP&sock=startd_1753_fd9c>
	SlotName: slot1_3@cluster349.knu.ac.kr
	CondorScratchDir = "/home/condor/dir_1690624"
	Cpus = 1
	Disk = 2837
	GPUs = 0
	Memory = 1100
...
006 (842540.004.000) 2026-03-14 10:57:57 Image size of job updated: 94852
	93  -  MemoryUsage of job (MB)
	94852  -  ResidentSetSize of job (KB)
...
006 (842540.004.000) 2026-03-14 11:02:58 Image size of job updated: 173544
	170  -  MemoryUsage of job (MB)
	173544  -  ResidentSetSize of job (KB)
...
006 (842540.004.000) 2026-03-14 11:07:59 Image size of job updated: 181040
	177  -  MemoryUsage of job (MB)
	181040  -  ResidentSetSize of job (KB)
...
006 (842540.004.000) 2026-03-14 11:12:59 Image size of job updated: 181096
	177  -  MemoryUsage of job (MB)
	181096  -  ResidentSetSize of job (KB)
...
006 (842540.004.000) 2026-03-14 11:53:03 Image size of job updated: 182268
	178  -  MemoryUsage of job (MB)
	182268  -  ResidentSetSize of job (KB)
...
040 (842540.004.000) 2026-03-14 12:50:48 Started transferring output files
...
040 (842540.004.000) 2026-03-14 12:50:48 Finished transferring output files
...
005 (842540.004.000) 2026-03-14 12:50:48 Job terminated.
	(1) Normal termination (return value 0)
		Usr 0 01:31:14, Sys 0 00:09:04  -  Run Remote Usage
		Usr 0 00:00:00, Sys 0 00:00:00  -  Run Local Usage
		Usr 0 01:31:14, Sys 0 00:09:04  -  Total Remote Usage
		Usr 0 00:00:00, Sys 0 00:00:00  -  Total Local Usage
	121070  -  Run Bytes Sent By Job
	868  -  Run Bytes Received By Job
	121070  -  Total Bytes Sent By Job
	868  -  Total Bytes Received By Job
	Partitionable Resources :    Usage  Request Allocated 
	   Cpus                 :     0.97        1         1 
	   Disk (KB)            :   179           1      2837 
	   GPUs                 :                           0 
	   Memory (MB)          :   178        1024      1100 
	   TimeExecute (s)      :  6780                       
	   TimeSlotBusy (s)     :  6781                       

	Job terminated of its own accord at 2026-03-14T03:50:48Z with exit-code 0.
...
000 (845919.004.000) 2026-03-16 11:09:37 Job submitted from host: <155.230.23.72:9618?addrs=155.230.23.72-9618+[2407-c000-c024-0-20c-29ff-fe6a-c74b]-9618&alias=cms02.knu.ac.kr&noUDP&sock=schedd_1497_655d>
...
040 (845919.004.000) 2026-03-16 11:10:21 Started transferring input files
	Transferring to host: <155.230.21.114:9618?addrs=155.230.21.114-9618+[2407-c000-c025--21-114]-9618&alias=cluster314.knu.ac.kr&noUDP&sock=slot1_4_2241_bcb4_2918>
...
040 (845919.004.000) 2026-03-16 11:10:21 Finished transferring input files
...
001 (845919.004.000) 2026-03-16 11:10:22 Job executing on host: <155.230.21.114:9618?addrs=155.230.21.114-9618+[2407-c000-c025--21-114]-9618&alias=cluster314.knu.ac.kr&noUDP&sock=startd_1682_4a63>
	SlotName: slot1_4@cluster314.knu.ac.kr
	CondorScratchDir = "/home/condor/dir_3910106"
	Cpus = 1
	Disk = 2754
	GPUs = 0
	Memory = 1100
...
006 (845919.004.000) 2026-03-16 11:10:31 Image size of job updated: 97632
	96  -  MemoryUsage of job (MB)
	97632  -  ResidentSetSize of job (KB)
...
006 (845919.004.000) 2026-03-16 11:15:32 Image size of job updated: 180744
	177  -  MemoryUsage of job (MB)
	180744  -  ResidentSetSize of job (KB)
...
006 (845919.004.000) 2026-03-16 11:20:32 Image size of job updated: 183192
	179  -  MemoryUsage of job (MB)
	183192  -  ResidentSetSize of job (KB)
...
006 (845919.004.000) 2026-03-16 11:25:32 Image size of job updated: 183264
	179  -  MemoryUsage of job (MB)
	183264  -  ResidentSetSize of job (KB)
...
006 (845919.004.000) 2026-03-16 11:30:33 Image size of job updated: 183296
	179  -  MemoryUsage of job (MB)
	183296  -  ResidentSetSize of job (KB)
...
006 (845919.004.000) 2026-03-16 11:55:34 Image size of job updated: 185876
	182  -  MemoryUsage of job (MB)
	185876  -  ResidentSetSize of job (KB)
...
040 (845919.004.000) 2026-03-16 13:18:08 Started transferring output files
...
040 (845919.004.000) 2026-03-16 13:18:08 Finished transferring output files
...
005 (845919.004.000) 2026-03-16 13:18:08 Job terminated.
	(1) Normal termination (return value 0)
		Usr 0 01:51:44, Sys 0 00:08:52  -  Run Remote Usage
		Usr 0 00:00:00, Sys 0 00:00:00  -  Run Local Usage
		Usr 0 01:51:44, Sys 0 00:08:52  -  Total Remote Usage
		Usr 0 00:00:00, Sys 0 00:00:00  -  Total Local Usage
	121377  -  Run Bytes Sent By Job
	868  -  Run Bytes Received By Job
	121377  -  Total Bytes Sent By Job
	868  -  Total Bytes Received By Job
	Partitionable Resources :    Usage  Request Allocated 
	   Cpus                 :     0.98        1         1 
	   Disk (KB)            :   141           1      2754 
	   GPUs                 :                           0 
	   Memory (MB)          :   182        1024      1100 
	   TimeExecute (s)      :  7666                       
	   TimeSlotBusy (s)     :  7667                       

	Job terminated of its own accord at 2026-03-16T04:18:08Z with exit-code 0.
...
