000 (842540.000.000) 2026-03-14 10:57:16 Job submitted from host: <155.230.23.72:9618?addrs=155.230.23.72-9618+[2407-c000-c024-0-20c-29ff-fe6a-c74b]-9618&alias=cms02.knu.ac.kr&noUDP&sock=schedd_1497_655d>
...
040 (842540.000.000) 2026-03-14 10:57:47 Started transferring input files
	Transferring to host: <155.230.21.75:9618?addrs=155.230.21.75-9618+[2407-c000-c025--21-75]-9618&alias=cluster275.knu.ac.kr&noUDP&sock=slot1_2_1504_7436_6683>
...
040 (842540.000.000) 2026-03-14 10:57:47 Finished transferring input files
...
001 (842540.000.000) 2026-03-14 10:57:48 Job executing on host: <155.230.21.75:9618?addrs=155.230.21.75-9618+[2407-c000-c025--21-75]-9618&alias=cluster275.knu.ac.kr&noUDP&sock=startd_1094_f8b2>
	SlotName: slot1_2@cluster275.knu.ac.kr
	CondorScratchDir = "/home/condor/dir_1776816"
	Cpus = 1
	Disk = 2841
	GPUs = 0
	Memory = 1100
...
006 (842540.000.000) 2026-03-14 10:57:57 Image size of job updated: 96120
	94  -  MemoryUsage of job (MB)
	96120  -  ResidentSetSize of job (KB)
...
006 (842540.000.000) 2026-03-14 11:02:58 Image size of job updated: 178104
	174  -  MemoryUsage of job (MB)
	178104  -  ResidentSetSize of job (KB)
...
006 (842540.000.000) 2026-03-14 11:07:59 Image size of job updated: 182836
	179  -  MemoryUsage of job (MB)
	182836  -  ResidentSetSize of job (KB)
...
006 (842540.000.000) 2026-03-14 11:12:59 Image size of job updated: 184712
	181  -  MemoryUsage of job (MB)
	184712  -  ResidentSetSize of job (KB)
...
004 (842540.000.000) 2026-03-16 11:09:11 Job was evicted.
	(0) CPU times
		Usr 0 00:33:08, Sys 0 00:05:10  -  Run Remote Usage
		Usr 0 00:00:00, Sys 0 00:00:00  -  Run Local Usage
	0  -  Run Bytes Sent By Job
	868  -  Run Bytes Received By Job
	Partitionable Resources :     Usage  Request Allocated 
	   Cpus                 :      0.00        1         1 
	   Disk (KB)            :    125           1      2841 
	   GPUs                 :                            0 
	   Memory (MB)          :    181        1024      1100 
	   TimeExecute (s)      : 173483                       
	   TimeSlotBusy (s)     : 173484                       
...
009 (842540.000.000) 2026-03-16 11:09:11 Job was aborted.
	via condor_rm (by user dwkim)
...
000 (845919.000.000) 2026-03-16 11:09:37 Job submitted from host: <155.230.23.72:9618?addrs=155.230.23.72-9618+[2407-c000-c024-0-20c-29ff-fe6a-c74b]-9618&alias=cms02.knu.ac.kr&noUDP&sock=schedd_1497_655d>
...
040 (845919.000.000) 2026-03-16 11:10:21 Started transferring input files
	Transferring to host: <155.230.21.118:9618?addrs=155.230.21.118-9618+[2407-c000-c025--21-118]-9618&alias=cluster318.knu.ac.kr&noUDP&sock=slot1_13_2186_fc12_4006>
...
040 (845919.000.000) 2026-03-16 11:10:21 Finished transferring input files
...
001 (845919.000.000) 2026-03-16 11:10:22 Job executing on host: <155.230.21.118:9618?addrs=155.230.21.118-9618+[2407-c000-c025--21-118]-9618&alias=cluster318.knu.ac.kr&noUDP&sock=startd_1764_8927>
	SlotName: slot1_13@cluster318.knu.ac.kr
	CondorScratchDir = "/home/condor/dir_2963287"
	Cpus = 1
	Disk = 2822
	GPUs = 0
	Memory = 1100
...
006 (845919.000.000) 2026-03-16 11:10:30 Image size of job updated: 95796
	94  -  MemoryUsage of job (MB)
	95796  -  ResidentSetSize of job (KB)
...
006 (845919.000.000) 2026-03-16 11:15:30 Image size of job updated: 181636
	178  -  MemoryUsage of job (MB)
	181636  -  ResidentSetSize of job (KB)
...
006 (845919.000.000) 2026-03-16 11:20:31 Image size of job updated: 182816
	179  -  MemoryUsage of job (MB)
	182816  -  ResidentSetSize of job (KB)
...
006 (845919.000.000) 2026-03-16 11:25:32 Image size of job updated: 182876
	179  -  MemoryUsage of job (MB)
	182876  -  ResidentSetSize of job (KB)
...
006 (845919.000.000) 2026-03-16 12:00:34 Image size of job updated: 185456
	182  -  MemoryUsage of job (MB)
	185456  -  ResidentSetSize of job (KB)
...
040 (845919.000.000) 2026-03-16 12:44:40 Started transferring output files
...
040 (845919.000.000) 2026-03-16 12:44:40 Finished transferring output files
...
005 (845919.000.000) 2026-03-16 12:44:40 Job terminated.
	(1) Normal termination (return value 0)
		Usr 0 01:21:05, Sys 0 00:06:05  -  Run Remote Usage
		Usr 0 00:00:00, Sys 0 00:00:00  -  Run Local Usage
		Usr 0 01:21:05, Sys 0 00:06:05  -  Total Remote Usage
		Usr 0 00:00:00, Sys 0 00:00:00  -  Total Local Usage
	91153  -  Run Bytes Sent By Job
	868  -  Run Bytes Received By Job
	91153  -  Total Bytes Sent By Job
	868  -  Total Bytes Received By Job
	Partitionable Resources :    Usage  Request Allocated 
	   Cpus                 :     0.88        1         1 
	   Disk (KB)            :   112           1      2822 
	   GPUs                 :                           0 
	   Memory (MB)          :   182        1024      1100 
	   TimeExecute (s)      :  5658                       
	   TimeSlotBusy (s)     :  5660                       

	Job terminated of its own accord at 2026-03-16T03:44:40Z with exit-code 0.
...
