000 (842540.002.000) 2026-03-14 10:57:16 Job submitted from host: <155.230.23.72:9618?addrs=155.230.23.72-9618+[2407-c000-c024-0-20c-29ff-fe6a-c74b]-9618&alias=cms02.knu.ac.kr&noUDP&sock=schedd_1497_655d>
...
040 (842540.002.000) 2026-03-14 10:57:53 Started transferring input files
	Transferring to host: <155.230.21.72:9618?addrs=155.230.21.72-9618+[2407-c000-c025--21-72]-9618&alias=cluster272.knu.ac.kr&noUDP&sock=slot1_3_3993884_54e3_3732>
...
040 (842540.002.000) 2026-03-14 10:57:53 Finished transferring input files
...
001 (842540.002.000) 2026-03-14 10:57:54 Job executing on host: <155.230.21.72:9618?addrs=155.230.21.72-9618+[2407-c000-c025--21-72]-9618&alias=cluster272.knu.ac.kr&noUDP&sock=startd_1080_5e5f>
	SlotName: slot1_3@cluster272.knu.ac.kr
	CondorScratchDir = "/home/condor/dir_1259912"
	Cpus = 1
	Disk = 2821
	GPUs = 0
	Memory = 1100
...
006 (842540.002.000) 2026-03-14 10:58:03 Image size of job updated: 96560
	95  -  MemoryUsage of job (MB)
	96560  -  ResidentSetSize of job (KB)
...
006 (842540.002.000) 2026-03-14 11:03:04 Image size of job updated: 182248
	178  -  MemoryUsage of job (MB)
	182248  -  ResidentSetSize of job (KB)
...
006 (842540.002.000) 2026-03-14 11:08:05 Image size of job updated: 186448
	183  -  MemoryUsage of job (MB)
	186448  -  ResidentSetSize of job (KB)
...
040 (842540.002.000) 2026-03-16 02:37:55 Started transferring output files
...
040 (842540.002.000) 2026-03-16 02:37:55 Finished transferring output files
...
005 (842540.002.000) 2026-03-16 02:37:55 Job terminated.
	(1) Normal termination (return value 0)
		Usr 0 01:22:51, Sys 0 00:12:35  -  Run Remote Usage
		Usr 0 00:00:00, Sys 0 00:00:00  -  Run Local Usage
		Usr 0 01:22:51, Sys 0 00:12:35  -  Total Remote Usage
		Usr 0 00:00:00, Sys 0 00:00:00  -  Total Local Usage
	120966  -  Run Bytes Sent By Job
	868  -  Run Bytes Received By Job
	120966  -  Total Bytes Sent By Job
	868  -  Total Bytes Received By Job
	Partitionable Resources :     Usage  Request Allocated 
	   Cpus                 :      0.26        1         1 
	   Disk (KB)            :    179           1      2821 
	   GPUs                 :                            0 
	   Memory (MB)          :    183        1024      1100 
	   TimeExecute (s)      : 142801                       
	   TimeSlotBusy (s)     : 142802                       

	Job terminated of its own accord at 2026-03-15T17:37:55Z with exit-code 0.
...
000 (845919.002.000) 2026-03-16 11:09:37 Job submitted from host: <155.230.23.72:9618?addrs=155.230.23.72-9618+[2407-c000-c024-0-20c-29ff-fe6a-c74b]-9618&alias=cms02.knu.ac.kr&noUDP&sock=schedd_1497_655d>
...
040 (845919.002.000) 2026-03-16 11:10:21 Started transferring input files
	Transferring to host: <155.230.21.82:9618?addrs=155.230.21.82-9618+[2407-c000-c025--21-82]-9618&alias=cluster282.knu.ac.kr&noUDP&sock=slot1_12_1746_f700_2622>
...
040 (845919.002.000) 2026-03-16 11:10:21 Finished transferring input files
...
001 (845919.002.000) 2026-03-16 11:10:22 Job executing on host: <155.230.21.82:9618?addrs=155.230.21.82-9618+[2407-c000-c025--21-82]-9618&alias=cluster282.knu.ac.kr&noUDP&sock=startd_1265_4364>
	SlotName: slot1_12@cluster282.knu.ac.kr
	CondorScratchDir = "/home/condor/dir_2422669"
	Cpus = 1
	Disk = 2824
	GPUs = 0
	Memory = 1100
...
006 (845919.002.000) 2026-03-16 11:10:30 Image size of job updated: 26500
	26  -  MemoryUsage of job (MB)
	26500  -  ResidentSetSize of job (KB)
...
006 (845919.002.000) 2026-03-16 11:15:30 Image size of job updated: 160460
	157  -  MemoryUsage of job (MB)
	160460  -  ResidentSetSize of job (KB)
...
006 (845919.002.000) 2026-03-16 11:20:32 Image size of job updated: 175820
	172  -  MemoryUsage of job (MB)
	175820  -  ResidentSetSize of job (KB)
...
006 (845919.002.000) 2026-03-16 11:25:32 Image size of job updated: 175956
	172  -  MemoryUsage of job (MB)
	175956  -  ResidentSetSize of job (KB)
...
006 (845919.002.000) 2026-03-16 11:30:32 Image size of job updated: 181268
	178  -  MemoryUsage of job (MB)
	181268  -  ResidentSetSize of job (KB)
...
006 (845919.002.000) 2026-03-16 11:35:33 Image size of job updated: 183004
	179  -  MemoryUsage of job (MB)
	183004  -  ResidentSetSize of job (KB)
...
006 (845919.002.000) 2026-03-16 11:40:34 Image size of job updated: 183376
	180  -  MemoryUsage of job (MB)
	183376  -  ResidentSetSize of job (KB)
...
006 (845919.002.000) 2026-03-16 11:45:34 Image size of job updated: 183456
	180  -  MemoryUsage of job (MB)
	183456  -  ResidentSetSize of job (KB)
...
006 (845919.002.000) 2026-03-16 12:05:37 Image size of job updated: 186040
	182  -  MemoryUsage of job (MB)
	186040  -  ResidentSetSize of job (KB)
...
040 (845919.002.000) 2026-03-16 13:18:42 Started transferring output files
...
040 (845919.002.000) 2026-03-16 13:18:42 Finished transferring output files
...
005 (845919.002.000) 2026-03-16 13:18:42 Job terminated.
	(1) Normal termination (return value 0)
		Usr 0 01:49:31, Sys 0 00:08:49  -  Run Remote Usage
		Usr 0 00:00:00, Sys 0 00:00:00  -  Run Local Usage
		Usr 0 01:49:31, Sys 0 00:08:49  -  Total Remote Usage
		Usr 0 00:00:00, Sys 0 00:00:00  -  Total Local Usage
	118601  -  Run Bytes Sent By Job
	868  -  Run Bytes Received By Job
	118601  -  Total Bytes Sent By Job
	868  -  Total Bytes Received By Job
	Partitionable Resources :    Usage  Request Allocated 
	   Cpus                 :     0.97        1         1 
	   Disk (KB)            :   138           1      2824 
	   GPUs                 :                           0 
	   Memory (MB)          :   182        1024      1100 
	   TimeExecute (s)      :  7700                       
	   TimeSlotBusy (s)     :  7701                       

	Job terminated of its own accord at 2026-03-16T04:18:42Z with exit-code 0.
...
