000 (842546.012.000) 2026-03-14 10:57:17 Job submitted from host: <155.230.23.72:9618?addrs=155.230.23.72-9618+[2407-c000-c024-0-20c-29ff-fe6a-c74b]-9618&alias=cms02.knu.ac.kr&noUDP&sock=schedd_1497_655d>
...
040 (842546.012.000) 2026-03-14 10:58:40 Started transferring input files
	Transferring to host: <155.230.21.81:9618?addrs=155.230.21.81-9618+[2407-c000-c025--21-81]-9618&alias=cluster281.knu.ac.kr&noUDP&sock=slot1_6_1771_9461_2522>
...
040 (842546.012.000) 2026-03-14 10:58:40 Finished transferring input files
...
001 (842546.012.000) 2026-03-14 10:58:41 Job executing on host: <155.230.21.81:9618?addrs=155.230.21.81-9618+[2407-c000-c025--21-81]-9618&alias=cluster281.knu.ac.kr&noUDP&sock=startd_1338_55ce>
	SlotName: slot1_6@cluster281.knu.ac.kr
	CondorScratchDir = "/home/condor/dir_1660175"
	Cpus = 1
	Disk = 2836
	GPUs = 0
	Memory = 1100
...
006 (842546.012.000) 2026-03-14 10:58:50 Image size of job updated: 85336
	84  -  MemoryUsage of job (MB)
	85336  -  ResidentSetSize of job (KB)
...
006 (842546.012.000) 2026-03-14 11:03:51 Image size of job updated: 153880
	151  -  MemoryUsage of job (MB)
	153880  -  ResidentSetSize of job (KB)
...
006 (842546.012.000) 2026-03-14 11:08:52 Image size of job updated: 165812
	162  -  MemoryUsage of job (MB)
	165812  -  ResidentSetSize of job (KB)
...
006 (842546.012.000) 2026-03-14 11:13:52 Image size of job updated: 165824
	162  -  MemoryUsage of job (MB)
	165824  -  ResidentSetSize of job (KB)
...
006 (842546.012.000) 2026-03-14 11:18:53 Image size of job updated: 168728
	165  -  MemoryUsage of job (MB)
	168728  -  ResidentSetSize of job (KB)
...
006 (842546.012.000) 2026-03-14 11:23:54 Image size of job updated: 174520
	171  -  MemoryUsage of job (MB)
	174520  -  ResidentSetSize of job (KB)
...
006 (842546.012.000) 2026-03-14 11:28:54 Image size of job updated: 176072
	172  -  MemoryUsage of job (MB)
	176072  -  ResidentSetSize of job (KB)
...
006 (842546.012.000) 2026-03-14 11:33:55 Image size of job updated: 176648
	173  -  MemoryUsage of job (MB)
	176648  -  ResidentSetSize of job (KB)
...
040 (842546.012.000) 2026-03-14 12:09:27 Started transferring output files
...
040 (842546.012.000) 2026-03-14 12:09:27 Finished transferring output files
...
005 (842546.012.000) 2026-03-14 12:09:27 Job terminated.
	(1) Normal termination (return value 0)
		Usr 0 00:52:38, Sys 0 00:10:57  -  Run Remote Usage
		Usr 0 00:00:00, Sys 0 00:00:00  -  Run Local Usage
		Usr 0 00:52:38, Sys 0 00:10:57  -  Total Remote Usage
		Usr 0 00:00:00, Sys 0 00:00:00  -  Total Local Usage
	40966  -  Run Bytes Sent By Job
	788  -  Run Bytes Received By Job
	40966  -  Total Bytes Sent By Job
	788  -  Total Bytes Received By Job
	Partitionable Resources :    Usage  Request Allocated 
	   Cpus                 :     0.94        1         1 
	   Disk (KB)            :   101           1      2836 
	   GPUs                 :                           0 
	   Memory (MB)          :   173        1024      1100 
	   TimeExecute (s)      :  4246                       
	   TimeSlotBusy (s)     :  4247                       

	Job terminated of its own accord at 2026-03-14T03:09:27Z with exit-code 0.
...
000 (845921.012.000) 2026-03-16 11:09:38 Job submitted from host: <155.230.23.72:9618?addrs=155.230.23.72-9618+[2407-c000-c024-0-20c-29ff-fe6a-c74b]-9618&alias=cms02.knu.ac.kr&noUDP&sock=schedd_1497_655d>
...
040 (845921.012.000) 2026-03-16 11:12:08 Started transferring input files
	Transferring to host: <155.230.21.141:9618?addrs=155.230.21.141-9618+[2407-c000-c025--21-141]-9618&alias=cluster341.knu.ac.kr&noUDP&sock=slot1_20_2594_7523_3720>
...
040 (845921.012.000) 2026-03-16 11:12:08 Finished transferring input files
...
001 (845921.012.000) 2026-03-16 11:12:09 Job executing on host: <155.230.21.141:9618?addrs=155.230.21.141-9618+[2407-c000-c025--21-141]-9618&alias=cluster341.knu.ac.kr&noUDP&sock=startd_2129_e538>
	SlotName: slot1_20@cluster341.knu.ac.kr
	CondorScratchDir = "/home/condor/dir_110360"
	Cpus = 1
	Disk = 2757
	GPUs = 0
	Memory = 1100
...
006 (845921.012.000) 2026-03-16 11:12:17 Image size of job updated: 109680
	108  -  MemoryUsage of job (MB)
	109680  -  ResidentSetSize of job (KB)
...
006 (845921.012.000) 2026-03-16 11:17:17 Image size of job updated: 153544
	150  -  MemoryUsage of job (MB)
	153544  -  ResidentSetSize of job (KB)
...
006 (845921.012.000) 2026-03-16 11:22:18 Image size of job updated: 153956
	151  -  MemoryUsage of job (MB)
	153956  -  ResidentSetSize of job (KB)
...
006 (845921.012.000) 2026-03-16 11:27:18 Image size of job updated: 166024
	163  -  MemoryUsage of job (MB)
	166024  -  ResidentSetSize of job (KB)
...
006 (845921.012.000) 2026-03-16 11:32:18 Image size of job updated: 166052
	163  -  MemoryUsage of job (MB)
	166052  -  ResidentSetSize of job (KB)
...
006 (845921.012.000) 2026-03-16 11:37:19 Image size of job updated: 174648
	171  -  MemoryUsage of job (MB)
	174648  -  ResidentSetSize of job (KB)
...
006 (845921.012.000) 2026-03-16 11:47:20 Image size of job updated: 175388
	172  -  MemoryUsage of job (MB)
	175388  -  ResidentSetSize of job (KB)
...
006 (845921.012.000) 2026-03-16 11:57:22 Image size of job updated: 176172
	173  -  MemoryUsage of job (MB)
	176172  -  ResidentSetSize of job (KB)
...
006 (845921.012.000) 2026-03-16 12:07:22 Image size of job updated: 176188
	173  -  MemoryUsage of job (MB)
	176188  -  ResidentSetSize of job (KB)
...
006 (845921.012.000) 2026-03-16 12:12:23 Image size of job updated: 178764
	175  -  MemoryUsage of job (MB)
	178764  -  ResidentSetSize of job (KB)
...
006 (845921.012.000) 2026-03-16 12:52:26 Image size of job updated: 179220
	176  -  MemoryUsage of job (MB)
	179220  -  ResidentSetSize of job (KB)
...
040 (845921.012.000) 2026-03-16 12:59:31 Started transferring output files
...
040 (845921.012.000) 2026-03-16 12:59:31 Finished transferring output files
...
005 (845921.012.000) 2026-03-16 12:59:31 Job terminated.
	(1) Normal termination (return value 0)
		Usr 0 01:09:05, Sys 0 00:12:22  -  Run Remote Usage
		Usr 0 00:00:00, Sys 0 00:00:00  -  Run Local Usage
		Usr 0 01:09:05, Sys 0 00:12:22  -  Total Remote Usage
		Usr 0 00:00:00, Sys 0 00:00:00  -  Total Local Usage
	41780  -  Run Bytes Sent By Job
	788  -  Run Bytes Received By Job
	41780  -  Total Bytes Sent By Job
	788  -  Total Bytes Received By Job
	Partitionable Resources :    Usage  Request Allocated 
	   Cpus                 :     0.84        1         1 
	   Disk (KB)            :    63           1      2757 
	   GPUs                 :                           0 
	   Memory (MB)          :   176        1024      1100 
	   TimeExecute (s)      :  6442                       
	   TimeSlotBusy (s)     :  6443                       

	Job terminated of its own accord at 2026-03-16T03:59:31Z with exit-code 0.
...
