000 (842546.044.000) 2026-03-14 10:57:17 Job submitted from host: <155.230.23.72:9618?addrs=155.230.23.72-9618+[2407-c000-c024-0-20c-29ff-fe6a-c74b]-9618&alias=cms02.knu.ac.kr&noUDP&sock=schedd_1497_655d>
...
040 (842546.044.000) 2026-03-14 10:58:45 Started transferring input files
	Transferring to host: <155.230.21.78:9618?addrs=155.230.21.78-9618+[2407-c000-c025--21-78]-9618&alias=cluster278.knu.ac.kr&noUDP&sock=slot1_7_1721_599f_3836>
...
040 (842546.044.000) 2026-03-14 10:58:45 Finished transferring input files
...
001 (842546.044.000) 2026-03-14 10:58:46 Job executing on host: <155.230.21.78:9618?addrs=155.230.21.78-9618+[2407-c000-c025--21-78]-9618&alias=cluster278.knu.ac.kr&noUDP&sock=startd_1324_bb7b>
	SlotName: slot1_7@cluster278.knu.ac.kr
	CondorScratchDir = "/home/condor/dir_4165676"
	Cpus = 1
	Disk = 2830
	GPUs = 0
	Memory = 1100
...
006 (842546.044.000) 2026-03-14 10:58:55 Image size of job updated: 107304
	105  -  MemoryUsage of job (MB)
	107304  -  ResidentSetSize of job (KB)
...
006 (842546.044.000) 2026-03-14 11:03:56 Image size of job updated: 156376
	153  -  MemoryUsage of job (MB)
	156376  -  ResidentSetSize of job (KB)
...
006 (842546.044.000) 2026-03-14 11:08:56 Image size of job updated: 165528
	162  -  MemoryUsage of job (MB)
	165528  -  ResidentSetSize of job (KB)
...
006 (842546.044.000) 2026-03-14 11:13:57 Image size of job updated: 172380
	169  -  MemoryUsage of job (MB)
	172380  -  ResidentSetSize of job (KB)
...
006 (842546.044.000) 2026-03-14 11:18:58 Image size of job updated: 178424
	175  -  MemoryUsage of job (MB)
	178424  -  ResidentSetSize of job (KB)
...
006 (842546.044.000) 2026-03-14 11:34:00 Image size of job updated: 179392
	176  -  MemoryUsage of job (MB)
	179392  -  ResidentSetSize of job (KB)
...
006 (842546.044.000) 2026-03-14 11:39:00 Image size of job updated: 179412
	176  -  MemoryUsage of job (MB)
	179412  -  ResidentSetSize of job (KB)
...
040 (842546.044.000) 2026-03-14 12:01:46 Started transferring output files
...
040 (842546.044.000) 2026-03-14 12:01:46 Finished transferring output files
...
005 (842546.044.000) 2026-03-14 12:01:46 Job terminated.
	(1) Normal termination (return value 0)
		Usr 0 00:42:00, Sys 0 00:09:45  -  Run Remote Usage
		Usr 0 00:00:00, Sys 0 00:00:00  -  Run Local Usage
		Usr 0 00:42:00, Sys 0 00:09:45  -  Total Remote Usage
		Usr 0 00:00:00, Sys 0 00:00:00  -  Total Local Usage
	35712  -  Run Bytes Sent By Job
	788  -  Run Bytes Received By Job
	35712  -  Total Bytes Sent By Job
	788  -  Total Bytes Received By Job
	Partitionable Resources :    Usage  Request Allocated 
	   Cpus                 :     0.85        1         1 
	   Disk (KB)            :    96           1      2830 
	   GPUs                 :                           0 
	   Memory (MB)          :   176        1024      1100 
	   TimeExecute (s)      :  3780                       
	   TimeSlotBusy (s)     :  3781                       

	Job terminated of its own accord at 2026-03-14T03:01:46Z with exit-code 0.
...
000 (845921.044.000) 2026-03-16 11:09:38 Job submitted from host: <155.230.23.72:9618?addrs=155.230.23.72-9618+[2407-c000-c024-0-20c-29ff-fe6a-c74b]-9618&alias=cms02.knu.ac.kr&noUDP&sock=schedd_1497_655d>
...
040 (845921.044.000) 2026-03-16 11:12:49 Started transferring input files
	Transferring to host: <155.230.21.141:9618?addrs=155.230.21.141-9618+[2407-c000-c025--21-141]-9618&alias=cluster341.knu.ac.kr&noUDP&sock=slot1_17_2594_7523_3721>
...
040 (845921.044.000) 2026-03-16 11:12:49 Finished transferring input files
...
001 (845921.044.000) 2026-03-16 11:12:50 Job executing on host: <155.230.21.141:9618?addrs=155.230.21.141-9618+[2407-c000-c025--21-141]-9618&alias=cluster341.knu.ac.kr&noUDP&sock=startd_2129_e538>
	SlotName: slot1_17@cluster341.knu.ac.kr
	CondorScratchDir = "/home/condor/dir_110546"
	Cpus = 1
	Disk = 2757
	GPUs = 0
	Memory = 1100
...
006 (845921.044.000) 2026-03-16 11:12:58 Image size of job updated: 109668
	108  -  MemoryUsage of job (MB)
	109668  -  ResidentSetSize of job (KB)
...
006 (845921.044.000) 2026-03-16 11:17:58 Image size of job updated: 154248
	151  -  MemoryUsage of job (MB)
	154248  -  ResidentSetSize of job (KB)
...
006 (845921.044.000) 2026-03-16 11:22:59 Image size of job updated: 154748
	152  -  MemoryUsage of job (MB)
	154748  -  ResidentSetSize of job (KB)
...
006 (845921.044.000) 2026-03-16 11:27:59 Image size of job updated: 166412
	163  -  MemoryUsage of job (MB)
	166412  -  ResidentSetSize of job (KB)
...
006 (845921.044.000) 2026-03-16 11:32:59 Image size of job updated: 169224
	166  -  MemoryUsage of job (MB)
	169224  -  ResidentSetSize of job (KB)
...
006 (845921.044.000) 2026-03-16 11:38:00 Image size of job updated: 169232
	166  -  MemoryUsage of job (MB)
	169232  -  ResidentSetSize of job (KB)
...
006 (845921.044.000) 2026-03-16 11:43:01 Image size of job updated: 175752
	172  -  MemoryUsage of job (MB)
	175752  -  ResidentSetSize of job (KB)
...
006 (845921.044.000) 2026-03-16 11:53:02 Image size of job updated: 175908
	172  -  MemoryUsage of job (MB)
	175908  -  ResidentSetSize of job (KB)
...
006 (845921.044.000) 2026-03-16 12:03:03 Image size of job updated: 176012
	172  -  MemoryUsage of job (MB)
	176012  -  ResidentSetSize of job (KB)
...
006 (845921.044.000) 2026-03-16 12:13:04 Image size of job updated: 178628
	175  -  MemoryUsage of job (MB)
	178628  -  ResidentSetSize of job (KB)
...
040 (845921.044.000) 2026-03-16 12:45:37 Started transferring output files
...
040 (845921.044.000) 2026-03-16 12:45:37 Finished transferring output files
...
005 (845921.044.000) 2026-03-16 12:45:37 Job terminated.
	(1) Normal termination (return value 0)
		Usr 0 01:00:57, Sys 0 00:10:41  -  Run Remote Usage
		Usr 0 00:00:00, Sys 0 00:00:00  -  Run Local Usage
		Usr 0 01:00:57, Sys 0 00:10:41  -  Total Remote Usage
		Usr 0 00:00:00, Sys 0 00:00:00  -  Total Local Usage
	36436  -  Run Bytes Sent By Job
	788  -  Run Bytes Received By Job
	36436  -  Total Bytes Sent By Job
	788  -  Total Bytes Received By Job
	Partitionable Resources :    Usage  Request Allocated 
	   Cpus                 :     0.77        1         1 
	   Disk (KB)            :    58           1      2757 
	   GPUs                 :                           0 
	   Memory (MB)          :   175        1024      1100 
	   TimeExecute (s)      :  5567                       
	   TimeSlotBusy (s)     :  5568                       

	Job terminated of its own accord at 2026-03-16T03:45:37Z with exit-code 0.
...
