000 (842546.074.000) 2026-03-14 10:57:17 Job submitted from host: <155.230.23.72:9618?addrs=155.230.23.72-9618+[2407-c000-c024-0-20c-29ff-fe6a-c74b]-9618&alias=cms02.knu.ac.kr&noUDP&sock=schedd_1497_655d>
...
040 (842546.074.000) 2026-03-14 10:58:55 Started transferring input files
	Transferring to host: <155.230.21.127:9618?addrs=155.230.21.127-9618+[2407-c000-c025--21-127]-9618&alias=cluster327.knu.ac.kr&noUDP&sock=slot1_10_3816_7794_4906>
...
040 (842546.074.000) 2026-03-14 10:58:55 Finished transferring input files
...
001 (842546.074.000) 2026-03-14 10:58:57 Job executing on host: <155.230.21.127:9618?addrs=155.230.21.127-9618+[2407-c000-c025--21-127]-9618&alias=cluster327.knu.ac.kr&noUDP&sock=startd_2856_8e92>
	SlotName: slot1_10@cluster327.knu.ac.kr
	CondorScratchDir = "/home/condor/dir_3299051"
	Cpus = 1
	Disk = 2885
	GPUs = 0
	Memory = 1100
...
006 (842546.074.000) 2026-03-14 10:59:05 Image size of job updated: 103460
	102  -  MemoryUsage of job (MB)
	103460  -  ResidentSetSize of job (KB)
...
006 (842546.074.000) 2026-03-14 11:04:05 Image size of job updated: 162432
	159  -  MemoryUsage of job (MB)
	162432  -  ResidentSetSize of job (KB)
...
006 (842546.074.000) 2026-03-14 11:09:05 Image size of job updated: 165304
	162  -  MemoryUsage of job (MB)
	165304  -  ResidentSetSize of job (KB)
...
006 (842546.074.000) 2026-03-14 11:14:06 Image size of job updated: 169364
	166  -  MemoryUsage of job (MB)
	169364  -  ResidentSetSize of job (KB)
...
006 (842546.074.000) 2026-03-14 11:19:06 Image size of job updated: 172544
	169  -  MemoryUsage of job (MB)
	172544  -  ResidentSetSize of job (KB)
...
006 (842546.074.000) 2026-03-14 11:29:07 Image size of job updated: 175584
	172  -  MemoryUsage of job (MB)
	175584  -  ResidentSetSize of job (KB)
...
040 (842546.074.000) 2026-03-14 11:58:38 Started transferring output files
...
040 (842546.074.000) 2026-03-14 11:58:38 Finished transferring output files
...
005 (842546.074.000) 2026-03-14 11:58:38 Job terminated.
	(1) Normal termination (return value 0)
		Usr 0 00:45:55, Sys 0 00:07:37  -  Run Remote Usage
		Usr 0 00:00:00, Sys 0 00:00:00  -  Run Local Usage
		Usr 0 00:45:55, Sys 0 00:07:37  -  Total Remote Usage
		Usr 0 00:00:00, Sys 0 00:00:00  -  Total Local Usage
	30503  -  Run Bytes Sent By Job
	788  -  Run Bytes Received By Job
	30503  -  Total Bytes Sent By Job
	788  -  Total Bytes Received By Job
	Partitionable Resources :    Usage  Request Allocated 
	   Cpus                 :     0.90        1         1 
	   Disk (KB)            :    91           1      2885 
	   GPUs                 :                           0 
	   Memory (MB)          :   172        1024      1100 
	   TimeExecute (s)      :  3582                       
	   TimeSlotBusy (s)     :  3583                       

	Job terminated of its own accord at 2026-03-14T02:58:38Z with exit-code 0.
...
000 (845921.074.000) 2026-03-16 11:09:38 Job submitted from host: <155.230.23.72:9618?addrs=155.230.23.72-9618+[2407-c000-c024-0-20c-29ff-fe6a-c74b]-9618&alias=cms02.knu.ac.kr&noUDP&sock=schedd_1497_655d>
...
040 (845921.074.000) 2026-03-16 11:13:28 Started transferring input files
	Transferring to host: <155.230.21.116:9618?addrs=155.230.21.116-9618+[2407-c000-c025--21-116]-9618&alias=cluster316.knu.ac.kr&noUDP&sock=slot1_19_2117_5e2f_2737>
...
040 (845921.074.000) 2026-03-16 11:13:28 Finished transferring input files
...
001 (845921.074.000) 2026-03-16 11:13:29 Job executing on host: <155.230.21.116:9618?addrs=155.230.21.116-9618+[2407-c000-c025--21-116]-9618&alias=cluster316.knu.ac.kr&noUDP&sock=startd_1694_8585>
	SlotName: slot1_19@cluster316.knu.ac.kr
	CondorScratchDir = "/home/condor/dir_3633797"
	Cpus = 1
	Disk = 2823
	GPUs = 0
	Memory = 1100
...
006 (845921.074.000) 2026-03-16 11:13:38 Image size of job updated: 109604
	108  -  MemoryUsage of job (MB)
	109604  -  ResidentSetSize of job (KB)
...
006 (845921.074.000) 2026-03-16 11:18:39 Image size of job updated: 147876
	145  -  MemoryUsage of job (MB)
	147876  -  ResidentSetSize of job (KB)
...
006 (845921.074.000) 2026-03-16 11:23:39 Image size of job updated: 147992
	145  -  MemoryUsage of job (MB)
	147992  -  ResidentSetSize of job (KB)
...
006 (845921.074.000) 2026-03-16 11:28:40 Image size of job updated: 162188
	159  -  MemoryUsage of job (MB)
	162188  -  ResidentSetSize of job (KB)
...
006 (845921.074.000) 2026-03-16 11:33:41 Image size of job updated: 162416
	159  -  MemoryUsage of job (MB)
	162416  -  ResidentSetSize of job (KB)
...
006 (845921.074.000) 2026-03-16 11:38:41 Image size of job updated: 169088
	166  -  MemoryUsage of job (MB)
	169088  -  ResidentSetSize of job (KB)
...
006 (845921.074.000) 2026-03-16 11:43:41 Image size of job updated: 172468
	169  -  MemoryUsage of job (MB)
	172468  -  ResidentSetSize of job (KB)
...
006 (845921.074.000) 2026-03-16 11:48:42 Image size of job updated: 175212
	172  -  MemoryUsage of job (MB)
	175212  -  ResidentSetSize of job (KB)
...
006 (845921.074.000) 2026-03-16 11:58:42 Image size of job updated: 178580
	175  -  MemoryUsage of job (MB)
	178580  -  ResidentSetSize of job (KB)
...
040 (845921.074.000) 2026-03-16 12:39:01 Started transferring output files
...
040 (845921.074.000) 2026-03-16 12:39:01 Finished transferring output files
...
005 (845921.074.000) 2026-03-16 12:39:02 Job terminated.
	(1) Normal termination (return value 0)
		Usr 0 01:10:49, Sys 0 00:07:50  -  Run Remote Usage
		Usr 0 00:00:00, Sys 0 00:00:00  -  Run Local Usage
		Usr 0 01:10:49, Sys 0 00:07:50  -  Total Remote Usage
		Usr 0 00:00:00, Sys 0 00:00:00  -  Total Local Usage
	31243  -  Run Bytes Sent By Job
	788  -  Run Bytes Received By Job
	31243  -  Total Bytes Sent By Job
	788  -  Total Bytes Received By Job
	Partitionable Resources :    Usage  Request Allocated 
	   Cpus                 :     0.94        1         1 
	   Disk (KB)            :    53           1      2823 
	   GPUs                 :                           0 
	   Memory (MB)          :   175        1024      1100 
	   TimeExecute (s)      :  5132                       
	   TimeSlotBusy (s)     :  5133                       

	Job terminated of its own accord at 2026-03-16T03:39:01Z with exit-code 0.
...
