000 (842546.007.000) 2026-03-14 10:57:17 Job submitted from host: <155.230.23.72:9618?addrs=155.230.23.72-9618+[2407-c000-c024-0-20c-29ff-fe6a-c74b]-9618&alias=cms02.knu.ac.kr&noUDP&sock=schedd_1497_655d>
...
040 (842546.007.000) 2026-03-14 10:58:32 Started transferring input files
	Transferring to host: <155.230.21.91:9618?addrs=155.230.21.91-9618+[2407-c000-c025--21-91]-9618&alias=cluster291.knu.ac.kr&noUDP&sock=slot1_5_1826_5503_2372>
...
040 (842546.007.000) 2026-03-14 10:58:32 Finished transferring input files
...
001 (842546.007.000) 2026-03-14 10:58:33 Job executing on host: <155.230.21.91:9618?addrs=155.230.21.91-9618+[2407-c000-c025--21-91]-9618&alias=cluster291.knu.ac.kr&noUDP&sock=startd_1327_ca44>
	SlotName: slot1_5@cluster291.knu.ac.kr
	CondorScratchDir = "/home/condor/dir_2742990"
	Cpus = 1
	Disk = 2831
	GPUs = 0
	Memory = 1100
...
006 (842546.007.000) 2026-03-14 10:58:42 Image size of job updated: 109460
	107  -  MemoryUsage of job (MB)
	109460  -  ResidentSetSize of job (KB)
...
006 (842546.007.000) 2026-03-14 11:03:43 Image size of job updated: 155664
	153  -  MemoryUsage of job (MB)
	155664  -  ResidentSetSize of job (KB)
...
006 (842546.007.000) 2026-03-14 11:08:44 Image size of job updated: 179124
	175  -  MemoryUsage of job (MB)
	179124  -  ResidentSetSize of job (KB)
...
006 (842546.007.000) 2026-03-14 11:13:44 Image size of job updated: 179136
	175  -  MemoryUsage of job (MB)
	179136  -  ResidentSetSize of job (KB)
...
006 (842546.007.000) 2026-03-14 11:38:48 Image size of job updated: 179208
	176  -  MemoryUsage of job (MB)
	179208  -  ResidentSetSize of job (KB)
...
006 (842546.007.000) 2026-03-14 11:48:48 Image size of job updated: 179284
	176  -  MemoryUsage of job (MB)
	179284  -  ResidentSetSize of job (KB)
...
040 (842546.007.000) 2026-03-14 12:00:11 Started transferring output files
...
040 (842546.007.000) 2026-03-14 12:00:11 Finished transferring output files
...
005 (842546.007.000) 2026-03-14 12:00:11 Job terminated.
	(1) Normal termination (return value 0)
		Usr 0 00:44:20, Sys 0 00:10:46  -  Run Remote Usage
		Usr 0 00:00:00, Sys 0 00:00:00  -  Run Local Usage
		Usr 0 00:44:20, Sys 0 00:10:46  -  Total Remote Usage
		Usr 0 00:00:00, Sys 0 00:00:00  -  Total Local Usage
	40682  -  Run Bytes Sent By Job
	788  -  Run Bytes Received By Job
	40682  -  Total Bytes Sent By Job
	788  -  Total Bytes Received By Job
	Partitionable Resources :    Usage  Request Allocated 
	   Cpus                 :     0.92        1         1 
	   Disk (KB)            :   100           1      2831 
	   GPUs                 :                           0 
	   Memory (MB)          :   176        1024      1100 
	   TimeExecute (s)      :  3698                       
	   TimeSlotBusy (s)     :  3699                       

	Job terminated of its own accord at 2026-03-14T03:00:11Z with exit-code 0.
...
000 (845921.007.000) 2026-03-16 11:09:38 Job submitted from host: <155.230.23.72:9618?addrs=155.230.23.72-9618+[2407-c000-c024-0-20c-29ff-fe6a-c74b]-9618&alias=cms02.knu.ac.kr&noUDP&sock=schedd_1497_655d>
...
040 (845921.007.000) 2026-03-16 11:12:13 Started transferring input files
	Transferring to host: <155.230.21.42:9618?addrs=155.230.21.42-9618+[2407-c000-c025--21-42]-9618&alias=cluster242.knu.ac.kr&noUDP&sock=slot1_4_1505_2896_1832>
...
040 (845921.007.000) 2026-03-16 11:12:13 Finished transferring input files
...
001 (845921.007.000) 2026-03-16 11:12:14 Job executing on host: <155.230.21.42:9618?addrs=155.230.21.42-9618+[2407-c000-c025--21-42]-9618&alias=cluster242.knu.ac.kr&noUDP&sock=startd_1092_9982>
	SlotName: slot1_4@cluster242.knu.ac.kr
	CondorScratchDir = "/home/condor/dir_2718518"
	Cpus = 1
	Disk = 2825
	GPUs = 0
	Memory = 1100
...
006 (845921.007.000) 2026-03-16 11:12:23 Image size of job updated: 106996
	105  -  MemoryUsage of job (MB)
	106996  -  ResidentSetSize of job (KB)
...
006 (845921.007.000) 2026-03-16 11:17:24 Image size of job updated: 150940
	148  -  MemoryUsage of job (MB)
	150940  -  ResidentSetSize of job (KB)
...
006 (845921.007.000) 2026-03-16 11:22:25 Image size of job updated: 151044
	148  -  MemoryUsage of job (MB)
	151044  -  ResidentSetSize of job (KB)
...
006 (845921.007.000) 2026-03-16 11:27:25 Image size of job updated: 171444
	168  -  MemoryUsage of job (MB)
	171444  -  ResidentSetSize of job (KB)
...
006 (845921.007.000) 2026-03-16 11:32:26 Image size of job updated: 171820
	168  -  MemoryUsage of job (MB)
	171820  -  ResidentSetSize of job (KB)
...
006 (845921.007.000) 2026-03-16 11:37:27 Image size of job updated: 171940
	168  -  MemoryUsage of job (MB)
	171940  -  ResidentSetSize of job (KB)
...
006 (845921.007.000) 2026-03-16 11:42:27 Image size of job updated: 171984
	168  -  MemoryUsage of job (MB)
	171984  -  ResidentSetSize of job (KB)
...
006 (845921.007.000) 2026-03-16 11:47:30 Image size of job updated: 172232
	169  -  MemoryUsage of job (MB)
	172232  -  ResidentSetSize of job (KB)
...
006 (845921.007.000) 2026-03-16 11:52:29 Image size of job updated: 172520
	169  -  MemoryUsage of job (MB)
	172520  -  ResidentSetSize of job (KB)
...
006 (845921.007.000) 2026-03-16 13:42:41 Image size of job updated: 172524
	169  -  MemoryUsage of job (MB)
	172520  -  ResidentSetSize of job (KB)
...
006 (845921.007.000) 2026-03-16 14:47:46 Image size of job updated: 179100
	175  -  MemoryUsage of job (MB)
	179100  -  ResidentSetSize of job (KB)
...
006 (845921.007.000) 2026-03-16 16:22:56 Image size of job updated: 179104
	175  -  MemoryUsage of job (MB)
	179104  -  ResidentSetSize of job (KB)
...
006 (845921.007.000) 2026-03-16 17:38:04 Image size of job updated: 179472
	176  -  MemoryUsage of job (MB)
	179472  -  ResidentSetSize of job (KB)
...
006 (845921.007.000) 2026-03-16 18:33:09 Image size of job updated: 179488
	176  -  MemoryUsage of job (MB)
	179488  -  ResidentSetSize of job (KB)
...
040 (845921.007.000) 2026-03-16 20:06:13 Started transferring output files
...
040 (845921.007.000) 2026-03-16 20:06:13 Finished transferring output files
...
005 (845921.007.000) 2026-03-16 20:06:13 Job terminated.
	(1) Normal termination (return value 0)
		Usr 0 01:28:41, Sys 0 00:14:43  -  Run Remote Usage
		Usr 0 00:00:00, Sys 0 00:00:00  -  Run Local Usage
		Usr 0 01:28:41, Sys 0 00:14:43  -  Total Remote Usage
		Usr 0 00:00:00, Sys 0 00:00:00  -  Total Local Usage
	42658  -  Run Bytes Sent By Job
	788  -  Run Bytes Received By Job
	42658  -  Total Bytes Sent By Job
	788  -  Total Bytes Received By Job
	Partitionable Resources :    Usage  Request Allocated 
	   Cpus                 :     0.39        1         1 
	   Disk (KB)            :    64           1      2825 
	   GPUs                 :                           0 
	   Memory (MB)          :   176        1024      1100 
	   TimeExecute (s)      : 32036                       
	   TimeSlotBusy (s)     : 32040                       

	Job terminated of its own accord at 2026-03-16T11:06:10Z with exit-code 0.
...
