000 (842546.010.000) 2026-03-14 10:57:17 Job submitted from host: <155.230.23.72:9618?addrs=155.230.23.72-9618+[2407-c000-c024-0-20c-29ff-fe6a-c74b]-9618&alias=cms02.knu.ac.kr&noUDP&sock=schedd_1497_655d>
...
040 (842546.010.000) 2026-03-14 10:58:33 Started transferring input files
	Transferring to host: <155.230.21.96:9618?addrs=155.230.21.96-9618+[2407-c000-c025--21-96]-9618&alias=cluster296.knu.ac.kr&noUDP&sock=slot1_4_1708_30bf_2778>
...
040 (842546.010.000) 2026-03-14 10:58:33 Finished transferring input files
...
001 (842546.010.000) 2026-03-14 10:58:34 Job executing on host: <155.230.21.96:9618?addrs=155.230.21.96-9618+[2407-c000-c025--21-96]-9618&alias=cluster296.knu.ac.kr&noUDP&sock=startd_1198_4e8c>
	SlotName: slot1_4@cluster296.knu.ac.kr
	CondorScratchDir = "/home/condor/dir_2307709"
	Cpus = 1
	Disk = 2826
	GPUs = 0
	Memory = 1100
...
006 (842546.010.000) 2026-03-14 10:58:43 Image size of job updated: 101488
	100  -  MemoryUsage of job (MB)
	101488  -  ResidentSetSize of job (KB)
...
006 (842546.010.000) 2026-03-14 11:03:44 Image size of job updated: 166080
	163  -  MemoryUsage of job (MB)
	166080  -  ResidentSetSize of job (KB)
...
006 (842546.010.000) 2026-03-14 11:08:44 Image size of job updated: 166516
	163  -  MemoryUsage of job (MB)
	166516  -  ResidentSetSize of job (KB)
...
006 (842546.010.000) 2026-03-14 11:13:45 Image size of job updated: 175960
	172  -  MemoryUsage of job (MB)
	175960  -  ResidentSetSize of job (KB)
...
006 (842546.010.000) 2026-03-14 11:18:46 Image size of job updated: 175968
	172  -  MemoryUsage of job (MB)
	175968  -  ResidentSetSize of job (KB)
...
006 (842546.010.000) 2026-03-14 11:23:46 Image size of job updated: 179268
	176  -  MemoryUsage of job (MB)
	179268  -  ResidentSetSize of job (KB)
...
006 (842546.010.000) 2026-03-14 11:33:47 Image size of job updated: 179272
	176  -  MemoryUsage of job (MB)
	179272  -  ResidentSetSize of job (KB)
...
040 (842546.010.000) 2026-03-14 12:26:26 Started transferring output files
...
040 (842546.010.000) 2026-03-14 12:26:26 Finished transferring output files
...
005 (842546.010.000) 2026-03-14 12:26:26 Job terminated.
	(1) Normal termination (return value 0)
		Usr 0 01:09:38, Sys 0 00:10:08  -  Run Remote Usage
		Usr 0 00:00:00, Sys 0 00:00:00  -  Run Local Usage
		Usr 0 01:09:38, Sys 0 00:10:08  -  Total Remote Usage
		Usr 0 00:00:00, Sys 0 00:00:00  -  Total Local Usage
	38510  -  Run Bytes Sent By Job
	788  -  Run Bytes Received By Job
	38510  -  Total Bytes Sent By Job
	788  -  Total Bytes Received By Job
	Partitionable Resources :    Usage  Request Allocated 
	   Cpus                 :     0.95        1         1 
	   Disk (KB)            :    98           1      2826 
	   GPUs                 :                           0 
	   Memory (MB)          :   176        1024      1100 
	   TimeExecute (s)      :  5272                       
	   TimeSlotBusy (s)     :  5273                       

	Job terminated of its own accord at 2026-03-14T03:26:26Z with exit-code 0.
...
000 (845921.010.000) 2026-03-16 11:09:38 Job submitted from host: <155.230.23.72:9618?addrs=155.230.23.72-9618+[2407-c000-c024-0-20c-29ff-fe6a-c74b]-9618&alias=cms02.knu.ac.kr&noUDP&sock=schedd_1497_655d>
...
040 (845921.010.000) 2026-03-16 11:12:09 Started transferring input files
	Transferring to host: <155.230.21.79:9618?addrs=155.230.21.79-9618+[2407-c000-c025--21-79]-9618&alias=cluster279.knu.ac.kr&noUDP&sock=slot1_7_1840_3244_4038>
...
040 (845921.010.000) 2026-03-16 11:12:09 Finished transferring input files
...
001 (845921.010.000) 2026-03-16 11:12:10 Job executing on host: <155.230.21.79:9618?addrs=155.230.21.79-9618+[2407-c000-c025--21-79]-9618&alias=cluster279.knu.ac.kr&noUDP&sock=startd_1377_1600>
	SlotName: slot1_7@cluster279.knu.ac.kr
	CondorScratchDir = "/home/condor/dir_1738227"
	Cpus = 1
	Disk = 2824
	GPUs = 0
	Memory = 1100
...
006 (845921.010.000) 2026-03-16 11:12:19 Image size of job updated: 109648
	108  -  MemoryUsage of job (MB)
	109648  -  ResidentSetSize of job (KB)
...
006 (845921.010.000) 2026-03-16 11:17:20 Image size of job updated: 166136
	163  -  MemoryUsage of job (MB)
	166136  -  ResidentSetSize of job (KB)
...
006 (845921.010.000) 2026-03-16 11:22:20 Image size of job updated: 166484
	163  -  MemoryUsage of job (MB)
	166484  -  ResidentSetSize of job (KB)
...
006 (845921.010.000) 2026-03-16 11:27:21 Image size of job updated: 176300
	173  -  MemoryUsage of job (MB)
	176300  -  ResidentSetSize of job (KB)
...
006 (845921.010.000) 2026-03-16 11:37:22 Image size of job updated: 176648
	173  -  MemoryUsage of job (MB)
	176648  -  ResidentSetSize of job (KB)
...
006 (845921.010.000) 2026-03-16 11:47:24 Image size of job updated: 176780
	173  -  MemoryUsage of job (MB)
	176780  -  ResidentSetSize of job (KB)
...
006 (845921.010.000) 2026-03-16 11:52:24 Image size of job updated: 179412
	176  -  MemoryUsage of job (MB)
	179412  -  ResidentSetSize of job (KB)
...
040 (845921.010.000) 2026-03-16 12:33:22 Started transferring output files
...
040 (845921.010.000) 2026-03-16 12:33:22 Finished transferring output files
...
005 (845921.010.000) 2026-03-16 12:33:22 Job terminated.
	(1) Normal termination (return value 0)
		Usr 0 01:05:14, Sys 0 00:09:55  -  Run Remote Usage
		Usr 0 00:00:00, Sys 0 00:00:00  -  Run Local Usage
		Usr 0 01:05:14, Sys 0 00:09:55  -  Total Remote Usage
		Usr 0 00:00:00, Sys 0 00:00:00  -  Total Local Usage
	38613  -  Run Bytes Sent By Job
	788  -  Run Bytes Received By Job
	38613  -  Total Bytes Sent By Job
	788  -  Total Bytes Received By Job
	Partitionable Resources :    Usage  Request Allocated 
	   Cpus                 :     0.95        1         1 
	   Disk (KB)            :    60           1      2824 
	   GPUs                 :                           0 
	   Memory (MB)          :   176        1024      1100 
	   TimeExecute (s)      :  4872                       
	   TimeSlotBusy (s)     :  4873                       

	Job terminated of its own accord at 2026-03-16T03:33:22Z with exit-code 0.
...
