000 (842546.033.000) 2026-03-14 10:57:17 Job submitted from host: <155.230.23.72:9618?addrs=155.230.23.72-9618+[2407-c000-c024-0-20c-29ff-fe6a-c74b]-9618&alias=cms02.knu.ac.kr&noUDP&sock=schedd_1497_655d>
...
040 (842546.033.000) 2026-03-14 10:58:41 Started transferring input files
	Transferring to host: <155.230.21.153:9618?addrs=155.230.21.153-9618+[2407-c000-c024-0-12ff-e0ff-fe03-bebe]-9618&alias=cluster353.knu.ac.kr&noUDP&sock=slot1_10_2402_2d1b_7002>
...
040 (842546.033.000) 2026-03-14 10:58:41 Finished transferring input files
...
001 (842546.033.000) 2026-03-14 10:58:42 Job executing on host: <155.230.21.153:9618?addrs=155.230.21.153-9618+[2407-c000-c024-0-12ff-e0ff-fe03-bebe]-9618&alias=cluster353.knu.ac.kr&noUDP&sock=startd_1930_65df>
	SlotName: slot1_10@cluster353.knu.ac.kr
	CondorScratchDir = "/home/condor/dir_2921845"
	Cpus = 1
	Disk = 2765
	GPUs = 0
	Memory = 1100
...
006 (842546.033.000) 2026-03-14 10:58:51 Image size of job updated: 85336
	84  -  MemoryUsage of job (MB)
	85336  -  ResidentSetSize of job (KB)
...
006 (842546.033.000) 2026-03-14 11:03:52 Image size of job updated: 164524
	161  -  MemoryUsage of job (MB)
	164524  -  ResidentSetSize of job (KB)
...
006 (842546.033.000) 2026-03-14 11:08:52 Image size of job updated: 172496
	169  -  MemoryUsage of job (MB)
	172496  -  ResidentSetSize of job (KB)
...
006 (842546.033.000) 2026-03-14 11:13:52 Image size of job updated: 175944
	172  -  MemoryUsage of job (MB)
	175944  -  ResidentSetSize of job (KB)
...
006 (842546.033.000) 2026-03-14 11:18:53 Image size of job updated: 175952
	172  -  MemoryUsage of job (MB)
	175952  -  ResidentSetSize of job (KB)
...
006 (842546.033.000) 2026-03-14 11:23:53 Image size of job updated: 176048
	172  -  MemoryUsage of job (MB)
	176048  -  ResidentSetSize of job (KB)
...
040 (842546.033.000) 2026-03-14 11:24:03 Started transferring output files
...
040 (842546.033.000) 2026-03-14 11:24:03 Finished transferring output files
...
005 (842546.033.000) 2026-03-14 11:24:03 Job terminated.
	(1) Normal termination (return value 0)
		Usr 0 00:20:08, Sys 0 00:01:26  -  Run Remote Usage
		Usr 0 00:00:00, Sys 0 00:00:00  -  Run Local Usage
		Usr 0 00:20:08, Sys 0 00:01:26  -  Total Remote Usage
		Usr 0 00:00:00, Sys 0 00:00:00  -  Total Local Usage
	28519  -  Run Bytes Sent By Job
	788  -  Run Bytes Received By Job
	28519  -  Total Bytes Sent By Job
	788  -  Total Bytes Received By Job
	Partitionable Resources :    Usage  Request Allocated 
	   Cpus                 :     0.86        1         1 
	   Disk (KB)            :    89           1      2765 
	   GPUs                 :                           0 
	   Memory (MB)          :   172        1024      1100 
	   TimeExecute (s)      :  1521                       
	   TimeSlotBusy (s)     :  1522                       

	Job terminated of its own accord at 2026-03-14T02:24:03Z with exit-code 0.
...
000 (845921.033.000) 2026-03-16 11:09:38 Job submitted from host: <155.230.23.72:9618?addrs=155.230.23.72-9618+[2407-c000-c024-0-20c-29ff-fe6a-c74b]-9618&alias=cms02.knu.ac.kr&noUDP&sock=schedd_1497_655d>
...
040 (845921.033.000) 2026-03-16 11:12:22 Started transferring input files
	Transferring to host: <155.230.21.79:9618?addrs=155.230.21.79-9618+[2407-c000-c025--21-79]-9618&alias=cluster279.knu.ac.kr&noUDP&sock=slot1_9_1840_3244_4039>
...
040 (845921.033.000) 2026-03-16 11:12:22 Finished transferring input files
...
001 (845921.033.000) 2026-03-16 11:12:23 Job executing on host: <155.230.21.79:9618?addrs=155.230.21.79-9618+[2407-c000-c025--21-79]-9618&alias=cluster279.knu.ac.kr&noUDP&sock=startd_1377_1600>
	SlotName: slot1_9@cluster279.knu.ac.kr
	CondorScratchDir = "/home/condor/dir_1738440"
	Cpus = 1
	Disk = 2824
	GPUs = 0
	Memory = 1100
...
006 (845921.033.000) 2026-03-16 11:12:31 Image size of job updated: 115144
	113  -  MemoryUsage of job (MB)
	115144  -  ResidentSetSize of job (KB)
...
006 (845921.033.000) 2026-03-16 11:17:31 Image size of job updated: 151732
	149  -  MemoryUsage of job (MB)
	151732  -  ResidentSetSize of job (KB)
...
006 (845921.033.000) 2026-03-16 11:22:32 Image size of job updated: 163028
	160  -  MemoryUsage of job (MB)
	163028  -  ResidentSetSize of job (KB)
...
006 (845921.033.000) 2026-03-16 11:27:33 Image size of job updated: 165260
	162  -  MemoryUsage of job (MB)
	165260  -  ResidentSetSize of job (KB)
...
006 (845921.033.000) 2026-03-16 11:32:33 Image size of job updated: 165660
	162  -  MemoryUsage of job (MB)
	165660  -  ResidentSetSize of job (KB)
...
006 (845921.033.000) 2026-03-16 11:37:34 Image size of job updated: 172628
	169  -  MemoryUsage of job (MB)
	172628  -  ResidentSetSize of job (KB)
...
006 (845921.033.000) 2026-03-16 11:47:35 Image size of job updated: 174156
	171  -  MemoryUsage of job (MB)
	174156  -  ResidentSetSize of job (KB)
...
006 (845921.033.000) 2026-03-16 11:52:35 Image size of job updated: 178900
	175  -  MemoryUsage of job (MB)
	178900  -  ResidentSetSize of job (KB)
...
006 (845921.033.000) 2026-03-16 12:12:37 Image size of job updated: 179064
	175  -  MemoryUsage of job (MB)
	179064  -  ResidentSetSize of job (KB)
...
040 (845921.033.000) 2026-03-16 12:19:13 Started transferring output files
...
040 (845921.033.000) 2026-03-16 12:19:13 Finished transferring output files
...
005 (845921.033.000) 2026-03-16 12:19:13 Job terminated.
	(1) Normal termination (return value 0)
		Usr 0 00:52:19, Sys 0 00:07:17  -  Run Remote Usage
		Usr 0 00:00:00, Sys 0 00:00:00  -  Run Local Usage
		Usr 0 00:52:19, Sys 0 00:07:17  -  Total Remote Usage
		Usr 0 00:00:00, Sys 0 00:00:00  -  Total Local Usage
	28964  -  Run Bytes Sent By Job
	788  -  Run Bytes Received By Job
	28964  -  Total Bytes Sent By Job
	788  -  Total Bytes Received By Job
	Partitionable Resources :    Usage  Request Allocated 
	   Cpus                 :     0.86        1         1 
	   Disk (KB)            :    50           1      2824 
	   GPUs                 :                           0 
	   Memory (MB)          :   175        1024      1100 
	   TimeExecute (s)      :  4007                       
	   TimeSlotBusy (s)     :  4011                       

	Job terminated of its own accord at 2026-03-16T03:19:10Z with exit-code 0.
...
