000 (842546.029.000) 2026-03-14 10:57:17 Job submitted from host: <155.230.23.72:9618?addrs=155.230.23.72-9618+[2407-c000-c024-0-20c-29ff-fe6a-c74b]-9618&alias=cms02.knu.ac.kr&noUDP&sock=schedd_1497_655d>
...
040 (842546.029.000) 2026-03-14 10:58:40 Started transferring input files
	Transferring to host: <155.230.21.119:9618?addrs=155.230.21.119-9618+[2407-c000-c025--21-119]-9618&alias=cluster319.knu.ac.kr&noUDP&sock=slot1_4_2021_ba2b_2215>
...
040 (842546.029.000) 2026-03-14 10:58:40 Finished transferring input files
...
001 (842546.029.000) 2026-03-14 10:58:41 Job executing on host: <155.230.21.119:9618?addrs=155.230.21.119-9618+[2407-c000-c025--21-119]-9618&alias=cluster319.knu.ac.kr&noUDP&sock=startd_1632_fea6>
	SlotName: slot1_4@cluster319.knu.ac.kr
	CondorScratchDir = "/home/condor/dir_1815908"
	Cpus = 1
	Disk = 2829
	GPUs = 0
	Memory = 1100
...
006 (842546.029.000) 2026-03-14 10:58:50 Image size of job updated: 85352
	84  -  MemoryUsage of job (MB)
	85352  -  ResidentSetSize of job (KB)
...
006 (842546.029.000) 2026-03-14 11:03:51 Image size of job updated: 169052
	166  -  MemoryUsage of job (MB)
	169052  -  ResidentSetSize of job (KB)
...
006 (842546.029.000) 2026-03-14 11:08:52 Image size of job updated: 174988
	171  -  MemoryUsage of job (MB)
	174988  -  ResidentSetSize of job (KB)
...
006 (842546.029.000) 2026-03-14 11:23:54 Image size of job updated: 179036
	175  -  MemoryUsage of job (MB)
	179036  -  ResidentSetSize of job (KB)
...
040 (842546.029.000) 2026-03-14 11:59:18 Started transferring output files
...
040 (842546.029.000) 2026-03-14 11:59:18 Finished transferring output files
...
005 (842546.029.000) 2026-03-14 11:59:18 Job terminated.
	(1) Normal termination (return value 0)
		Usr 0 00:46:32, Sys 0 00:08:29  -  Run Remote Usage
		Usr 0 00:00:00, Sys 0 00:00:00  -  Run Local Usage
		Usr 0 00:46:32, Sys 0 00:08:29  -  Total Remote Usage
		Usr 0 00:00:00, Sys 0 00:00:00  -  Total Local Usage
	32555  -  Run Bytes Sent By Job
	788  -  Run Bytes Received By Job
	32555  -  Total Bytes Sent By Job
	788  -  Total Bytes Received By Job
	Partitionable Resources :    Usage  Request Allocated 
	   Cpus                 :     0.91        1         1 
	   Disk (KB)            :    93           1      2829 
	   GPUs                 :                           0 
	   Memory (MB)          :   175        1024      1100 
	   TimeExecute (s)      :  3637                       
	   TimeSlotBusy (s)     :  3638                       

	Job terminated of its own accord at 2026-03-14T02:59:18Z with exit-code 0.
...
000 (845921.029.000) 2026-03-16 11:09:38 Job submitted from host: <155.230.23.72:9618?addrs=155.230.23.72-9618+[2407-c000-c024-0-20c-29ff-fe6a-c74b]-9618&alias=cms02.knu.ac.kr&noUDP&sock=schedd_1497_655d>
...
040 (845921.029.000) 2026-03-16 11:12:14 Started transferring input files
	Transferring to host: <155.230.21.146:9618?addrs=155.230.21.146-9618+[2407-c000-c025--21-146]-9618&alias=cluster346.knu.ac.kr&noUDP&sock=slot1_17_98017_97eb_4667>
...
040 (845921.029.000) 2026-03-16 11:12:14 Finished transferring input files
...
001 (845921.029.000) 2026-03-16 11:12:15 Job executing on host: <155.230.21.146:9618?addrs=155.230.21.146-9618+[2407-c000-c025--21-146]-9618&alias=cluster346.knu.ac.kr&noUDP&sock=startd_6945_4554>
	SlotName: slot1_17@cluster346.knu.ac.kr
	AvailableGPUs = {  }
	CondorScratchDir = "/home/condor/dir_372542"
	Cpus = 1
	Disk = 2048
	GPUs = 0
	Memory = 1100
...
006 (845921.029.000) 2026-03-16 11:12:24 Image size of job updated: 149680
	147  -  MemoryUsage of job (MB)
	149680  -  ResidentSetSize of job (KB)
...
006 (845921.029.000) 2026-03-16 11:17:25 Image size of job updated: 152204
	149  -  MemoryUsage of job (MB)
	152204  -  ResidentSetSize of job (KB)
...
006 (845921.029.000) 2026-03-16 11:22:26 Image size of job updated: 166056
	163  -  MemoryUsage of job (MB)
	166056  -  ResidentSetSize of job (KB)
...
006 (845921.029.000) 2026-03-16 11:27:26 Image size of job updated: 166076
	163  -  MemoryUsage of job (MB)
	166076  -  ResidentSetSize of job (KB)
...
006 (845921.029.000) 2026-03-16 11:32:27 Image size of job updated: 168684
	165  -  MemoryUsage of job (MB)
	168684  -  ResidentSetSize of job (KB)
...
006 (845921.029.000) 2026-03-16 11:37:28 Image size of job updated: 171744
	168  -  MemoryUsage of job (MB)
	171744  -  ResidentSetSize of job (KB)
...
006 (845921.029.000) 2026-03-16 11:42:28 Image size of job updated: 171996
	168  -  MemoryUsage of job (MB)
	171996  -  ResidentSetSize of job (KB)
...
006 (845921.029.000) 2026-03-16 11:57:30 Image size of job updated: 176892
	173  -  MemoryUsage of job (MB)
	176892  -  ResidentSetSize of job (KB)
...
006 (845921.029.000) 2026-03-16 12:07:32 Image size of job updated: 177092
	173  -  MemoryUsage of job (MB)
	177092  -  ResidentSetSize of job (KB)
...
006 (845921.029.000) 2026-03-16 12:12:33 Image size of job updated: 177684
	174  -  MemoryUsage of job (MB)
	177684  -  ResidentSetSize of job (KB)
...
040 (845921.029.000) 2026-03-16 12:23:04 Started transferring output files
...
040 (845921.029.000) 2026-03-16 12:23:04 Finished transferring output files
...
005 (845921.029.000) 2026-03-16 12:23:04 Job terminated.
	(1) Normal termination (return value 0)
		Usr 0 01:02:04, Sys 0 00:02:33  -  Run Remote Usage
		Usr 0 00:00:00, Sys 0 00:00:00  -  Run Local Usage
		Usr 0 01:02:04, Sys 0 00:02:33  -  Total Remote Usage
		Usr 0 00:00:00, Sys 0 00:00:00  -  Total Local Usage
	32813  -  Run Bytes Sent By Job
	788  -  Run Bytes Received By Job
	32813  -  Total Bytes Sent By Job
	788  -  Total Bytes Received By Job
	Partitionable Resources :    Usage  Request Allocated 
	   Cpus                 :     0.82        1         1 
	   Disk (KB)            :    54           1      2048 
	   GPUs                 :                           0 
	   Memory (MB)          :   174        1024      1100 
	   TimeExecute (s)      :  4249                       
	   TimeSlotBusy (s)     :  4250                       

	Job terminated of its own accord at 2026-03-16T03:23:04Z with exit-code 0.
...
