000 (842546.045.000) 2026-03-14 10:57:17 Job submitted from host: <155.230.23.72:9618?addrs=155.230.23.72-9618+[2407-c000-c024-0-20c-29ff-fe6a-c74b]-9618&alias=cms02.knu.ac.kr&noUDP&sock=schedd_1497_655d>
...
040 (842546.045.000) 2026-03-14 10:58:45 Started transferring input files
	Transferring to host: <155.230.21.71:9618?addrs=155.230.21.71-9618+[2407-c000-c025--21-71]-9618&alias=cluster271.knu.ac.kr&noUDP&sock=slot1_6_2586400_86d0_3983>
...
040 (842546.045.000) 2026-03-14 10:58:45 Finished transferring input files
...
001 (842546.045.000) 2026-03-14 10:58:47 Job executing on host: <155.230.21.71:9618?addrs=155.230.21.71-9618+[2407-c000-c025--21-71]-9618&alias=cluster271.knu.ac.kr&noUDP&sock=startd_1160_3df3>
	SlotName: slot1_6@cluster271.knu.ac.kr
	CondorScratchDir = "/home/condor/dir_3630636"
	Cpus = 1
	Disk = 2840
	GPUs = 0
	Memory = 1100
...
006 (842546.045.000) 2026-03-14 10:58:55 Image size of job updated: 106428
	104  -  MemoryUsage of job (MB)
	106428  -  ResidentSetSize of job (KB)
...
006 (842546.045.000) 2026-03-14 11:03:55 Image size of job updated: 153084
	150  -  MemoryUsage of job (MB)
	153084  -  ResidentSetSize of job (KB)
...
006 (842546.045.000) 2026-03-14 11:08:55 Image size of job updated: 169612
	166  -  MemoryUsage of job (MB)
	169612  -  ResidentSetSize of job (KB)
...
006 (842546.045.000) 2026-03-14 11:28:58 Image size of job updated: 169624
	166  -  MemoryUsage of job (MB)
	169624  -  ResidentSetSize of job (KB)
...
006 (842546.045.000) 2026-03-14 11:33:59 Image size of job updated: 170080
	167  -  MemoryUsage of job (MB)
	170080  -  ResidentSetSize of job (KB)
...
006 (842546.045.000) 2026-03-14 11:44:00 Image size of job updated: 170168
	167  -  MemoryUsage of job (MB)
	170168  -  ResidentSetSize of job (KB)
...
006 (842546.045.000) 2026-03-14 11:49:01 Image size of job updated: 170324
	167  -  MemoryUsage of job (MB)
	170324  -  ResidentSetSize of job (KB)
...
006 (842546.045.000) 2026-03-14 13:59:12 Image size of job updated: 171220
	168  -  MemoryUsage of job (MB)
	171220  -  ResidentSetSize of job (KB)
...
006 (842546.045.000) 2026-03-14 14:39:17 Image size of job updated: 171440
	168  -  MemoryUsage of job (MB)
	171440  -  ResidentSetSize of job (KB)
...
006 (842546.045.000) 2026-03-14 14:49:18 Image size of job updated: 171892
	168  -  MemoryUsage of job (MB)
	171892  -  ResidentSetSize of job (KB)
...
004 (842546.045.000) 2026-03-16 11:09:10 Job was evicted.
	(0) CPU times
		Usr 0 00:21:51, Sys 0 00:05:21  -  Run Remote Usage
		Usr 0 00:00:00, Sys 0 00:00:00  -  Run Local Usage
	0  -  Run Bytes Sent By Job
	788  -  Run Bytes Received By Job
	Partitionable Resources :    Usage  Request Allocated 
	   Cpus                 :        0        1         1 
	   Disk (KB)            :       77        1      2840 
	   GPUs                 :                           0 
	   Memory (MB)          :      168     1024      1100 
	   TimeExecute (s)      :   173424                    
	   TimeSlotBusy (s)     :   173425                    
...
009 (842546.045.000) 2026-03-16 11:09:11 Job was aborted.
	via condor_rm (by user dwkim)
...
000 (845921.045.000) 2026-03-16 11:09:38 Job submitted from host: <155.230.23.72:9618?addrs=155.230.23.72-9618+[2407-c000-c024-0-20c-29ff-fe6a-c74b]-9618&alias=cms02.knu.ac.kr&noUDP&sock=schedd_1497_655d>
...
040 (845921.045.000) 2026-03-16 11:12:49 Started transferring input files
	Transferring to host: <155.230.21.113:9618?addrs=155.230.21.113-9618+[2407-c000-c025--21-113]-9618&alias=cluster313.knu.ac.kr&noUDP&sock=slot1_20_2052_91cd_3937>
...
040 (845921.045.000) 2026-03-16 11:12:49 Finished transferring input files
...
001 (845921.045.000) 2026-03-16 11:12:50 Job executing on host: <155.230.21.113:9618?addrs=155.230.21.113-9618+[2407-c000-c025--21-113]-9618&alias=cluster313.knu.ac.kr&noUDP&sock=startd_1757_bbfd>
	SlotName: slot1_20@cluster313.knu.ac.kr
	CondorScratchDir = "/home/condor/dir_527578"
	Cpus = 1
	Disk = 2834
	GPUs = 0
	Memory = 1100
...
006 (845921.045.000) 2026-03-16 11:12:59 Image size of job updated: 113308
	111  -  MemoryUsage of job (MB)
	113308  -  ResidentSetSize of job (KB)
...
006 (845921.045.000) 2026-03-16 11:18:00 Image size of job updated: 153164
	150  -  MemoryUsage of job (MB)
	153164  -  ResidentSetSize of job (KB)
...
006 (845921.045.000) 2026-03-16 11:23:00 Image size of job updated: 153188
	150  -  MemoryUsage of job (MB)
	153188  -  ResidentSetSize of job (KB)
...
006 (845921.045.000) 2026-03-16 11:28:01 Image size of job updated: 153200
	150  -  MemoryUsage of job (MB)
	153200  -  ResidentSetSize of job (KB)
...
006 (845921.045.000) 2026-03-16 11:33:02 Image size of job updated: 153204
	150  -  MemoryUsage of job (MB)
	153204  -  ResidentSetSize of job (KB)
...
006 (845921.045.000) 2026-03-16 11:38:02 Image size of job updated: 153360
	150  -  MemoryUsage of job (MB)
	153360  -  ResidentSetSize of job (KB)
...
006 (845921.045.000) 2026-03-16 11:43:03 Image size of job updated: 153904
	151  -  MemoryUsage of job (MB)
	153904  -  ResidentSetSize of job (KB)
...
006 (845921.045.000) 2026-03-16 11:48:04 Image size of job updated: 165172
	162  -  MemoryUsage of job (MB)
	165172  -  ResidentSetSize of job (KB)
...
006 (845921.045.000) 2026-03-16 11:53:04 Image size of job updated: 170460
	167  -  MemoryUsage of job (MB)
	170460  -  ResidentSetSize of job (KB)
...
006 (845921.045.000) 2026-03-16 12:13:07 Image size of job updated: 176868
	173  -  MemoryUsage of job (MB)
	176868  -  ResidentSetSize of job (KB)
...
006 (845921.045.000) 2026-03-16 12:38:09 Image size of job updated: 178788
	175  -  MemoryUsage of job (MB)
	178788  -  ResidentSetSize of job (KB)
...
040 (845921.045.000) 2026-03-16 13:04:06 Started transferring output files
...
040 (845921.045.000) 2026-03-16 13:04:06 Finished transferring output files
...
005 (845921.045.000) 2026-03-16 13:04:06 Job terminated.
	(1) Normal termination (return value 0)
		Usr 0 01:19:51, Sys 0 00:09:07  -  Run Remote Usage
		Usr 0 00:00:00, Sys 0 00:00:00  -  Run Local Usage
		Usr 0 01:19:51, Sys 0 00:09:07  -  Total Remote Usage
		Usr 0 00:00:00, Sys 0 00:00:00  -  Total Local Usage
	31838  -  Run Bytes Sent By Job
	788  -  Run Bytes Received By Job
	31838  -  Total Bytes Sent By Job
	788  -  Total Bytes Received By Job
	Partitionable Resources :    Usage  Request Allocated 
	   Cpus                 :     0.88        1         1 
	   Disk (KB)            :    53           1      2834 
	   GPUs                 :                           0 
	   Memory (MB)          :   175        1024      1100 
	   TimeExecute (s)      :  6676                       
	   TimeSlotBusy (s)     :  6677                       

	Job terminated of its own accord at 2026-03-16T04:04:06Z with exit-code 0.
...
