000 (842546.039.000) 2026-03-14 10:57:17 Job submitted from host: <155.230.23.72:9618?addrs=155.230.23.72-9618+[2407-c000-c024-0-20c-29ff-fe6a-c74b]-9618&alias=cms02.knu.ac.kr&noUDP&sock=schedd_1497_655d>
...
040 (842546.039.000) 2026-03-14 10:58:43 Started transferring input files
	Transferring to host: <155.230.21.137:9618?addrs=155.230.21.137-9618+[2407-c000-c025--21-137]-9618&alias=cluster337.knu.ac.kr&noUDP&sock=slot1_16_4110_9de0_22066>
...
040 (842546.039.000) 2026-03-14 10:58:43 Finished transferring input files
...
001 (842546.039.000) 2026-03-14 10:58:44 Job executing on host: <155.230.21.137:9618?addrs=155.230.21.137-9618+[2407-c000-c025--21-137]-9618&alias=cluster337.knu.ac.kr&noUDP&sock=startd_3186_e8d3>
	SlotName: slot1_16@cluster337.knu.ac.kr
	CondorScratchDir = "/home/condor/dir_1124996"
	Cpus = 1
	Disk = 4687
	GPUs = 0
	Memory = 1100
...
006 (842546.039.000) 2026-03-14 10:58:53 Image size of job updated: 106860
	105  -  MemoryUsage of job (MB)
	106860  -  ResidentSetSize of job (KB)
...
006 (842546.039.000) 2026-03-14 11:03:54 Image size of job updated: 153976
	151  -  MemoryUsage of job (MB)
	153976  -  ResidentSetSize of job (KB)
...
006 (842546.039.000) 2026-03-14 11:08:55 Image size of job updated: 169620
	166  -  MemoryUsage of job (MB)
	169620  -  ResidentSetSize of job (KB)
...
006 (842546.039.000) 2026-03-14 11:13:55 Image size of job updated: 171904
	168  -  MemoryUsage of job (MB)
	171904  -  ResidentSetSize of job (KB)
...
006 (842546.039.000) 2026-03-14 11:18:55 Image size of job updated: 172568
	169  -  MemoryUsage of job (MB)
	172568  -  ResidentSetSize of job (KB)
...
006 (842546.039.000) 2026-03-14 11:23:56 Image size of job updated: 172576
	169  -  MemoryUsage of job (MB)
	172576  -  ResidentSetSize of job (KB)
...
006 (842546.039.000) 2026-03-14 11:33:56 Image size of job updated: 173232
	170  -  MemoryUsage of job (MB)
	173232  -  ResidentSetSize of job (KB)
...
006 (842546.039.000) 2026-03-14 11:38:57 Image size of job updated: 175048
	171  -  MemoryUsage of job (MB)
	175048  -  ResidentSetSize of job (KB)
...
040 (842546.039.000) 2026-03-14 11:47:38 Started transferring output files
...
040 (842546.039.000) 2026-03-14 11:47:38 Finished transferring output files
...
005 (842546.039.000) 2026-03-14 11:47:38 Job terminated.
	(1) Normal termination (return value 0)
		Usr 0 00:35:19, Sys 0 00:08:19  -  Run Remote Usage
		Usr 0 00:00:00, Sys 0 00:00:00  -  Run Local Usage
		Usr 0 00:35:19, Sys 0 00:08:19  -  Total Remote Usage
		Usr 0 00:00:00, Sys 0 00:00:00  -  Total Local Usage
	31624  -  Run Bytes Sent By Job
	788  -  Run Bytes Received By Job
	31624  -  Total Bytes Sent By Job
	788  -  Total Bytes Received By Job
	Partitionable Resources :    Usage  Request Allocated 
	   Cpus                 :     0.87        1         1 
	   Disk (KB)            :    92           1      4687 
	   GPUs                 :                           0 
	   Memory (MB)          :   171        1024      1100 
	   TimeExecute (s)      :  2934                       
	   TimeSlotBusy (s)     :  2935                       

	Job terminated of its own accord at 2026-03-14T02:47:38Z with exit-code 0.
...
000 (845921.039.000) 2026-03-16 11:09:38 Job submitted from host: <155.230.23.72:9618?addrs=155.230.23.72-9618+[2407-c000-c024-0-20c-29ff-fe6a-c74b]-9618&alias=cms02.knu.ac.kr&noUDP&sock=schedd_1497_655d>
...
040 (845921.039.000) 2026-03-16 11:12:23 Started transferring input files
	Transferring to host: <155.230.21.119:9618?addrs=155.230.21.119-9618+[2407-c000-c025--21-119]-9618&alias=cluster319.knu.ac.kr&noUDP&sock=slot1_12_2021_ba2b_2640>
...
040 (845921.039.000) 2026-03-16 11:12:23 Finished transferring input files
...
001 (845921.039.000) 2026-03-16 11:12:24 Job executing on host: <155.230.21.119:9618?addrs=155.230.21.119-9618+[2407-c000-c025--21-119]-9618&alias=cluster319.knu.ac.kr&noUDP&sock=startd_1632_fea6>
	SlotName: slot1_12@cluster319.knu.ac.kr
	CondorScratchDir = "/home/condor/dir_2048340"
	Cpus = 1
	Disk = 2829
	GPUs = 0
	Memory = 1100
...
006 (845921.039.000) 2026-03-16 11:12:33 Image size of job updated: 107012
	105  -  MemoryUsage of job (MB)
	107012  -  ResidentSetSize of job (KB)
...
006 (845921.039.000) 2026-03-16 11:17:33 Image size of job updated: 153596
	150  -  MemoryUsage of job (MB)
	153596  -  ResidentSetSize of job (KB)
...
006 (845921.039.000) 2026-03-16 11:22:33 Image size of job updated: 153632
	151  -  MemoryUsage of job (MB)
	153632  -  ResidentSetSize of job (KB)
...
006 (845921.039.000) 2026-03-16 11:27:34 Image size of job updated: 153924
	151  -  MemoryUsage of job (MB)
	153924  -  ResidentSetSize of job (KB)
...
006 (845921.039.000) 2026-03-16 11:37:34 Image size of job updated: 154364
	151  -  MemoryUsage of job (MB)
	154364  -  ResidentSetSize of job (KB)
...
006 (845921.039.000) 2026-03-16 11:42:35 Image size of job updated: 154372
	151  -  MemoryUsage of job (MB)
	154372  -  ResidentSetSize of job (KB)
...
006 (845921.039.000) 2026-03-16 11:47:35 Image size of job updated: 165068
	162  -  MemoryUsage of job (MB)
	165068  -  ResidentSetSize of job (KB)
...
006 (845921.039.000) 2026-03-16 11:52:35 Image size of job updated: 165080
	162  -  MemoryUsage of job (MB)
	165080  -  ResidentSetSize of job (KB)
...
006 (845921.039.000) 2026-03-16 11:57:36 Image size of job updated: 170964
	167  -  MemoryUsage of job (MB)
	170964  -  ResidentSetSize of job (KB)
...
006 (845921.039.000) 2026-03-16 12:07:36 Image size of job updated: 174044
	170  -  MemoryUsage of job (MB)
	174044  -  ResidentSetSize of job (KB)
...
006 (845921.039.000) 2026-03-16 12:22:38 Image size of job updated: 174616
	171  -  MemoryUsage of job (MB)
	174616  -  ResidentSetSize of job (KB)
...
006 (845921.039.000) 2026-03-16 12:32:40 Image size of job updated: 175208
	172  -  MemoryUsage of job (MB)
	175208  -  ResidentSetSize of job (KB)
...
006 (845921.039.000) 2026-03-16 12:42:40 Image size of job updated: 176188
	173  -  MemoryUsage of job (MB)
	176188  -  ResidentSetSize of job (KB)
...
006 (845921.039.000) 2026-03-16 12:52:42 Image size of job updated: 177468
	174  -  MemoryUsage of job (MB)
	177468  -  ResidentSetSize of job (KB)
...
040 (845921.039.000) 2026-03-16 13:06:28 Started transferring output files
...
040 (845921.039.000) 2026-03-16 13:06:28 Finished transferring output files
...
005 (845921.039.000) 2026-03-16 13:06:28 Job terminated.
	(1) Normal termination (return value 0)
		Usr 0 01:31:29, Sys 0 00:08:30  -  Run Remote Usage
		Usr 0 00:00:00, Sys 0 00:00:00  -  Run Local Usage
		Usr 0 01:31:29, Sys 0 00:08:30  -  Total Remote Usage
		Usr 0 00:00:00, Sys 0 00:00:00  -  Total Local Usage
	32657  -  Run Bytes Sent By Job
	788  -  Run Bytes Received By Job
	32657  -  Total Bytes Sent By Job
	788  -  Total Bytes Received By Job
	Partitionable Resources :    Usage  Request Allocated 
	   Cpus                 :     0.92        1         1 
	   Disk (KB)            :    54           1      2829 
	   GPUs                 :                           0 
	   Memory (MB)          :   174        1024      1100 
	   TimeExecute (s)      :  6844                       
	   TimeSlotBusy (s)     :  6845                       

	Job terminated of its own accord at 2026-03-16T04:06:28Z with exit-code 0.
...
