000 (842546.073.000) 2026-03-14 10:57:17 Job submitted from host: <155.230.23.72:9618?addrs=155.230.23.72-9618+[2407-c000-c024-0-20c-29ff-fe6a-c74b]-9618&alias=cms02.knu.ac.kr&noUDP&sock=schedd_1497_655d>
...
040 (842546.073.000) 2026-03-14 10:58:55 Started transferring input files
	Transferring to host: <155.230.21.144:9618?addrs=155.230.21.144-9618+[2407-c000-c025--21-144]-9618&alias=cluster344.knu.ac.kr&noUDP&sock=slot1_14_3897_89f8_5036>
...
040 (842546.073.000) 2026-03-14 10:58:55 Finished transferring input files
...
001 (842546.073.000) 2026-03-14 10:58:57 Job executing on host: <155.230.21.144:9618?addrs=155.230.21.144-9618+[2407-c000-c025--21-144]-9618&alias=cluster344.knu.ac.kr&noUDP&sock=startd_3065_e9dd>
	SlotName: slot1_14@cluster344.knu.ac.kr
	CondorScratchDir = "/home/condor/dir_2407080"
	Cpus = 1
	Disk = 2826
	GPUs = 0
	Memory = 1100
...
006 (842546.073.000) 2026-03-14 10:59:05 Image size of job updated: 99156
	97  -  MemoryUsage of job (MB)
	99156  -  ResidentSetSize of job (KB)
...
006 (842546.073.000) 2026-03-14 11:04:05 Image size of job updated: 157760
	155  -  MemoryUsage of job (MB)
	157760  -  ResidentSetSize of job (KB)
...
006 (842546.073.000) 2026-03-14 11:09:05 Image size of job updated: 161248
	158  -  MemoryUsage of job (MB)
	161248  -  ResidentSetSize of job (KB)
...
006 (842546.073.000) 2026-03-14 11:14:06 Image size of job updated: 168056
	165  -  MemoryUsage of job (MB)
	168056  -  ResidentSetSize of job (KB)
...
006 (842546.073.000) 2026-03-14 11:24:07 Image size of job updated: 168264
	165  -  MemoryUsage of job (MB)
	168264  -  ResidentSetSize of job (KB)
...
006 (842546.073.000) 2026-03-14 11:29:08 Image size of job updated: 168336
	165  -  MemoryUsage of job (MB)
	168336  -  ResidentSetSize of job (KB)
...
006 (842546.073.000) 2026-03-14 11:34:09 Image size of job updated: 168348
	165  -  MemoryUsage of job (MB)
	168348  -  ResidentSetSize of job (KB)
...
006 (842546.073.000) 2026-03-14 11:39:09 Image size of job updated: 173192
	170  -  MemoryUsage of job (MB)
	173192  -  ResidentSetSize of job (KB)
...
040 (842546.073.000) 2026-03-14 11:56:21 Started transferring output files
...
040 (842546.073.000) 2026-03-14 11:56:21 Finished transferring output files
...
005 (842546.073.000) 2026-03-14 11:56:21 Job terminated.
	(1) Normal termination (return value 0)
		Usr 0 00:36:36, Sys 0 00:07:25  -  Run Remote Usage
		Usr 0 00:00:00, Sys 0 00:00:00  -  Run Local Usage
		Usr 0 00:36:36, Sys 0 00:07:25  -  Total Remote Usage
		Usr 0 00:00:00, Sys 0 00:00:00  -  Total Local Usage
	27126  -  Run Bytes Sent By Job
	788  -  Run Bytes Received By Job
	27126  -  Total Bytes Sent By Job
	788  -  Total Bytes Received By Job
	Partitionable Resources :    Usage  Request Allocated 
	   Cpus                 :     0.83        1         1 
	   Disk (KB)            :    87           1      2826 
	   GPUs                 :                           0 
	   Memory (MB)          :   170        1024      1100 
	   TimeExecute (s)      :  3445                       
	   TimeSlotBusy (s)     :  3446                       

	Job terminated of its own accord at 2026-03-14T02:56:21Z with exit-code 0.
...
000 (845921.073.000) 2026-03-16 11:09:38 Job submitted from host: <155.230.23.72:9618?addrs=155.230.23.72-9618+[2407-c000-c024-0-20c-29ff-fe6a-c74b]-9618&alias=cms02.knu.ac.kr&noUDP&sock=schedd_1497_655d>
...
040 (845921.073.000) 2026-03-16 11:13:28 Started transferring input files
	Transferring to host: <155.230.21.129:9618?addrs=155.230.21.129-9618+[2407-c000-c025--21-129]-9618&alias=cluster329.knu.ac.kr&noUDP&sock=slot1_14_3623_7b2c_4630>
...
040 (845921.073.000) 2026-03-16 11:13:28 Finished transferring input files
...
001 (845921.073.000) 2026-03-16 11:13:29 Job executing on host: <155.230.21.129:9618?addrs=155.230.21.129-9618+[2407-c000-c025--21-129]-9618&alias=cluster329.knu.ac.kr&noUDP&sock=startd_2866_6a85>
	SlotName: slot1_14@cluster329.knu.ac.kr
	AvailableGPUs = {  }
	CondorScratchDir = "/home/condor/dir_3794697"
	Cpus = 1
	Disk = 2823
	GPUs = 0
	Memory = 1100
...
006 (845921.073.000) 2026-03-16 11:13:38 Image size of job updated: 143876
	141  -  MemoryUsage of job (MB)
	143876  -  ResidentSetSize of job (KB)
...
006 (845921.073.000) 2026-03-16 11:18:39 Image size of job updated: 150592
	148  -  MemoryUsage of job (MB)
	150592  -  ResidentSetSize of job (KB)
...
006 (845921.073.000) 2026-03-16 11:23:39 Image size of job updated: 163624
	160  -  MemoryUsage of job (MB)
	163624  -  ResidentSetSize of job (KB)
...
006 (845921.073.000) 2026-03-16 11:28:39 Image size of job updated: 170248
	167  -  MemoryUsage of job (MB)
	170248  -  ResidentSetSize of job (KB)
...
006 (845921.073.000) 2026-03-16 11:33:40 Image size of job updated: 173032
	169  -  MemoryUsage of job (MB)
	173032  -  ResidentSetSize of job (KB)
...
006 (845921.073.000) 2026-03-16 11:48:41 Image size of job updated: 175308
	172  -  MemoryUsage of job (MB)
	175308  -  ResidentSetSize of job (KB)
...
006 (845921.073.000) 2026-03-16 11:58:42 Image size of job updated: 177848
	174  -  MemoryUsage of job (MB)
	177848  -  ResidentSetSize of job (KB)
...
040 (845921.073.000) 2026-03-16 12:17:33 Started transferring output files
...
040 (845921.073.000) 2026-03-16 12:17:33 Finished transferring output files
...
005 (845921.073.000) 2026-03-16 12:17:33 Job terminated.
	(1) Normal termination (return value 0)
		Usr 0 00:50:29, Sys 0 00:06:50  -  Run Remote Usage
		Usr 0 00:00:00, Sys 0 00:00:00  -  Run Local Usage
		Usr 0 00:50:29, Sys 0 00:06:50  -  Total Remote Usage
		Usr 0 00:00:00, Sys 0 00:00:00  -  Total Local Usage
	27428  -  Run Bytes Sent By Job
	788  -  Run Bytes Received By Job
	27428  -  Total Bytes Sent By Job
	788  -  Total Bytes Received By Job
	Partitionable Resources :    Usage  Request Allocated 
	   Cpus                 :     0.62        1         1 
	   Disk (KB)            :    49           1      2823 
	   GPUs                 :                           0 
	   Memory (MB)          :   174        1024      1100 
	   TimeExecute (s)      :  3843                       
	   TimeSlotBusy (s)     :  3845                       

	Job terminated of its own accord at 2026-03-16T03:17:32Z with exit-code 0.
...
