000 (842546.048.000) 2026-03-14 10:57:17 Job submitted from host: <155.230.23.72:9618?addrs=155.230.23.72-9618+[2407-c000-c024-0-20c-29ff-fe6a-c74b]-9618&alias=cms02.knu.ac.kr&noUDP&sock=schedd_1497_655d>
...
040 (842546.048.000) 2026-03-14 10:58:47 Started transferring input files
	Transferring to host: <155.230.21.106:9618?addrs=155.230.21.106-9618+[2407-c000-c025--21-106]-9618&alias=cluster306.knu.ac.kr&noUDP&sock=slot1_7_1861_fe25_3214>
...
040 (842546.048.000) 2026-03-14 10:58:47 Finished transferring input files
...
001 (842546.048.000) 2026-03-14 10:58:48 Job executing on host: <155.230.21.106:9618?addrs=155.230.21.106-9618+[2407-c000-c025--21-106]-9618&alias=cluster306.knu.ac.kr&noUDP&sock=startd_1495_062d>
	SlotName: slot1_7@cluster306.knu.ac.kr
	CondorScratchDir = "/home/condor/dir_2803475"
	Cpus = 1
	Disk = 2833
	GPUs = 0
	Memory = 1100
...
006 (842546.048.000) 2026-03-14 10:58:56 Image size of job updated: 101492
	100  -  MemoryUsage of job (MB)
	101492  -  ResidentSetSize of job (KB)
...
006 (842546.048.000) 2026-03-14 11:03:56 Image size of job updated: 153712
	151  -  MemoryUsage of job (MB)
	153712  -  ResidentSetSize of job (KB)
...
006 (842546.048.000) 2026-03-14 11:08:57 Image size of job updated: 165392
	162  -  MemoryUsage of job (MB)
	165392  -  ResidentSetSize of job (KB)
...
006 (842546.048.000) 2026-03-14 11:13:58 Image size of job updated: 165788
	162  -  MemoryUsage of job (MB)
	165788  -  ResidentSetSize of job (KB)
...
006 (842546.048.000) 2026-03-14 11:18:58 Image size of job updated: 169292
	166  -  MemoryUsage of job (MB)
	169292  -  ResidentSetSize of job (KB)
...
006 (842546.048.000) 2026-03-14 11:23:59 Image size of job updated: 169296
	166  -  MemoryUsage of job (MB)
	169296  -  ResidentSetSize of job (KB)
...
006 (842546.048.000) 2026-03-14 11:29:00 Image size of job updated: 169396
	166  -  MemoryUsage of job (MB)
	169396  -  ResidentSetSize of job (KB)
...
006 (842546.048.000) 2026-03-14 11:34:00 Image size of job updated: 176136
	173  -  MemoryUsage of job (MB)
	176136  -  ResidentSetSize of job (KB)
...
006 (842546.048.000) 2026-03-14 11:44:01 Image size of job updated: 176152
	173  -  MemoryUsage of job (MB)
	176152  -  ResidentSetSize of job (KB)
...
040 (842546.048.000) 2026-03-14 12:09:16 Started transferring output files
...
040 (842546.048.000) 2026-03-14 12:09:16 Finished transferring output files
...
005 (842546.048.000) 2026-03-14 12:09:17 Job terminated.
	(1) Normal termination (return value 0)
		Usr 0 00:56:10, Sys 0 00:08:44  -  Run Remote Usage
		Usr 0 00:00:00, Sys 0 00:00:00  -  Run Local Usage
		Usr 0 00:56:10, Sys 0 00:08:44  -  Total Remote Usage
		Usr 0 00:00:00, Sys 0 00:00:00  -  Total Local Usage
	32121  -  Run Bytes Sent By Job
	788  -  Run Bytes Received By Job
	32121  -  Total Bytes Sent By Job
	788  -  Total Bytes Received By Job
	Partitionable Resources :    Usage  Request Allocated 
	   Cpus                 :     0.95        1         1 
	   Disk (KB)            :    92           1      2833 
	   GPUs                 :                           0 
	   Memory (MB)          :   173        1024      1100 
	   TimeExecute (s)      :  4228                       
	   TimeSlotBusy (s)     :  4229                       

	Job terminated of its own accord at 2026-03-14T03:09:16Z with exit-code 0.
...
000 (845921.048.000) 2026-03-16 11:09:38 Job submitted from host: <155.230.23.72:9618?addrs=155.230.23.72-9618+[2407-c000-c024-0-20c-29ff-fe6a-c74b]-9618&alias=cms02.knu.ac.kr&noUDP&sock=schedd_1497_655d>
...
040 (845921.048.000) 2026-03-16 11:12:50 Started transferring input files
	Transferring to host: <155.230.21.94:9618?addrs=155.230.21.94-9618+[2407-c000-c025--21-94]-9618&alias=cluster294.knu.ac.kr&noUDP&sock=slot1_9_1751_7ce0_2739>
...
040 (845921.048.000) 2026-03-16 11:12:50 Finished transferring input files
...
001 (845921.048.000) 2026-03-16 11:12:52 Job executing on host: <155.230.21.94:9618?addrs=155.230.21.94-9618+[2407-c000-c025--21-94]-9618&alias=cluster294.knu.ac.kr&noUDP&sock=startd_1252_58a9>
	SlotName: slot1_9@cluster294.knu.ac.kr
	CondorScratchDir = "/home/condor/dir_2555045"
	Cpus = 1
	Disk = 2825
	GPUs = 0
	Memory = 1100
...
006 (845921.048.000) 2026-03-16 11:13:00 Image size of job updated: 72940
	72  -  MemoryUsage of job (MB)
	72940  -  ResidentSetSize of job (KB)
...
006 (845921.048.000) 2026-03-16 11:18:00 Image size of job updated: 153056
	150  -  MemoryUsage of job (MB)
	153056  -  ResidentSetSize of job (KB)
...
006 (845921.048.000) 2026-03-16 11:23:00 Image size of job updated: 153376
	150  -  MemoryUsage of job (MB)
	153376  -  ResidentSetSize of job (KB)
...
006 (845921.048.000) 2026-03-16 11:28:01 Image size of job updated: 153664
	151  -  MemoryUsage of job (MB)
	153664  -  ResidentSetSize of job (KB)
...
006 (845921.048.000) 2026-03-16 11:33:02 Image size of job updated: 154196
	151  -  MemoryUsage of job (MB)
	154196  -  ResidentSetSize of job (KB)
...
006 (845921.048.000) 2026-03-16 11:38:02 Image size of job updated: 154356
	151  -  MemoryUsage of job (MB)
	154356  -  ResidentSetSize of job (KB)
...
006 (845921.048.000) 2026-03-16 11:43:03 Image size of job updated: 166012
	163  -  MemoryUsage of job (MB)
	166012  -  ResidentSetSize of job (KB)
...
006 (845921.048.000) 2026-03-16 11:48:04 Image size of job updated: 172196
	169  -  MemoryUsage of job (MB)
	172196  -  ResidentSetSize of job (KB)
...
006 (845921.048.000) 2026-03-16 12:03:06 Image size of job updated: 176168
	173  -  MemoryUsage of job (MB)
	176168  -  ResidentSetSize of job (KB)
...
006 (845921.048.000) 2026-03-16 12:13:06 Image size of job updated: 178892
	175  -  MemoryUsage of job (MB)
	178892  -  ResidentSetSize of job (KB)
...
006 (845921.048.000) 2026-03-16 12:23:07 Image size of job updated: 178920
	175  -  MemoryUsage of job (MB)
	178920  -  ResidentSetSize of job (KB)
...
040 (845921.048.000) 2026-03-16 12:49:00 Started transferring output files
...
040 (845921.048.000) 2026-03-16 12:49:00 Finished transferring output files
...
005 (845921.048.000) 2026-03-16 12:49:00 Job terminated.
	(1) Normal termination (return value 0)
		Usr 0 01:14:35, Sys 0 00:08:25  -  Run Remote Usage
		Usr 0 00:00:00, Sys 0 00:00:00  -  Run Local Usage
		Usr 0 01:14:35, Sys 0 00:08:25  -  Total Remote Usage
		Usr 0 00:00:00, Sys 0 00:00:00  -  Total Local Usage
	32878  -  Run Bytes Sent By Job
	788  -  Run Bytes Received By Job
	32878  -  Total Bytes Sent By Job
	788  -  Total Bytes Received By Job
	Partitionable Resources :    Usage  Request Allocated 
	   Cpus                 :     0.94        1         1 
	   Disk (KB)            :    54           1      2825 
	   GPUs                 :                           0 
	   Memory (MB)          :   175        1024      1100 
	   TimeExecute (s)      :  5769                       
	   TimeSlotBusy (s)     :  5770                       

	Job terminated of its own accord at 2026-03-16T03:49:00Z with exit-code 0.
...
