000 (842546.068.000) 2026-03-14 10:57:17 Job submitted from host: <155.230.23.72:9618?addrs=155.230.23.72-9618+[2407-c000-c024-0-20c-29ff-fe6a-c74b]-9618&alias=cms02.knu.ac.kr&noUDP&sock=schedd_1497_655d>
...
040 (842546.068.000) 2026-03-14 10:58:58 Started transferring input files
	Transferring to host: <155.230.21.94:9618?addrs=155.230.21.94-9618+[2407-c000-c025--21-94]-9618&alias=cluster294.knu.ac.kr&noUDP&sock=slot1_8_1751_7ce0_2355>
...
040 (842546.068.000) 2026-03-14 10:58:58 Finished transferring input files
...
001 (842546.068.000) 2026-03-14 10:58:59 Job executing on host: <155.230.21.94:9618?addrs=155.230.21.94-9618+[2407-c000-c025--21-94]-9618&alias=cluster294.knu.ac.kr&noUDP&sock=startd_1252_58a9>
	SlotName: slot1_8@cluster294.knu.ac.kr
	CondorScratchDir = "/home/condor/dir_1832940"
	Cpus = 1
	Disk = 2825
	GPUs = 0
	Memory = 1100
...
006 (842546.068.000) 2026-03-14 10:59:08 Image size of job updated: 103492
	102  -  MemoryUsage of job (MB)
	103492  -  ResidentSetSize of job (KB)
...
006 (842546.068.000) 2026-03-14 11:04:09 Image size of job updated: 150812
	148  -  MemoryUsage of job (MB)
	150812  -  ResidentSetSize of job (KB)
...
006 (842546.068.000) 2026-03-14 11:09:09 Image size of job updated: 162996
	160  -  MemoryUsage of job (MB)
	162996  -  ResidentSetSize of job (KB)
...
006 (842546.068.000) 2026-03-14 11:14:10 Image size of job updated: 165516
	162  -  MemoryUsage of job (MB)
	165516  -  ResidentSetSize of job (KB)
...
006 (842546.068.000) 2026-03-14 11:19:11 Image size of job updated: 166000
	163  -  MemoryUsage of job (MB)
	166000  -  ResidentSetSize of job (KB)
...
006 (842546.068.000) 2026-03-14 11:24:11 Image size of job updated: 166100
	163  -  MemoryUsage of job (MB)
	166100  -  ResidentSetSize of job (KB)
...
006 (842546.068.000) 2026-03-14 11:29:11 Image size of job updated: 166136
	163  -  MemoryUsage of job (MB)
	166136  -  ResidentSetSize of job (KB)
...
006 (842546.068.000) 2026-03-14 11:34:12 Image size of job updated: 171028
	168  -  MemoryUsage of job (MB)
	171028  -  ResidentSetSize of job (KB)
...
006 (842546.068.000) 2026-03-14 11:44:12 Image size of job updated: 173548
	170  -  MemoryUsage of job (MB)
	173548  -  ResidentSetSize of job (KB)
...
006 (842546.068.000) 2026-03-14 11:49:13 Image size of job updated: 176132
	173  -  MemoryUsage of job (MB)
	176132  -  ResidentSetSize of job (KB)
...
040 (842546.068.000) 2026-03-14 11:51:36 Started transferring output files
...
040 (842546.068.000) 2026-03-14 11:51:36 Finished transferring output files
...
005 (842546.068.000) 2026-03-14 11:51:36 Job terminated.
	(1) Normal termination (return value 0)
		Usr 0 00:40:57, Sys 0 00:06:24  -  Run Remote Usage
		Usr 0 00:00:00, Sys 0 00:00:00  -  Run Local Usage
		Usr 0 00:40:57, Sys 0 00:06:24  -  Total Remote Usage
		Usr 0 00:00:00, Sys 0 00:00:00  -  Total Local Usage
	25165  -  Run Bytes Sent By Job
	788  -  Run Bytes Received By Job
	25165  -  Total Bytes Sent By Job
	788  -  Total Bytes Received By Job
	Partitionable Resources :    Usage  Request Allocated 
	   Cpus                 :     0.89        1         1 
	   Disk (KB)            :    85           1      2825 
	   GPUs                 :                           0 
	   Memory (MB)          :   173        1024      1100 
	   TimeExecute (s)      :  3157                       
	   TimeSlotBusy (s)     :  3158                       

	Job terminated of its own accord at 2026-03-14T02:51:36Z with exit-code 0.
...
000 (845921.068.000) 2026-03-16 11:09:38 Job submitted from host: <155.230.23.72:9618?addrs=155.230.23.72-9618+[2407-c000-c024-0-20c-29ff-fe6a-c74b]-9618&alias=cms02.knu.ac.kr&noUDP&sock=schedd_1497_655d>
...
040 (845921.068.000) 2026-03-16 11:13:22 Started transferring input files
	Transferring to host: <155.230.21.142:9618?addrs=155.230.21.142-9618+[2407-c000-c025--21-142]-9618&alias=cluster342.knu.ac.kr&noUDP&sock=slot1_9_2558_17a1_2100>
...
040 (845921.068.000) 2026-03-16 11:13:22 Finished transferring input files
...
001 (845921.068.000) 2026-03-16 11:13:23 Job executing on host: <155.230.21.142:9618?addrs=155.230.21.142-9618+[2407-c000-c025--21-142]-9618&alias=cluster342.knu.ac.kr&noUDP&sock=startd_1844_68ba>
	SlotName: slot1_9@cluster342.knu.ac.kr
	CondorScratchDir = "/home/condor/dir_2090388"
	Cpus = 1
	Disk = 2760
	GPUs = 0
	Memory = 1100
...
006 (845921.068.000) 2026-03-16 11:13:32 Image size of job updated: 144440
	142  -  MemoryUsage of job (MB)
	144440  -  ResidentSetSize of job (KB)
...
006 (845921.068.000) 2026-03-16 11:18:33 Image size of job updated: 151192
	148  -  MemoryUsage of job (MB)
	151192  -  ResidentSetSize of job (KB)
...
006 (845921.068.000) 2026-03-16 11:23:33 Image size of job updated: 164912
	162  -  MemoryUsage of job (MB)
	164912  -  ResidentSetSize of job (KB)
...
006 (845921.068.000) 2026-03-16 11:28:33 Image size of job updated: 169032
	166  -  MemoryUsage of job (MB)
	169032  -  ResidentSetSize of job (KB)
...
006 (845921.068.000) 2026-03-16 11:43:34 Image size of job updated: 172472
	169  -  MemoryUsage of job (MB)
	172472  -  ResidentSetSize of job (KB)
...
006 (845921.068.000) 2026-03-16 12:03:37 Image size of job updated: 176244
	173  -  MemoryUsage of job (MB)
	176244  -  ResidentSetSize of job (KB)
...
040 (845921.068.000) 2026-03-16 12:09:43 Started transferring output files
...
040 (845921.068.000) 2026-03-16 12:09:43 Finished transferring output files
...
005 (845921.068.000) 2026-03-16 12:09:43 Job terminated.
	(1) Normal termination (return value 0)
		Usr 0 00:41:54, Sys 0 00:06:31  -  Run Remote Usage
		Usr 0 00:00:00, Sys 0 00:00:00  -  Run Local Usage
		Usr 0 00:41:54, Sys 0 00:06:31  -  Total Remote Usage
		Usr 0 00:00:00, Sys 0 00:00:00  -  Total Local Usage
	25191  -  Run Bytes Sent By Job
	788  -  Run Bytes Received By Job
	25191  -  Total Bytes Sent By Job
	788  -  Total Bytes Received By Job
	Partitionable Resources :    Usage  Request Allocated 
	   Cpus                 :     0.80        1         1 
	   Disk (KB)            :    46           1      2760 
	   GPUs                 :                           0 
	   Memory (MB)          :   173        1024      1100 
	   TimeExecute (s)      :  3380                       
	   TimeSlotBusy (s)     :  3381                       

	Job terminated of its own accord at 2026-03-16T03:09:43Z with exit-code 0.
...
