000 (842546.003.000) 2026-03-14 10:57:17 Job submitted from host: <155.230.23.72:9618?addrs=155.230.23.72-9618+[2407-c000-c024-0-20c-29ff-fe6a-c74b]-9618&alias=cms02.knu.ac.kr&noUDP&sock=schedd_1497_655d>
...
040 (842546.003.000) 2026-03-14 10:58:31 Started transferring input files
	Transferring to host: <155.230.21.112:9618?addrs=155.230.21.112-9618+[2407-c000-c025--21-112]-9618&alias=cluster312.knu.ac.kr&noUDP&sock=slot1_5_1717_881f_2683>
...
040 (842546.003.000) 2026-03-14 10:58:31 Finished transferring input files
...
001 (842546.003.000) 2026-03-14 10:58:32 Job executing on host: <155.230.21.112:9618?addrs=155.230.21.112-9618+[2407-c000-c025--21-112]-9618&alias=cluster312.knu.ac.kr&noUDP&sock=startd_1274_6fbf>
	SlotName: slot1_5@cluster312.knu.ac.kr
	CondorScratchDir = "/home/condor/dir_1859423"
	Cpus = 1
	Disk = 2838
	GPUs = 0
	Memory = 1100
...
006 (842546.003.000) 2026-03-14 10:58:41 Image size of job updated: 109484
	107  -  MemoryUsage of job (MB)
	109484  -  ResidentSetSize of job (KB)
...
006 (842546.003.000) 2026-03-14 11:03:42 Image size of job updated: 153928
	151  -  MemoryUsage of job (MB)
	153928  -  ResidentSetSize of job (KB)
...
006 (842546.003.000) 2026-03-14 11:08:42 Image size of job updated: 166380
	163  -  MemoryUsage of job (MB)
	166380  -  ResidentSetSize of job (KB)
...
006 (842546.003.000) 2026-03-14 11:13:43 Image size of job updated: 166420
	163  -  MemoryUsage of job (MB)
	166420  -  ResidentSetSize of job (KB)
...
006 (842546.003.000) 2026-03-14 11:18:44 Image size of job updated: 179428
	176  -  MemoryUsage of job (MB)
	179428  -  ResidentSetSize of job (KB)
...
006 (842546.003.000) 2026-03-14 11:48:46 Image size of job updated: 179532
	176  -  MemoryUsage of job (MB)
	179532  -  ResidentSetSize of job (KB)
...
006 (842546.003.000) 2026-03-14 11:58:47 Image size of job updated: 179764
	176  -  MemoryUsage of job (MB)
	179764  -  ResidentSetSize of job (KB)
...
006 (842546.003.000) 2026-03-14 12:08:49 Image size of job updated: 179772
	176  -  MemoryUsage of job (MB)
	179772  -  ResidentSetSize of job (KB)
...
006 (842546.003.000) 2026-03-14 12:11:29 Image size of job updated: 179792
	176  -  MemoryUsage of job (MB)
	179772  -  ResidentSetSize of job (KB)
...
040 (842546.003.000) 2026-03-14 12:11:29 Started transferring output files
...
040 (842546.003.000) 2026-03-14 12:11:29 Finished transferring output files
...
005 (842546.003.000) 2026-03-14 12:11:29 Job terminated.
	(1) Normal termination (return value 0)
		Usr 0 00:55:19, Sys 0 00:10:49  -  Run Remote Usage
		Usr 0 00:00:00, Sys 0 00:00:00  -  Run Local Usage
		Usr 0 00:55:19, Sys 0 00:10:49  -  Total Remote Usage
		Usr 0 00:00:00, Sys 0 00:00:00  -  Total Local Usage
	40144  -  Run Bytes Sent By Job
	788  -  Run Bytes Received By Job
	40144  -  Total Bytes Sent By Job
	788  -  Total Bytes Received By Job
	Partitionable Resources :    Usage  Request Allocated 
	   Cpus                 :     0.94        1         1 
	   Disk (KB)            :   100           1      2838 
	   GPUs                 :                           0 
	   Memory (MB)          :   176        1024      1100 
	   TimeExecute (s)      :  4377                       
	   TimeSlotBusy (s)     :  4378                       

	Job terminated of its own accord at 2026-03-14T03:11:29Z with exit-code 0.
...
000 (845921.003.000) 2026-03-16 11:09:38 Job submitted from host: <155.230.23.72:9618?addrs=155.230.23.72-9618+[2407-c000-c024-0-20c-29ff-fe6a-c74b]-9618&alias=cms02.knu.ac.kr&noUDP&sock=schedd_1497_655d>
...
040 (845921.003.000) 2026-03-16 11:11:27 Started transferring input files
	Transferring to host: <155.230.21.146:9618?addrs=155.230.21.146-9618+[2407-c000-c025--21-146]-9618&alias=cluster346.knu.ac.kr&noUDP&sock=slot1_28_98017_97eb_4665>
...
040 (845921.003.000) 2026-03-16 11:11:27 Finished transferring input files
...
001 (845921.003.000) 2026-03-16 11:11:28 Job executing on host: <155.230.21.146:9618?addrs=155.230.21.146-9618+[2407-c000-c025--21-146]-9618&alias=cluster346.knu.ac.kr&noUDP&sock=startd_6945_4554>
	SlotName: slot1_28@cluster346.knu.ac.kr
	AvailableGPUs = {  }
	CondorScratchDir = "/home/condor/dir_372142"
	Cpus = 1
	Disk = 2048
	GPUs = 0
	Memory = 1100
...
006 (845921.003.000) 2026-03-16 11:11:37 Image size of job updated: 109612
	100  -  MemoryUsage of job (MB)
	101772  -  ResidentSetSize of job (KB)
...
006 (845921.003.000) 2026-03-16 11:16:38 Image size of job updated: 153972
	151  -  MemoryUsage of job (MB)
	153972  -  ResidentSetSize of job (KB)
...
006 (845921.003.000) 2026-03-16 11:21:39 Image size of job updated: 174180
	171  -  MemoryUsage of job (MB)
	174180  -  ResidentSetSize of job (KB)
...
006 (845921.003.000) 2026-03-16 11:26:39 Image size of job updated: 174184
	171  -  MemoryUsage of job (MB)
	174184  -  ResidentSetSize of job (KB)
...
006 (845921.003.000) 2026-03-16 11:31:39 Image size of job updated: 179900
	176  -  MemoryUsage of job (MB)
	179900  -  ResidentSetSize of job (KB)
...
006 (845921.003.000) 2026-03-16 11:41:40 Image size of job updated: 179988
	176  -  MemoryUsage of job (MB)
	179988  -  ResidentSetSize of job (KB)
...
040 (845921.003.000) 2026-03-16 12:36:42 Started transferring output files
...
040 (845921.003.000) 2026-03-16 12:36:42 Finished transferring output files
...
005 (845921.003.000) 2026-03-16 12:36:42 Job terminated.
	(1) Normal termination (return value 0)
		Usr 0 01:13:08, Sys 0 00:03:14  -  Run Remote Usage
		Usr 0 00:00:00, Sys 0 00:00:00  -  Run Local Usage
		Usr 0 01:13:08, Sys 0 00:03:14  -  Total Remote Usage
		Usr 0 00:00:00, Sys 0 00:00:00  -  Total Local Usage
	40268  -  Run Bytes Sent By Job
	788  -  Run Bytes Received By Job
	40268  -  Total Bytes Sent By Job
	788  -  Total Bytes Received By Job
	Partitionable Resources :    Usage  Request Allocated 
	   Cpus                 :     0.57        1         1 
	   Disk (KB)            :    61           1      2048 
	   GPUs                 :                           0 
	   Memory (MB)          :   176        1024      1100 
	   TimeExecute (s)      :  5114                       
	   TimeSlotBusy (s)     :  5115                       

	Job terminated of its own accord at 2026-03-16T03:36:42Z with exit-code 0.
...
