000 (842546.038.000) 2026-03-14 10:57:17 Job submitted from host: <155.230.23.72:9618?addrs=155.230.23.72-9618+[2407-c000-c024-0-20c-29ff-fe6a-c74b]-9618&alias=cms02.knu.ac.kr&noUDP&sock=schedd_1497_655d>
...
040 (842546.038.000) 2026-03-14 10:58:43 Started transferring input files
	Transferring to host: <155.230.21.72:9618?addrs=155.230.21.72-9618+[2407-c000-c025--21-72]-9618&alias=cluster272.knu.ac.kr&noUDP&sock=slot1_5_3993884_54e3_3734>
...
040 (842546.038.000) 2026-03-14 10:58:43 Finished transferring input files
...
001 (842546.038.000) 2026-03-14 10:58:44 Job executing on host: <155.230.21.72:9618?addrs=155.230.21.72-9618+[2407-c000-c025--21-72]-9618&alias=cluster272.knu.ac.kr&noUDP&sock=startd_1080_5e5f>
	SlotName: slot1_5@cluster272.knu.ac.kr
	CondorScratchDir = "/home/condor/dir_1260609"
	Cpus = 1
	Disk = 2821
	GPUs = 0
	Memory = 1100
...
006 (842546.038.000) 2026-03-14 10:58:52 Image size of job updated: 102640
	101  -  MemoryUsage of job (MB)
	102640  -  ResidentSetSize of job (KB)
...
006 (842546.038.000) 2026-03-14 11:03:52 Image size of job updated: 149680
	147  -  MemoryUsage of job (MB)
	149680  -  ResidentSetSize of job (KB)
...
006 (842546.038.000) 2026-03-14 11:08:53 Image size of job updated: 166656
	163  -  MemoryUsage of job (MB)
	166656  -  ResidentSetSize of job (KB)
...
006 (842546.038.000) 2026-03-14 11:13:53 Image size of job updated: 167232
	164  -  MemoryUsage of job (MB)
	167232  -  ResidentSetSize of job (KB)
...
006 (842546.038.000) 2026-03-14 11:18:53 Image size of job updated: 167324
	164  -  MemoryUsage of job (MB)
	167324  -  ResidentSetSize of job (KB)
...
006 (842546.038.000) 2026-03-14 11:23:54 Image size of job updated: 167568
	164  -  MemoryUsage of job (MB)
	167568  -  ResidentSetSize of job (KB)
...
006 (842546.038.000) 2026-03-14 11:33:54 Image size of job updated: 173448
	170  -  MemoryUsage of job (MB)
	173448  -  ResidentSetSize of job (KB)
...
006 (842546.038.000) 2026-03-14 12:39:01 Image size of job updated: 176536
	173  -  MemoryUsage of job (MB)
	176536  -  ResidentSetSize of job (KB)
...
040 (842546.038.000) 2026-03-16 02:21:16 Started transferring output files
...
040 (842546.038.000) 2026-03-16 02:21:16 Finished transferring output files
...
005 (842546.038.000) 2026-03-16 02:21:16 Job terminated.
	(1) Normal termination (return value 0)
		Usr 0 00:49:31, Sys 0 00:11:31  -  Run Remote Usage
		Usr 0 00:00:00, Sys 0 00:00:00  -  Run Local Usage
		Usr 0 00:49:31, Sys 0 00:11:31  -  Total Remote Usage
		Usr 0 00:00:00, Sys 0 00:00:00  -  Total Local Usage
	31627  -  Run Bytes Sent By Job
	788  -  Run Bytes Received By Job
	31627  -  Total Bytes Sent By Job
	788  -  Total Bytes Received By Job
	Partitionable Resources :     Usage  Request Allocated 
	   Cpus                 :      0.20        1         1 
	   Disk (KB)            :     92           1      2821 
	   GPUs                 :                            0 
	   Memory (MB)          :    173        1024      1100 
	   TimeExecute (s)      : 141752                       
	   TimeSlotBusy (s)     : 141753                       

	Job terminated of its own accord at 2026-03-15T17:21:16Z with exit-code 0.
...
000 (845921.038.000) 2026-03-16 11:09:38 Job submitted from host: <155.230.23.72:9618?addrs=155.230.23.72-9618+[2407-c000-c024-0-20c-29ff-fe6a-c74b]-9618&alias=cms02.knu.ac.kr&noUDP&sock=schedd_1497_655d>
...
040 (845921.038.000) 2026-03-16 11:12:23 Started transferring input files
	Transferring to host: <155.230.21.111:9618?addrs=155.230.21.111-9618+[2407-c000-c025--21-111]-9618&alias=cluster311.knu.ac.kr&noUDP&sock=slot1_8_1791_abe2_3096>
...
040 (845921.038.000) 2026-03-16 11:12:23 Finished transferring input files
...
001 (845921.038.000) 2026-03-16 11:12:24 Job executing on host: <155.230.21.111:9618?addrs=155.230.21.111-9618+[2407-c000-c025--21-111]-9618&alias=cluster311.knu.ac.kr&noUDP&sock=startd_1310_2127>
	SlotName: slot1_8@cluster311.knu.ac.kr
	CondorScratchDir = "/home/condor/dir_2430810"
	Cpus = 1
	Disk = 2841
	GPUs = 0
	Memory = 1100
...
006 (845921.038.000) 2026-03-16 11:12:33 Image size of job updated: 109588
	108  -  MemoryUsage of job (MB)
	109588  -  ResidentSetSize of job (KB)
...
006 (845921.038.000) 2026-03-16 11:17:33 Image size of job updated: 149892
	147  -  MemoryUsage of job (MB)
	149892  -  ResidentSetSize of job (KB)
...
006 (845921.038.000) 2026-03-16 11:22:33 Image size of job updated: 150524
	147  -  MemoryUsage of job (MB)
	150524  -  ResidentSetSize of job (KB)
...
006 (845921.038.000) 2026-03-16 11:27:34 Image size of job updated: 169096
	166  -  MemoryUsage of job (MB)
	169096  -  ResidentSetSize of job (KB)
...
006 (845921.038.000) 2026-03-16 11:32:35 Image size of job updated: 169108
	166  -  MemoryUsage of job (MB)
	169108  -  ResidentSetSize of job (KB)
...
006 (845921.038.000) 2026-03-16 11:37:35 Image size of job updated: 174568
	171  -  MemoryUsage of job (MB)
	174568  -  ResidentSetSize of job (KB)
...
006 (845921.038.000) 2026-03-16 11:42:36 Image size of job updated: 176276
	173  -  MemoryUsage of job (MB)
	176276  -  ResidentSetSize of job (KB)
...
006 (845921.038.000) 2026-03-16 12:02:38 Image size of job updated: 178216
	175  -  MemoryUsage of job (MB)
	178216  -  ResidentSetSize of job (KB)
...
006 (845921.038.000) 2026-03-16 12:27:39 Image size of job updated: 179092
	175  -  MemoryUsage of job (MB)
	179092  -  ResidentSetSize of job (KB)
...
040 (845921.038.000) 2026-03-16 12:34:18 Started transferring output files
...
040 (845921.038.000) 2026-03-16 12:34:18 Finished transferring output files
...
005 (845921.038.000) 2026-03-16 12:34:18 Job terminated.
	(1) Normal termination (return value 0)
		Usr 0 01:04:19, Sys 0 00:08:10  -  Run Remote Usage
		Usr 0 00:00:00, Sys 0 00:00:00  -  Run Local Usage
		Usr 0 01:04:19, Sys 0 00:08:10  -  Total Remote Usage
		Usr 0 00:00:00, Sys 0 00:00:00  -  Total Local Usage
	30391  -  Run Bytes Sent By Job
	788  -  Run Bytes Received By Job
	30391  -  Total Bytes Sent By Job
	788  -  Total Bytes Received By Job
	Partitionable Resources :    Usage  Request Allocated 
	   Cpus                 :     0.90        1         1 
	   Disk (KB)            :    52           1      2841 
	   GPUs                 :                           0 
	   Memory (MB)          :   175        1024      1100 
	   TimeExecute (s)      :  4914                       
	   TimeSlotBusy (s)     :  4915                       

	Job terminated of its own accord at 2026-03-16T03:34:18Z with exit-code 0.
...
