000 (842546.031.000) 2026-03-14 10:57:17 Job submitted from host: <155.230.23.72:9618?addrs=155.230.23.72-9618+[2407-c000-c024-0-20c-29ff-fe6a-c74b]-9618&alias=cms02.knu.ac.kr&noUDP&sock=schedd_1497_655d>
...
040 (842546.031.000) 2026-03-14 10:58:41 Started transferring input files
	Transferring to host: <155.230.21.133:9618?addrs=155.230.21.133-9618+[2407-c000-c025--21-133]-9618&alias=cluster333.knu.ac.kr&noUDP&sock=slot1_10_3830_54d5_5342>
...
040 (842546.031.000) 2026-03-14 10:58:41 Finished transferring input files
...
001 (842546.031.000) 2026-03-14 10:58:42 Job executing on host: <155.230.21.133:9618?addrs=155.230.21.133-9618+[2407-c000-c025--21-133]-9618&alias=cluster333.knu.ac.kr&noUDP&sock=startd_2881_b470>
	SlotName: slot1_10@cluster333.knu.ac.kr
	CondorScratchDir = "/home/condor/dir_3795869"
	Cpus = 1
	Disk = 2832
	GPUs = 0
	Memory = 1100
...
006 (842546.031.000) 2026-03-14 10:58:51 Image size of job updated: 85340
	84  -  MemoryUsage of job (MB)
	85340  -  ResidentSetSize of job (KB)
...
006 (842546.031.000) 2026-03-14 11:03:52 Image size of job updated: 165264
	162  -  MemoryUsage of job (MB)
	165264  -  ResidentSetSize of job (KB)
...
006 (842546.031.000) 2026-03-14 11:08:52 Image size of job updated: 166468
	163  -  MemoryUsage of job (MB)
	166468  -  ResidentSetSize of job (KB)
...
006 (842546.031.000) 2026-03-14 11:13:52 Image size of job updated: 168636
	165  -  MemoryUsage of job (MB)
	168636  -  ResidentSetSize of job (KB)
...
006 (842546.031.000) 2026-03-14 11:18:53 Image size of job updated: 169236
	166  -  MemoryUsage of job (MB)
	169236  -  ResidentSetSize of job (KB)
...
006 (842546.031.000) 2026-03-14 11:23:54 Image size of job updated: 169316
	166  -  MemoryUsage of job (MB)
	169316  -  ResidentSetSize of job (KB)
...
006 (842546.031.000) 2026-03-14 11:28:54 Image size of job updated: 169376
	166  -  MemoryUsage of job (MB)
	169376  -  ResidentSetSize of job (KB)
...
006 (842546.031.000) 2026-03-14 11:33:55 Image size of job updated: 176300
	173  -  MemoryUsage of job (MB)
	176300  -  ResidentSetSize of job (KB)
...
006 (842546.031.000) 2026-03-14 11:38:56 Image size of job updated: 176308
	173  -  MemoryUsage of job (MB)
	176308  -  ResidentSetSize of job (KB)
...
040 (842546.031.000) 2026-03-14 11:53:58 Started transferring output files
...
040 (842546.031.000) 2026-03-14 11:53:58 Finished transferring output files
...
005 (842546.031.000) 2026-03-14 11:53:58 Job terminated.
	(1) Normal termination (return value 0)
		Usr 0 00:43:11, Sys 0 00:06:57  -  Run Remote Usage
		Usr 0 00:00:00, Sys 0 00:00:00  -  Run Local Usage
		Usr 0 00:43:11, Sys 0 00:06:57  -  Total Remote Usage
		Usr 0 00:00:00, Sys 0 00:00:00  -  Total Local Usage
	28640  -  Run Bytes Sent By Job
	788  -  Run Bytes Received By Job
	28640  -  Total Bytes Sent By Job
	788  -  Total Bytes Received By Job
	Partitionable Resources :    Usage  Request Allocated 
	   Cpus                 :     0.92        1         1 
	   Disk (KB)            :    89           1      2832 
	   GPUs                 :                           0 
	   Memory (MB)          :   173        1024      1100 
	   TimeExecute (s)      :  3316                       
	   TimeSlotBusy (s)     :  3317                       

	Job terminated of its own accord at 2026-03-14T02:53:58Z with exit-code 0.
...
000 (845921.031.000) 2026-03-16 11:09:38 Job submitted from host: <155.230.23.72:9618?addrs=155.230.23.72-9618+[2407-c000-c024-0-20c-29ff-fe6a-c74b]-9618&alias=cms02.knu.ac.kr&noUDP&sock=schedd_1497_655d>
...
040 (845921.031.000) 2026-03-16 11:12:16 Started transferring input files
	Transferring to host: <155.230.21.106:9618?addrs=155.230.21.106-9618+[2407-c000-c025--21-106]-9618&alias=cluster306.knu.ac.kr&noUDP&sock=slot1_27_1861_fe25_3724>
...
040 (845921.031.000) 2026-03-16 11:12:16 Finished transferring input files
...
001 (845921.031.000) 2026-03-16 11:12:17 Job executing on host: <155.230.21.106:9618?addrs=155.230.21.106-9618+[2407-c000-c025--21-106]-9618&alias=cluster306.knu.ac.kr&noUDP&sock=startd_1495_062d>
	SlotName: slot1_27@cluster306.knu.ac.kr
	CondorScratchDir = "/home/condor/dir_3880824"
	Cpus = 1
	Disk = 2833
	GPUs = 0
	Memory = 1100
...
006 (845921.031.000) 2026-03-16 11:12:25 Image size of job updated: 114200
	112  -  MemoryUsage of job (MB)
	114200  -  ResidentSetSize of job (KB)
...
006 (845921.031.000) 2026-03-16 11:17:25 Image size of job updated: 150900
	148  -  MemoryUsage of job (MB)
	150900  -  ResidentSetSize of job (KB)
...
006 (845921.031.000) 2026-03-16 11:22:25 Image size of job updated: 151072
	148  -  MemoryUsage of job (MB)
	151072  -  ResidentSetSize of job (KB)
...
006 (845921.031.000) 2026-03-16 11:27:26 Image size of job updated: 164460
	161  -  MemoryUsage of job (MB)
	164460  -  ResidentSetSize of job (KB)
...
006 (845921.031.000) 2026-03-16 11:32:26 Image size of job updated: 165112
	162  -  MemoryUsage of job (MB)
	165112  -  ResidentSetSize of job (KB)
...
006 (845921.031.000) 2026-03-16 11:37:26 Image size of job updated: 165348
	162  -  MemoryUsage of job (MB)
	165348  -  ResidentSetSize of job (KB)
...
006 (845921.031.000) 2026-03-16 11:42:27 Image size of job updated: 165644
	162  -  MemoryUsage of job (MB)
	165644  -  ResidentSetSize of job (KB)
...
006 (845921.031.000) 2026-03-16 11:47:27 Image size of job updated: 168484
	165  -  MemoryUsage of job (MB)
	168484  -  ResidentSetSize of job (KB)
...
006 (845921.031.000) 2026-03-16 11:52:27 Image size of job updated: 168524
	165  -  MemoryUsage of job (MB)
	168524  -  ResidentSetSize of job (KB)
...
006 (845921.031.000) 2026-03-16 11:57:28 Image size of job updated: 172076
	169  -  MemoryUsage of job (MB)
	172076  -  ResidentSetSize of job (KB)
...
006 (845921.031.000) 2026-03-16 12:17:31 Image size of job updated: 178772
	175  -  MemoryUsage of job (MB)
	178772  -  ResidentSetSize of job (KB)
...
040 (845921.031.000) 2026-03-16 12:47:38 Started transferring output files
...
040 (845921.031.000) 2026-03-16 12:47:38 Finished transferring output files
...
005 (845921.031.000) 2026-03-16 12:47:38 Job terminated.
	(1) Normal termination (return value 0)
		Usr 0 01:06:07, Sys 0 00:08:27  -  Run Remote Usage
		Usr 0 00:00:00, Sys 0 00:00:00  -  Run Local Usage
		Usr 0 01:06:07, Sys 0 00:08:27  -  Total Remote Usage
		Usr 0 00:00:00, Sys 0 00:00:00  -  Total Local Usage
	29404  -  Run Bytes Sent By Job
	788  -  Run Bytes Received By Job
	29404  -  Total Bytes Sent By Job
	788  -  Total Bytes Received By Job
	Partitionable Resources :    Usage  Request Allocated 
	   Cpus                 :     0.80        1         1 
	   Disk (KB)            :    51           1      2833 
	   GPUs                 :                           0 
	   Memory (MB)          :   175        1024      1100 
	   TimeExecute (s)      :  5721                       
	   TimeSlotBusy (s)     :  5723                       

	Job terminated of its own accord at 2026-03-16T03:47:38Z with exit-code 0.
...
