000 (842546.027.000) 2026-03-14 10:57:17 Job submitted from host: <155.230.23.72:9618?addrs=155.230.23.72-9618+[2407-c000-c024-0-20c-29ff-fe6a-c74b]-9618&alias=cms02.knu.ac.kr&noUDP&sock=schedd_1497_655d>
...
040 (842546.027.000) 2026-03-14 10:58:40 Started transferring input files
	Transferring to host: <155.230.21.121:9618?addrs=155.230.21.121-9618+[2407-c000-c025--21-121]-9618&alias=cluster321.knu.ac.kr&noUDP&sock=slot1_7_2177_a4b2_2825>
...
040 (842546.027.000) 2026-03-14 10:58:40 Finished transferring input files
...
001 (842546.027.000) 2026-03-14 10:58:41 Job executing on host: <155.230.21.121:9618?addrs=155.230.21.121-9618+[2407-c000-c025--21-121]-9618&alias=cluster321.knu.ac.kr&noUDP&sock=startd_1610_e791>
	SlotName: slot1_7@cluster321.knu.ac.kr
	CondorScratchDir = "/home/condor/dir_2672346"
	Cpus = 1
	Disk = 2773
	GPUs = 0
	Memory = 1100
...
006 (842546.027.000) 2026-03-14 10:58:49 Image size of job updated: 85212
	84  -  MemoryUsage of job (MB)
	85212  -  ResidentSetSize of job (KB)
...
006 (842546.027.000) 2026-03-14 11:03:49 Image size of job updated: 155956
	153  -  MemoryUsage of job (MB)
	155956  -  ResidentSetSize of job (KB)
...
006 (842546.027.000) 2026-03-14 11:08:50 Image size of job updated: 166588
	163  -  MemoryUsage of job (MB)
	166588  -  ResidentSetSize of job (KB)
...
006 (842546.027.000) 2026-03-14 11:13:51 Image size of job updated: 174904
	171  -  MemoryUsage of job (MB)
	174904  -  ResidentSetSize of job (KB)
...
006 (842546.027.000) 2026-03-14 11:23:52 Image size of job updated: 175232
	172  -  MemoryUsage of job (MB)
	175232  -  ResidentSetSize of job (KB)
...
006 (842546.027.000) 2026-03-14 11:28:53 Image size of job updated: 176484
	173  -  MemoryUsage of job (MB)
	176484  -  ResidentSetSize of job (KB)
...
006 (842546.027.000) 2026-03-14 11:33:53 Image size of job updated: 176516
	173  -  MemoryUsage of job (MB)
	176516  -  ResidentSetSize of job (KB)
...
006 (842546.027.000) 2026-03-14 11:38:54 Image size of job updated: 176520
	173  -  MemoryUsage of job (MB)
	176520  -  ResidentSetSize of job (KB)
...
040 (842546.027.000) 2026-03-14 12:00:01 Started transferring output files
...
040 (842546.027.000) 2026-03-14 12:00:01 Finished transferring output files
...
005 (842546.027.000) 2026-03-14 12:00:01 Job terminated.
	(1) Normal termination (return value 0)
		Usr 0 00:47:45, Sys 0 00:08:51  -  Run Remote Usage
		Usr 0 00:00:00, Sys 0 00:00:00  -  Run Local Usage
		Usr 0 00:47:45, Sys 0 00:08:51  -  Total Remote Usage
		Usr 0 00:00:00, Sys 0 00:00:00  -  Total Local Usage
	33511  -  Run Bytes Sent By Job
	788  -  Run Bytes Received By Job
	33511  -  Total Bytes Sent By Job
	788  -  Total Bytes Received By Job
	Partitionable Resources :    Usage  Request Allocated 
	   Cpus                 :     0.95        1         1 
	   Disk (KB)            :    93           1      2773 
	   GPUs                 :                           0 
	   Memory (MB)          :   173        1024      1100 
	   TimeExecute (s)      :  3680                       
	   TimeSlotBusy (s)     :  3681                       

	Job terminated of its own accord at 2026-03-14T03:00:01Z with exit-code 0.
...
000 (845921.027.000) 2026-03-16 11:09:38 Job submitted from host: <155.230.23.72:9618?addrs=155.230.23.72-9618+[2407-c000-c024-0-20c-29ff-fe6a-c74b]-9618&alias=cms02.knu.ac.kr&noUDP&sock=schedd_1497_655d>
...
040 (845921.027.000) 2026-03-16 11:12:13 Started transferring input files
	Transferring to host: <155.230.21.142:9618?addrs=155.230.21.142-9618+[2407-c000-c025--21-142]-9618&alias=cluster342.knu.ac.kr&noUDP&sock=slot1_6_2558_17a1_2099>
...
040 (845921.027.000) 2026-03-16 11:12:13 Finished transferring input files
...
001 (845921.027.000) 2026-03-16 11:12:14 Job executing on host: <155.230.21.142:9618?addrs=155.230.21.142-9618+[2407-c000-c025--21-142]-9618&alias=cluster342.knu.ac.kr&noUDP&sock=startd_1844_68ba>
	SlotName: slot1_6@cluster342.knu.ac.kr
	CondorScratchDir = "/home/condor/dir_2090095"
	Cpus = 1
	Disk = 2760
	GPUs = 0
	Memory = 1100
...
006 (845921.027.000) 2026-03-16 11:12:23 Image size of job updated: 116732
	114  -  MemoryUsage of job (MB)
	116732  -  ResidentSetSize of job (KB)
...
006 (845921.027.000) 2026-03-16 11:17:24 Image size of job updated: 156088
	153  -  MemoryUsage of job (MB)
	156088  -  ResidentSetSize of job (KB)
...
006 (845921.027.000) 2026-03-16 11:22:25 Image size of job updated: 171760
	168  -  MemoryUsage of job (MB)
	171760  -  ResidentSetSize of job (KB)
...
006 (845921.027.000) 2026-03-16 12:12:30 Image size of job updated: 179028
	175  -  MemoryUsage of job (MB)
	179028  -  ResidentSetSize of job (KB)
...
040 (845921.027.000) 2026-03-16 12:31:46 Started transferring output files
...
040 (845921.027.000) 2026-03-16 12:31:46 Finished transferring output files
...
005 (845921.027.000) 2026-03-16 12:31:46 Job terminated.
	(1) Normal termination (return value 0)
		Usr 0 00:56:57, Sys 0 00:09:03  -  Run Remote Usage
		Usr 0 00:00:00, Sys 0 00:00:00  -  Run Local Usage
		Usr 0 00:56:57, Sys 0 00:09:03  -  Total Remote Usage
		Usr 0 00:00:00, Sys 0 00:00:00  -  Total Local Usage
	33936  -  Run Bytes Sent By Job
	788  -  Run Bytes Received By Job
	33936  -  Total Bytes Sent By Job
	788  -  Total Bytes Received By Job
	Partitionable Resources :    Usage  Request Allocated 
	   Cpus                 :     0.90        1         1 
	   Disk (KB)            :    55           1      2760 
	   GPUs                 :                           0 
	   Memory (MB)          :   175        1024      1100 
	   TimeExecute (s)      :  4772                       
	   TimeSlotBusy (s)     :  4773                       

	Job terminated of its own accord at 2026-03-16T03:31:46Z with exit-code 0.
...
