000 (842546.011.000) 2026-03-14 10:57:17 Job submitted from host: <155.230.23.72:9618?addrs=155.230.23.72-9618+[2407-c000-c024-0-20c-29ff-fe6a-c74b]-9618&alias=cms02.knu.ac.kr&noUDP&sock=schedd_1497_655d>
...
040 (842546.011.000) 2026-03-14 10:58:34 Started transferring input files
	Transferring to host: <155.230.21.94:9618?addrs=155.230.21.94-9618+[2407-c000-c025--21-94]-9618&alias=cluster294.knu.ac.kr&noUDP&sock=slot1_6_1751_7ce0_2354>
...
040 (842546.011.000) 2026-03-14 10:58:34 Finished transferring input files
...
001 (842546.011.000) 2026-03-14 10:58:35 Job executing on host: <155.230.21.94:9618?addrs=155.230.21.94-9618+[2407-c000-c025--21-94]-9618&alias=cluster294.knu.ac.kr&noUDP&sock=startd_1252_58a9>
	SlotName: slot1_6@cluster294.knu.ac.kr
	CondorScratchDir = "/home/condor/dir_1832715"
	Cpus = 1
	Disk = 2825
	GPUs = 0
	Memory = 1100
...
006 (842546.011.000) 2026-03-14 10:58:44 Image size of job updated: 85344
	84  -  MemoryUsage of job (MB)
	85344  -  ResidentSetSize of job (KB)
...
006 (842546.011.000) 2026-03-14 11:03:45 Image size of job updated: 154460
	151  -  MemoryUsage of job (MB)
	154460  -  ResidentSetSize of job (KB)
...
006 (842546.011.000) 2026-03-14 11:08:45 Image size of job updated: 167220
	164  -  MemoryUsage of job (MB)
	167220  -  ResidentSetSize of job (KB)
...
006 (842546.011.000) 2026-03-14 11:13:45 Image size of job updated: 169076
	166  -  MemoryUsage of job (MB)
	169076  -  ResidentSetSize of job (KB)
...
006 (842546.011.000) 2026-03-14 11:18:46 Image size of job updated: 169760
	166  -  MemoryUsage of job (MB)
	169760  -  ResidentSetSize of job (KB)
...
006 (842546.011.000) 2026-03-14 11:28:46 Image size of job updated: 176876
	173  -  MemoryUsage of job (MB)
	176876  -  ResidentSetSize of job (KB)
...
006 (842546.011.000) 2026-03-14 11:33:47 Image size of job updated: 176892
	173  -  MemoryUsage of job (MB)
	176892  -  ResidentSetSize of job (KB)
...
006 (842546.011.000) 2026-03-14 11:43:48 Image size of job updated: 177088
	173  -  MemoryUsage of job (MB)
	177088  -  ResidentSetSize of job (KB)
...
006 (842546.011.000) 2026-03-14 11:48:49 Image size of job updated: 179472
	176  -  MemoryUsage of job (MB)
	179472  -  ResidentSetSize of job (KB)
...
040 (842546.011.000) 2026-03-14 12:05:29 Started transferring output files
...
040 (842546.011.000) 2026-03-14 12:05:29 Finished transferring output files
...
005 (842546.011.000) 2026-03-14 12:05:29 Job terminated.
	(1) Normal termination (return value 0)
		Usr 0 00:51:53, Sys 0 00:08:40  -  Run Remote Usage
		Usr 0 00:00:00, Sys 0 00:00:00  -  Run Local Usage
		Usr 0 00:51:53, Sys 0 00:08:40  -  Total Remote Usage
		Usr 0 00:00:00, Sys 0 00:00:00  -  Total Local Usage
	33004  -  Run Bytes Sent By Job
	788  -  Run Bytes Received By Job
	33004  -  Total Bytes Sent By Job
	788  -  Total Bytes Received By Job
	Partitionable Resources :    Usage  Request Allocated 
	   Cpus                 :     0.94        1         1 
	   Disk (KB)            :    93           1      2825 
	   GPUs                 :                           0 
	   Memory (MB)          :   176        1024      1100 
	   TimeExecute (s)      :  4014                       
	   TimeSlotBusy (s)     :  4015                       

	Job terminated of its own accord at 2026-03-14T03:05:29Z with exit-code 0.
...
000 (845921.011.000) 2026-03-16 11:09:38 Job submitted from host: <155.230.23.72:9618?addrs=155.230.23.72-9618+[2407-c000-c024-0-20c-29ff-fe6a-c74b]-9618&alias=cms02.knu.ac.kr&noUDP&sock=schedd_1497_655d>
...
040 (845921.011.000) 2026-03-16 11:12:08 Started transferring input files
	Transferring to host: <155.230.21.80:9618?addrs=155.230.21.80-9618+[2407-c000-c025--21-80]-9618&alias=cluster280.knu.ac.kr&noUDP&sock=slot1_6_1740_bcc0_3167>
...
040 (845921.011.000) 2026-03-16 11:12:08 Finished transferring input files
...
001 (845921.011.000) 2026-03-16 11:12:09 Job executing on host: <155.230.21.80:9618?addrs=155.230.21.80-9618+[2407-c000-c025--21-80]-9618&alias=cluster280.knu.ac.kr&noUDP&sock=startd_1255_6772>
	SlotName: slot1_6@cluster280.knu.ac.kr
	CondorScratchDir = "/home/condor/dir_703864"
	Cpus = 1
	Disk = 2821
	GPUs = 0
	Memory = 1100
...
006 (845921.011.000) 2026-03-16 11:12:17 Image size of job updated: 103140
	101  -  MemoryUsage of job (MB)
	103140  -  ResidentSetSize of job (KB)
...
006 (845921.011.000) 2026-03-16 11:17:17 Image size of job updated: 154272
	151  -  MemoryUsage of job (MB)
	154272  -  ResidentSetSize of job (KB)
...
006 (845921.011.000) 2026-03-16 11:22:18 Image size of job updated: 154284
	151  -  MemoryUsage of job (MB)
	154284  -  ResidentSetSize of job (KB)
...
006 (845921.011.000) 2026-03-16 11:27:18 Image size of job updated: 154316
	151  -  MemoryUsage of job (MB)
	154316  -  ResidentSetSize of job (KB)
...
006 (845921.011.000) 2026-03-16 11:32:18 Image size of job updated: 154324
	151  -  MemoryUsage of job (MB)
	154324  -  ResidentSetSize of job (KB)
...
006 (845921.011.000) 2026-03-16 11:37:19 Image size of job updated: 165760
	162  -  MemoryUsage of job (MB)
	165760  -  ResidentSetSize of job (KB)
...
006 (845921.011.000) 2026-03-16 11:42:19 Image size of job updated: 165800
	162  -  MemoryUsage of job (MB)
	165800  -  ResidentSetSize of job (KB)
...
006 (845921.011.000) 2026-03-16 11:47:19 Image size of job updated: 165824
	162  -  MemoryUsage of job (MB)
	165824  -  ResidentSetSize of job (KB)
...
006 (845921.011.000) 2026-03-16 11:52:21 Image size of job updated: 168212
	165  -  MemoryUsage of job (MB)
	168212  -  ResidentSetSize of job (KB)
...
006 (845921.011.000) 2026-03-16 11:57:21 Image size of job updated: 172432
	169  -  MemoryUsage of job (MB)
	172432  -  ResidentSetSize of job (KB)
...
006 (845921.011.000) 2026-03-16 12:22:24 Image size of job updated: 179164
	175  -  MemoryUsage of job (MB)
	179164  -  ResidentSetSize of job (KB)
...
040 (845921.011.000) 2026-03-16 12:50:48 Started transferring output files
...
040 (845921.011.000) 2026-03-16 12:50:48 Finished transferring output files
...
005 (845921.011.000) 2026-03-16 12:50:48 Job terminated.
	(1) Normal termination (return value 0)
		Usr 0 01:16:22, Sys 0 00:08:51  -  Run Remote Usage
		Usr 0 00:00:00, Sys 0 00:00:00  -  Run Local Usage
		Usr 0 01:16:22, Sys 0 00:08:51  -  Total Remote Usage
		Usr 0 00:00:00, Sys 0 00:00:00  -  Total Local Usage
	33845  -  Run Bytes Sent By Job
	788  -  Run Bytes Received By Job
	33845  -  Total Bytes Sent By Job
	788  -  Total Bytes Received By Job
	Partitionable Resources :    Usage  Request Allocated 
	   Cpus                 :     0.84        1         1 
	   Disk (KB)            :    55           1      2821 
	   GPUs                 :                           0 
	   Memory (MB)          :   175        1024      1100 
	   TimeExecute (s)      :  5919                       
	   TimeSlotBusy (s)     :  5920                       

	Job terminated of its own accord at 2026-03-16T03:50:48Z with exit-code 0.
...
