000 (842546.018.000) 2026-03-14 10:57:17 Job submitted from host: <155.230.23.72:9618?addrs=155.230.23.72-9618+[2407-c000-c024-0-20c-29ff-fe6a-c74b]-9618&alias=cms02.knu.ac.kr&noUDP&sock=schedd_1497_655d>
...
040 (842546.018.000) 2026-03-14 10:58:36 Started transferring input files
	Transferring to host: <155.230.21.82:9618?addrs=155.230.21.82-9618+[2407-c000-c025--21-82]-9618&alias=cluster282.knu.ac.kr&noUDP&sock=slot1_5_1746_f700_2274>
...
040 (842546.018.000) 2026-03-14 10:58:36 Finished transferring input files
...
001 (842546.018.000) 2026-03-14 10:58:37 Job executing on host: <155.230.21.82:9618?addrs=155.230.21.82-9618+[2407-c000-c025--21-82]-9618&alias=cluster282.knu.ac.kr&noUDP&sock=startd_1265_4364>
	SlotName: slot1_5@cluster282.knu.ac.kr
	CondorScratchDir = "/home/condor/dir_2041490"
	Cpus = 1
	Disk = 2824
	GPUs = 0
	Memory = 1100
...
006 (842546.018.000) 2026-03-14 10:58:46 Image size of job updated: 85344
	84  -  MemoryUsage of job (MB)
	85344  -  ResidentSetSize of job (KB)
...
006 (842546.018.000) 2026-03-14 11:03:47 Image size of job updated: 162596
	159  -  MemoryUsage of job (MB)
	162596  -  ResidentSetSize of job (KB)
...
006 (842546.018.000) 2026-03-14 11:08:48 Image size of job updated: 165308
	162  -  MemoryUsage of job (MB)
	165308  -  ResidentSetSize of job (KB)
...
006 (842546.018.000) 2026-03-14 11:13:48 Image size of job updated: 167744
	164  -  MemoryUsage of job (MB)
	167744  -  ResidentSetSize of job (KB)
...
006 (842546.018.000) 2026-03-14 11:18:49 Image size of job updated: 170876
	167  -  MemoryUsage of job (MB)
	170876  -  ResidentSetSize of job (KB)
...
006 (842546.018.000) 2026-03-14 11:23:50 Image size of job updated: 170932
	167  -  MemoryUsage of job (MB)
	170932  -  ResidentSetSize of job (KB)
...
006 (842546.018.000) 2026-03-14 11:28:50 Image size of job updated: 176512
	173  -  MemoryUsage of job (MB)
	176512  -  ResidentSetSize of job (KB)
...
006 (842546.018.000) 2026-03-14 11:38:51 Image size of job updated: 177352
	174  -  MemoryUsage of job (MB)
	177352  -  ResidentSetSize of job (KB)
...
040 (842546.018.000) 2026-03-14 11:47:18 Started transferring output files
...
040 (842546.018.000) 2026-03-14 11:47:18 Finished transferring output files
...
005 (842546.018.000) 2026-03-14 11:47:18 Job terminated.
	(1) Normal termination (return value 0)
		Usr 0 00:34:19, Sys 0 00:07:37  -  Run Remote Usage
		Usr 0 00:00:00, Sys 0 00:00:00  -  Run Local Usage
		Usr 0 00:34:19, Sys 0 00:07:37  -  Total Remote Usage
		Usr 0 00:00:00, Sys 0 00:00:00  -  Total Local Usage
	29344  -  Run Bytes Sent By Job
	788  -  Run Bytes Received By Job
	29344  -  Total Bytes Sent By Job
	788  -  Total Bytes Received By Job
	Partitionable Resources :    Usage  Request Allocated 
	   Cpus                 :     0.86        1         1 
	   Disk (KB)            :    89           1      2824 
	   GPUs                 :                           0 
	   Memory (MB)          :   174        1024      1100 
	   TimeExecute (s)      :  2921                       
	   TimeSlotBusy (s)     :  2922                       

	Job terminated of its own accord at 2026-03-14T02:47:18Z with exit-code 0.
...
000 (845921.018.000) 2026-03-16 11:09:38 Job submitted from host: <155.230.23.72:9618?addrs=155.230.23.72-9618+[2407-c000-c024-0-20c-29ff-fe6a-c74b]-9618&alias=cms02.knu.ac.kr&noUDP&sock=schedd_1497_655d>
...
040 (845921.018.000) 2026-03-16 11:12:11 Started transferring input files
	Transferring to host: <155.230.21.142:9618?addrs=155.230.21.142-9618+[2407-c000-c025--21-142]-9618&alias=cluster342.knu.ac.kr&noUDP&sock=slot1_5_2558_17a1_2098>
...
040 (845921.018.000) 2026-03-16 11:12:11 Finished transferring input files
...
001 (845921.018.000) 2026-03-16 11:12:12 Job executing on host: <155.230.21.142:9618?addrs=155.230.21.142-9618+[2407-c000-c025--21-142]-9618&alias=cluster342.knu.ac.kr&noUDP&sock=startd_1844_68ba>
	SlotName: slot1_5@cluster342.knu.ac.kr
	CondorScratchDir = "/home/condor/dir_2090016"
	Cpus = 1
	Disk = 2760
	GPUs = 0
	Memory = 1100
...
006 (845921.018.000) 2026-03-16 11:12:21 Image size of job updated: 109848
	108  -  MemoryUsage of job (MB)
	109848  -  ResidentSetSize of job (KB)
...
006 (845921.018.000) 2026-03-16 11:17:22 Image size of job updated: 151860
	149  -  MemoryUsage of job (MB)
	151860  -  ResidentSetSize of job (KB)
...
006 (845921.018.000) 2026-03-16 11:22:23 Image size of job updated: 168876
	165  -  MemoryUsage of job (MB)
	168876  -  ResidentSetSize of job (KB)
...
006 (845921.018.000) 2026-03-16 11:27:23 Image size of job updated: 169312
	166  -  MemoryUsage of job (MB)
	169312  -  ResidentSetSize of job (KB)
...
006 (845921.018.000) 2026-03-16 11:37:24 Image size of job updated: 175828
	172  -  MemoryUsage of job (MB)
	175828  -  ResidentSetSize of job (KB)
...
006 (845921.018.000) 2026-03-16 12:07:27 Image size of job updated: 178520
	175  -  MemoryUsage of job (MB)
	178520  -  ResidentSetSize of job (KB)
...
040 (845921.018.000) 2026-03-16 12:21:57 Started transferring output files
...
040 (845921.018.000) 2026-03-16 12:21:57 Finished transferring output files
...
005 (845921.018.000) 2026-03-16 12:21:57 Job terminated.
	(1) Normal termination (return value 0)
		Usr 0 00:49:16, Sys 0 00:07:48  -  Run Remote Usage
		Usr 0 00:00:00, Sys 0 00:00:00  -  Run Local Usage
		Usr 0 00:49:16, Sys 0 00:07:48  -  Total Remote Usage
		Usr 0 00:00:00, Sys 0 00:00:00  -  Total Local Usage
	29583  -  Run Bytes Sent By Job
	788  -  Run Bytes Received By Job
	29583  -  Total Bytes Sent By Job
	788  -  Total Bytes Received By Job
	Partitionable Resources :    Usage  Request Allocated 
	   Cpus                 :     0.83        1         1 
	   Disk (KB)            :    51           1      2760 
	   GPUs                 :                           0 
	   Memory (MB)          :   175        1024      1100 
	   TimeExecute (s)      :  4183                       
	   TimeSlotBusy (s)     :  4186                       

	Job terminated of its own accord at 2026-03-16T03:21:55Z with exit-code 0.
...
