000 (842546.034.000) 2026-03-14 10:57:17 Job submitted from host: <155.230.23.72:9618?addrs=155.230.23.72-9618+[2407-c000-c024-0-20c-29ff-fe6a-c74b]-9618&alias=cms02.knu.ac.kr&noUDP&sock=schedd_1497_655d>
...
040 (842546.034.000) 2026-03-14 10:58:42 Started transferring input files
	Transferring to host: <155.230.21.135:9618?addrs=155.230.21.135-9618+[2407-c000-c025--21-135]-9618&alias=cluster335.knu.ac.kr&noUDP&sock=slot1_8_3817_2bf4_4968>
...
040 (842546.034.000) 2026-03-14 10:58:42 Finished transferring input files
...
001 (842546.034.000) 2026-03-14 10:58:44 Job executing on host: <155.230.21.135:9618?addrs=155.230.21.135-9618+[2407-c000-c025--21-135]-9618&alias=cluster335.knu.ac.kr&noUDP&sock=startd_2883_13a1>
	SlotName: slot1_8@cluster335.knu.ac.kr
	CondorScratchDir = "/home/condor/dir_276442"
	Cpus = 1
	Disk = 2836
	GPUs = 0
	Memory = 1100
...
006 (842546.034.000) 2026-03-14 10:58:52 Image size of job updated: 85360
	84  -  MemoryUsage of job (MB)
	85360  -  ResidentSetSize of job (KB)
...
006 (842546.034.000) 2026-03-14 11:03:52 Image size of job updated: 153880
	151  -  MemoryUsage of job (MB)
	153880  -  ResidentSetSize of job (KB)
...
006 (842546.034.000) 2026-03-14 11:08:52 Image size of job updated: 168012
	165  -  MemoryUsage of job (MB)
	168012  -  ResidentSetSize of job (KB)
...
006 (842546.034.000) 2026-03-14 11:13:53 Image size of job updated: 176196
	173  -  MemoryUsage of job (MB)
	176196  -  ResidentSetSize of job (KB)
...
006 (842546.034.000) 2026-03-14 11:23:54 Image size of job updated: 176376
	173  -  MemoryUsage of job (MB)
	176376  -  ResidentSetSize of job (KB)
...
006 (842546.034.000) 2026-03-14 11:33:56 Image size of job updated: 176448
	173  -  MemoryUsage of job (MB)
	176448  -  ResidentSetSize of job (KB)
...
040 (842546.034.000) 2026-03-14 11:50:56 Started transferring output files
...
040 (842546.034.000) 2026-03-14 11:50:56 Finished transferring output files
...
005 (842546.034.000) 2026-03-14 11:50:56 Job terminated.
	(1) Normal termination (return value 0)
		Usr 0 00:46:00, Sys 0 00:02:36  -  Run Remote Usage
		Usr 0 00:00:00, Sys 0 00:00:00  -  Run Local Usage
		Usr 0 00:46:00, Sys 0 00:02:36  -  Total Remote Usage
		Usr 0 00:00:00, Sys 0 00:00:00  -  Total Local Usage
	31629  -  Run Bytes Sent By Job
	788  -  Run Bytes Received By Job
	31629  -  Total Bytes Sent By Job
	788  -  Total Bytes Received By Job
	Partitionable Resources :    Usage  Request Allocated 
	   Cpus                 :     0.95        1         1 
	   Disk (KB)            :    92           1      2836 
	   GPUs                 :                           0 
	   Memory (MB)          :   173        1024      1100 
	   TimeExecute (s)      :  3133                       
	   TimeSlotBusy (s)     :  3134                       

	Job terminated of its own accord at 2026-03-14T02:50:56Z with exit-code 0.
...
000 (845921.034.000) 2026-03-16 11:09:38 Job submitted from host: <155.230.23.72:9618?addrs=155.230.23.72-9618+[2407-c000-c024-0-20c-29ff-fe6a-c74b]-9618&alias=cms02.knu.ac.kr&noUDP&sock=schedd_1497_655d>
...
040 (845921.034.000) 2026-03-16 11:12:22 Started transferring input files
	Transferring to host: <155.230.21.113:9618?addrs=155.230.21.113-9618+[2407-c000-c025--21-113]-9618&alias=cluster313.knu.ac.kr&noUDP&sock=slot1_3_2052_91cd_3935>
...
040 (845921.034.000) 2026-03-16 11:12:22 Finished transferring input files
...
001 (845921.034.000) 2026-03-16 11:12:23 Job executing on host: <155.230.21.113:9618?addrs=155.230.21.113-9618+[2407-c000-c025--21-113]-9618&alias=cluster313.knu.ac.kr&noUDP&sock=startd_1757_bbfd>
	SlotName: slot1_3@cluster313.knu.ac.kr
	CondorScratchDir = "/home/condor/dir_527207"
	Cpus = 1
	Disk = 2834
	GPUs = 0
	Memory = 1100
...
006 (845921.034.000) 2026-03-16 11:12:32 Image size of job updated: 114464
	112  -  MemoryUsage of job (MB)
	114464  -  ResidentSetSize of job (KB)
...
006 (845921.034.000) 2026-03-16 11:17:33 Image size of job updated: 154236
	151  -  MemoryUsage of job (MB)
	154236  -  ResidentSetSize of job (KB)
...
006 (845921.034.000) 2026-03-16 11:22:33 Image size of job updated: 154268
	151  -  MemoryUsage of job (MB)
	154268  -  ResidentSetSize of job (KB)
...
006 (845921.034.000) 2026-03-16 11:27:33 Image size of job updated: 154272
	151  -  MemoryUsage of job (MB)
	154272  -  ResidentSetSize of job (KB)
...
006 (845921.034.000) 2026-03-16 11:32:34 Image size of job updated: 154284
	151  -  MemoryUsage of job (MB)
	154284  -  ResidentSetSize of job (KB)
...
006 (845921.034.000) 2026-03-16 11:37:34 Image size of job updated: 154296
	151  -  MemoryUsage of job (MB)
	154296  -  ResidentSetSize of job (KB)
...
006 (845921.034.000) 2026-03-16 11:42:35 Image size of job updated: 163276
	160  -  MemoryUsage of job (MB)
	163276  -  ResidentSetSize of job (KB)
...
006 (845921.034.000) 2026-03-16 11:47:36 Image size of job updated: 167392
	164  -  MemoryUsage of job (MB)
	167392  -  ResidentSetSize of job (KB)
...
006 (845921.034.000) 2026-03-16 11:52:36 Image size of job updated: 171796
	168  -  MemoryUsage of job (MB)
	171796  -  ResidentSetSize of job (KB)
...
006 (845921.034.000) 2026-03-16 11:57:37 Image size of job updated: 178700
	175  -  MemoryUsage of job (MB)
	178700  -  ResidentSetSize of job (KB)
...
006 (845921.034.000) 2026-03-16 12:12:39 Image size of job updated: 178780
	175  -  MemoryUsage of job (MB)
	178780  -  ResidentSetSize of job (KB)
...
006 (845921.034.000) 2026-03-16 12:32:41 Image size of job updated: 178840
	175  -  MemoryUsage of job (MB)
	178840  -  ResidentSetSize of job (KB)
...
040 (845921.034.000) 2026-03-16 12:57:35 Started transferring output files
...
040 (845921.034.000) 2026-03-16 12:57:35 Finished transferring output files
...
005 (845921.034.000) 2026-03-16 12:57:35 Job terminated.
	(1) Normal termination (return value 0)
		Usr 0 01:17:45, Sys 0 00:09:24  -  Run Remote Usage
		Usr 0 00:00:00, Sys 0 00:00:00  -  Run Local Usage
		Usr 0 01:17:45, Sys 0 00:09:24  -  Total Remote Usage
		Usr 0 00:00:00, Sys 0 00:00:00  -  Total Local Usage
	32600  -  Run Bytes Sent By Job
	788  -  Run Bytes Received By Job
	32600  -  Total Bytes Sent By Job
	788  -  Total Bytes Received By Job
	Partitionable Resources :    Usage  Request Allocated 
	   Cpus                 :     0.79        1         1 
	   Disk (KB)            :    54           1      2834 
	   GPUs                 :                           0 
	   Memory (MB)          :   175        1024      1100 
	   TimeExecute (s)      :  6312                       
	   TimeSlotBusy (s)     :  6313                       

	Job terminated of its own accord at 2026-03-16T03:57:35Z with exit-code 0.
...
