=== QCD_HT2000toInf_TuneCP5_PSWeights_madgraph Sample Processing Summary ===
Timestamp: 2025-06-02 10:50:48
Total root files: 10
Files per list: 1
List files created: 10

=== Root files distribution ===
List file 1: 1 root files
List file 2: 1 root files
List file 3: 1 root files
List file 4: 1 root files
List file 5: 1 root files
List file 6: 1 root files
List file 7: 1 root files
List file 8: 1 root files
List file 9: 1 root files
List file 10: 1 root files

=== All root files ===
   1. dcap://cluster142.knu.ac.kr//pnfs/knu.ac.kr/data/cms/store/user/sha/UL20NanoAOD/NanoAODSSB_v1/2016PreVFP/MC/QCD_HT2000toInf_TuneCP5_PSWeights_13TeV-madgraph-pythia8/QCD_HT2000toInf_TuneCP5_PSWeights_madgraph/250129_110131/0000/tree_10.root
   2. dcap://cluster142.knu.ac.kr//pnfs/knu.ac.kr/data/cms/store/user/sha/UL20NanoAOD/NanoAODSSB_v1/2016PreVFP/MC/QCD_HT2000toInf_TuneCP5_PSWeights_13TeV-madgraph-pythia8/QCD_HT2000toInf_TuneCP5_PSWeights_madgraph/250129_110131/0000/tree_1.root
   3. dcap://cluster142.knu.ac.kr//pnfs/knu.ac.kr/data/cms/store/user/sha/UL20NanoAOD/NanoAODSSB_v1/2016PreVFP/MC/QCD_HT2000toInf_TuneCP5_PSWeights_13TeV-madgraph-pythia8/QCD_HT2000toInf_TuneCP5_PSWeights_madgraph/250129_110131/0000/tree_2.root
   4. dcap://cluster142.knu.ac.kr//pnfs/knu.ac.kr/data/cms/store/user/sha/UL20NanoAOD/NanoAODSSB_v1/2016PreVFP/MC/QCD_HT2000toInf_TuneCP5_PSWeights_13TeV-madgraph-pythia8/QCD_HT2000toInf_TuneCP5_PSWeights_madgraph/250129_110131/0000/tree_3.root
   5. dcap://cluster142.knu.ac.kr//pnfs/knu.ac.kr/data/cms/store/user/sha/UL20NanoAOD/NanoAODSSB_v1/2016PreVFP/MC/QCD_HT2000toInf_TuneCP5_PSWeights_13TeV-madgraph-pythia8/QCD_HT2000toInf_TuneCP5_PSWeights_madgraph/250129_110131/0000/tree_4.root
   6. dcap://cluster142.knu.ac.kr//pnfs/knu.ac.kr/data/cms/store/user/sha/UL20NanoAOD/NanoAODSSB_v1/2016PreVFP/MC/QCD_HT2000toInf_TuneCP5_PSWeights_13TeV-madgraph-pythia8/QCD_HT2000toInf_TuneCP5_PSWeights_madgraph/250129_110131/0000/tree_5.root
   7. dcap://cluster142.knu.ac.kr//pnfs/knu.ac.kr/data/cms/store/user/sha/UL20NanoAOD/NanoAODSSB_v1/2016PreVFP/MC/QCD_HT2000toInf_TuneCP5_PSWeights_13TeV-madgraph-pythia8/QCD_HT2000toInf_TuneCP5_PSWeights_madgraph/250129_110131/0000/tree_6.root
   8. dcap://cluster142.knu.ac.kr//pnfs/knu.ac.kr/data/cms/store/user/sha/UL20NanoAOD/NanoAODSSB_v1/2016PreVFP/MC/QCD_HT2000toInf_TuneCP5_PSWeights_13TeV-madgraph-pythia8/QCD_HT2000toInf_TuneCP5_PSWeights_madgraph/250129_110131/0000/tree_7.root
   9. dcap://cluster142.knu.ac.kr//pnfs/knu.ac.kr/data/cms/store/user/sha/UL20NanoAOD/NanoAODSSB_v1/2016PreVFP/MC/QCD_HT2000toInf_TuneCP5_PSWeights_13TeV-madgraph-pythia8/QCD_HT2000toInf_TuneCP5_PSWeights_madgraph/250129_110131/0000/tree_8.root
  10. dcap://cluster142.knu.ac.kr//pnfs/knu.ac.kr/data/cms/store/user/sha/UL20NanoAOD/NanoAODSSB_v1/2016PreVFP/MC/QCD_HT2000toInf_TuneCP5_PSWeights_13TeV-madgraph-pythia8/QCD_HT2000toInf_TuneCP5_PSWeights_madgraph/250129_110131/0000/tree_9.root
