000 (842549.002.000) 2026-03-14 10:57:19 Job submitted from host: <155.230.23.72:9618?addrs=155.230.23.72-9618+[2407-c000-c024-0-20c-29ff-fe6a-c74b]-9618&alias=cms02.knu.ac.kr&noUDP&sock=schedd_1497_655d>
...
040 (842549.002.000) 2026-03-14 10:59:01 Started transferring input files
	Transferring to host: <155.230.21.133:9618?addrs=155.230.21.133-9618+[2407-c000-c025--21-133]-9618&alias=cluster333.knu.ac.kr&noUDP&sock=slot1_11_3830_54d5_5343>
...
040 (842549.002.000) 2026-03-14 10:59:01 Finished transferring input files
...
001 (842549.002.000) 2026-03-14 10:59:02 Job executing on host: <155.230.21.133:9618?addrs=155.230.21.133-9618+[2407-c000-c025--21-133]-9618&alias=cluster333.knu.ac.kr&noUDP&sock=startd_2881_b470>
	SlotName: slot1_11@cluster333.knu.ac.kr
	CondorScratchDir = "/home/condor/dir_3796108"
	Cpus = 1
	Disk = 2832
	GPUs = 0
	Memory = 1100
...
006 (842549.002.000) 2026-03-14 10:59:10 Image size of job updated: 95324
	94  -  MemoryUsage of job (MB)
	95324  -  ResidentSetSize of job (KB)
...
006 (842549.002.000) 2026-03-14 11:04:10 Image size of job updated: 162008
	159  -  MemoryUsage of job (MB)
	162008  -  ResidentSetSize of job (KB)
...
006 (842549.002.000) 2026-03-14 11:09:10 Image size of job updated: 162288
	159  -  MemoryUsage of job (MB)
	162288  -  ResidentSetSize of job (KB)
...
040 (842549.002.000) 2026-03-14 11:54:02 Started transferring output files
...
040 (842549.002.000) 2026-03-14 11:54:02 Finished transferring output files
...
005 (842549.002.000) 2026-03-14 11:54:02 Job terminated.
	(1) Normal termination (return value 0)
		Usr 0 00:50:17, Sys 0 00:00:24  -  Run Remote Usage
		Usr 0 00:00:00, Sys 0 00:00:00  -  Run Local Usage
		Usr 0 00:50:17, Sys 0 00:00:24  -  Total Remote Usage
		Usr 0 00:00:00, Sys 0 00:00:00  -  Total Local Usage
	47341  -  Run Bytes Sent By Job
	798  -  Run Bytes Received By Job
	47341  -  Total Bytes Sent By Job
	798  -  Total Bytes Received By Job
	Partitionable Resources :    Usage  Request Allocated 
	   Cpus                 :     0.94        1         1 
	   Disk (KB)            :   107           1      2832 
	   GPUs                 :                           0 
	   Memory (MB)          :   159        1024      1100 
	   TimeExecute (s)      :  3298                       
	   TimeSlotBusy (s)     :  3302                       

	Job terminated of its own accord at 2026-03-14T02:54:00Z with exit-code 0.
...
