=== Global Processing Summary ===
Start time: 2025-06-11 16:08:08
Sample file: filelist_MC.txt
Default files per list: 1
Create full list: True
Total samples: 23

Sample Name               List Name                 Files/List List Files Root Files
-------------------------------------------------------------------------------------
DYJetsToLL_M-10to50_TuneCP5_amcatnloFXFX DYJetsToLL_M_10To50       1          25         25        
DYJetsToLL_M-10to50_TuneCP5_madgraphMLM DYJetsToLL_M_10To50_madgraphMLM 1          34         34        
DYJetsToLL_M-50_TuneCP5_amcatnloFXFX DYJetsToLL_M_50           1          41         41        
DYJetsToLL_M-50_TuneCP5_madgraphMLM DYJetsToLL_M_50_madgraphMLM 1          61         61        
ST_s-channel_4f_leptonDecays_TuneCP5_amcatnlo ST_s-channel_4f_leptonDecays 1          19         19        
ST_t-channel_antitop_4f_InclusiveDecays_TuneCP5_powheg-madspin ST_t-channel_antitop_4f_InclusiveDecays 1          35         35        
ST_t-channel_top_4f_InclusiveDecays_TuneCP5_powheg ST_t-channel_top_4f_InclusiveDecays 1          86         86        
ST_tW_antitop_5f_NoFullyHadronicDecays_TuneCP5_powheg ST_tW_antitop_5f_NoFullyHadronicDecays 1          16         16        
ST_tW_top_5f_NoFullyHadronicDecays_TuneCP5_powheg ST_tW_top_5f_NoFullyHadronicDecays 1          11         11        
TTJets_TuneCP5_amcatnloFXFX TTJets_TuneCP5_amcatnloFXFX 1          109        109       
TTJets_TuneCP5_madgraphMLM TTJets_TuneCP5_madgraphMLM 1          29         29        
TTbar_Signal              TTbar_Signal              1          49         49        
TTbar_AllHadronic         TTbar_AllHadronic         1          146        146       
TTbar_SemiLeptonic        TTbar_SemiLeptonic        1          138        138       
TTWJetsToLNu              TTWJetsToLNu              1          12         12        
TTWJetsToQQ               TTWJetsToQQ               1          8          8         
TTZToLLNuNu               TTZToLLNuNu               1          42         42        
TTZToQQ_TuneCP5_13TeV_amcatnlo TTZToQQ                   1          224        224       
WJetsToLNu_TuneCP5_amcatnloFXFX WJetsToLNu                1          28         28        
WJetsToLNu_TuneCP5_madgraphMLM WJetsToLNu_madgraphMLM    1          796        796       
WW_TuneCP5_pythia8        WW                        1          41         41        
WZ_TuneCP5_pythia8        WZ                        1          16         16        
ZZ_TuneCP5_pythia8        ZZ                        1          17         17        

-------------------------------------------------------------------------------------
Total root files: 1983
Total list files: 1983 (+ 23 full lists)
End time: 2025-06-11 16:08:17
Total processing time: 0:00:09.286542
