=== Global Processing Summary ===
Start time: 2025-06-06 11:59:22
Sample file: filelist_MC.txt
Default files per list: 1
Create full list: True
Total samples: 23

Sample Name               List Name                 Files/List List Files Root Files
-------------------------------------------------------------------------------------
DYJetsToLL_M-10to50_TuneCP5_amcatnloFXFX DYJetsToLL_M_10To50       1          49         49        
DYJetsToLL_M-10to50_TuneCP5_madgraphMLM DYJetsToLL_M_10To50_madgraphMLM 1          84         84        
DYJetsToLL_M-50_TuneCP5_amcatnloFXFX DYJetsToLL_M_50           1          204        204       
DYJetsToLL_M-50_TuneCP5_madgraphMLM DYJetsToLL_M_50_madgraphMLM 1          118        118       
ST_s-channel_4f_leptonDecays_TuneCP5_amcatnlo ST_s-channel_4f_leptonDecays 1          19         19        
ST_t-channel_antitop_4f_InclusiveDecays_TuneCP5_powheg-madspin ST_t-channel_antitop_4f_InclusiveDecays 1          130        130       
ST_t-channel_top_4f_InclusiveDecays_TuneCP5_powheg ST_t-channel_top_4f_InclusiveDecays 1          149        149       
ST_tW_antitop_5f_NoFullyHadronicDecays_TuneCP5_powheg ST_tW_antitop_5f_NoFullyHadronicDecays 1          16         16        
TTJets_TuneCP5_amcatnloFXFX TTJets_TuneCP5_amcatnloFXFX 1          354        354       
TTJets_TuneCP5_madgraphMLM TTJets_TuneCP5_madgraphMLM 1          31         31        
TTbar_Signal              TTbar_Signal              1          155        155       
TTbar_AllHadronic         TTbar_AllHadronic         1          339        339       
TTbar_SemiLeptonic        TTbar_SemiLeptonic        1          391        391       
TTWJetsToLNu              TTWJetsToLNu              1          13         13        
TTWJetsToQQ               TTWJetsToQQ               1          3          3         
TTZToLLNuNu               TTZToLLNuNu               1          21         21        
TTZToQQ_TuneCP5_13TeV_amcatnlo TTZToQQ                   1          492        492       
WJetsToLNu_TuneCP5_amcatnloFXFX WJetsToLNu                1          54         54        
WJetsToLNu_TuneCP5_madgraphMLM WJetsToLNu_madgraphMLM    1          467        467       
WW_TuneCP5_pythia8        WW                        1          31         31        
WZ_TuneCP5_pythia8        WZ                        1          16         16        
ZZ_TuneCP5_pythia8        ZZ                        1          6          6         
ST_tW_top_5f_NoFullyHadronicDecays_TuneCP5_powheg ST_tW_top_5f_NoFullyHadronicDecays 1          15         15        

-------------------------------------------------------------------------------------
Total root files: 3157
Total list files: 3157 (+ 23 full lists)
End time: 2025-06-06 11:59:36
Total processing time: 0:00:14.183216
