000 (842552.000.000) 2026-03-14 10:57:19 Job submitted from host: <155.230.23.72:9618?addrs=155.230.23.72-9618+[2407-c000-c024-0-20c-29ff-fe6a-c74b]-9618&alias=cms02.knu.ac.kr&noUDP&sock=schedd_1497_655d>
...
040 (842552.000.000) 2026-03-14 10:59:02 Started transferring input files
	Transferring to host: <155.230.21.33:9618?addrs=155.230.21.33-9618+[2407-c000-c025--21-33]-9618&alias=cluster233.knu.ac.kr&noUDP&sock=slot1_7_1663_7bdd_1572>
...
040 (842552.000.000) 2026-03-14 10:59:02 Finished transferring input files
...
001 (842552.000.000) 2026-03-14 10:59:03 Job executing on host: <155.230.21.33:9618?addrs=155.230.21.33-9618+[2407-c000-c025--21-33]-9618&alias=cluster233.knu.ac.kr&noUDP&sock=startd_1134_687c>
	SlotName: slot1_7@cluster233.knu.ac.kr
	CondorScratchDir = "/home/condor/dir_2852862"
	Cpus = 1
	Disk = 2833
	GPUs = 0
	Memory = 1100
...
006 (842552.000.000) 2026-03-14 10:59:12 Image size of job updated: 95704
	94  -  MemoryUsage of job (MB)
	95704  -  ResidentSetSize of job (KB)
...
006 (842552.000.000) 2026-03-14 11:04:13 Image size of job updated: 162796
	159  -  MemoryUsage of job (MB)
	162796  -  ResidentSetSize of job (KB)
...
006 (842552.000.000) 2026-03-14 11:09:14 Image size of job updated: 163932
	161  -  MemoryUsage of job (MB)
	163932  -  ResidentSetSize of job (KB)
...
006 (842552.000.000) 2026-03-14 11:14:14 Image size of job updated: 174056
	170  -  MemoryUsage of job (MB)
	174056  -  ResidentSetSize of job (KB)
...
006 (842552.000.000) 2026-03-14 11:29:15 Image size of job updated: 178700
	175  -  MemoryUsage of job (MB)
	178700  -  ResidentSetSize of job (KB)
...
040 (842552.000.000) 2026-03-14 15:54:50 Started transferring output files
...
040 (842552.000.000) 2026-03-14 15:54:50 Finished transferring output files
...
005 (842552.000.000) 2026-03-14 15:54:50 Job terminated.
	(1) Normal termination (return value 0)
		Usr 0 01:25:17, Sys 0 00:01:01  -  Run Remote Usage
		Usr 0 00:00:00, Sys 0 00:00:00  -  Run Local Usage
		Usr 0 01:25:17, Sys 0 00:01:01  -  Total Remote Usage
		Usr 0 00:00:00, Sys 0 00:00:00  -  Total Local Usage
	81620  -  Run Bytes Sent By Job
	808  -  Run Bytes Received By Job
	81620  -  Total Bytes Sent By Job
	808  -  Total Bytes Received By Job
	Partitionable Resources :    Usage  Request Allocated 
	   Cpus                 :     0.46        1         1 
	   Disk (KB)            :   140           1      2833 
	   GPUs                 :                           0 
	   Memory (MB)          :   175        1024      1100 
	   TimeExecute (s)      : 17747                       
	   TimeSlotBusy (s)     : 17748                       

	Job terminated of its own accord at 2026-03-14T06:54:50Z with exit-code 0.
...
