000 (842555.000.000) 2026-03-14 10:57:19 Job submitted from host: <155.230.23.72:9618?addrs=155.230.23.72-9618+[2407-c000-c024-0-20c-29ff-fe6a-c74b]-9618&alias=cms02.knu.ac.kr&noUDP&sock=schedd_1497_655d>
...
040 (842555.000.000) 2026-03-14 10:59:06 Started transferring input files
	Transferring to host: <155.230.21.74:9618?addrs=155.230.21.74-9618+[2407-c000-c025--21-74]-9618&alias=cluster274.knu.ac.kr&noUDP&sock=slot1_8_1519_05d7_1330>
...
040 (842555.000.000) 2026-03-14 10:59:06 Finished transferring input files
...
001 (842555.000.000) 2026-03-14 10:59:07 Job executing on host: <155.230.21.74:9618?addrs=155.230.21.74-9618+[2407-c000-c025--21-74]-9618&alias=cluster274.knu.ac.kr&noUDP&sock=startd_1101_c5dc>
	SlotName: slot1_8@cluster274.knu.ac.kr
	CondorScratchDir = "/home/condor/dir_2210462"
	Cpus = 1
	Disk = 2830
	GPUs = 0
	Memory = 1100
...
006 (842555.000.000) 2026-03-14 10:59:16 Image size of job updated: 95792
	94  -  MemoryUsage of job (MB)
	95792  -  ResidentSetSize of job (KB)
...
006 (842555.000.000) 2026-03-14 11:04:17 Image size of job updated: 150736
	148  -  MemoryUsage of job (MB)
	150736  -  ResidentSetSize of job (KB)
...
006 (842555.000.000) 2026-03-14 11:09:17 Image size of job updated: 172968
	169  -  MemoryUsage of job (MB)
	172968  -  ResidentSetSize of job (KB)
...
006 (842555.000.000) 2026-03-14 13:59:34 Image size of job updated: 177876
	174  -  MemoryUsage of job (MB)
	177876  -  ResidentSetSize of job (KB)
...
006 (842555.000.000) 2026-03-14 14:14:36 Image size of job updated: 178336
	175  -  MemoryUsage of job (MB)
	178336  -  ResidentSetSize of job (KB)
...
006 (842555.000.000) 2026-03-14 14:19:37 Image size of job updated: 178344
	175  -  MemoryUsage of job (MB)
	178344  -  ResidentSetSize of job (KB)
...
040 (842555.000.000) 2026-03-14 14:35:59 Started transferring output files
...
040 (842555.000.000) 2026-03-14 14:35:59 Finished transferring output files
...
005 (842555.000.000) 2026-03-14 14:36:01 Job terminated.
	(1) Normal termination (return value 0)
		Usr 0 00:29:08, Sys 0 00:04:51  -  Run Remote Usage
		Usr 0 00:00:00, Sys 0 00:00:00  -  Run Local Usage
		Usr 0 00:29:08, Sys 0 00:04:51  -  Total Remote Usage
		Usr 0 00:00:00, Sys 0 00:00:00  -  Total Local Usage
	39808  -  Run Bytes Sent By Job
	738  -  Run Bytes Received By Job
	39808  -  Total Bytes Sent By Job
	738  -  Total Bytes Received By Job
	Partitionable Resources :    Usage  Request Allocated 
	   Cpus                 :     0.14        1         1 
	   Disk (KB)            :    99           1      2830 
	   GPUs                 :                           0 
	   Memory (MB)          :   175        1024      1100 
	   TimeExecute (s)      : 13010                       
	   TimeSlotBusy (s)     : 13013                       

	Job terminated of its own accord at 2026-03-14T05:35:57Z with exit-code 0.
...
