000 (842547.000.000) 2026-03-14 10:57:18 Job submitted from host: <155.230.23.72:9618?addrs=155.230.23.72-9618+[2407-c000-c024-0-20c-29ff-fe6a-c74b]-9618&alias=cms02.knu.ac.kr&noUDP&sock=schedd_1497_655d>
...
040 (842547.000.000) 2026-03-14 10:58:58 Started transferring input files
	Transferring to host: <155.230.21.37:9618?addrs=155.230.21.37-9618+[2407-c000-c025--21-37]-9618&alias=cluster237.knu.ac.kr&noUDP&sock=slot1_6_1476_b9b5_1786>
...
040 (842547.000.000) 2026-03-14 10:58:58 Finished transferring input files
...
001 (842547.000.000) 2026-03-14 10:58:59 Job executing on host: <155.230.21.37:9618?addrs=155.230.21.37-9618+[2407-c000-c025--21-37]-9618&alias=cluster237.knu.ac.kr&noUDP&sock=startd_1087_2b89>
	SlotName: slot1_6@cluster237.knu.ac.kr
	CondorScratchDir = "/home/condor/dir_1779932"
	Cpus = 1
	Disk = 2826
	GPUs = 0
	Memory = 1100
...
006 (842547.000.000) 2026-03-14 10:59:08 Image size of job updated: 93652
	92  -  MemoryUsage of job (MB)
	93652  -  ResidentSetSize of job (KB)
...
006 (842547.000.000) 2026-03-14 11:04:09 Image size of job updated: 175772
	172  -  MemoryUsage of job (MB)
	175772  -  ResidentSetSize of job (KB)
...
006 (842547.000.000) 2026-03-14 11:09:09 Image size of job updated: 175988
	172  -  MemoryUsage of job (MB)
	175988  -  ResidentSetSize of job (KB)
...
006 (842547.000.000) 2026-03-14 11:14:10 Image size of job updated: 179028
	175  -  MemoryUsage of job (MB)
	179028  -  ResidentSetSize of job (KB)
...
006 (842547.000.000) 2026-03-14 12:44:18 Image size of job updated: 179056
	175  -  MemoryUsage of job (MB)
	179056  -  ResidentSetSize of job (KB)
...
040 (842547.000.000) 2026-03-14 13:45:38 Started transferring output files
...
040 (842547.000.000) 2026-03-14 13:45:38 Finished transferring output files
...
005 (842547.000.000) 2026-03-14 13:45:38 Job terminated.
	(1) Normal termination (return value 0)
		Usr 0 00:47:56, Sys 0 00:00:33  -  Run Remote Usage
		Usr 0 00:00:00, Sys 0 00:00:00  -  Run Local Usage
		Usr 0 00:47:56, Sys 0 00:00:33  -  Total Remote Usage
		Usr 0 00:00:00, Sys 0 00:00:00  -  Total Local Usage
	53786  -  Run Bytes Sent By Job
	798  -  Run Bytes Received By Job
	53786  -  Total Bytes Sent By Job
	798  -  Total Bytes Received By Job
	Partitionable Resources :    Usage  Request Allocated 
	   Cpus                 :     0.22        1         1 
	   Disk (KB)            :   113           1      2826 
	   GPUs                 :                           0 
	   Memory (MB)          :   175        1024      1100 
	   TimeExecute (s)      :  9999                       
	   TimeSlotBusy (s)     : 10000                       

	Job terminated of its own accord at 2026-03-14T04:45:38Z with exit-code 0.
...
