000 (842551.001.000) 2026-03-14 10:57:19 Job submitted from host: <155.230.23.72:9618?addrs=155.230.23.72-9618+[2407-c000-c024-0-20c-29ff-fe6a-c74b]-9618&alias=cms02.knu.ac.kr&noUDP&sock=schedd_1497_655d>
...
040 (842551.001.000) 2026-03-14 10:59:02 Started transferring input files
	Transferring to host: <155.230.21.43:9618?addrs=155.230.21.43-9618+[2407-c000-c025--21-43]-9618&alias=cluster243.knu.ac.kr&noUDP&sock=slot1_8_2314_2c17_1975>
...
040 (842551.001.000) 2026-03-14 10:59:02 Finished transferring input files
...
001 (842551.001.000) 2026-03-14 10:59:03 Job executing on host: <155.230.21.43:9618?addrs=155.230.21.43-9618+[2407-c000-c025--21-43]-9618&alias=cluster243.knu.ac.kr&noUDP&sock=startd_1693_d5ed>
	SlotName: slot1_8@cluster243.knu.ac.kr
	CondorScratchDir = "/home/condor/dir_1677614"
	Cpus = 1
	Disk = 2761
	GPUs = 0
	Memory = 1100
...
006 (842551.001.000) 2026-03-14 10:59:12 Image size of job updated: 95744
	94  -  MemoryUsage of job (MB)
	95744  -  ResidentSetSize of job (KB)
...
006 (842551.001.000) 2026-03-14 11:04:13 Image size of job updated: 147260
	144  -  MemoryUsage of job (MB)
	147260  -  ResidentSetSize of job (KB)
...
006 (842551.001.000) 2026-03-14 11:09:14 Image size of job updated: 159244
	156  -  MemoryUsage of job (MB)
	159244  -  ResidentSetSize of job (KB)
...
006 (842551.001.000) 2026-03-14 11:14:14 Image size of job updated: 167620
	164  -  MemoryUsage of job (MB)
	167620  -  ResidentSetSize of job (KB)
...
006 (842551.001.000) 2026-03-14 11:29:15 Image size of job updated: 168180
	165  -  MemoryUsage of job (MB)
	168180  -  ResidentSetSize of job (KB)
...
006 (842551.001.000) 2026-03-14 12:04:18 Image size of job updated: 175920
	172  -  MemoryUsage of job (MB)
	175920  -  ResidentSetSize of job (KB)
...
006 (842551.001.000) 2026-03-14 12:09:18 Image size of job updated: 180600
	177  -  MemoryUsage of job (MB)
	180600  -  ResidentSetSize of job (KB)
...
040 (842551.001.000) 2026-03-16 02:17:55 Started transferring output files
...
040 (842551.001.000) 2026-03-16 02:17:55 Finished transferring output files
...
005 (842551.001.000) 2026-03-16 02:17:55 Job terminated.
	(1) Normal termination (return value 0)
		Usr 0 01:18:54, Sys 0 00:15:07  -  Run Remote Usage
		Usr 0 00:00:00, Sys 0 00:00:00  -  Run Local Usage
		Usr 0 01:18:54, Sys 0 00:15:07  -  Total Remote Usage
		Usr 0 00:00:00, Sys 0 00:00:00  -  Total Local Usage
	77128  -  Run Bytes Sent By Job
	793  -  Run Bytes Received By Job
	77128  -  Total Bytes Sent By Job
	793  -  Total Bytes Received By Job
	Partitionable Resources :     Usage  Request Allocated 
	   Cpus                 :      0.18        1         1 
	   Disk (KB)            :    136           1      2761 
	   GPUs                 :                            0 
	   Memory (MB)          :    177        1024      1100 
	   TimeExecute (s)      : 141532                       
	   TimeSlotBusy (s)     : 141533                       

	Job terminated of its own accord at 2026-03-15T17:17:55Z with exit-code 0.
...
