000 (842551.000.000) 2026-03-14 10:57:19 Job submitted from host: <155.230.23.72:9618?addrs=155.230.23.72-9618+[2407-c000-c024-0-20c-29ff-fe6a-c74b]-9618&alias=cms02.knu.ac.kr&noUDP&sock=schedd_1497_655d>
...
040 (842551.000.000) 2026-03-14 10:59:01 Started transferring input files
	Transferring to host: <155.230.21.44:9618?addrs=155.230.21.44-9618+[2407-c000-c025--21-44]-9618&alias=cluster244.knu.ac.kr&noUDP&sock=slot1_8_1512_1737_366>
...
040 (842551.000.000) 2026-03-14 10:59:01 Finished transferring input files
...
001 (842551.000.000) 2026-03-14 10:59:02 Job executing on host: <155.230.21.44:9618?addrs=155.230.21.44-9618+[2407-c000-c025--21-44]-9618&alias=cluster244.knu.ac.kr&noUDP&sock=startd_1095_a84b>
	SlotName: slot1_8@cluster244.knu.ac.kr
	CondorScratchDir = "/home/condor/dir_422928"
	Cpus = 1
	Disk = 2821
	GPUs = 0
	Memory = 1100
...
006 (842551.000.000) 2026-03-14 10:59:11 Image size of job updated: 93924
	92  -  MemoryUsage of job (MB)
	93924  -  ResidentSetSize of job (KB)
...
006 (842551.000.000) 2026-03-14 11:04:12 Image size of job updated: 164576
	161  -  MemoryUsage of job (MB)
	164576  -  ResidentSetSize of job (KB)
...
006 (842551.000.000) 2026-03-14 11:09:13 Image size of job updated: 164780
	161  -  MemoryUsage of job (MB)
	164780  -  ResidentSetSize of job (KB)
...
006 (842551.000.000) 2026-03-14 11:14:13 Image size of job updated: 167260
	164  -  MemoryUsage of job (MB)
	167260  -  ResidentSetSize of job (KB)
...
006 (842551.000.000) 2026-03-14 11:29:14 Image size of job updated: 167268
	164  -  MemoryUsage of job (MB)
	167268  -  ResidentSetSize of job (KB)
...
006 (842551.000.000) 2026-03-14 12:19:19 Image size of job updated: 174184
	171  -  MemoryUsage of job (MB)
	174184  -  ResidentSetSize of job (KB)
...
006 (842551.000.000) 2026-03-14 12:24:20 Image size of job updated: 178196
	175  -  MemoryUsage of job (MB)
	178196  -  ResidentSetSize of job (KB)
...
006 (842551.000.000) 2026-03-14 14:59:35 Image size of job updated: 178200
	175  -  MemoryUsage of job (MB)
	178200  -  ResidentSetSize of job (KB)
...
040 (842551.000.000) 2026-03-14 18:03:37 Started transferring output files
...
040 (842551.000.000) 2026-03-14 18:03:37 Finished transferring output files
...
005 (842551.000.000) 2026-03-14 18:03:37 Job terminated.
	(1) Normal termination (return value 0)
		Usr 0 01:38:16, Sys 0 00:16:48  -  Run Remote Usage
		Usr 0 00:00:00, Sys 0 00:00:00  -  Run Local Usage
		Usr 0 01:38:16, Sys 0 00:16:48  -  Total Remote Usage
		Usr 0 00:00:00, Sys 0 00:00:00  -  Total Local Usage
	96900  -  Run Bytes Sent By Job
	793  -  Run Bytes Received By Job
	96900  -  Total Bytes Sent By Job
	793  -  Total Bytes Received By Job
	Partitionable Resources :    Usage  Request Allocated 
	   Cpus                 :     0.92        1         1 
	   Disk (KB)            :   155           1      2821 
	   GPUs                 :                           0 
	   Memory (MB)          :   175        1024      1100 
	   TimeExecute (s)      : 25475                       
	   TimeSlotBusy (s)     : 25476                       

	Job terminated of its own accord at 2026-03-14T09:03:37Z with exit-code 0.
...
