=== TTWJetsToLNu Sample Processing Summary ===
Timestamp: 2025-06-11 16:08:12
Total root files: 12
Files per list: 1
List files created: 12

=== Root files distribution ===
List file 1: 1 root files
List file 2: 1 root files
List file 3: 1 root files
List file 4: 1 root files
List file 5: 1 root files
List file 6: 1 root files
List file 7: 1 root files
List file 8: 1 root files
List file 9: 1 root files
List file 10: 1 root files
List file 11: 1 root files
List file 12: 1 root files

=== All root files ===
   1. dcap://cluster142.knu.ac.kr//pnfs/knu.ac.kr/data/cms/store/user/dongwoon/UL20NanoAOD/2016PostVFP/2016PostVFP/MC/TTWJetsToLNu_TuneCP5_13TeV-amcatnloFXFX-madspin-pythia8/TTWJetsToLNu_TuneCP5_amcatnloFXFX-madspin/250125_174816/0000/tree_10.root
   2. dcap://cluster142.knu.ac.kr//pnfs/knu.ac.kr/data/cms/store/user/dongwoon/UL20NanoAOD/2016PostVFP/2016PostVFP/MC/TTWJetsToLNu_TuneCP5_13TeV-amcatnloFXFX-madspin-pythia8/TTWJetsToLNu_TuneCP5_amcatnloFXFX-madspin/250125_174816/0000/tree_11.root
   3. dcap://cluster142.knu.ac.kr//pnfs/knu.ac.kr/data/cms/store/user/dongwoon/UL20NanoAOD/2016PostVFP/2016PostVFP/MC/TTWJetsToLNu_TuneCP5_13TeV-amcatnloFXFX-madspin-pythia8/TTWJetsToLNu_TuneCP5_amcatnloFXFX-madspin/250125_174816/0000/tree_12.root
   4. dcap://cluster142.knu.ac.kr//pnfs/knu.ac.kr/data/cms/store/user/dongwoon/UL20NanoAOD/2016PostVFP/2016PostVFP/MC/TTWJetsToLNu_TuneCP5_13TeV-amcatnloFXFX-madspin-pythia8/TTWJetsToLNu_TuneCP5_amcatnloFXFX-madspin/250125_174816/0000/tree_1.root
   5. dcap://cluster142.knu.ac.kr//pnfs/knu.ac.kr/data/cms/store/user/dongwoon/UL20NanoAOD/2016PostVFP/2016PostVFP/MC/TTWJetsToLNu_TuneCP5_13TeV-amcatnloFXFX-madspin-pythia8/TTWJetsToLNu_TuneCP5_amcatnloFXFX-madspin/250125_174816/0000/tree_2.root
   6. dcap://cluster142.knu.ac.kr//pnfs/knu.ac.kr/data/cms/store/user/dongwoon/UL20NanoAOD/2016PostVFP/2016PostVFP/MC/TTWJetsToLNu_TuneCP5_13TeV-amcatnloFXFX-madspin-pythia8/TTWJetsToLNu_TuneCP5_amcatnloFXFX-madspin/250125_174816/0000/tree_3.root
   7. dcap://cluster142.knu.ac.kr//pnfs/knu.ac.kr/data/cms/store/user/dongwoon/UL20NanoAOD/2016PostVFP/2016PostVFP/MC/TTWJetsToLNu_TuneCP5_13TeV-amcatnloFXFX-madspin-pythia8/TTWJetsToLNu_TuneCP5_amcatnloFXFX-madspin/250125_174816/0000/tree_4.root
   8. dcap://cluster142.knu.ac.kr//pnfs/knu.ac.kr/data/cms/store/user/dongwoon/UL20NanoAOD/2016PostVFP/2016PostVFP/MC/TTWJetsToLNu_TuneCP5_13TeV-amcatnloFXFX-madspin-pythia8/TTWJetsToLNu_TuneCP5_amcatnloFXFX-madspin/250125_174816/0000/tree_5.root
   9. dcap://cluster142.knu.ac.kr//pnfs/knu.ac.kr/data/cms/store/user/dongwoon/UL20NanoAOD/2016PostVFP/2016PostVFP/MC/TTWJetsToLNu_TuneCP5_13TeV-amcatnloFXFX-madspin-pythia8/TTWJetsToLNu_TuneCP5_amcatnloFXFX-madspin/250125_174816/0000/tree_6.root
  10. dcap://cluster142.knu.ac.kr//pnfs/knu.ac.kr/data/cms/store/user/dongwoon/UL20NanoAOD/2016PostVFP/2016PostVFP/MC/TTWJetsToLNu_TuneCP5_13TeV-amcatnloFXFX-madspin-pythia8/TTWJetsToLNu_TuneCP5_amcatnloFXFX-madspin/250125_174816/0000/tree_7.root
  11. dcap://cluster142.knu.ac.kr//pnfs/knu.ac.kr/data/cms/store/user/dongwoon/UL20NanoAOD/2016PostVFP/2016PostVFP/MC/TTWJetsToLNu_TuneCP5_13TeV-amcatnloFXFX-madspin-pythia8/TTWJetsToLNu_TuneCP5_amcatnloFXFX-madspin/250125_174816/0000/tree_8.root
  12. dcap://cluster142.knu.ac.kr//pnfs/knu.ac.kr/data/cms/store/user/dongwoon/UL20NanoAOD/2016PostVFP/2016PostVFP/MC/TTWJetsToLNu_TuneCP5_13TeV-amcatnloFXFX-madspin-pythia8/TTWJetsToLNu_TuneCP5_amcatnloFXFX-madspin/250125_174816/0000/tree_9.root
