000 (842553.003.000) 2026-03-14 10:57:19 Job submitted from host: <155.230.23.72:9618?addrs=155.230.23.72-9618+[2407-c000-c024-0-20c-29ff-fe6a-c74b]-9618&alias=cms02.knu.ac.kr&noUDP&sock=schedd_1497_655d>
...
040 (842553.003.000) 2026-03-14 10:59:05 Started transferring input files
	Transferring to host: <155.230.21.42:9618?addrs=155.230.21.42-9618+[2407-c000-c025--21-42]-9618&alias=cluster242.knu.ac.kr&noUDP&sock=slot1_8_1505_2896_1672>
...
040 (842553.003.000) 2026-03-14 10:59:05 Finished transferring input files
...
001 (842553.003.000) 2026-03-14 10:59:06 Job executing on host: <155.230.21.42:9618?addrs=155.230.21.42-9618+[2407-c000-c025--21-42]-9618&alias=cluster242.knu.ac.kr&noUDP&sock=startd_1092_9982>
	SlotName: slot1_8@cluster242.knu.ac.kr
	CondorScratchDir = "/home/condor/dir_1789523"
	Cpus = 1
	Disk = 2825
	GPUs = 0
	Memory = 1100
...
006 (842553.003.000) 2026-03-14 10:59:14 Image size of job updated: 95648
	94  -  MemoryUsage of job (MB)
	95648  -  ResidentSetSize of job (KB)
...
006 (842553.003.000) 2026-03-14 11:04:14 Image size of job updated: 151312
	148  -  MemoryUsage of job (MB)
	151312  -  ResidentSetSize of job (KB)
...
006 (842553.003.000) 2026-03-14 11:09:15 Image size of job updated: 164160
	161  -  MemoryUsage of job (MB)
	164160  -  ResidentSetSize of job (KB)
...
006 (842553.003.000) 2026-03-14 11:14:16 Image size of job updated: 170604
	167  -  MemoryUsage of job (MB)
	170604  -  ResidentSetSize of job (KB)
...
006 (842553.003.000) 2026-03-14 11:19:16 Image size of job updated: 171664
	168  -  MemoryUsage of job (MB)
	171664  -  ResidentSetSize of job (KB)
...
006 (842553.003.000) 2026-03-14 13:19:29 Image size of job updated: 171884
	168  -  MemoryUsage of job (MB)
	171884  -  ResidentSetSize of job (KB)
...
040 (842553.003.000) 2026-03-16 02:59:29 Started transferring output files
...
040 (842553.003.000) 2026-03-16 02:59:30 Finished transferring output files
...
005 (842553.003.000) 2026-03-16 02:59:30 Job terminated.
	(1) Normal termination (return value 0)
		Usr 0 01:43:59, Sys 0 00:16:35  -  Run Remote Usage
		Usr 0 00:00:00, Sys 0 00:00:00  -  Run Local Usage
		Usr 0 01:43:59, Sys 0 00:16:35  -  Total Remote Usage
		Usr 0 00:00:00, Sys 0 00:00:00  -  Total Local Usage
	117345  -  Run Bytes Sent By Job
	738  -  Run Bytes Received By Job
	117345  -  Total Bytes Sent By Job
	738  -  Total Bytes Received By Job
	Partitionable Resources :     Usage  Request Allocated 
	   Cpus                 :      0.38        1         1 
	   Disk (KB)            :    175           1      2825 
	   GPUs                 :                            0 
	   Memory (MB)          :    168        1024      1100 
	   TimeExecute (s)      : 144023                       
	   TimeSlotBusy (s)     : 144024                       

	Job terminated of its own accord at 2026-03-15T17:59:29Z with exit-code 0.
...
