000 (842553.005.000) 2026-03-14 10:57:19 Job submitted from host: <155.230.23.72:9618?addrs=155.230.23.72-9618+[2407-c000-c024-0-20c-29ff-fe6a-c74b]-9618&alias=cms02.knu.ac.kr&noUDP&sock=schedd_1497_655d>
...
040 (842553.005.000) 2026-03-14 10:59:06 Started transferring input files
	Transferring to host: <155.230.21.72:9618?addrs=155.230.21.72-9618+[2407-c000-c025--21-72]-9618&alias=cluster272.knu.ac.kr&noUDP&sock=slot1_6_3993884_54e3_3735>
...
040 (842553.005.000) 2026-03-14 10:59:06 Finished transferring input files
...
001 (842553.005.000) 2026-03-14 10:59:07 Job executing on host: <155.230.21.72:9618?addrs=155.230.21.72-9618+[2407-c000-c025--21-72]-9618&alias=cluster272.knu.ac.kr&noUDP&sock=startd_1080_5e5f>
	SlotName: slot1_6@cluster272.knu.ac.kr
	CondorScratchDir = "/home/condor/dir_1260910"
	Cpus = 1
	Disk = 2821
	GPUs = 0
	Memory = 1100
...
006 (842553.005.000) 2026-03-14 10:59:16 Image size of job updated: 95780
	94  -  MemoryUsage of job (MB)
	95780  -  ResidentSetSize of job (KB)
...
006 (842553.005.000) 2026-03-14 11:04:17 Image size of job updated: 163856
	161  -  MemoryUsage of job (MB)
	163856  -  ResidentSetSize of job (KB)
...
006 (842553.005.000) 2026-03-14 11:09:17 Image size of job updated: 170884
	167  -  MemoryUsage of job (MB)
	170884  -  ResidentSetSize of job (KB)
...
006 (842553.005.000) 2026-03-14 11:19:18 Image size of job updated: 171220
	168  -  MemoryUsage of job (MB)
	171220  -  ResidentSetSize of job (KB)
...
006 (842553.005.000) 2026-03-14 11:43:42 Image size of job updated: 176400
	168  -  MemoryUsage of job (MB)
	171220  -  ResidentSetSize of job (KB)
...
040 (842553.005.000) 2026-03-14 11:43:42 Started transferring output files
...
040 (842553.005.000) 2026-03-14 11:43:42 Finished transferring output files
...
005 (842553.005.000) 2026-03-14 11:43:42 Job terminated.
	(1) Normal termination (return value 0)
		Usr 0 00:06:03, Sys 0 00:01:06  -  Run Remote Usage
		Usr 0 00:00:00, Sys 0 00:00:00  -  Run Local Usage
		Usr 0 00:06:03, Sys 0 00:01:06  -  Total Remote Usage
		Usr 0 00:00:00, Sys 0 00:00:00  -  Total Local Usage
	9258  -  Run Bytes Sent By Job
	738  -  Run Bytes Received By Job
	9258  -  Total Bytes Sent By Job
	738  -  Total Bytes Received By Job
	Partitionable Resources :    Usage  Request Allocated 
	   Cpus                 :     0.05        1         1 
	   Disk (KB)            :    70           1      2821 
	   GPUs                 :                           0 
	   Memory (MB)          :   168        1024      1100 
	   TimeExecute (s)      :  2675                       
	   TimeSlotBusy (s)     :  2676                       

	Job terminated of its own accord at 2026-03-14T02:43:42Z with exit-code 0.
...
