=== DYJetsToLL_M_50_madgraphMLM Sample Processing Summary ===
Timestamp: 2025-06-11 16:08:09
Total root files: 61
Files per list: 1
List files created: 61

=== Root files distribution ===
List file 1: 1 root files
List file 2: 1 root files
List file 3: 1 root files
List file 4: 1 root files
List file 5: 1 root files
List file 6: 1 root files
List file 7: 1 root files
List file 8: 1 root files
List file 9: 1 root files
List file 10: 1 root files
List file 11: 1 root files
List file 12: 1 root files
List file 13: 1 root files
List file 14: 1 root files
List file 15: 1 root files
List file 16: 1 root files
List file 17: 1 root files
List file 18: 1 root files
List file 19: 1 root files
List file 20: 1 root files
List file 21: 1 root files
List file 22: 1 root files
List file 23: 1 root files
List file 24: 1 root files
List file 25: 1 root files
List file 26: 1 root files
List file 27: 1 root files
List file 28: 1 root files
List file 29: 1 root files
List file 30: 1 root files
List file 31: 1 root files
List file 32: 1 root files
List file 33: 1 root files
List file 34: 1 root files
List file 35: 1 root files
List file 36: 1 root files
List file 37: 1 root files
List file 38: 1 root files
List file 39: 1 root files
List file 40: 1 root files
List file 41: 1 root files
List file 42: 1 root files
List file 43: 1 root files
List file 44: 1 root files
List file 45: 1 root files
List file 46: 1 root files
List file 47: 1 root files
List file 48: 1 root files
List file 49: 1 root files
List file 50: 1 root files
List file 51: 1 root files
List file 52: 1 root files
List file 53: 1 root files
List file 54: 1 root files
List file 55: 1 root files
List file 56: 1 root files
List file 57: 1 root files
List file 58: 1 root files
List file 59: 1 root files
List file 60: 1 root files
List file 61: 1 root files

=== All root files ===
   1. dcap://cluster142.knu.ac.kr//pnfs/knu.ac.kr/data/cms/store/user/dongwoon/UL20NanoAOD/2016PostVFP/2016PostVFP/MC/DYJetsToLL_M-50_TuneCP5_13TeV-madgraphMLM-pythia8/DYJetsToLL_M-50_TuneCP5_madgraphMLM/250125_174641/0000/tree_10.root
   2. dcap://cluster142.knu.ac.kr//pnfs/knu.ac.kr/data/cms/store/user/dongwoon/UL20NanoAOD/2016PostVFP/2016PostVFP/MC/DYJetsToLL_M-50_TuneCP5_13TeV-madgraphMLM-pythia8/DYJetsToLL_M-50_TuneCP5_madgraphMLM/250125_174641/0000/tree_11.root
   3. dcap://cluster142.knu.ac.kr//pnfs/knu.ac.kr/data/cms/store/user/dongwoon/UL20NanoAOD/2016PostVFP/2016PostVFP/MC/DYJetsToLL_M-50_TuneCP5_13TeV-madgraphMLM-pythia8/DYJetsToLL_M-50_TuneCP5_madgraphMLM/250125_174641/0000/tree_12.root
   4. dcap://cluster142.knu.ac.kr//pnfs/knu.ac.kr/data/cms/store/user/dongwoon/UL20NanoAOD/2016PostVFP/2016PostVFP/MC/DYJetsToLL_M-50_TuneCP5_13TeV-madgraphMLM-pythia8/DYJetsToLL_M-50_TuneCP5_madgraphMLM/250125_174641/0000/tree_13.root
   5. dcap://cluster142.knu.ac.kr//pnfs/knu.ac.kr/data/cms/store/user/dongwoon/UL20NanoAOD/2016PostVFP/2016PostVFP/MC/DYJetsToLL_M-50_TuneCP5_13TeV-madgraphMLM-pythia8/DYJetsToLL_M-50_TuneCP5_madgraphMLM/250125_174641/0000/tree_14.root
   6. dcap://cluster142.knu.ac.kr//pnfs/knu.ac.kr/data/cms/store/user/dongwoon/UL20NanoAOD/2016PostVFP/2016PostVFP/MC/DYJetsToLL_M-50_TuneCP5_13TeV-madgraphMLM-pythia8/DYJetsToLL_M-50_TuneCP5_madgraphMLM/250125_174641/0000/tree_15.root
   7. dcap://cluster142.knu.ac.kr//pnfs/knu.ac.kr/data/cms/store/user/dongwoon/UL20NanoAOD/2016PostVFP/2016PostVFP/MC/DYJetsToLL_M-50_TuneCP5_13TeV-madgraphMLM-pythia8/DYJetsToLL_M-50_TuneCP5_madgraphMLM/250125_174641/0000/tree_16.root
   8. dcap://cluster142.knu.ac.kr//pnfs/knu.ac.kr/data/cms/store/user/dongwoon/UL20NanoAOD/2016PostVFP/2016PostVFP/MC/DYJetsToLL_M-50_TuneCP5_13TeV-madgraphMLM-pythia8/DYJetsToLL_M-50_TuneCP5_madgraphMLM/250125_174641/0000/tree_17.root
   9. dcap://cluster142.knu.ac.kr//pnfs/knu.ac.kr/data/cms/store/user/dongwoon/UL20NanoAOD/2016PostVFP/2016PostVFP/MC/DYJetsToLL_M-50_TuneCP5_13TeV-madgraphMLM-pythia8/DYJetsToLL_M-50_TuneCP5_madgraphMLM/250125_174641/0000/tree_18.root
  10. dcap://cluster142.knu.ac.kr//pnfs/knu.ac.kr/data/cms/store/user/dongwoon/UL20NanoAOD/2016PostVFP/2016PostVFP/MC/DYJetsToLL_M-50_TuneCP5_13TeV-madgraphMLM-pythia8/DYJetsToLL_M-50_TuneCP5_madgraphMLM/250125_174641/0000/tree_19.root
  11. dcap://cluster142.knu.ac.kr//pnfs/knu.ac.kr/data/cms/store/user/dongwoon/UL20NanoAOD/2016PostVFP/2016PostVFP/MC/DYJetsToLL_M-50_TuneCP5_13TeV-madgraphMLM-pythia8/DYJetsToLL_M-50_TuneCP5_madgraphMLM/250125_174641/0000/tree_1.root
  12. dcap://cluster142.knu.ac.kr//pnfs/knu.ac.kr/data/cms/store/user/dongwoon/UL20NanoAOD/2016PostVFP/2016PostVFP/MC/DYJetsToLL_M-50_TuneCP5_13TeV-madgraphMLM-pythia8/DYJetsToLL_M-50_TuneCP5_madgraphMLM/250125_174641/0000/tree_20.root
  13. dcap://cluster142.knu.ac.kr//pnfs/knu.ac.kr/data/cms/store/user/dongwoon/UL20NanoAOD/2016PostVFP/2016PostVFP/MC/DYJetsToLL_M-50_TuneCP5_13TeV-madgraphMLM-pythia8/DYJetsToLL_M-50_TuneCP5_madgraphMLM/250125_174641/0000/tree_21.root
  14. dcap://cluster142.knu.ac.kr//pnfs/knu.ac.kr/data/cms/store/user/dongwoon/UL20NanoAOD/2016PostVFP/2016PostVFP/MC/DYJetsToLL_M-50_TuneCP5_13TeV-madgraphMLM-pythia8/DYJetsToLL_M-50_TuneCP5_madgraphMLM/250125_174641/0000/tree_22.root
  15. dcap://cluster142.knu.ac.kr//pnfs/knu.ac.kr/data/cms/store/user/dongwoon/UL20NanoAOD/2016PostVFP/2016PostVFP/MC/DYJetsToLL_M-50_TuneCP5_13TeV-madgraphMLM-pythia8/DYJetsToLL_M-50_TuneCP5_madgraphMLM/250125_174641/0000/tree_23.root
  16. dcap://cluster142.knu.ac.kr//pnfs/knu.ac.kr/data/cms/store/user/dongwoon/UL20NanoAOD/2016PostVFP/2016PostVFP/MC/DYJetsToLL_M-50_TuneCP5_13TeV-madgraphMLM-pythia8/DYJetsToLL_M-50_TuneCP5_madgraphMLM/250125_174641/0000/tree_24.root
  17. dcap://cluster142.knu.ac.kr//pnfs/knu.ac.kr/data/cms/store/user/dongwoon/UL20NanoAOD/2016PostVFP/2016PostVFP/MC/DYJetsToLL_M-50_TuneCP5_13TeV-madgraphMLM-pythia8/DYJetsToLL_M-50_TuneCP5_madgraphMLM/250125_174641/0000/tree_25.root
  18. dcap://cluster142.knu.ac.kr//pnfs/knu.ac.kr/data/cms/store/user/dongwoon/UL20NanoAOD/2016PostVFP/2016PostVFP/MC/DYJetsToLL_M-50_TuneCP5_13TeV-madgraphMLM-pythia8/DYJetsToLL_M-50_TuneCP5_madgraphMLM/250125_174641/0000/tree_26.root
  19. dcap://cluster142.knu.ac.kr//pnfs/knu.ac.kr/data/cms/store/user/dongwoon/UL20NanoAOD/2016PostVFP/2016PostVFP/MC/DYJetsToLL_M-50_TuneCP5_13TeV-madgraphMLM-pythia8/DYJetsToLL_M-50_TuneCP5_madgraphMLM/250125_174641/0000/tree_27.root
  20. dcap://cluster142.knu.ac.kr//pnfs/knu.ac.kr/data/cms/store/user/dongwoon/UL20NanoAOD/2016PostVFP/2016PostVFP/MC/DYJetsToLL_M-50_TuneCP5_13TeV-madgraphMLM-pythia8/DYJetsToLL_M-50_TuneCP5_madgraphMLM/250125_174641/0000/tree_28.root
  21. dcap://cluster142.knu.ac.kr//pnfs/knu.ac.kr/data/cms/store/user/dongwoon/UL20NanoAOD/2016PostVFP/2016PostVFP/MC/DYJetsToLL_M-50_TuneCP5_13TeV-madgraphMLM-pythia8/DYJetsToLL_M-50_TuneCP5_madgraphMLM/250125_174641/0000/tree_29.root
  22. dcap://cluster142.knu.ac.kr//pnfs/knu.ac.kr/data/cms/store/user/dongwoon/UL20NanoAOD/2016PostVFP/2016PostVFP/MC/DYJetsToLL_M-50_TuneCP5_13TeV-madgraphMLM-pythia8/DYJetsToLL_M-50_TuneCP5_madgraphMLM/250125_174641/0000/tree_2.root
  23. dcap://cluster142.knu.ac.kr//pnfs/knu.ac.kr/data/cms/store/user/dongwoon/UL20NanoAOD/2016PostVFP/2016PostVFP/MC/DYJetsToLL_M-50_TuneCP5_13TeV-madgraphMLM-pythia8/DYJetsToLL_M-50_TuneCP5_madgraphMLM/250125_174641/0000/tree_30.root
  24. dcap://cluster142.knu.ac.kr//pnfs/knu.ac.kr/data/cms/store/user/dongwoon/UL20NanoAOD/2016PostVFP/2016PostVFP/MC/DYJetsToLL_M-50_TuneCP5_13TeV-madgraphMLM-pythia8/DYJetsToLL_M-50_TuneCP5_madgraphMLM/250125_174641/0000/tree_31.root
  25. dcap://cluster142.knu.ac.kr//pnfs/knu.ac.kr/data/cms/store/user/dongwoon/UL20NanoAOD/2016PostVFP/2016PostVFP/MC/DYJetsToLL_M-50_TuneCP5_13TeV-madgraphMLM-pythia8/DYJetsToLL_M-50_TuneCP5_madgraphMLM/250125_174641/0000/tree_32.root
  26. dcap://cluster142.knu.ac.kr//pnfs/knu.ac.kr/data/cms/store/user/dongwoon/UL20NanoAOD/2016PostVFP/2016PostVFP/MC/DYJetsToLL_M-50_TuneCP5_13TeV-madgraphMLM-pythia8/DYJetsToLL_M-50_TuneCP5_madgraphMLM/250125_174641/0000/tree_33.root
  27. dcap://cluster142.knu.ac.kr//pnfs/knu.ac.kr/data/cms/store/user/dongwoon/UL20NanoAOD/2016PostVFP/2016PostVFP/MC/DYJetsToLL_M-50_TuneCP5_13TeV-madgraphMLM-pythia8/DYJetsToLL_M-50_TuneCP5_madgraphMLM/250125_174641/0000/tree_34.root
  28. dcap://cluster142.knu.ac.kr//pnfs/knu.ac.kr/data/cms/store/user/dongwoon/UL20NanoAOD/2016PostVFP/2016PostVFP/MC/DYJetsToLL_M-50_TuneCP5_13TeV-madgraphMLM-pythia8/DYJetsToLL_M-50_TuneCP5_madgraphMLM/250125_174641/0000/tree_35.root
  29. dcap://cluster142.knu.ac.kr//pnfs/knu.ac.kr/data/cms/store/user/dongwoon/UL20NanoAOD/2016PostVFP/2016PostVFP/MC/DYJetsToLL_M-50_TuneCP5_13TeV-madgraphMLM-pythia8/DYJetsToLL_M-50_TuneCP5_madgraphMLM/250125_174641/0000/tree_36.root
  30. dcap://cluster142.knu.ac.kr//pnfs/knu.ac.kr/data/cms/store/user/dongwoon/UL20NanoAOD/2016PostVFP/2016PostVFP/MC/DYJetsToLL_M-50_TuneCP5_13TeV-madgraphMLM-pythia8/DYJetsToLL_M-50_TuneCP5_madgraphMLM/250125_174641/0000/tree_37.root
  31. dcap://cluster142.knu.ac.kr//pnfs/knu.ac.kr/data/cms/store/user/dongwoon/UL20NanoAOD/2016PostVFP/2016PostVFP/MC/DYJetsToLL_M-50_TuneCP5_13TeV-madgraphMLM-pythia8/DYJetsToLL_M-50_TuneCP5_madgraphMLM/250125_174641/0000/tree_38.root
  32. dcap://cluster142.knu.ac.kr//pnfs/knu.ac.kr/data/cms/store/user/dongwoon/UL20NanoAOD/2016PostVFP/2016PostVFP/MC/DYJetsToLL_M-50_TuneCP5_13TeV-madgraphMLM-pythia8/DYJetsToLL_M-50_TuneCP5_madgraphMLM/250125_174641/0000/tree_39.root
  33. dcap://cluster142.knu.ac.kr//pnfs/knu.ac.kr/data/cms/store/user/dongwoon/UL20NanoAOD/2016PostVFP/2016PostVFP/MC/DYJetsToLL_M-50_TuneCP5_13TeV-madgraphMLM-pythia8/DYJetsToLL_M-50_TuneCP5_madgraphMLM/250125_174641/0000/tree_3.root
  34. dcap://cluster142.knu.ac.kr//pnfs/knu.ac.kr/data/cms/store/user/dongwoon/UL20NanoAOD/2016PostVFP/2016PostVFP/MC/DYJetsToLL_M-50_TuneCP5_13TeV-madgraphMLM-pythia8/DYJetsToLL_M-50_TuneCP5_madgraphMLM/250125_174641/0000/tree_40.root
  35. dcap://cluster142.knu.ac.kr//pnfs/knu.ac.kr/data/cms/store/user/dongwoon/UL20NanoAOD/2016PostVFP/2016PostVFP/MC/DYJetsToLL_M-50_TuneCP5_13TeV-madgraphMLM-pythia8/DYJetsToLL_M-50_TuneCP5_madgraphMLM/250125_174641/0000/tree_41.root
  36. dcap://cluster142.knu.ac.kr//pnfs/knu.ac.kr/data/cms/store/user/dongwoon/UL20NanoAOD/2016PostVFP/2016PostVFP/MC/DYJetsToLL_M-50_TuneCP5_13TeV-madgraphMLM-pythia8/DYJetsToLL_M-50_TuneCP5_madgraphMLM/250125_174641/0000/tree_42.root
  37. dcap://cluster142.knu.ac.kr//pnfs/knu.ac.kr/data/cms/store/user/dongwoon/UL20NanoAOD/2016PostVFP/2016PostVFP/MC/DYJetsToLL_M-50_TuneCP5_13TeV-madgraphMLM-pythia8/DYJetsToLL_M-50_TuneCP5_madgraphMLM/250125_174641/0000/tree_43.root
  38. dcap://cluster142.knu.ac.kr//pnfs/knu.ac.kr/data/cms/store/user/dongwoon/UL20NanoAOD/2016PostVFP/2016PostVFP/MC/DYJetsToLL_M-50_TuneCP5_13TeV-madgraphMLM-pythia8/DYJetsToLL_M-50_TuneCP5_madgraphMLM/250125_174641/0000/tree_44.root
  39. dcap://cluster142.knu.ac.kr//pnfs/knu.ac.kr/data/cms/store/user/dongwoon/UL20NanoAOD/2016PostVFP/2016PostVFP/MC/DYJetsToLL_M-50_TuneCP5_13TeV-madgraphMLM-pythia8/DYJetsToLL_M-50_TuneCP5_madgraphMLM/250125_174641/0000/tree_45.root
  40. dcap://cluster142.knu.ac.kr//pnfs/knu.ac.kr/data/cms/store/user/dongwoon/UL20NanoAOD/2016PostVFP/2016PostVFP/MC/DYJetsToLL_M-50_TuneCP5_13TeV-madgraphMLM-pythia8/DYJetsToLL_M-50_TuneCP5_madgraphMLM/250125_174641/0000/tree_46.root
  41. dcap://cluster142.knu.ac.kr//pnfs/knu.ac.kr/data/cms/store/user/dongwoon/UL20NanoAOD/2016PostVFP/2016PostVFP/MC/DYJetsToLL_M-50_TuneCP5_13TeV-madgraphMLM-pythia8/DYJetsToLL_M-50_TuneCP5_madgraphMLM/250125_174641/0000/tree_47.root
  42. dcap://cluster142.knu.ac.kr//pnfs/knu.ac.kr/data/cms/store/user/dongwoon/UL20NanoAOD/2016PostVFP/2016PostVFP/MC/DYJetsToLL_M-50_TuneCP5_13TeV-madgraphMLM-pythia8/DYJetsToLL_M-50_TuneCP5_madgraphMLM/250125_174641/0000/tree_48.root
  43. dcap://cluster142.knu.ac.kr//pnfs/knu.ac.kr/data/cms/store/user/dongwoon/UL20NanoAOD/2016PostVFP/2016PostVFP/MC/DYJetsToLL_M-50_TuneCP5_13TeV-madgraphMLM-pythia8/DYJetsToLL_M-50_TuneCP5_madgraphMLM/250125_174641/0000/tree_49.root
  44. dcap://cluster142.knu.ac.kr//pnfs/knu.ac.kr/data/cms/store/user/dongwoon/UL20NanoAOD/2016PostVFP/2016PostVFP/MC/DYJetsToLL_M-50_TuneCP5_13TeV-madgraphMLM-pythia8/DYJetsToLL_M-50_TuneCP5_madgraphMLM/250125_174641/0000/tree_4.root
  45. dcap://cluster142.knu.ac.kr//pnfs/knu.ac.kr/data/cms/store/user/dongwoon/UL20NanoAOD/2016PostVFP/2016PostVFP/MC/DYJetsToLL_M-50_TuneCP5_13TeV-madgraphMLM-pythia8/DYJetsToLL_M-50_TuneCP5_madgraphMLM/250125_174641/0000/tree_50.root
  46. dcap://cluster142.knu.ac.kr//pnfs/knu.ac.kr/data/cms/store/user/dongwoon/UL20NanoAOD/2016PostVFP/2016PostVFP/MC/DYJetsToLL_M-50_TuneCP5_13TeV-madgraphMLM-pythia8/DYJetsToLL_M-50_TuneCP5_madgraphMLM/250125_174641/0000/tree_51.root
  47. dcap://cluster142.knu.ac.kr//pnfs/knu.ac.kr/data/cms/store/user/dongwoon/UL20NanoAOD/2016PostVFP/2016PostVFP/MC/DYJetsToLL_M-50_TuneCP5_13TeV-madgraphMLM-pythia8/DYJetsToLL_M-50_TuneCP5_madgraphMLM/250125_174641/0000/tree_52.root
  48. dcap://cluster142.knu.ac.kr//pnfs/knu.ac.kr/data/cms/store/user/dongwoon/UL20NanoAOD/2016PostVFP/2016PostVFP/MC/DYJetsToLL_M-50_TuneCP5_13TeV-madgraphMLM-pythia8/DYJetsToLL_M-50_TuneCP5_madgraphMLM/250125_174641/0000/tree_53.root
  49. dcap://cluster142.knu.ac.kr//pnfs/knu.ac.kr/data/cms/store/user/dongwoon/UL20NanoAOD/2016PostVFP/2016PostVFP/MC/DYJetsToLL_M-50_TuneCP5_13TeV-madgraphMLM-pythia8/DYJetsToLL_M-50_TuneCP5_madgraphMLM/250125_174641/0000/tree_54.root
  50. dcap://cluster142.knu.ac.kr//pnfs/knu.ac.kr/data/cms/store/user/dongwoon/UL20NanoAOD/2016PostVFP/2016PostVFP/MC/DYJetsToLL_M-50_TuneCP5_13TeV-madgraphMLM-pythia8/DYJetsToLL_M-50_TuneCP5_madgraphMLM/250125_174641/0000/tree_55.root
  51. dcap://cluster142.knu.ac.kr//pnfs/knu.ac.kr/data/cms/store/user/dongwoon/UL20NanoAOD/2016PostVFP/2016PostVFP/MC/DYJetsToLL_M-50_TuneCP5_13TeV-madgraphMLM-pythia8/DYJetsToLL_M-50_TuneCP5_madgraphMLM/250125_174641/0000/tree_56.root
  52. dcap://cluster142.knu.ac.kr//pnfs/knu.ac.kr/data/cms/store/user/dongwoon/UL20NanoAOD/2016PostVFP/2016PostVFP/MC/DYJetsToLL_M-50_TuneCP5_13TeV-madgraphMLM-pythia8/DYJetsToLL_M-50_TuneCP5_madgraphMLM/250125_174641/0000/tree_57.root
  53. dcap://cluster142.knu.ac.kr//pnfs/knu.ac.kr/data/cms/store/user/dongwoon/UL20NanoAOD/2016PostVFP/2016PostVFP/MC/DYJetsToLL_M-50_TuneCP5_13TeV-madgraphMLM-pythia8/DYJetsToLL_M-50_TuneCP5_madgraphMLM/250125_174641/0000/tree_58.root
  54. dcap://cluster142.knu.ac.kr//pnfs/knu.ac.kr/data/cms/store/user/dongwoon/UL20NanoAOD/2016PostVFP/2016PostVFP/MC/DYJetsToLL_M-50_TuneCP5_13TeV-madgraphMLM-pythia8/DYJetsToLL_M-50_TuneCP5_madgraphMLM/250125_174641/0000/tree_59.root
  55. dcap://cluster142.knu.ac.kr//pnfs/knu.ac.kr/data/cms/store/user/dongwoon/UL20NanoAOD/2016PostVFP/2016PostVFP/MC/DYJetsToLL_M-50_TuneCP5_13TeV-madgraphMLM-pythia8/DYJetsToLL_M-50_TuneCP5_madgraphMLM/250125_174641/0000/tree_5.root
  56. dcap://cluster142.knu.ac.kr//pnfs/knu.ac.kr/data/cms/store/user/dongwoon/UL20NanoAOD/2016PostVFP/2016PostVFP/MC/DYJetsToLL_M-50_TuneCP5_13TeV-madgraphMLM-pythia8/DYJetsToLL_M-50_TuneCP5_madgraphMLM/250125_174641/0000/tree_60.root
  57. dcap://cluster142.knu.ac.kr//pnfs/knu.ac.kr/data/cms/store/user/dongwoon/UL20NanoAOD/2016PostVFP/2016PostVFP/MC/DYJetsToLL_M-50_TuneCP5_13TeV-madgraphMLM-pythia8/DYJetsToLL_M-50_TuneCP5_madgraphMLM/250125_174641/0000/tree_61.root
  58. dcap://cluster142.knu.ac.kr//pnfs/knu.ac.kr/data/cms/store/user/dongwoon/UL20NanoAOD/2016PostVFP/2016PostVFP/MC/DYJetsToLL_M-50_TuneCP5_13TeV-madgraphMLM-pythia8/DYJetsToLL_M-50_TuneCP5_madgraphMLM/250125_174641/0000/tree_6.root
  59. dcap://cluster142.knu.ac.kr//pnfs/knu.ac.kr/data/cms/store/user/dongwoon/UL20NanoAOD/2016PostVFP/2016PostVFP/MC/DYJetsToLL_M-50_TuneCP5_13TeV-madgraphMLM-pythia8/DYJetsToLL_M-50_TuneCP5_madgraphMLM/250125_174641/0000/tree_7.root
  60. dcap://cluster142.knu.ac.kr//pnfs/knu.ac.kr/data/cms/store/user/dongwoon/UL20NanoAOD/2016PostVFP/2016PostVFP/MC/DYJetsToLL_M-50_TuneCP5_13TeV-madgraphMLM-pythia8/DYJetsToLL_M-50_TuneCP5_madgraphMLM/250125_174641/0000/tree_8.root
  61. dcap://cluster142.knu.ac.kr//pnfs/knu.ac.kr/data/cms/store/user/dongwoon/UL20NanoAOD/2016PostVFP/2016PostVFP/MC/DYJetsToLL_M-50_TuneCP5_13TeV-madgraphMLM-pythia8/DYJetsToLL_M-50_TuneCP5_madgraphMLM/250125_174641/0000/tree_9.root
