000 (842536.001.000) 2026-03-14 10:57:15 Job submitted from host: <155.230.23.72:9618?addrs=155.230.23.72-9618+[2407-c000-c024-0-20c-29ff-fe6a-c74b]-9618&alias=cms02.knu.ac.kr&noUDP&sock=schedd_1497_655d>
...
040 (842536.001.000) 2026-03-14 10:57:18 Started transferring input files
	Transferring to host: <155.230.21.44:9618?addrs=155.230.21.44-9618+[2407-c000-c025--21-44]-9618&alias=cluster244.knu.ac.kr&noUDP&sock=slot1_1_1512_1737_361>
...
040 (842536.001.000) 2026-03-14 10:57:18 Finished transferring input files
...
001 (842536.001.000) 2026-03-14 10:57:19 Job executing on host: <155.230.21.44:9618?addrs=155.230.21.44-9618+[2407-c000-c025--21-44]-9618&alias=cluster244.knu.ac.kr&noUDP&sock=startd_1095_a84b>
	SlotName: slot1_1@cluster244.knu.ac.kr
	CondorScratchDir = "/home/condor/dir_421627"
	Cpus = 1
	Disk = 2821
	GPUs = 0
	Memory = 1100
...
006 (842536.001.000) 2026-03-14 10:57:28 Image size of job updated: 95460
	94  -  MemoryUsage of job (MB)
	95460  -  ResidentSetSize of job (KB)
...
006 (842536.001.000) 2026-03-14 11:02:29 Image size of job updated: 182648
	179  -  MemoryUsage of job (MB)
	182648  -  ResidentSetSize of job (KB)
...
040 (842536.001.000) 2026-03-16 03:05:28 Started transferring output files
...
040 (842536.001.000) 2026-03-16 03:05:28 Finished transferring output files
...
005 (842536.001.000) 2026-03-16 03:05:28 Job terminated.
	(1) Normal termination (return value 0)
		Usr 0 01:33:38, Sys 0 00:13:59  -  Run Remote Usage
		Usr 0 00:00:00, Sys 0 00:00:00  -  Run Local Usage
		Usr 0 01:33:38, Sys 0 00:13:59  -  Total Remote Usage
		Usr 0 00:00:00, Sys 0 00:00:00  -  Total Local Usage
	138837  -  Run Bytes Sent By Job
	863  -  Run Bytes Received By Job
	138837  -  Total Bytes Sent By Job
	863  -  Total Bytes Received By Job
	Partitionable Resources :     Usage  Request Allocated 
	   Cpus                 :      0.28        1         1 
	   Disk (KB)            :    196           1      2821 
	   GPUs                 :                            0 
	   Memory (MB)          :    179        1024      1100 
	   TimeExecute (s)      : 144488                       
	   TimeSlotBusy (s)     : 144490                       

	Job terminated of its own accord at 2026-03-15T18:05:27Z with exit-code 0.
...
