000 (842536.003.000) 2026-03-14 10:57:15 Job submitted from host: <155.230.23.72:9618?addrs=155.230.23.72-9618+[2407-c000-c024-0-20c-29ff-fe6a-c74b]-9618&alias=cms02.knu.ac.kr&noUDP&sock=schedd_1497_655d>
...
040 (842536.003.000) 2026-03-14 10:57:18 Started transferring input files
	Transferring to host: <155.230.21.33:9618?addrs=155.230.21.33-9618+[2407-c000-c025--21-33]-9618&alias=cluster233.knu.ac.kr&noUDP&sock=slot1_2_1663_7bdd_1567>
...
040 (842536.003.000) 2026-03-14 10:57:19 Finished transferring input files
...
001 (842536.003.000) 2026-03-14 10:57:19 Job executing on host: <155.230.21.33:9618?addrs=155.230.21.33-9618+[2407-c000-c025--21-33]-9618&alias=cluster233.knu.ac.kr&noUDP&sock=startd_1134_687c>
	SlotName: slot1_2@cluster233.knu.ac.kr
	CondorScratchDir = "/home/condor/dir_2851557"
	Cpus = 1
	Disk = 2833
	GPUs = 0
	Memory = 1100
...
006 (842536.003.000) 2026-03-14 10:57:28 Image size of job updated: 83240
	82  -  MemoryUsage of job (MB)
	83240  -  ResidentSetSize of job (KB)
...
006 (842536.003.000) 2026-03-14 11:02:29 Image size of job updated: 180996
	177  -  MemoryUsage of job (MB)
	180996  -  ResidentSetSize of job (KB)
...
006 (842536.003.000) 2026-03-14 11:07:29 Image size of job updated: 182368
	179  -  MemoryUsage of job (MB)
	182368  -  ResidentSetSize of job (KB)
...
006 (842536.003.000) 2026-03-14 11:12:29 Image size of job updated: 183120
	179  -  MemoryUsage of job (MB)
	183120  -  ResidentSetSize of job (KB)
...
040 (842536.003.000) 2026-03-16 00:13:42 Started transferring output files
...
040 (842536.003.000) 2026-03-16 00:13:42 Finished transferring output files
...
005 (842536.003.000) 2026-03-16 00:13:43 Job terminated.
	(1) Normal termination (return value 0)
		Usr 0 01:43:17, Sys 0 00:14:34  -  Run Remote Usage
		Usr 0 00:00:00, Sys 0 00:00:00  -  Run Local Usage
		Usr 0 01:43:17, Sys 0 00:14:34  -  Total Remote Usage
		Usr 0 00:00:00, Sys 0 00:00:00  -  Total Local Usage
	150207  -  Run Bytes Sent By Job
	863  -  Run Bytes Received By Job
	150207  -  Total Bytes Sent By Job
	863  -  Total Bytes Received By Job
	Partitionable Resources :     Usage  Request Allocated 
	   Cpus                 :      0.14        1         1 
	   Disk (KB)            :    208           1      2833 
	   GPUs                 :                            0 
	   Memory (MB)          :    179        1024      1100 
	   TimeExecute (s)      : 134183                       
	   TimeSlotBusy (s)     : 134184                       

	Job terminated of its own accord at 2026-03-15T15:13:42Z with exit-code 0.
...
