000 (842536.004.000) 2026-03-14 10:57:15 Job submitted from host: <155.230.23.72:9618?addrs=155.230.23.72-9618+[2407-c000-c024-0-20c-29ff-fe6a-c74b]-9618&alias=cms02.knu.ac.kr&noUDP&sock=schedd_1497_655d>
...
040 (842536.004.000) 2026-03-14 10:57:19 Started transferring input files
	Transferring to host: <155.230.21.99:9618?addrs=155.230.21.99-9618+[2407-c000-c025--21-99]-9618&alias=cluster299.knu.ac.kr&noUDP&sock=slot1_2_1472_e835_11305>
...
040 (842536.004.000) 2026-03-14 10:57:19 Finished transferring input files
...
001 (842536.004.000) 2026-03-14 10:57:20 Job executing on host: <155.230.21.99:9618?addrs=155.230.21.99-9618+[2407-c000-c025--21-99]-9618&alias=cluster299.knu.ac.kr&noUDP&sock=startd_1098_b713>
	SlotName: slot1_2@cluster299.knu.ac.kr
	CondorScratchDir = "/home/condor/dir_1878831"
	Cpus = 1
	Disk = 2824
	GPUs = 0
	Memory = 1100
...
006 (842536.004.000) 2026-03-14 10:57:29 Image size of job updated: 94624
	93  -  MemoryUsage of job (MB)
	94624  -  ResidentSetSize of job (KB)
...
006 (842536.004.000) 2026-03-14 11:02:30 Image size of job updated: 176188
	173  -  MemoryUsage of job (MB)
	176188  -  ResidentSetSize of job (KB)
...
006 (842536.004.000) 2026-03-14 11:07:30 Image size of job updated: 177116
	173  -  MemoryUsage of job (MB)
	177116  -  ResidentSetSize of job (KB)
...
006 (842536.004.000) 2026-03-14 11:12:30 Image size of job updated: 177156
	174  -  MemoryUsage of job (MB)
	177156  -  ResidentSetSize of job (KB)
...
006 (842536.004.000) 2026-03-14 11:27:32 Image size of job updated: 182368
	179  -  MemoryUsage of job (MB)
	182368  -  ResidentSetSize of job (KB)
...
040 (842536.004.000) 2026-03-14 13:05:16 Started transferring output files
...
040 (842536.004.000) 2026-03-14 13:05:16 Finished transferring output files
...
005 (842536.004.000) 2026-03-14 13:05:16 Job terminated.
	(1) Normal termination (return value 0)
		Usr 0 01:49:32, Sys 0 00:10:36  -  Run Remote Usage
		Usr 0 00:00:00, Sys 0 00:00:00  -  Run Local Usage
		Usr 0 01:49:32, Sys 0 00:10:36  -  Total Remote Usage
		Usr 0 00:00:00, Sys 0 00:00:00  -  Total Local Usage
	143417  -  Run Bytes Sent By Job
	863  -  Run Bytes Received By Job
	143417  -  Total Bytes Sent By Job
	863  -  Total Bytes Received By Job
	Partitionable Resources :    Usage  Request Allocated 
	   Cpus                 :     0.96        1         1 
	   Disk (KB)            :   201           1      2824 
	   GPUs                 :                           0 
	   Memory (MB)          :   179        1024      1100 
	   TimeExecute (s)      :  7676                       
	   TimeSlotBusy (s)     :  7677                       

	Job terminated of its own accord at 2026-03-14T04:05:16Z with exit-code 0.
...
