000 (842536.002.000) 2026-03-14 10:57:15 Job submitted from host: <155.230.23.72:9618?addrs=155.230.23.72-9618+[2407-c000-c024-0-20c-29ff-fe6a-c74b]-9618&alias=cms02.knu.ac.kr&noUDP&sock=schedd_1497_655d>
...
040 (842536.002.000) 2026-03-14 10:57:18 Started transferring input files
	Transferring to host: <155.230.21.43:9618?addrs=155.230.21.43-9618+[2407-c000-c025--21-43]-9618&alias=cluster243.knu.ac.kr&noUDP&sock=slot1_2_2314_2c17_1970>
...
040 (842536.002.000) 2026-03-14 10:57:18 Finished transferring input files
...
001 (842536.002.000) 2026-03-14 10:57:19 Job executing on host: <155.230.21.43:9618?addrs=155.230.21.43-9618+[2407-c000-c025--21-43]-9618&alias=cluster243.knu.ac.kr&noUDP&sock=startd_1693_d5ed>
	SlotName: slot1_2@cluster243.knu.ac.kr
	CondorScratchDir = "/home/condor/dir_1676292"
	Cpus = 1
	Disk = 2761
	GPUs = 0
	Memory = 1100
...
006 (842536.002.000) 2026-03-14 10:57:28 Image size of job updated: 97188
	95  -  MemoryUsage of job (MB)
	97188  -  ResidentSetSize of job (KB)
...
006 (842536.002.000) 2026-03-14 11:02:29 Image size of job updated: 180980
	177  -  MemoryUsage of job (MB)
	180980  -  ResidentSetSize of job (KB)
...
006 (842536.002.000) 2026-03-14 11:07:29 Image size of job updated: 183628
	180  -  MemoryUsage of job (MB)
	183628  -  ResidentSetSize of job (KB)
...
040 (842536.002.000) 2026-03-16 02:42:51 Started transferring output files
...
040 (842536.002.000) 2026-03-16 02:42:51 Finished transferring output files
...
005 (842536.002.000) 2026-03-16 02:42:51 Job terminated.
	(1) Normal termination (return value 0)
		Usr 0 01:47:17, Sys 0 00:15:21  -  Run Remote Usage
		Usr 0 00:00:00, Sys 0 00:00:00  -  Run Local Usage
		Usr 0 01:47:17, Sys 0 00:15:21  -  Total Remote Usage
		Usr 0 00:00:00, Sys 0 00:00:00  -  Total Local Usage
	147280  -  Run Bytes Sent By Job
	863  -  Run Bytes Received By Job
	147280  -  Total Bytes Sent By Job
	863  -  Total Bytes Received By Job
	Partitionable Resources :     Usage  Request Allocated 
	   Cpus                 :      0.25        1         1 
	   Disk (KB)            :    205           1      2761 
	   GPUs                 :                            0 
	   Memory (MB)          :    180        1024      1100 
	   TimeExecute (s)      : 143132                       
	   TimeSlotBusy (s)     : 143133                       

	Job terminated of its own accord at 2026-03-15T17:42:51Z with exit-code 0.
...
