000 (842536.005.000) 2026-03-14 10:57:15 Job submitted from host: <155.230.23.72:9618?addrs=155.230.23.72-9618+[2407-c000-c024-0-20c-29ff-fe6a-c74b]-9618&alias=cms02.knu.ac.kr&noUDP&sock=schedd_1497_655d>
...
040 (842536.005.000) 2026-03-14 10:57:19 Started transferring input files
	Transferring to host: <155.230.21.141:9618?addrs=155.230.21.141-9618+[2407-c000-c025--21-141]-9618&alias=cluster341.knu.ac.kr&noUDP&sock=slot1_6_2594_7523_3171>
...
040 (842536.005.000) 2026-03-14 10:57:19 Finished transferring input files
...
001 (842536.005.000) 2026-03-14 10:57:20 Job executing on host: <155.230.21.141:9618?addrs=155.230.21.141-9618+[2407-c000-c025--21-141]-9618&alias=cluster341.knu.ac.kr&noUDP&sock=startd_2129_e538>
	SlotName: slot1_6@cluster341.knu.ac.kr
	CondorScratchDir = "/home/condor/dir_3499094"
	Cpus = 1
	Disk = 2757
	GPUs = 0
	Memory = 1100
...
006 (842536.005.000) 2026-03-14 10:57:29 Image size of job updated: 95664
	94  -  MemoryUsage of job (MB)
	95664  -  ResidentSetSize of job (KB)
...
006 (842536.005.000) 2026-03-14 11:02:30 Image size of job updated: 178720
	175  -  MemoryUsage of job (MB)
	178720  -  ResidentSetSize of job (KB)
...
006 (842536.005.000) 2026-03-14 11:07:30 Image size of job updated: 179108
	175  -  MemoryUsage of job (MB)
	179108  -  ResidentSetSize of job (KB)
...
040 (842536.005.000) 2026-03-14 13:03:01 Started transferring output files
...
040 (842536.005.000) 2026-03-14 13:03:01 Finished transferring output files
...
005 (842536.005.000) 2026-03-14 13:03:01 Job terminated.
	(1) Normal termination (return value 0)
		Usr 0 01:36:48, Sys 0 00:11:11  -  Run Remote Usage
		Usr 0 00:00:00, Sys 0 00:00:00  -  Run Local Usage
		Usr 0 01:36:48, Sys 0 00:11:11  -  Total Remote Usage
		Usr 0 00:00:00, Sys 0 00:00:00  -  Total Local Usage
	139118  -  Run Bytes Sent By Job
	863  -  Run Bytes Received By Job
	139118  -  Total Bytes Sent By Job
	863  -  Total Bytes Received By Job
	Partitionable Resources :    Usage  Request Allocated 
	   Cpus                 :     0.86        1         1 
	   Disk (KB)            :   197           1      2757 
	   GPUs                 :                           0 
	   Memory (MB)          :   175        1024      1100 
	   TimeExecute (s)      :  7541                       
	   TimeSlotBusy (s)     :  7542                       

	Job terminated of its own accord at 2026-03-14T04:03:01Z with exit-code 0.
...
