000 (842536.000.000) 2026-03-14 10:57:15 Job submitted from host: <155.230.23.72:9618?addrs=155.230.23.72-9618+[2407-c000-c024-0-20c-29ff-fe6a-c74b]-9618&alias=cms02.knu.ac.kr&noUDP&sock=schedd_1497_655d>
...
040 (842536.000.000) 2026-03-14 10:57:18 Started transferring input files
	Transferring to host: <155.230.21.100:9618?addrs=155.230.21.100-9618+[2407-c000-c025--21-100]-9618&alias=cluster300.knu.ac.kr&noUDP&sock=slot1_1_2329_bdb8_3355>
...
040 (842536.000.000) 2026-03-14 10:57:18 Finished transferring input files
...
001 (842536.000.000) 2026-03-14 10:57:19 Job executing on host: <155.230.21.100:9618?addrs=155.230.21.100-9618+[2407-c000-c025--21-100]-9618&alias=cluster300.knu.ac.kr&noUDP&sock=startd_1664_f1ae>
	SlotName: slot1_1@cluster300.knu.ac.kr
	CondorScratchDir = "/home/condor/dir_2434787"
	Cpus = 1
	Disk = 2777
	GPUs = 0
	Memory = 1100
...
006 (842536.000.000) 2026-03-14 10:57:27 Image size of job updated: 97280
	95  -  MemoryUsage of job (MB)
	97280  -  ResidentSetSize of job (KB)
...
006 (842536.000.000) 2026-03-14 11:02:27 Image size of job updated: 179744
	176  -  MemoryUsage of job (MB)
	179744  -  ResidentSetSize of job (KB)
...
006 (842536.000.000) 2026-03-14 11:07:28 Image size of job updated: 180144
	176  -  MemoryUsage of job (MB)
	180144  -  ResidentSetSize of job (KB)
...
006 (842536.000.000) 2026-03-14 11:12:28 Image size of job updated: 182724
	179  -  MemoryUsage of job (MB)
	182724  -  ResidentSetSize of job (KB)
...
040 (842536.000.000) 2026-03-14 12:41:46 Started transferring output files
...
040 (842536.000.000) 2026-03-14 12:41:46 Finished transferring output files
...
005 (842536.000.000) 2026-03-14 12:41:46 Job terminated.
	(1) Normal termination (return value 0)
		Usr 0 01:30:14, Sys 0 00:07:05  -  Run Remote Usage
		Usr 0 00:00:00, Sys 0 00:00:00  -  Run Local Usage
		Usr 0 01:30:14, Sys 0 00:07:05  -  Total Remote Usage
		Usr 0 00:00:00, Sys 0 00:00:00  -  Total Local Usage
	104755  -  Run Bytes Sent By Job
	863  -  Run Bytes Received By Job
	104755  -  Total Bytes Sent By Job
	863  -  Total Bytes Received By Job
	Partitionable Resources :    Usage  Request Allocated 
	   Cpus                 :     0.97        1         1 
	   Disk (KB)            :   163           1      2777 
	   GPUs                 :                           0 
	   Memory (MB)          :   179        1024      1100 
	   TimeExecute (s)      :  6267                       
	   TimeSlotBusy (s)     :  6268                       

	Job terminated of its own accord at 2026-03-14T03:41:46Z with exit-code 0.
...
