000 (842544.001.000) 2026-03-14 10:57:17 Job submitted from host: <155.230.23.72:9618?addrs=155.230.23.72-9618+[2407-c000-c024-0-20c-29ff-fe6a-c74b]-9618&alias=cms02.knu.ac.kr&noUDP&sock=schedd_1497_655d>
...
040 (842544.001.000) 2026-03-14 10:58:25 Started transferring input files
	Transferring to host: <155.230.21.71:9618?addrs=155.230.21.71-9618+[2407-c000-c025--21-71]-9618&alias=cluster271.knu.ac.kr&noUDP&sock=slot1_5_2586400_86d0_3982>
...
040 (842544.001.000) 2026-03-14 10:58:25 Finished transferring input files
...
001 (842544.001.000) 2026-03-14 10:58:26 Job executing on host: <155.230.21.71:9618?addrs=155.230.21.71-9618+[2407-c000-c025--21-71]-9618&alias=cluster271.knu.ac.kr&noUDP&sock=startd_1160_3df3>
	SlotName: slot1_5@cluster271.knu.ac.kr
	CondorScratchDir = "/home/condor/dir_3630440"
	Cpus = 1
	Disk = 2840
	GPUs = 0
	Memory = 1100
...
006 (842544.001.000) 2026-03-14 10:58:35 Image size of job updated: 101536
	100  -  MemoryUsage of job (MB)
	101536  -  ResidentSetSize of job (KB)
...
006 (842544.001.000) 2026-03-14 11:03:36 Image size of job updated: 157076
	154  -  MemoryUsage of job (MB)
	157076  -  ResidentSetSize of job (KB)
...
006 (842544.001.000) 2026-03-14 11:08:37 Image size of job updated: 173192
	170  -  MemoryUsage of job (MB)
	173192  -  ResidentSetSize of job (KB)
...
006 (842544.001.000) 2026-03-14 11:18:38 Image size of job updated: 173712
	170  -  MemoryUsage of job (MB)
	173712  -  ResidentSetSize of job (KB)
...
006 (842544.001.000) 2026-03-14 11:23:39 Image size of job updated: 173780
	170  -  MemoryUsage of job (MB)
	173780  -  ResidentSetSize of job (KB)
...
006 (842544.001.000) 2026-03-14 11:28:39 Image size of job updated: 174112
	171  -  MemoryUsage of job (MB)
	174112  -  ResidentSetSize of job (KB)
...
006 (842544.001.000) 2026-03-14 11:38:40 Image size of job updated: 174156
	171  -  MemoryUsage of job (MB)
	174156  -  ResidentSetSize of job (KB)
...
006 (842544.001.000) 2026-03-14 11:43:40 Image size of job updated: 174436
	171  -  MemoryUsage of job (MB)
	174436  -  ResidentSetSize of job (KB)
...
006 (842544.001.000) 2026-03-14 11:58:42 Image size of job updated: 174592
	171  -  MemoryUsage of job (MB)
	174592  -  ResidentSetSize of job (KB)
...
006 (842544.001.000) 2026-03-14 14:43:59 Image size of job updated: 181576
	178  -  MemoryUsage of job (MB)
	181576  -  ResidentSetSize of job (KB)
...
006 (842544.001.000) 2026-03-14 19:29:28 Image size of job updated: 181988
	178  -  MemoryUsage of job (MB)
	181988  -  ResidentSetSize of job (KB)
...
006 (842544.001.000) 2026-03-14 19:39:29 Image size of job updated: 182824
	179  -  MemoryUsage of job (MB)
	182824  -  ResidentSetSize of job (KB)
...
006 (842544.001.000) 2026-03-14 20:49:37 Image size of job updated: 183000
	179  -  MemoryUsage of job (MB)
	183000  -  ResidentSetSize of job (KB)
...
006 (842544.001.000) 2026-03-14 21:24:41 Image size of job updated: 183220
	179  -  MemoryUsage of job (MB)
	183220  -  ResidentSetSize of job (KB)
...
006 (842544.001.000) 2026-03-14 23:49:54 Image size of job updated: 184132
	180  -  MemoryUsage of job (MB)
	184132  -  ResidentSetSize of job (KB)
...
040 (842544.001.000) 2026-03-15 03:18:19 Started transferring output files
...
040 (842544.001.000) 2026-03-15 03:18:19 Finished transferring output files
...
005 (842544.001.000) 2026-03-15 03:18:19 Job terminated.
	(1) Normal termination (return value 0)
		Usr 0 08:44:31, Sys 0 01:34:25  -  Run Remote Usage
		Usr 0 00:00:00, Sys 0 00:00:00  -  Run Local Usage
		Usr 0 08:44:31, Sys 0 01:34:25  -  Total Remote Usage
		Usr 0 00:00:00, Sys 0 00:00:00  -  Total Local Usage
	390133  -  Run Bytes Sent By Job
	798  -  Run Bytes Received By Job
	390133  -  Total Bytes Sent By Job
	798  -  Total Bytes Received By Job
	Partitionable Resources :    Usage  Request Allocated 
	   Cpus                 :     0.94        1         1 
	   Disk (KB)            :   441           1      2840 
	   GPUs                 :                           0 
	   Memory (MB)          :   180        1024      1100 
	   TimeExecute (s)      : 58792                       
	   TimeSlotBusy (s)     : 58794                       

	Job terminated of its own accord at 2026-03-14T18:18:18Z with exit-code 0.
...
