000 (842544.000.000) 2026-03-14 10:57:17 Job submitted from host: <155.230.23.72:9618?addrs=155.230.23.72-9618+[2407-c000-c024-0-20c-29ff-fe6a-c74b]-9618&alias=cms02.knu.ac.kr&noUDP&sock=schedd_1497_655d>
...
040 (842544.000.000) 2026-03-14 10:58:25 Started transferring input files
	Transferring to host: <155.230.21.78:9618?addrs=155.230.21.78-9618+[2407-c000-c025--21-78]-9618&alias=cluster278.knu.ac.kr&noUDP&sock=slot1_6_1721_599f_3835>
...
040 (842544.000.000) 2026-03-14 10:58:25 Finished transferring input files
...
001 (842544.000.000) 2026-03-14 10:58:26 Job executing on host: <155.230.21.78:9618?addrs=155.230.21.78-9618+[2407-c000-c025--21-78]-9618&alias=cluster278.knu.ac.kr&noUDP&sock=startd_1324_bb7b>
	SlotName: slot1_6@cluster278.knu.ac.kr
	CondorScratchDir = "/home/condor/dir_4165153"
	Cpus = 1
	Disk = 2830
	GPUs = 0
	Memory = 1100
...
006 (842544.000.000) 2026-03-14 10:58:35 Image size of job updated: 111804
	110  -  MemoryUsage of job (MB)
	111804  -  ResidentSetSize of job (KB)
...
006 (842544.000.000) 2026-03-14 11:03:36 Image size of job updated: 153840
	151  -  MemoryUsage of job (MB)
	153840  -  ResidentSetSize of job (KB)
...
006 (842544.000.000) 2026-03-14 11:08:37 Image size of job updated: 165136
	162  -  MemoryUsage of job (MB)
	165136  -  ResidentSetSize of job (KB)
...
006 (842544.000.000) 2026-03-14 11:13:37 Image size of job updated: 173292
	170  -  MemoryUsage of job (MB)
	173292  -  ResidentSetSize of job (KB)
...
006 (842544.000.000) 2026-03-14 11:18:38 Image size of job updated: 181352
	178  -  MemoryUsage of job (MB)
	181352  -  ResidentSetSize of job (KB)
...
006 (842544.000.000) 2026-03-14 11:33:39 Image size of job updated: 181664
	178  -  MemoryUsage of job (MB)
	181664  -  ResidentSetSize of job (KB)
...
006 (842544.000.000) 2026-03-14 12:38:45 Image size of job updated: 181728
	178  -  MemoryUsage of job (MB)
	181728  -  ResidentSetSize of job (KB)
...
006 (842544.000.000) 2026-03-14 13:23:50 Image size of job updated: 181800
	178  -  MemoryUsage of job (MB)
	181800  -  ResidentSetSize of job (KB)
...
006 (842544.000.000) 2026-03-14 15:04:00 Image size of job updated: 183188
	179  -  MemoryUsage of job (MB)
	183188  -  ResidentSetSize of job (KB)
...
006 (842544.000.000) 2026-03-14 15:59:06 Image size of job updated: 183392
	180  -  MemoryUsage of job (MB)
	183392  -  ResidentSetSize of job (KB)
...
006 (842544.000.000) 2026-03-14 17:14:14 Image size of job updated: 183516
	180  -  MemoryUsage of job (MB)
	183516  -  ResidentSetSize of job (KB)
...
040 (842544.000.000) 2026-03-15 23:34:16 Started transferring output files
...
040 (842544.000.000) 2026-03-15 23:34:16 Finished transferring output files
...
005 (842544.000.000) 2026-03-15 23:34:17 Job terminated.
	(1) Normal termination (return value 0)
		Usr 0 06:41:34, Sys 0 01:31:44  -  Run Remote Usage
		Usr 0 00:00:00, Sys 0 00:00:00  -  Run Local Usage
		Usr 0 06:41:34, Sys 0 01:31:44  -  Total Remote Usage
		Usr 0 00:00:00, Sys 0 00:00:00  -  Total Local Usage
	384948  -  Run Bytes Sent By Job
	798  -  Run Bytes Received By Job
	384948  -  Total Bytes Sent By Job
	798  -  Total Bytes Received By Job
	Partitionable Resources :     Usage  Request Allocated 
	   Cpus                 :      0.91        1         1 
	   Disk (KB)            :    437           1      2830 
	   GPUs                 :                            0 
	   Memory (MB)          :    180        1024      1100 
	   TimeExecute (s)      : 131749                       
	   TimeSlotBusy (s)     : 131751                       

	Job terminated of its own accord at 2026-03-15T14:34:15Z with exit-code 0.
...
