000 (842544.006.000) 2026-03-14 10:57:17 Job submitted from host: <155.230.23.72:9618?addrs=155.230.23.72-9618+[2407-c000-c024-0-20c-29ff-fe6a-c74b]-9618&alias=cms02.knu.ac.kr&noUDP&sock=schedd_1497_655d>
...
040 (842544.006.000) 2026-03-14 10:58:27 Started transferring input files
	Transferring to host: <155.230.21.79:9618?addrs=155.230.21.79-9618+[2407-c000-c025--21-79]-9618&alias=cluster279.knu.ac.kr&noUDP&sock=slot1_5_1840_3244_3779>
...
040 (842544.006.000) 2026-03-14 10:58:27 Finished transferring input files
...
001 (842544.006.000) 2026-03-14 10:58:28 Job executing on host: <155.230.21.79:9618?addrs=155.230.21.79-9618+[2407-c000-c025--21-79]-9618&alias=cluster279.knu.ac.kr&noUDP&sock=startd_1377_1600>
	SlotName: slot1_5@cluster279.knu.ac.kr
	CondorScratchDir = "/home/condor/dir_3624545"
	Cpus = 1
	Disk = 2824
	GPUs = 0
	Memory = 1100
...
006 (842544.006.000) 2026-03-14 10:58:37 Image size of job updated: 106096
	104  -  MemoryUsage of job (MB)
	106096  -  ResidentSetSize of job (KB)
...
006 (842544.006.000) 2026-03-14 11:03:37 Image size of job updated: 157616
	154  -  MemoryUsage of job (MB)
	157616  -  ResidentSetSize of job (KB)
...
006 (842544.006.000) 2026-03-14 11:08:37 Image size of job updated: 158660
	155  -  MemoryUsage of job (MB)
	158660  -  ResidentSetSize of job (KB)
...
006 (842544.006.000) 2026-03-14 11:13:38 Image size of job updated: 177804
	174  -  MemoryUsage of job (MB)
	177804  -  ResidentSetSize of job (KB)
...
006 (842544.006.000) 2026-03-14 11:18:39 Image size of job updated: 177816
	174  -  MemoryUsage of job (MB)
	177816  -  ResidentSetSize of job (KB)
...
006 (842544.006.000) 2026-03-14 11:23:39 Image size of job updated: 181224
	177  -  MemoryUsage of job (MB)
	181224  -  ResidentSetSize of job (KB)
...
006 (842544.006.000) 2026-03-14 12:13:44 Image size of job updated: 181256
	178  -  MemoryUsage of job (MB)
	181256  -  ResidentSetSize of job (KB)
...
006 (842544.006.000) 2026-03-14 12:43:48 Image size of job updated: 181452
	178  -  MemoryUsage of job (MB)
	181452  -  ResidentSetSize of job (KB)
...
006 (842544.006.000) 2026-03-14 13:58:56 Image size of job updated: 181472
	178  -  MemoryUsage of job (MB)
	181472  -  ResidentSetSize of job (KB)
...
006 (842544.006.000) 2026-03-14 14:28:59 Image size of job updated: 181560
	178  -  MemoryUsage of job (MB)
	181560  -  ResidentSetSize of job (KB)
...
040 (842544.006.000) 2026-03-15 23:52:24 Started transferring output files
...
040 (842544.006.000) 2026-03-15 23:52:24 Finished transferring output files
...
005 (842544.006.000) 2026-03-15 23:52:24 Job terminated.
	(1) Normal termination (return value 0)
		Usr 0 05:10:05, Sys 0 01:06:06  -  Run Remote Usage
		Usr 0 00:00:00, Sys 0 00:00:00  -  Run Local Usage
		Usr 0 05:10:05, Sys 0 01:06:06  -  Total Remote Usage
		Usr 0 00:00:00, Sys 0 00:00:00  -  Total Local Usage
	286671  -  Run Bytes Sent By Job
	798  -  Run Bytes Received By Job
	286671  -  Total Bytes Sent By Job
	798  -  Total Bytes Received By Job
	Partitionable Resources :     Usage  Request Allocated 
	   Cpus                 :      0.91        1         1 
	   Disk (KB)            :    341           1      2824 
	   GPUs                 :                            0 
	   Memory (MB)          :    178        1024      1100 
	   TimeExecute (s)      : 132836                       
	   TimeSlotBusy (s)     : 132837                       

	Job terminated of its own accord at 2026-03-15T14:52:24Z with exit-code 0.
...
