000 (816213.000.000) 2026-02-27 05:22:40 Job submitted from host: <155.230.23.72:9618?addrs=155.230.23.72-9618+[2407-c000-c024-0-20c-29ff-fe6a-c74b]-9618&alias=cms02.knu.ac.kr&noUDP&sock=schedd_1497_655d>
...
040 (816213.000.000) 2026-02-27 05:22:45 Started transferring input files
	Transferring to host: <155.230.21.33:9618?addrs=155.230.21.33-9618+[2407-c000-c025--21-33]-9618&alias=cluster233.knu.ac.kr&noUDP&sock=slot1_1_1621_e41b_4026>
...
040 (816213.000.000) 2026-02-27 05:22:45 Finished transferring input files
...
001 (816213.000.000) 2026-02-27 05:22:46 Job executing on host: <155.230.21.33:9618?addrs=155.230.21.33-9618+[2407-c000-c025--21-33]-9618&alias=cluster233.knu.ac.kr&noUDP&sock=startd_1109_429e>
	SlotName: slot1_1@cluster233.knu.ac.kr
	CondorScratchDir = "/home/condor/dir_335806"
	Cpus = 1
	Disk = 2863
	GPUs = 0
	Memory = 1100
...
006 (816213.000.000) 2026-02-27 05:22:55 Image size of job updated: 107672
	106  -  MemoryUsage of job (MB)
	107672  -  ResidentSetSize of job (KB)
...
006 (816213.000.000) 2026-02-27 05:27:56 Image size of job updated: 157052
	154  -  MemoryUsage of job (MB)
	157052  -  ResidentSetSize of job (KB)
...
006 (816213.000.000) 2026-02-27 05:32:57 Image size of job updated: 157084
	154  -  MemoryUsage of job (MB)
	157084  -  ResidentSetSize of job (KB)
...
006 (816213.000.000) 2026-02-27 05:37:57 Image size of job updated: 157096
	154  -  MemoryUsage of job (MB)
	157096  -  ResidentSetSize of job (KB)
...
006 (816213.000.000) 2026-02-27 05:42:58 Image size of job updated: 157108
	154  -  MemoryUsage of job (MB)
	157108  -  ResidentSetSize of job (KB)
...
006 (816213.000.000) 2026-02-27 05:47:59 Image size of job updated: 157372
	154  -  MemoryUsage of job (MB)
	157372  -  ResidentSetSize of job (KB)
...
006 (816213.000.000) 2026-02-27 05:52:59 Image size of job updated: 157380
	154  -  MemoryUsage of job (MB)
	157380  -  ResidentSetSize of job (KB)
...
006 (816213.000.000) 2026-02-27 05:57:59 Image size of job updated: 157524
	154  -  MemoryUsage of job (MB)
	157524  -  ResidentSetSize of job (KB)
...
006 (816213.000.000) 2026-02-27 06:03:00 Image size of job updated: 157596
	154  -  MemoryUsage of job (MB)
	157596  -  ResidentSetSize of job (KB)
...
006 (816213.000.000) 2026-02-27 06:08:00 Image size of job updated: 169172
	166  -  MemoryUsage of job (MB)
	169172  -  ResidentSetSize of job (KB)
...
006 (816213.000.000) 2026-02-27 06:13:00 Image size of job updated: 174732
	171  -  MemoryUsage of job (MB)
	174732  -  ResidentSetSize of job (KB)
...
006 (816213.000.000) 2026-02-27 06:18:01 Image size of job updated: 174988
	171  -  MemoryUsage of job (MB)
	174988  -  ResidentSetSize of job (KB)
...
006 (816213.000.000) 2026-02-27 06:23:01 Image size of job updated: 174992
	171  -  MemoryUsage of job (MB)
	174992  -  ResidentSetSize of job (KB)
...
006 (816213.000.000) 2026-02-27 06:28:01 Image size of job updated: 177952
	174  -  MemoryUsage of job (MB)
	177952  -  ResidentSetSize of job (KB)
...
006 (816213.000.000) 2026-02-27 06:33:02 Image size of job updated: 177968
	174  -  MemoryUsage of job (MB)
	177968  -  ResidentSetSize of job (KB)
...
006 (816213.000.000) 2026-02-27 06:43:02 Image size of job updated: 177976
	174  -  MemoryUsage of job (MB)
	177976  -  ResidentSetSize of job (KB)
...
006 (816213.000.000) 2026-02-27 07:33:08 Image size of job updated: 178592
	175  -  MemoryUsage of job (MB)
	178592  -  ResidentSetSize of job (KB)
...
006 (816213.000.000) 2026-02-27 07:53:10 Image size of job updated: 178600
	175  -  MemoryUsage of job (MB)
	178600  -  ResidentSetSize of job (KB)
...
006 (816213.000.000) 2026-02-27 08:03:10 Image size of job updated: 178680
	175  -  MemoryUsage of job (MB)
	178680  -  ResidentSetSize of job (KB)
...
006 (816213.000.000) 2026-02-27 08:08:11 Image size of job updated: 179080
	175  -  MemoryUsage of job (MB)
	179080  -  ResidentSetSize of job (KB)
...
006 (816213.000.000) 2026-02-27 08:43:15 Image size of job updated: 179140
	175  -  MemoryUsage of job (MB)
	179140  -  ResidentSetSize of job (KB)
...
006 (816213.000.000) 2026-02-27 08:48:15 Image size of job updated: 185888
	182  -  MemoryUsage of job (MB)
	185888  -  ResidentSetSize of job (KB)
...
006 (816213.000.000) 2026-02-27 10:43:26 Image size of job updated: 186020
	182  -  MemoryUsage of job (MB)
	186020  -  ResidentSetSize of job (KB)
...
006 (816213.000.000) 2026-02-27 13:48:45 Image size of job updated: 186096
	182  -  MemoryUsage of job (MB)
	186096  -  ResidentSetSize of job (KB)
...
040 (816213.000.000) 2026-02-28 10:08:33 Started transferring output files
...
040 (816213.000.000) 2026-02-28 10:08:33 Finished transferring output files
...
005 (816213.000.000) 2026-02-28 10:08:33 Job terminated.
	(1) Normal termination (return value 0)
		Usr 0 12:18:42, Sys 0 01:51:03  -  Run Remote Usage
		Usr 0 00:00:00, Sys 0 00:00:00  -  Run Local Usage
		Usr 0 12:18:42, Sys 0 01:51:03  -  Total Remote Usage
		Usr 0 00:00:00, Sys 0 00:00:00  -  Total Local Usage
	659625  -  Run Bytes Sent By Job
	1061  -  Run Bytes Received By Job
	659625  -  Total Bytes Sent By Job
	1061  -  Total Bytes Received By Job
	Partitionable Resources :     Usage  Request Allocated 
	   Cpus                 :      0.83        1         1 
	   Disk (KB)            :    706           2      2863 
	   GPUs                 :                            0 
	   Memory (MB)          :    182        1024      1100 
	   TimeExecute (s)      : 103547                       
	   TimeSlotBusy (s)     : 103548                       

	Job terminated of its own accord at 2026-02-28T01:08:33Z with exit-code 0.
...
