=== QCD_Pt-300To470_MuEnrichedPt5_TuneCP5_pythia8 Sample Processing Summary ===
Timestamp: 2025-06-02 10:50:53
Total root files: 46
Files per list: 1
List files created: 46

=== Root files distribution ===
List file 1: 1 root files
List file 2: 1 root files
List file 3: 1 root files
List file 4: 1 root files
List file 5: 1 root files
List file 6: 1 root files
List file 7: 1 root files
List file 8: 1 root files
List file 9: 1 root files
List file 10: 1 root files
List file 11: 1 root files
List file 12: 1 root files
List file 13: 1 root files
List file 14: 1 root files
List file 15: 1 root files
List file 16: 1 root files
List file 17: 1 root files
List file 18: 1 root files
List file 19: 1 root files
List file 20: 1 root files
List file 21: 1 root files
List file 22: 1 root files
List file 23: 1 root files
List file 24: 1 root files
List file 25: 1 root files
List file 26: 1 root files
List file 27: 1 root files
List file 28: 1 root files
List file 29: 1 root files
List file 30: 1 root files
List file 31: 1 root files
List file 32: 1 root files
List file 33: 1 root files
List file 34: 1 root files
List file 35: 1 root files
List file 36: 1 root files
List file 37: 1 root files
List file 38: 1 root files
List file 39: 1 root files
List file 40: 1 root files
List file 41: 1 root files
List file 42: 1 root files
List file 43: 1 root files
List file 44: 1 root files
List file 45: 1 root files
List file 46: 1 root files

=== All root files ===
   1. dcap://cluster142.knu.ac.kr//pnfs/knu.ac.kr/data/cms/store/user/sha/UL20NanoAOD/NanoAODSSB_v1/2016PreVFP/MC/QCD_Pt-300To470_MuEnrichedPt5_TuneCP5_13TeV-pythia8/QCD_Pt-300To470_MuEnrichedPt5_TuneCP5_pythia8/250129_104912/0000/tree_10.root
   2. dcap://cluster142.knu.ac.kr//pnfs/knu.ac.kr/data/cms/store/user/sha/UL20NanoAOD/NanoAODSSB_v1/2016PreVFP/MC/QCD_Pt-300To470_MuEnrichedPt5_TuneCP5_13TeV-pythia8/QCD_Pt-300To470_MuEnrichedPt5_TuneCP5_pythia8/250129_104912/0000/tree_11.root
   3. dcap://cluster142.knu.ac.kr//pnfs/knu.ac.kr/data/cms/store/user/sha/UL20NanoAOD/NanoAODSSB_v1/2016PreVFP/MC/QCD_Pt-300To470_MuEnrichedPt5_TuneCP5_13TeV-pythia8/QCD_Pt-300To470_MuEnrichedPt5_TuneCP5_pythia8/250129_104912/0000/tree_12.root
   4. dcap://cluster142.knu.ac.kr//pnfs/knu.ac.kr/data/cms/store/user/sha/UL20NanoAOD/NanoAODSSB_v1/2016PreVFP/MC/QCD_Pt-300To470_MuEnrichedPt5_TuneCP5_13TeV-pythia8/QCD_Pt-300To470_MuEnrichedPt5_TuneCP5_pythia8/250129_104912/0000/tree_13.root
   5. dcap://cluster142.knu.ac.kr//pnfs/knu.ac.kr/data/cms/store/user/sha/UL20NanoAOD/NanoAODSSB_v1/2016PreVFP/MC/QCD_Pt-300To470_MuEnrichedPt5_TuneCP5_13TeV-pythia8/QCD_Pt-300To470_MuEnrichedPt5_TuneCP5_pythia8/250129_104912/0000/tree_14.root
   6. dcap://cluster142.knu.ac.kr//pnfs/knu.ac.kr/data/cms/store/user/sha/UL20NanoAOD/NanoAODSSB_v1/2016PreVFP/MC/QCD_Pt-300To470_MuEnrichedPt5_TuneCP5_13TeV-pythia8/QCD_Pt-300To470_MuEnrichedPt5_TuneCP5_pythia8/250129_104912/0000/tree_15.root
   7. dcap://cluster142.knu.ac.kr//pnfs/knu.ac.kr/data/cms/store/user/sha/UL20NanoAOD/NanoAODSSB_v1/2016PreVFP/MC/QCD_Pt-300To470_MuEnrichedPt5_TuneCP5_13TeV-pythia8/QCD_Pt-300To470_MuEnrichedPt5_TuneCP5_pythia8/250129_104912/0000/tree_16.root
   8. dcap://cluster142.knu.ac.kr//pnfs/knu.ac.kr/data/cms/store/user/sha/UL20NanoAOD/NanoAODSSB_v1/2016PreVFP/MC/QCD_Pt-300To470_MuEnrichedPt5_TuneCP5_13TeV-pythia8/QCD_Pt-300To470_MuEnrichedPt5_TuneCP5_pythia8/250129_104912/0000/tree_17.root
   9. dcap://cluster142.knu.ac.kr//pnfs/knu.ac.kr/data/cms/store/user/sha/UL20NanoAOD/NanoAODSSB_v1/2016PreVFP/MC/QCD_Pt-300To470_MuEnrichedPt5_TuneCP5_13TeV-pythia8/QCD_Pt-300To470_MuEnrichedPt5_TuneCP5_pythia8/250129_104912/0000/tree_18.root
  10. dcap://cluster142.knu.ac.kr//pnfs/knu.ac.kr/data/cms/store/user/sha/UL20NanoAOD/NanoAODSSB_v1/2016PreVFP/MC/QCD_Pt-300To470_MuEnrichedPt5_TuneCP5_13TeV-pythia8/QCD_Pt-300To470_MuEnrichedPt5_TuneCP5_pythia8/250129_104912/0000/tree_19.root
  11. dcap://cluster142.knu.ac.kr//pnfs/knu.ac.kr/data/cms/store/user/sha/UL20NanoAOD/NanoAODSSB_v1/2016PreVFP/MC/QCD_Pt-300To470_MuEnrichedPt5_TuneCP5_13TeV-pythia8/QCD_Pt-300To470_MuEnrichedPt5_TuneCP5_pythia8/250129_104912/0000/tree_1.root
  12. dcap://cluster142.knu.ac.kr//pnfs/knu.ac.kr/data/cms/store/user/sha/UL20NanoAOD/NanoAODSSB_v1/2016PreVFP/MC/QCD_Pt-300To470_MuEnrichedPt5_TuneCP5_13TeV-pythia8/QCD_Pt-300To470_MuEnrichedPt5_TuneCP5_pythia8/250129_104912/0000/tree_20.root
  13. dcap://cluster142.knu.ac.kr//pnfs/knu.ac.kr/data/cms/store/user/sha/UL20NanoAOD/NanoAODSSB_v1/2016PreVFP/MC/QCD_Pt-300To470_MuEnrichedPt5_TuneCP5_13TeV-pythia8/QCD_Pt-300To470_MuEnrichedPt5_TuneCP5_pythia8/250129_104912/0000/tree_21.root
  14. dcap://cluster142.knu.ac.kr//pnfs/knu.ac.kr/data/cms/store/user/sha/UL20NanoAOD/NanoAODSSB_v1/2016PreVFP/MC/QCD_Pt-300To470_MuEnrichedPt5_TuneCP5_13TeV-pythia8/QCD_Pt-300To470_MuEnrichedPt5_TuneCP5_pythia8/250129_104912/0000/tree_22.root
  15. dcap://cluster142.knu.ac.kr//pnfs/knu.ac.kr/data/cms/store/user/sha/UL20NanoAOD/NanoAODSSB_v1/2016PreVFP/MC/QCD_Pt-300To470_MuEnrichedPt5_TuneCP5_13TeV-pythia8/QCD_Pt-300To470_MuEnrichedPt5_TuneCP5_pythia8/250129_104912/0000/tree_23.root
  16. dcap://cluster142.knu.ac.kr//pnfs/knu.ac.kr/data/cms/store/user/sha/UL20NanoAOD/NanoAODSSB_v1/2016PreVFP/MC/QCD_Pt-300To470_MuEnrichedPt5_TuneCP5_13TeV-pythia8/QCD_Pt-300To470_MuEnrichedPt5_TuneCP5_pythia8/250129_104912/0000/tree_24.root
  17. dcap://cluster142.knu.ac.kr//pnfs/knu.ac.kr/data/cms/store/user/sha/UL20NanoAOD/NanoAODSSB_v1/2016PreVFP/MC/QCD_Pt-300To470_MuEnrichedPt5_TuneCP5_13TeV-pythia8/QCD_Pt-300To470_MuEnrichedPt5_TuneCP5_pythia8/250129_104912/0000/tree_25.root
  18. dcap://cluster142.knu.ac.kr//pnfs/knu.ac.kr/data/cms/store/user/sha/UL20NanoAOD/NanoAODSSB_v1/2016PreVFP/MC/QCD_Pt-300To470_MuEnrichedPt5_TuneCP5_13TeV-pythia8/QCD_Pt-300To470_MuEnrichedPt5_TuneCP5_pythia8/250129_104912/0000/tree_26.root
  19. dcap://cluster142.knu.ac.kr//pnfs/knu.ac.kr/data/cms/store/user/sha/UL20NanoAOD/NanoAODSSB_v1/2016PreVFP/MC/QCD_Pt-300To470_MuEnrichedPt5_TuneCP5_13TeV-pythia8/QCD_Pt-300To470_MuEnrichedPt5_TuneCP5_pythia8/250129_104912/0000/tree_27.root
  20. dcap://cluster142.knu.ac.kr//pnfs/knu.ac.kr/data/cms/store/user/sha/UL20NanoAOD/NanoAODSSB_v1/2016PreVFP/MC/QCD_Pt-300To470_MuEnrichedPt5_TuneCP5_13TeV-pythia8/QCD_Pt-300To470_MuEnrichedPt5_TuneCP5_pythia8/250129_104912/0000/tree_28.root
  21. dcap://cluster142.knu.ac.kr//pnfs/knu.ac.kr/data/cms/store/user/sha/UL20NanoAOD/NanoAODSSB_v1/2016PreVFP/MC/QCD_Pt-300To470_MuEnrichedPt5_TuneCP5_13TeV-pythia8/QCD_Pt-300To470_MuEnrichedPt5_TuneCP5_pythia8/250129_104912/0000/tree_29.root
  22. dcap://cluster142.knu.ac.kr//pnfs/knu.ac.kr/data/cms/store/user/sha/UL20NanoAOD/NanoAODSSB_v1/2016PreVFP/MC/QCD_Pt-300To470_MuEnrichedPt5_TuneCP5_13TeV-pythia8/QCD_Pt-300To470_MuEnrichedPt5_TuneCP5_pythia8/250129_104912/0000/tree_2.root
  23. dcap://cluster142.knu.ac.kr//pnfs/knu.ac.kr/data/cms/store/user/sha/UL20NanoAOD/NanoAODSSB_v1/2016PreVFP/MC/QCD_Pt-300To470_MuEnrichedPt5_TuneCP5_13TeV-pythia8/QCD_Pt-300To470_MuEnrichedPt5_TuneCP5_pythia8/250129_104912/0000/tree_30.root
  24. dcap://cluster142.knu.ac.kr//pnfs/knu.ac.kr/data/cms/store/user/sha/UL20NanoAOD/NanoAODSSB_v1/2016PreVFP/MC/QCD_Pt-300To470_MuEnrichedPt5_TuneCP5_13TeV-pythia8/QCD_Pt-300To470_MuEnrichedPt5_TuneCP5_pythia8/250129_104912/0000/tree_31.root
  25. dcap://cluster142.knu.ac.kr//pnfs/knu.ac.kr/data/cms/store/user/sha/UL20NanoAOD/NanoAODSSB_v1/2016PreVFP/MC/QCD_Pt-300To470_MuEnrichedPt5_TuneCP5_13TeV-pythia8/QCD_Pt-300To470_MuEnrichedPt5_TuneCP5_pythia8/250129_104912/0000/tree_32.root
  26. dcap://cluster142.knu.ac.kr//pnfs/knu.ac.kr/data/cms/store/user/sha/UL20NanoAOD/NanoAODSSB_v1/2016PreVFP/MC/QCD_Pt-300To470_MuEnrichedPt5_TuneCP5_13TeV-pythia8/QCD_Pt-300To470_MuEnrichedPt5_TuneCP5_pythia8/250129_104912/0000/tree_33.root
  27. dcap://cluster142.knu.ac.kr//pnfs/knu.ac.kr/data/cms/store/user/sha/UL20NanoAOD/NanoAODSSB_v1/2016PreVFP/MC/QCD_Pt-300To470_MuEnrichedPt5_TuneCP5_13TeV-pythia8/QCD_Pt-300To470_MuEnrichedPt5_TuneCP5_pythia8/250129_104912/0000/tree_34.root
  28. dcap://cluster142.knu.ac.kr//pnfs/knu.ac.kr/data/cms/store/user/sha/UL20NanoAOD/NanoAODSSB_v1/2016PreVFP/MC/QCD_Pt-300To470_MuEnrichedPt5_TuneCP5_13TeV-pythia8/QCD_Pt-300To470_MuEnrichedPt5_TuneCP5_pythia8/250129_104912/0000/tree_35.root
  29. dcap://cluster142.knu.ac.kr//pnfs/knu.ac.kr/data/cms/store/user/sha/UL20NanoAOD/NanoAODSSB_v1/2016PreVFP/MC/QCD_Pt-300To470_MuEnrichedPt5_TuneCP5_13TeV-pythia8/QCD_Pt-300To470_MuEnrichedPt5_TuneCP5_pythia8/250129_104912/0000/tree_36.root
  30. dcap://cluster142.knu.ac.kr//pnfs/knu.ac.kr/data/cms/store/user/sha/UL20NanoAOD/NanoAODSSB_v1/2016PreVFP/MC/QCD_Pt-300To470_MuEnrichedPt5_TuneCP5_13TeV-pythia8/QCD_Pt-300To470_MuEnrichedPt5_TuneCP5_pythia8/250129_104912/0000/tree_37.root
  31. dcap://cluster142.knu.ac.kr//pnfs/knu.ac.kr/data/cms/store/user/sha/UL20NanoAOD/NanoAODSSB_v1/2016PreVFP/MC/QCD_Pt-300To470_MuEnrichedPt5_TuneCP5_13TeV-pythia8/QCD_Pt-300To470_MuEnrichedPt5_TuneCP5_pythia8/250129_104912/0000/tree_38.root
  32. dcap://cluster142.knu.ac.kr//pnfs/knu.ac.kr/data/cms/store/user/sha/UL20NanoAOD/NanoAODSSB_v1/2016PreVFP/MC/QCD_Pt-300To470_MuEnrichedPt5_TuneCP5_13TeV-pythia8/QCD_Pt-300To470_MuEnrichedPt5_TuneCP5_pythia8/250129_104912/0000/tree_39.root
  33. dcap://cluster142.knu.ac.kr//pnfs/knu.ac.kr/data/cms/store/user/sha/UL20NanoAOD/NanoAODSSB_v1/2016PreVFP/MC/QCD_Pt-300To470_MuEnrichedPt5_TuneCP5_13TeV-pythia8/QCD_Pt-300To470_MuEnrichedPt5_TuneCP5_pythia8/250129_104912/0000/tree_3.root
  34. dcap://cluster142.knu.ac.kr//pnfs/knu.ac.kr/data/cms/store/user/sha/UL20NanoAOD/NanoAODSSB_v1/2016PreVFP/MC/QCD_Pt-300To470_MuEnrichedPt5_TuneCP5_13TeV-pythia8/QCD_Pt-300To470_MuEnrichedPt5_TuneCP5_pythia8/250129_104912/0000/tree_40.root
  35. dcap://cluster142.knu.ac.kr//pnfs/knu.ac.kr/data/cms/store/user/sha/UL20NanoAOD/NanoAODSSB_v1/2016PreVFP/MC/QCD_Pt-300To470_MuEnrichedPt5_TuneCP5_13TeV-pythia8/QCD_Pt-300To470_MuEnrichedPt5_TuneCP5_pythia8/250129_104912/0000/tree_41.root
  36. dcap://cluster142.knu.ac.kr//pnfs/knu.ac.kr/data/cms/store/user/sha/UL20NanoAOD/NanoAODSSB_v1/2016PreVFP/MC/QCD_Pt-300To470_MuEnrichedPt5_TuneCP5_13TeV-pythia8/QCD_Pt-300To470_MuEnrichedPt5_TuneCP5_pythia8/250129_104912/0000/tree_42.root
  37. dcap://cluster142.knu.ac.kr//pnfs/knu.ac.kr/data/cms/store/user/sha/UL20NanoAOD/NanoAODSSB_v1/2016PreVFP/MC/QCD_Pt-300To470_MuEnrichedPt5_TuneCP5_13TeV-pythia8/QCD_Pt-300To470_MuEnrichedPt5_TuneCP5_pythia8/250129_104912/0000/tree_43.root
  38. dcap://cluster142.knu.ac.kr//pnfs/knu.ac.kr/data/cms/store/user/sha/UL20NanoAOD/NanoAODSSB_v1/2016PreVFP/MC/QCD_Pt-300To470_MuEnrichedPt5_TuneCP5_13TeV-pythia8/QCD_Pt-300To470_MuEnrichedPt5_TuneCP5_pythia8/250129_104912/0000/tree_44.root
  39. dcap://cluster142.knu.ac.kr//pnfs/knu.ac.kr/data/cms/store/user/sha/UL20NanoAOD/NanoAODSSB_v1/2016PreVFP/MC/QCD_Pt-300To470_MuEnrichedPt5_TuneCP5_13TeV-pythia8/QCD_Pt-300To470_MuEnrichedPt5_TuneCP5_pythia8/250129_104912/0000/tree_45.root
  40. dcap://cluster142.knu.ac.kr//pnfs/knu.ac.kr/data/cms/store/user/sha/UL20NanoAOD/NanoAODSSB_v1/2016PreVFP/MC/QCD_Pt-300To470_MuEnrichedPt5_TuneCP5_13TeV-pythia8/QCD_Pt-300To470_MuEnrichedPt5_TuneCP5_pythia8/250129_104912/0000/tree_46.root
  41. dcap://cluster142.knu.ac.kr//pnfs/knu.ac.kr/data/cms/store/user/sha/UL20NanoAOD/NanoAODSSB_v1/2016PreVFP/MC/QCD_Pt-300To470_MuEnrichedPt5_TuneCP5_13TeV-pythia8/QCD_Pt-300To470_MuEnrichedPt5_TuneCP5_pythia8/250129_104912/0000/tree_4.root
  42. dcap://cluster142.knu.ac.kr//pnfs/knu.ac.kr/data/cms/store/user/sha/UL20NanoAOD/NanoAODSSB_v1/2016PreVFP/MC/QCD_Pt-300To470_MuEnrichedPt5_TuneCP5_13TeV-pythia8/QCD_Pt-300To470_MuEnrichedPt5_TuneCP5_pythia8/250129_104912/0000/tree_5.root
  43. dcap://cluster142.knu.ac.kr//pnfs/knu.ac.kr/data/cms/store/user/sha/UL20NanoAOD/NanoAODSSB_v1/2016PreVFP/MC/QCD_Pt-300To470_MuEnrichedPt5_TuneCP5_13TeV-pythia8/QCD_Pt-300To470_MuEnrichedPt5_TuneCP5_pythia8/250129_104912/0000/tree_6.root
  44. dcap://cluster142.knu.ac.kr//pnfs/knu.ac.kr/data/cms/store/user/sha/UL20NanoAOD/NanoAODSSB_v1/2016PreVFP/MC/QCD_Pt-300To470_MuEnrichedPt5_TuneCP5_13TeV-pythia8/QCD_Pt-300To470_MuEnrichedPt5_TuneCP5_pythia8/250129_104912/0000/tree_7.root
  45. dcap://cluster142.knu.ac.kr//pnfs/knu.ac.kr/data/cms/store/user/sha/UL20NanoAOD/NanoAODSSB_v1/2016PreVFP/MC/QCD_Pt-300To470_MuEnrichedPt5_TuneCP5_13TeV-pythia8/QCD_Pt-300To470_MuEnrichedPt5_TuneCP5_pythia8/250129_104912/0000/tree_8.root
  46. dcap://cluster142.knu.ac.kr//pnfs/knu.ac.kr/data/cms/store/user/sha/UL20NanoAOD/NanoAODSSB_v1/2016PreVFP/MC/QCD_Pt-300To470_MuEnrichedPt5_TuneCP5_13TeV-pythia8/QCD_Pt-300To470_MuEnrichedPt5_TuneCP5_pythia8/250129_104912/0000/tree_9.root
