=== TTbar_AllHadronic Sample Processing Summary ===
Timestamp: 2025-05-20 13:24:30
Total root files: 199
Files per list: 1
List files created: 199

=== Root files distribution ===
List file 1: 1 root files
List file 2: 1 root files
List file 3: 1 root files
List file 4: 1 root files
List file 5: 1 root files
List file 6: 1 root files
List file 7: 1 root files
List file 8: 1 root files
List file 9: 1 root files
List file 10: 1 root files
List file 11: 1 root files
List file 12: 1 root files
List file 13: 1 root files
List file 14: 1 root files
List file 15: 1 root files
List file 16: 1 root files
List file 17: 1 root files
List file 18: 1 root files
List file 19: 1 root files
List file 20: 1 root files
List file 21: 1 root files
List file 22: 1 root files
List file 23: 1 root files
List file 24: 1 root files
List file 25: 1 root files
List file 26: 1 root files
List file 27: 1 root files
List file 28: 1 root files
List file 29: 1 root files
List file 30: 1 root files
List file 31: 1 root files
List file 32: 1 root files
List file 33: 1 root files
List file 34: 1 root files
List file 35: 1 root files
List file 36: 1 root files
List file 37: 1 root files
List file 38: 1 root files
List file 39: 1 root files
List file 40: 1 root files
List file 41: 1 root files
List file 42: 1 root files
List file 43: 1 root files
List file 44: 1 root files
List file 45: 1 root files
List file 46: 1 root files
List file 47: 1 root files
List file 48: 1 root files
List file 49: 1 root files
List file 50: 1 root files
List file 51: 1 root files
List file 52: 1 root files
List file 53: 1 root files
List file 54: 1 root files
List file 55: 1 root files
List file 56: 1 root files
List file 57: 1 root files
List file 58: 1 root files
List file 59: 1 root files
List file 60: 1 root files
List file 61: 1 root files
List file 62: 1 root files
List file 63: 1 root files
List file 64: 1 root files
List file 65: 1 root files
List file 66: 1 root files
List file 67: 1 root files
List file 68: 1 root files
List file 69: 1 root files
List file 70: 1 root files
List file 71: 1 root files
List file 72: 1 root files
List file 73: 1 root files
List file 74: 1 root files
List file 75: 1 root files
List file 76: 1 root files
List file 77: 1 root files
List file 78: 1 root files
List file 79: 1 root files
List file 80: 1 root files
List file 81: 1 root files
List file 82: 1 root files
List file 83: 1 root files
List file 84: 1 root files
List file 85: 1 root files
List file 86: 1 root files
List file 87: 1 root files
List file 88: 1 root files
List file 89: 1 root files
List file 90: 1 root files
List file 91: 1 root files
List file 92: 1 root files
List file 93: 1 root files
List file 94: 1 root files
List file 95: 1 root files
List file 96: 1 root files
List file 97: 1 root files
List file 98: 1 root files
List file 99: 1 root files
List file 100: 1 root files
List file 101: 1 root files
List file 102: 1 root files
List file 103: 1 root files
List file 104: 1 root files
List file 105: 1 root files
List file 106: 1 root files
List file 107: 1 root files
List file 108: 1 root files
List file 109: 1 root files
List file 110: 1 root files
List file 111: 1 root files
List file 112: 1 root files
List file 113: 1 root files
List file 114: 1 root files
List file 115: 1 root files
List file 116: 1 root files
List file 117: 1 root files
List file 118: 1 root files
List file 119: 1 root files
List file 120: 1 root files
List file 121: 1 root files
List file 122: 1 root files
List file 123: 1 root files
List file 124: 1 root files
List file 125: 1 root files
List file 126: 1 root files
List file 127: 1 root files
List file 128: 1 root files
List file 129: 1 root files
List file 130: 1 root files
List file 131: 1 root files
List file 132: 1 root files
List file 133: 1 root files
List file 134: 1 root files
List file 135: 1 root files
List file 136: 1 root files
List file 137: 1 root files
List file 138: 1 root files
List file 139: 1 root files
List file 140: 1 root files
List file 141: 1 root files
List file 142: 1 root files
List file 143: 1 root files
List file 144: 1 root files
List file 145: 1 root files
List file 146: 1 root files
List file 147: 1 root files
List file 148: 1 root files
List file 149: 1 root files
List file 150: 1 root files
List file 151: 1 root files
List file 152: 1 root files
List file 153: 1 root files
List file 154: 1 root files
List file 155: 1 root files
List file 156: 1 root files
List file 157: 1 root files
List file 158: 1 root files
List file 159: 1 root files
List file 160: 1 root files
List file 161: 1 root files
List file 162: 1 root files
List file 163: 1 root files
List file 164: 1 root files
List file 165: 1 root files
List file 166: 1 root files
List file 167: 1 root files
List file 168: 1 root files
List file 169: 1 root files
List file 170: 1 root files
List file 171: 1 root files
List file 172: 1 root files
List file 173: 1 root files
List file 174: 1 root files
List file 175: 1 root files
List file 176: 1 root files
List file 177: 1 root files
List file 178: 1 root files
List file 179: 1 root files
List file 180: 1 root files
List file 181: 1 root files
List file 182: 1 root files
List file 183: 1 root files
List file 184: 1 root files
List file 185: 1 root files
List file 186: 1 root files
List file 187: 1 root files
List file 188: 1 root files
List file 189: 1 root files
List file 190: 1 root files
List file 191: 1 root files
List file 192: 1 root files
List file 193: 1 root files
List file 194: 1 root files
List file 195: 1 root files
List file 196: 1 root files
List file 197: 1 root files
List file 198: 1 root files
List file 199: 1 root files

=== All root files ===
   1. dcap://cluster142.knu.ac.kr//pnfs/knu.ac.kr/data/cms/store/user/junghyun/CPV/UL20NanoAOD/generate2017MC/2017/MC/TTToHadronic_TuneCP5_13TeV-powheg-pythia8/TTToHadronic_TuneCP5_powheg/250127_163527/0000/tree_100.root
   2. dcap://cluster142.knu.ac.kr//pnfs/knu.ac.kr/data/cms/store/user/junghyun/CPV/UL20NanoAOD/generate2017MC/2017/MC/TTToHadronic_TuneCP5_13TeV-powheg-pythia8/TTToHadronic_TuneCP5_powheg/250127_163527/0000/tree_101.root
   3. dcap://cluster142.knu.ac.kr//pnfs/knu.ac.kr/data/cms/store/user/junghyun/CPV/UL20NanoAOD/generate2017MC/2017/MC/TTToHadronic_TuneCP5_13TeV-powheg-pythia8/TTToHadronic_TuneCP5_powheg/250127_163527/0000/tree_102.root
   4. dcap://cluster142.knu.ac.kr//pnfs/knu.ac.kr/data/cms/store/user/junghyun/CPV/UL20NanoAOD/generate2017MC/2017/MC/TTToHadronic_TuneCP5_13TeV-powheg-pythia8/TTToHadronic_TuneCP5_powheg/250127_163527/0000/tree_103.root
   5. dcap://cluster142.knu.ac.kr//pnfs/knu.ac.kr/data/cms/store/user/junghyun/CPV/UL20NanoAOD/generate2017MC/2017/MC/TTToHadronic_TuneCP5_13TeV-powheg-pythia8/TTToHadronic_TuneCP5_powheg/250127_163527/0000/tree_104.root
   6. dcap://cluster142.knu.ac.kr//pnfs/knu.ac.kr/data/cms/store/user/junghyun/CPV/UL20NanoAOD/generate2017MC/2017/MC/TTToHadronic_TuneCP5_13TeV-powheg-pythia8/TTToHadronic_TuneCP5_powheg/250127_163527/0000/tree_105.root
   7. dcap://cluster142.knu.ac.kr//pnfs/knu.ac.kr/data/cms/store/user/junghyun/CPV/UL20NanoAOD/generate2017MC/2017/MC/TTToHadronic_TuneCP5_13TeV-powheg-pythia8/TTToHadronic_TuneCP5_powheg/250127_163527/0000/tree_106.root
   8. dcap://cluster142.knu.ac.kr//pnfs/knu.ac.kr/data/cms/store/user/junghyun/CPV/UL20NanoAOD/generate2017MC/2017/MC/TTToHadronic_TuneCP5_13TeV-powheg-pythia8/TTToHadronic_TuneCP5_powheg/250127_163527/0000/tree_107.root
   9. dcap://cluster142.knu.ac.kr//pnfs/knu.ac.kr/data/cms/store/user/junghyun/CPV/UL20NanoAOD/generate2017MC/2017/MC/TTToHadronic_TuneCP5_13TeV-powheg-pythia8/TTToHadronic_TuneCP5_powheg/250127_163527/0000/tree_108.root
  10. dcap://cluster142.knu.ac.kr//pnfs/knu.ac.kr/data/cms/store/user/junghyun/CPV/UL20NanoAOD/generate2017MC/2017/MC/TTToHadronic_TuneCP5_13TeV-powheg-pythia8/TTToHadronic_TuneCP5_powheg/250127_163527/0000/tree_109.root
  11. dcap://cluster142.knu.ac.kr//pnfs/knu.ac.kr/data/cms/store/user/junghyun/CPV/UL20NanoAOD/generate2017MC/2017/MC/TTToHadronic_TuneCP5_13TeV-powheg-pythia8/TTToHadronic_TuneCP5_powheg/250127_163527/0000/tree_10.root
  12. dcap://cluster142.knu.ac.kr//pnfs/knu.ac.kr/data/cms/store/user/junghyun/CPV/UL20NanoAOD/generate2017MC/2017/MC/TTToHadronic_TuneCP5_13TeV-powheg-pythia8/TTToHadronic_TuneCP5_powheg/250127_163527/0000/tree_110.root
  13. dcap://cluster142.knu.ac.kr//pnfs/knu.ac.kr/data/cms/store/user/junghyun/CPV/UL20NanoAOD/generate2017MC/2017/MC/TTToHadronic_TuneCP5_13TeV-powheg-pythia8/TTToHadronic_TuneCP5_powheg/250127_163527/0000/tree_111.root
  14. dcap://cluster142.knu.ac.kr//pnfs/knu.ac.kr/data/cms/store/user/junghyun/CPV/UL20NanoAOD/generate2017MC/2017/MC/TTToHadronic_TuneCP5_13TeV-powheg-pythia8/TTToHadronic_TuneCP5_powheg/250127_163527/0000/tree_112.root
  15. dcap://cluster142.knu.ac.kr//pnfs/knu.ac.kr/data/cms/store/user/junghyun/CPV/UL20NanoAOD/generate2017MC/2017/MC/TTToHadronic_TuneCP5_13TeV-powheg-pythia8/TTToHadronic_TuneCP5_powheg/250127_163527/0000/tree_113.root
  16. dcap://cluster142.knu.ac.kr//pnfs/knu.ac.kr/data/cms/store/user/junghyun/CPV/UL20NanoAOD/generate2017MC/2017/MC/TTToHadronic_TuneCP5_13TeV-powheg-pythia8/TTToHadronic_TuneCP5_powheg/250127_163527/0000/tree_114.root
  17. dcap://cluster142.knu.ac.kr//pnfs/knu.ac.kr/data/cms/store/user/junghyun/CPV/UL20NanoAOD/generate2017MC/2017/MC/TTToHadronic_TuneCP5_13TeV-powheg-pythia8/TTToHadronic_TuneCP5_powheg/250127_163527/0000/tree_115.root
  18. dcap://cluster142.knu.ac.kr//pnfs/knu.ac.kr/data/cms/store/user/junghyun/CPV/UL20NanoAOD/generate2017MC/2017/MC/TTToHadronic_TuneCP5_13TeV-powheg-pythia8/TTToHadronic_TuneCP5_powheg/250127_163527/0000/tree_116.root
  19. dcap://cluster142.knu.ac.kr//pnfs/knu.ac.kr/data/cms/store/user/junghyun/CPV/UL20NanoAOD/generate2017MC/2017/MC/TTToHadronic_TuneCP5_13TeV-powheg-pythia8/TTToHadronic_TuneCP5_powheg/250127_163527/0000/tree_117.root
  20. dcap://cluster142.knu.ac.kr//pnfs/knu.ac.kr/data/cms/store/user/junghyun/CPV/UL20NanoAOD/generate2017MC/2017/MC/TTToHadronic_TuneCP5_13TeV-powheg-pythia8/TTToHadronic_TuneCP5_powheg/250127_163527/0000/tree_118.root
  21. dcap://cluster142.knu.ac.kr//pnfs/knu.ac.kr/data/cms/store/user/junghyun/CPV/UL20NanoAOD/generate2017MC/2017/MC/TTToHadronic_TuneCP5_13TeV-powheg-pythia8/TTToHadronic_TuneCP5_powheg/250127_163527/0000/tree_119.root
  22. dcap://cluster142.knu.ac.kr//pnfs/knu.ac.kr/data/cms/store/user/junghyun/CPV/UL20NanoAOD/generate2017MC/2017/MC/TTToHadronic_TuneCP5_13TeV-powheg-pythia8/TTToHadronic_TuneCP5_powheg/250127_163527/0000/tree_11.root
  23. dcap://cluster142.knu.ac.kr//pnfs/knu.ac.kr/data/cms/store/user/junghyun/CPV/UL20NanoAOD/generate2017MC/2017/MC/TTToHadronic_TuneCP5_13TeV-powheg-pythia8/TTToHadronic_TuneCP5_powheg/250127_163527/0000/tree_120.root
  24. dcap://cluster142.knu.ac.kr//pnfs/knu.ac.kr/data/cms/store/user/junghyun/CPV/UL20NanoAOD/generate2017MC/2017/MC/TTToHadronic_TuneCP5_13TeV-powheg-pythia8/TTToHadronic_TuneCP5_powheg/250127_163527/0000/tree_121.root
  25. dcap://cluster142.knu.ac.kr//pnfs/knu.ac.kr/data/cms/store/user/junghyun/CPV/UL20NanoAOD/generate2017MC/2017/MC/TTToHadronic_TuneCP5_13TeV-powheg-pythia8/TTToHadronic_TuneCP5_powheg/250127_163527/0000/tree_122.root
  26. dcap://cluster142.knu.ac.kr//pnfs/knu.ac.kr/data/cms/store/user/junghyun/CPV/UL20NanoAOD/generate2017MC/2017/MC/TTToHadronic_TuneCP5_13TeV-powheg-pythia8/TTToHadronic_TuneCP5_powheg/250127_163527/0000/tree_123.root
  27. dcap://cluster142.knu.ac.kr//pnfs/knu.ac.kr/data/cms/store/user/junghyun/CPV/UL20NanoAOD/generate2017MC/2017/MC/TTToHadronic_TuneCP5_13TeV-powheg-pythia8/TTToHadronic_TuneCP5_powheg/250127_163527/0000/tree_124.root
  28. dcap://cluster142.knu.ac.kr//pnfs/knu.ac.kr/data/cms/store/user/junghyun/CPV/UL20NanoAOD/generate2017MC/2017/MC/TTToHadronic_TuneCP5_13TeV-powheg-pythia8/TTToHadronic_TuneCP5_powheg/250127_163527/0000/tree_125.root
  29. dcap://cluster142.knu.ac.kr//pnfs/knu.ac.kr/data/cms/store/user/junghyun/CPV/UL20NanoAOD/generate2017MC/2017/MC/TTToHadronic_TuneCP5_13TeV-powheg-pythia8/TTToHadronic_TuneCP5_powheg/250127_163527/0000/tree_126.root
  30. dcap://cluster142.knu.ac.kr//pnfs/knu.ac.kr/data/cms/store/user/junghyun/CPV/UL20NanoAOD/generate2017MC/2017/MC/TTToHadronic_TuneCP5_13TeV-powheg-pythia8/TTToHadronic_TuneCP5_powheg/250127_163527/0000/tree_127.root
  31. dcap://cluster142.knu.ac.kr//pnfs/knu.ac.kr/data/cms/store/user/junghyun/CPV/UL20NanoAOD/generate2017MC/2017/MC/TTToHadronic_TuneCP5_13TeV-powheg-pythia8/TTToHadronic_TuneCP5_powheg/250127_163527/0000/tree_128.root
  32. dcap://cluster142.knu.ac.kr//pnfs/knu.ac.kr/data/cms/store/user/junghyun/CPV/UL20NanoAOD/generate2017MC/2017/MC/TTToHadronic_TuneCP5_13TeV-powheg-pythia8/TTToHadronic_TuneCP5_powheg/250127_163527/0000/tree_129.root
  33. dcap://cluster142.knu.ac.kr//pnfs/knu.ac.kr/data/cms/store/user/junghyun/CPV/UL20NanoAOD/generate2017MC/2017/MC/TTToHadronic_TuneCP5_13TeV-powheg-pythia8/TTToHadronic_TuneCP5_powheg/250127_163527/0000/tree_12.root
  34. dcap://cluster142.knu.ac.kr//pnfs/knu.ac.kr/data/cms/store/user/junghyun/CPV/UL20NanoAOD/generate2017MC/2017/MC/TTToHadronic_TuneCP5_13TeV-powheg-pythia8/TTToHadronic_TuneCP5_powheg/250127_163527/0000/tree_130.root
  35. dcap://cluster142.knu.ac.kr//pnfs/knu.ac.kr/data/cms/store/user/junghyun/CPV/UL20NanoAOD/generate2017MC/2017/MC/TTToHadronic_TuneCP5_13TeV-powheg-pythia8/TTToHadronic_TuneCP5_powheg/250127_163527/0000/tree_131.root
  36. dcap://cluster142.knu.ac.kr//pnfs/knu.ac.kr/data/cms/store/user/junghyun/CPV/UL20NanoAOD/generate2017MC/2017/MC/TTToHadronic_TuneCP5_13TeV-powheg-pythia8/TTToHadronic_TuneCP5_powheg/250127_163527/0000/tree_132.root
  37. dcap://cluster142.knu.ac.kr//pnfs/knu.ac.kr/data/cms/store/user/junghyun/CPV/UL20NanoAOD/generate2017MC/2017/MC/TTToHadronic_TuneCP5_13TeV-powheg-pythia8/TTToHadronic_TuneCP5_powheg/250127_163527/0000/tree_133.root
  38. dcap://cluster142.knu.ac.kr//pnfs/knu.ac.kr/data/cms/store/user/junghyun/CPV/UL20NanoAOD/generate2017MC/2017/MC/TTToHadronic_TuneCP5_13TeV-powheg-pythia8/TTToHadronic_TuneCP5_powheg/250127_163527/0000/tree_134.root
  39. dcap://cluster142.knu.ac.kr//pnfs/knu.ac.kr/data/cms/store/user/junghyun/CPV/UL20NanoAOD/generate2017MC/2017/MC/TTToHadronic_TuneCP5_13TeV-powheg-pythia8/TTToHadronic_TuneCP5_powheg/250127_163527/0000/tree_135.root
  40. dcap://cluster142.knu.ac.kr//pnfs/knu.ac.kr/data/cms/store/user/junghyun/CPV/UL20NanoAOD/generate2017MC/2017/MC/TTToHadronic_TuneCP5_13TeV-powheg-pythia8/TTToHadronic_TuneCP5_powheg/250127_163527/0000/tree_136.root
  41. dcap://cluster142.knu.ac.kr//pnfs/knu.ac.kr/data/cms/store/user/junghyun/CPV/UL20NanoAOD/generate2017MC/2017/MC/TTToHadronic_TuneCP5_13TeV-powheg-pythia8/TTToHadronic_TuneCP5_powheg/250127_163527/0000/tree_137.root
  42. dcap://cluster142.knu.ac.kr//pnfs/knu.ac.kr/data/cms/store/user/junghyun/CPV/UL20NanoAOD/generate2017MC/2017/MC/TTToHadronic_TuneCP5_13TeV-powheg-pythia8/TTToHadronic_TuneCP5_powheg/250127_163527/0000/tree_138.root
  43. dcap://cluster142.knu.ac.kr//pnfs/knu.ac.kr/data/cms/store/user/junghyun/CPV/UL20NanoAOD/generate2017MC/2017/MC/TTToHadronic_TuneCP5_13TeV-powheg-pythia8/TTToHadronic_TuneCP5_powheg/250127_163527/0000/tree_139.root
  44. dcap://cluster142.knu.ac.kr//pnfs/knu.ac.kr/data/cms/store/user/junghyun/CPV/UL20NanoAOD/generate2017MC/2017/MC/TTToHadronic_TuneCP5_13TeV-powheg-pythia8/TTToHadronic_TuneCP5_powheg/250127_163527/0000/tree_13.root
  45. dcap://cluster142.knu.ac.kr//pnfs/knu.ac.kr/data/cms/store/user/junghyun/CPV/UL20NanoAOD/generate2017MC/2017/MC/TTToHadronic_TuneCP5_13TeV-powheg-pythia8/TTToHadronic_TuneCP5_powheg/250127_163527/0000/tree_140.root
  46. dcap://cluster142.knu.ac.kr//pnfs/knu.ac.kr/data/cms/store/user/junghyun/CPV/UL20NanoAOD/generate2017MC/2017/MC/TTToHadronic_TuneCP5_13TeV-powheg-pythia8/TTToHadronic_TuneCP5_powheg/250127_163527/0000/tree_141.root
  47. dcap://cluster142.knu.ac.kr//pnfs/knu.ac.kr/data/cms/store/user/junghyun/CPV/UL20NanoAOD/generate2017MC/2017/MC/TTToHadronic_TuneCP5_13TeV-powheg-pythia8/TTToHadronic_TuneCP5_powheg/250127_163527/0000/tree_142.root
  48. dcap://cluster142.knu.ac.kr//pnfs/knu.ac.kr/data/cms/store/user/junghyun/CPV/UL20NanoAOD/generate2017MC/2017/MC/TTToHadronic_TuneCP5_13TeV-powheg-pythia8/TTToHadronic_TuneCP5_powheg/250127_163527/0000/tree_143.root
  49. dcap://cluster142.knu.ac.kr//pnfs/knu.ac.kr/data/cms/store/user/junghyun/CPV/UL20NanoAOD/generate2017MC/2017/MC/TTToHadronic_TuneCP5_13TeV-powheg-pythia8/TTToHadronic_TuneCP5_powheg/250127_163527/0000/tree_144.root
  50. dcap://cluster142.knu.ac.kr//pnfs/knu.ac.kr/data/cms/store/user/junghyun/CPV/UL20NanoAOD/generate2017MC/2017/MC/TTToHadronic_TuneCP5_13TeV-powheg-pythia8/TTToHadronic_TuneCP5_powheg/250127_163527/0000/tree_145.root
  51. dcap://cluster142.knu.ac.kr//pnfs/knu.ac.kr/data/cms/store/user/junghyun/CPV/UL20NanoAOD/generate2017MC/2017/MC/TTToHadronic_TuneCP5_13TeV-powheg-pythia8/TTToHadronic_TuneCP5_powheg/250127_163527/0000/tree_146.root
  52. dcap://cluster142.knu.ac.kr//pnfs/knu.ac.kr/data/cms/store/user/junghyun/CPV/UL20NanoAOD/generate2017MC/2017/MC/TTToHadronic_TuneCP5_13TeV-powheg-pythia8/TTToHadronic_TuneCP5_powheg/250127_163527/0000/tree_147.root
  53. dcap://cluster142.knu.ac.kr//pnfs/knu.ac.kr/data/cms/store/user/junghyun/CPV/UL20NanoAOD/generate2017MC/2017/MC/TTToHadronic_TuneCP5_13TeV-powheg-pythia8/TTToHadronic_TuneCP5_powheg/250127_163527/0000/tree_148.root
  54. dcap://cluster142.knu.ac.kr//pnfs/knu.ac.kr/data/cms/store/user/junghyun/CPV/UL20NanoAOD/generate2017MC/2017/MC/TTToHadronic_TuneCP5_13TeV-powheg-pythia8/TTToHadronic_TuneCP5_powheg/250127_163527/0000/tree_149.root
  55. dcap://cluster142.knu.ac.kr//pnfs/knu.ac.kr/data/cms/store/user/junghyun/CPV/UL20NanoAOD/generate2017MC/2017/MC/TTToHadronic_TuneCP5_13TeV-powheg-pythia8/TTToHadronic_TuneCP5_powheg/250127_163527/0000/tree_14.root
  56. dcap://cluster142.knu.ac.kr//pnfs/knu.ac.kr/data/cms/store/user/junghyun/CPV/UL20NanoAOD/generate2017MC/2017/MC/TTToHadronic_TuneCP5_13TeV-powheg-pythia8/TTToHadronic_TuneCP5_powheg/250127_163527/0000/tree_150.root
  57. dcap://cluster142.knu.ac.kr//pnfs/knu.ac.kr/data/cms/store/user/junghyun/CPV/UL20NanoAOD/generate2017MC/2017/MC/TTToHadronic_TuneCP5_13TeV-powheg-pythia8/TTToHadronic_TuneCP5_powheg/250127_163527/0000/tree_151.root
  58. dcap://cluster142.knu.ac.kr//pnfs/knu.ac.kr/data/cms/store/user/junghyun/CPV/UL20NanoAOD/generate2017MC/2017/MC/TTToHadronic_TuneCP5_13TeV-powheg-pythia8/TTToHadronic_TuneCP5_powheg/250127_163527/0000/tree_152.root
  59. dcap://cluster142.knu.ac.kr//pnfs/knu.ac.kr/data/cms/store/user/junghyun/CPV/UL20NanoAOD/generate2017MC/2017/MC/TTToHadronic_TuneCP5_13TeV-powheg-pythia8/TTToHadronic_TuneCP5_powheg/250127_163527/0000/tree_153.root
  60. dcap://cluster142.knu.ac.kr//pnfs/knu.ac.kr/data/cms/store/user/junghyun/CPV/UL20NanoAOD/generate2017MC/2017/MC/TTToHadronic_TuneCP5_13TeV-powheg-pythia8/TTToHadronic_TuneCP5_powheg/250127_163527/0000/tree_154.root
  61. dcap://cluster142.knu.ac.kr//pnfs/knu.ac.kr/data/cms/store/user/junghyun/CPV/UL20NanoAOD/generate2017MC/2017/MC/TTToHadronic_TuneCP5_13TeV-powheg-pythia8/TTToHadronic_TuneCP5_powheg/250127_163527/0000/tree_155.root
  62. dcap://cluster142.knu.ac.kr//pnfs/knu.ac.kr/data/cms/store/user/junghyun/CPV/UL20NanoAOD/generate2017MC/2017/MC/TTToHadronic_TuneCP5_13TeV-powheg-pythia8/TTToHadronic_TuneCP5_powheg/250127_163527/0000/tree_156.root
  63. dcap://cluster142.knu.ac.kr//pnfs/knu.ac.kr/data/cms/store/user/junghyun/CPV/UL20NanoAOD/generate2017MC/2017/MC/TTToHadronic_TuneCP5_13TeV-powheg-pythia8/TTToHadronic_TuneCP5_powheg/250127_163527/0000/tree_157.root
  64. dcap://cluster142.knu.ac.kr//pnfs/knu.ac.kr/data/cms/store/user/junghyun/CPV/UL20NanoAOD/generate2017MC/2017/MC/TTToHadronic_TuneCP5_13TeV-powheg-pythia8/TTToHadronic_TuneCP5_powheg/250127_163527/0000/tree_158.root
  65. dcap://cluster142.knu.ac.kr//pnfs/knu.ac.kr/data/cms/store/user/junghyun/CPV/UL20NanoAOD/generate2017MC/2017/MC/TTToHadronic_TuneCP5_13TeV-powheg-pythia8/TTToHadronic_TuneCP5_powheg/250127_163527/0000/tree_159.root
  66. dcap://cluster142.knu.ac.kr//pnfs/knu.ac.kr/data/cms/store/user/junghyun/CPV/UL20NanoAOD/generate2017MC/2017/MC/TTToHadronic_TuneCP5_13TeV-powheg-pythia8/TTToHadronic_TuneCP5_powheg/250127_163527/0000/tree_15.root
  67. dcap://cluster142.knu.ac.kr//pnfs/knu.ac.kr/data/cms/store/user/junghyun/CPV/UL20NanoAOD/generate2017MC/2017/MC/TTToHadronic_TuneCP5_13TeV-powheg-pythia8/TTToHadronic_TuneCP5_powheg/250127_163527/0000/tree_160.root
  68. dcap://cluster142.knu.ac.kr//pnfs/knu.ac.kr/data/cms/store/user/junghyun/CPV/UL20NanoAOD/generate2017MC/2017/MC/TTToHadronic_TuneCP5_13TeV-powheg-pythia8/TTToHadronic_TuneCP5_powheg/250127_163527/0000/tree_161.root
  69. dcap://cluster142.knu.ac.kr//pnfs/knu.ac.kr/data/cms/store/user/junghyun/CPV/UL20NanoAOD/generate2017MC/2017/MC/TTToHadronic_TuneCP5_13TeV-powheg-pythia8/TTToHadronic_TuneCP5_powheg/250127_163527/0000/tree_162.root
  70. dcap://cluster142.knu.ac.kr//pnfs/knu.ac.kr/data/cms/store/user/junghyun/CPV/UL20NanoAOD/generate2017MC/2017/MC/TTToHadronic_TuneCP5_13TeV-powheg-pythia8/TTToHadronic_TuneCP5_powheg/250127_163527/0000/tree_163.root
  71. dcap://cluster142.knu.ac.kr//pnfs/knu.ac.kr/data/cms/store/user/junghyun/CPV/UL20NanoAOD/generate2017MC/2017/MC/TTToHadronic_TuneCP5_13TeV-powheg-pythia8/TTToHadronic_TuneCP5_powheg/250127_163527/0000/tree_164.root
  72. dcap://cluster142.knu.ac.kr//pnfs/knu.ac.kr/data/cms/store/user/junghyun/CPV/UL20NanoAOD/generate2017MC/2017/MC/TTToHadronic_TuneCP5_13TeV-powheg-pythia8/TTToHadronic_TuneCP5_powheg/250127_163527/0000/tree_165.root
  73. dcap://cluster142.knu.ac.kr//pnfs/knu.ac.kr/data/cms/store/user/junghyun/CPV/UL20NanoAOD/generate2017MC/2017/MC/TTToHadronic_TuneCP5_13TeV-powheg-pythia8/TTToHadronic_TuneCP5_powheg/250127_163527/0000/tree_166.root
  74. dcap://cluster142.knu.ac.kr//pnfs/knu.ac.kr/data/cms/store/user/junghyun/CPV/UL20NanoAOD/generate2017MC/2017/MC/TTToHadronic_TuneCP5_13TeV-powheg-pythia8/TTToHadronic_TuneCP5_powheg/250127_163527/0000/tree_167.root
  75. dcap://cluster142.knu.ac.kr//pnfs/knu.ac.kr/data/cms/store/user/junghyun/CPV/UL20NanoAOD/generate2017MC/2017/MC/TTToHadronic_TuneCP5_13TeV-powheg-pythia8/TTToHadronic_TuneCP5_powheg/250127_163527/0000/tree_168.root
  76. dcap://cluster142.knu.ac.kr//pnfs/knu.ac.kr/data/cms/store/user/junghyun/CPV/UL20NanoAOD/generate2017MC/2017/MC/TTToHadronic_TuneCP5_13TeV-powheg-pythia8/TTToHadronic_TuneCP5_powheg/250127_163527/0000/tree_169.root
  77. dcap://cluster142.knu.ac.kr//pnfs/knu.ac.kr/data/cms/store/user/junghyun/CPV/UL20NanoAOD/generate2017MC/2017/MC/TTToHadronic_TuneCP5_13TeV-powheg-pythia8/TTToHadronic_TuneCP5_powheg/250127_163527/0000/tree_16.root
  78. dcap://cluster142.knu.ac.kr//pnfs/knu.ac.kr/data/cms/store/user/junghyun/CPV/UL20NanoAOD/generate2017MC/2017/MC/TTToHadronic_TuneCP5_13TeV-powheg-pythia8/TTToHadronic_TuneCP5_powheg/250127_163527/0000/tree_170.root
  79. dcap://cluster142.knu.ac.kr//pnfs/knu.ac.kr/data/cms/store/user/junghyun/CPV/UL20NanoAOD/generate2017MC/2017/MC/TTToHadronic_TuneCP5_13TeV-powheg-pythia8/TTToHadronic_TuneCP5_powheg/250127_163527/0000/tree_171.root
  80. dcap://cluster142.knu.ac.kr//pnfs/knu.ac.kr/data/cms/store/user/junghyun/CPV/UL20NanoAOD/generate2017MC/2017/MC/TTToHadronic_TuneCP5_13TeV-powheg-pythia8/TTToHadronic_TuneCP5_powheg/250127_163527/0000/tree_172.root
  81. dcap://cluster142.knu.ac.kr//pnfs/knu.ac.kr/data/cms/store/user/junghyun/CPV/UL20NanoAOD/generate2017MC/2017/MC/TTToHadronic_TuneCP5_13TeV-powheg-pythia8/TTToHadronic_TuneCP5_powheg/250127_163527/0000/tree_173.root
  82. dcap://cluster142.knu.ac.kr//pnfs/knu.ac.kr/data/cms/store/user/junghyun/CPV/UL20NanoAOD/generate2017MC/2017/MC/TTToHadronic_TuneCP5_13TeV-powheg-pythia8/TTToHadronic_TuneCP5_powheg/250127_163527/0000/tree_174.root
  83. dcap://cluster142.knu.ac.kr//pnfs/knu.ac.kr/data/cms/store/user/junghyun/CPV/UL20NanoAOD/generate2017MC/2017/MC/TTToHadronic_TuneCP5_13TeV-powheg-pythia8/TTToHadronic_TuneCP5_powheg/250127_163527/0000/tree_175.root
  84. dcap://cluster142.knu.ac.kr//pnfs/knu.ac.kr/data/cms/store/user/junghyun/CPV/UL20NanoAOD/generate2017MC/2017/MC/TTToHadronic_TuneCP5_13TeV-powheg-pythia8/TTToHadronic_TuneCP5_powheg/250127_163527/0000/tree_176.root
  85. dcap://cluster142.knu.ac.kr//pnfs/knu.ac.kr/data/cms/store/user/junghyun/CPV/UL20NanoAOD/generate2017MC/2017/MC/TTToHadronic_TuneCP5_13TeV-powheg-pythia8/TTToHadronic_TuneCP5_powheg/250127_163527/0000/tree_177.root
  86. dcap://cluster142.knu.ac.kr//pnfs/knu.ac.kr/data/cms/store/user/junghyun/CPV/UL20NanoAOD/generate2017MC/2017/MC/TTToHadronic_TuneCP5_13TeV-powheg-pythia8/TTToHadronic_TuneCP5_powheg/250127_163527/0000/tree_178.root
  87. dcap://cluster142.knu.ac.kr//pnfs/knu.ac.kr/data/cms/store/user/junghyun/CPV/UL20NanoAOD/generate2017MC/2017/MC/TTToHadronic_TuneCP5_13TeV-powheg-pythia8/TTToHadronic_TuneCP5_powheg/250127_163527/0000/tree_179.root
  88. dcap://cluster142.knu.ac.kr//pnfs/knu.ac.kr/data/cms/store/user/junghyun/CPV/UL20NanoAOD/generate2017MC/2017/MC/TTToHadronic_TuneCP5_13TeV-powheg-pythia8/TTToHadronic_TuneCP5_powheg/250127_163527/0000/tree_17.root
  89. dcap://cluster142.knu.ac.kr//pnfs/knu.ac.kr/data/cms/store/user/junghyun/CPV/UL20NanoAOD/generate2017MC/2017/MC/TTToHadronic_TuneCP5_13TeV-powheg-pythia8/TTToHadronic_TuneCP5_powheg/250127_163527/0000/tree_180.root
  90. dcap://cluster142.knu.ac.kr//pnfs/knu.ac.kr/data/cms/store/user/junghyun/CPV/UL20NanoAOD/generate2017MC/2017/MC/TTToHadronic_TuneCP5_13TeV-powheg-pythia8/TTToHadronic_TuneCP5_powheg/250127_163527/0000/tree_181.root
  91. dcap://cluster142.knu.ac.kr//pnfs/knu.ac.kr/data/cms/store/user/junghyun/CPV/UL20NanoAOD/generate2017MC/2017/MC/TTToHadronic_TuneCP5_13TeV-powheg-pythia8/TTToHadronic_TuneCP5_powheg/250127_163527/0000/tree_182.root
  92. dcap://cluster142.knu.ac.kr//pnfs/knu.ac.kr/data/cms/store/user/junghyun/CPV/UL20NanoAOD/generate2017MC/2017/MC/TTToHadronic_TuneCP5_13TeV-powheg-pythia8/TTToHadronic_TuneCP5_powheg/250127_163527/0000/tree_183.root
  93. dcap://cluster142.knu.ac.kr//pnfs/knu.ac.kr/data/cms/store/user/junghyun/CPV/UL20NanoAOD/generate2017MC/2017/MC/TTToHadronic_TuneCP5_13TeV-powheg-pythia8/TTToHadronic_TuneCP5_powheg/250127_163527/0000/tree_184.root
  94. dcap://cluster142.knu.ac.kr//pnfs/knu.ac.kr/data/cms/store/user/junghyun/CPV/UL20NanoAOD/generate2017MC/2017/MC/TTToHadronic_TuneCP5_13TeV-powheg-pythia8/TTToHadronic_TuneCP5_powheg/250127_163527/0000/tree_185.root
  95. dcap://cluster142.knu.ac.kr//pnfs/knu.ac.kr/data/cms/store/user/junghyun/CPV/UL20NanoAOD/generate2017MC/2017/MC/TTToHadronic_TuneCP5_13TeV-powheg-pythia8/TTToHadronic_TuneCP5_powheg/250127_163527/0000/tree_186.root
  96. dcap://cluster142.knu.ac.kr//pnfs/knu.ac.kr/data/cms/store/user/junghyun/CPV/UL20NanoAOD/generate2017MC/2017/MC/TTToHadronic_TuneCP5_13TeV-powheg-pythia8/TTToHadronic_TuneCP5_powheg/250127_163527/0000/tree_187.root
  97. dcap://cluster142.knu.ac.kr//pnfs/knu.ac.kr/data/cms/store/user/junghyun/CPV/UL20NanoAOD/generate2017MC/2017/MC/TTToHadronic_TuneCP5_13TeV-powheg-pythia8/TTToHadronic_TuneCP5_powheg/250127_163527/0000/tree_188.root
  98. dcap://cluster142.knu.ac.kr//pnfs/knu.ac.kr/data/cms/store/user/junghyun/CPV/UL20NanoAOD/generate2017MC/2017/MC/TTToHadronic_TuneCP5_13TeV-powheg-pythia8/TTToHadronic_TuneCP5_powheg/250127_163527/0000/tree_189.root
  99. dcap://cluster142.knu.ac.kr//pnfs/knu.ac.kr/data/cms/store/user/junghyun/CPV/UL20NanoAOD/generate2017MC/2017/MC/TTToHadronic_TuneCP5_13TeV-powheg-pythia8/TTToHadronic_TuneCP5_powheg/250127_163527/0000/tree_18.root
 100. dcap://cluster142.knu.ac.kr//pnfs/knu.ac.kr/data/cms/store/user/junghyun/CPV/UL20NanoAOD/generate2017MC/2017/MC/TTToHadronic_TuneCP5_13TeV-powheg-pythia8/TTToHadronic_TuneCP5_powheg/250127_163527/0000/tree_190.root
 101. dcap://cluster142.knu.ac.kr//pnfs/knu.ac.kr/data/cms/store/user/junghyun/CPV/UL20NanoAOD/generate2017MC/2017/MC/TTToHadronic_TuneCP5_13TeV-powheg-pythia8/TTToHadronic_TuneCP5_powheg/250127_163527/0000/tree_191.root
 102. dcap://cluster142.knu.ac.kr//pnfs/knu.ac.kr/data/cms/store/user/junghyun/CPV/UL20NanoAOD/generate2017MC/2017/MC/TTToHadronic_TuneCP5_13TeV-powheg-pythia8/TTToHadronic_TuneCP5_powheg/250127_163527/0000/tree_192.root
 103. dcap://cluster142.knu.ac.kr//pnfs/knu.ac.kr/data/cms/store/user/junghyun/CPV/UL20NanoAOD/generate2017MC/2017/MC/TTToHadronic_TuneCP5_13TeV-powheg-pythia8/TTToHadronic_TuneCP5_powheg/250127_163527/0000/tree_193.root
 104. dcap://cluster142.knu.ac.kr//pnfs/knu.ac.kr/data/cms/store/user/junghyun/CPV/UL20NanoAOD/generate2017MC/2017/MC/TTToHadronic_TuneCP5_13TeV-powheg-pythia8/TTToHadronic_TuneCP5_powheg/250127_163527/0000/tree_194.root
 105. dcap://cluster142.knu.ac.kr//pnfs/knu.ac.kr/data/cms/store/user/junghyun/CPV/UL20NanoAOD/generate2017MC/2017/MC/TTToHadronic_TuneCP5_13TeV-powheg-pythia8/TTToHadronic_TuneCP5_powheg/250127_163527/0000/tree_195.root
 106. dcap://cluster142.knu.ac.kr//pnfs/knu.ac.kr/data/cms/store/user/junghyun/CPV/UL20NanoAOD/generate2017MC/2017/MC/TTToHadronic_TuneCP5_13TeV-powheg-pythia8/TTToHadronic_TuneCP5_powheg/250127_163527/0000/tree_196.root
 107. dcap://cluster142.knu.ac.kr//pnfs/knu.ac.kr/data/cms/store/user/junghyun/CPV/UL20NanoAOD/generate2017MC/2017/MC/TTToHadronic_TuneCP5_13TeV-powheg-pythia8/TTToHadronic_TuneCP5_powheg/250127_163527/0000/tree_197.root
 108. dcap://cluster142.knu.ac.kr//pnfs/knu.ac.kr/data/cms/store/user/junghyun/CPV/UL20NanoAOD/generate2017MC/2017/MC/TTToHadronic_TuneCP5_13TeV-powheg-pythia8/TTToHadronic_TuneCP5_powheg/250127_163527/0000/tree_198.root
 109. dcap://cluster142.knu.ac.kr//pnfs/knu.ac.kr/data/cms/store/user/junghyun/CPV/UL20NanoAOD/generate2017MC/2017/MC/TTToHadronic_TuneCP5_13TeV-powheg-pythia8/TTToHadronic_TuneCP5_powheg/250127_163527/0000/tree_199.root
 110. dcap://cluster142.knu.ac.kr//pnfs/knu.ac.kr/data/cms/store/user/junghyun/CPV/UL20NanoAOD/generate2017MC/2017/MC/TTToHadronic_TuneCP5_13TeV-powheg-pythia8/TTToHadronic_TuneCP5_powheg/250127_163527/0000/tree_19.root
 111. dcap://cluster142.knu.ac.kr//pnfs/knu.ac.kr/data/cms/store/user/junghyun/CPV/UL20NanoAOD/generate2017MC/2017/MC/TTToHadronic_TuneCP5_13TeV-powheg-pythia8/TTToHadronic_TuneCP5_powheg/250127_163527/0000/tree_1.root
 112. dcap://cluster142.knu.ac.kr//pnfs/knu.ac.kr/data/cms/store/user/junghyun/CPV/UL20NanoAOD/generate2017MC/2017/MC/TTToHadronic_TuneCP5_13TeV-powheg-pythia8/TTToHadronic_TuneCP5_powheg/250127_163527/0000/tree_20.root
 113. dcap://cluster142.knu.ac.kr//pnfs/knu.ac.kr/data/cms/store/user/junghyun/CPV/UL20NanoAOD/generate2017MC/2017/MC/TTToHadronic_TuneCP5_13TeV-powheg-pythia8/TTToHadronic_TuneCP5_powheg/250127_163527/0000/tree_21.root
 114. dcap://cluster142.knu.ac.kr//pnfs/knu.ac.kr/data/cms/store/user/junghyun/CPV/UL20NanoAOD/generate2017MC/2017/MC/TTToHadronic_TuneCP5_13TeV-powheg-pythia8/TTToHadronic_TuneCP5_powheg/250127_163527/0000/tree_22.root
 115. dcap://cluster142.knu.ac.kr//pnfs/knu.ac.kr/data/cms/store/user/junghyun/CPV/UL20NanoAOD/generate2017MC/2017/MC/TTToHadronic_TuneCP5_13TeV-powheg-pythia8/TTToHadronic_TuneCP5_powheg/250127_163527/0000/tree_23.root
 116. dcap://cluster142.knu.ac.kr//pnfs/knu.ac.kr/data/cms/store/user/junghyun/CPV/UL20NanoAOD/generate2017MC/2017/MC/TTToHadronic_TuneCP5_13TeV-powheg-pythia8/TTToHadronic_TuneCP5_powheg/250127_163527/0000/tree_24.root
 117. dcap://cluster142.knu.ac.kr//pnfs/knu.ac.kr/data/cms/store/user/junghyun/CPV/UL20NanoAOD/generate2017MC/2017/MC/TTToHadronic_TuneCP5_13TeV-powheg-pythia8/TTToHadronic_TuneCP5_powheg/250127_163527/0000/tree_25.root
 118. dcap://cluster142.knu.ac.kr//pnfs/knu.ac.kr/data/cms/store/user/junghyun/CPV/UL20NanoAOD/generate2017MC/2017/MC/TTToHadronic_TuneCP5_13TeV-powheg-pythia8/TTToHadronic_TuneCP5_powheg/250127_163527/0000/tree_26.root
 119. dcap://cluster142.knu.ac.kr//pnfs/knu.ac.kr/data/cms/store/user/junghyun/CPV/UL20NanoAOD/generate2017MC/2017/MC/TTToHadronic_TuneCP5_13TeV-powheg-pythia8/TTToHadronic_TuneCP5_powheg/250127_163527/0000/tree_27.root
 120. dcap://cluster142.knu.ac.kr//pnfs/knu.ac.kr/data/cms/store/user/junghyun/CPV/UL20NanoAOD/generate2017MC/2017/MC/TTToHadronic_TuneCP5_13TeV-powheg-pythia8/TTToHadronic_TuneCP5_powheg/250127_163527/0000/tree_28.root
 121. dcap://cluster142.knu.ac.kr//pnfs/knu.ac.kr/data/cms/store/user/junghyun/CPV/UL20NanoAOD/generate2017MC/2017/MC/TTToHadronic_TuneCP5_13TeV-powheg-pythia8/TTToHadronic_TuneCP5_powheg/250127_163527/0000/tree_29.root
 122. dcap://cluster142.knu.ac.kr//pnfs/knu.ac.kr/data/cms/store/user/junghyun/CPV/UL20NanoAOD/generate2017MC/2017/MC/TTToHadronic_TuneCP5_13TeV-powheg-pythia8/TTToHadronic_TuneCP5_powheg/250127_163527/0000/tree_2.root
 123. dcap://cluster142.knu.ac.kr//pnfs/knu.ac.kr/data/cms/store/user/junghyun/CPV/UL20NanoAOD/generate2017MC/2017/MC/TTToHadronic_TuneCP5_13TeV-powheg-pythia8/TTToHadronic_TuneCP5_powheg/250127_163527/0000/tree_30.root
 124. dcap://cluster142.knu.ac.kr//pnfs/knu.ac.kr/data/cms/store/user/junghyun/CPV/UL20NanoAOD/generate2017MC/2017/MC/TTToHadronic_TuneCP5_13TeV-powheg-pythia8/TTToHadronic_TuneCP5_powheg/250127_163527/0000/tree_31.root
 125. dcap://cluster142.knu.ac.kr//pnfs/knu.ac.kr/data/cms/store/user/junghyun/CPV/UL20NanoAOD/generate2017MC/2017/MC/TTToHadronic_TuneCP5_13TeV-powheg-pythia8/TTToHadronic_TuneCP5_powheg/250127_163527/0000/tree_32.root
 126. dcap://cluster142.knu.ac.kr//pnfs/knu.ac.kr/data/cms/store/user/junghyun/CPV/UL20NanoAOD/generate2017MC/2017/MC/TTToHadronic_TuneCP5_13TeV-powheg-pythia8/TTToHadronic_TuneCP5_powheg/250127_163527/0000/tree_33.root
 127. dcap://cluster142.knu.ac.kr//pnfs/knu.ac.kr/data/cms/store/user/junghyun/CPV/UL20NanoAOD/generate2017MC/2017/MC/TTToHadronic_TuneCP5_13TeV-powheg-pythia8/TTToHadronic_TuneCP5_powheg/250127_163527/0000/tree_34.root
 128. dcap://cluster142.knu.ac.kr//pnfs/knu.ac.kr/data/cms/store/user/junghyun/CPV/UL20NanoAOD/generate2017MC/2017/MC/TTToHadronic_TuneCP5_13TeV-powheg-pythia8/TTToHadronic_TuneCP5_powheg/250127_163527/0000/tree_35.root
 129. dcap://cluster142.knu.ac.kr//pnfs/knu.ac.kr/data/cms/store/user/junghyun/CPV/UL20NanoAOD/generate2017MC/2017/MC/TTToHadronic_TuneCP5_13TeV-powheg-pythia8/TTToHadronic_TuneCP5_powheg/250127_163527/0000/tree_36.root
 130. dcap://cluster142.knu.ac.kr//pnfs/knu.ac.kr/data/cms/store/user/junghyun/CPV/UL20NanoAOD/generate2017MC/2017/MC/TTToHadronic_TuneCP5_13TeV-powheg-pythia8/TTToHadronic_TuneCP5_powheg/250127_163527/0000/tree_37.root
 131. dcap://cluster142.knu.ac.kr//pnfs/knu.ac.kr/data/cms/store/user/junghyun/CPV/UL20NanoAOD/generate2017MC/2017/MC/TTToHadronic_TuneCP5_13TeV-powheg-pythia8/TTToHadronic_TuneCP5_powheg/250127_163527/0000/tree_38.root
 132. dcap://cluster142.knu.ac.kr//pnfs/knu.ac.kr/data/cms/store/user/junghyun/CPV/UL20NanoAOD/generate2017MC/2017/MC/TTToHadronic_TuneCP5_13TeV-powheg-pythia8/TTToHadronic_TuneCP5_powheg/250127_163527/0000/tree_39.root
 133. dcap://cluster142.knu.ac.kr//pnfs/knu.ac.kr/data/cms/store/user/junghyun/CPV/UL20NanoAOD/generate2017MC/2017/MC/TTToHadronic_TuneCP5_13TeV-powheg-pythia8/TTToHadronic_TuneCP5_powheg/250127_163527/0000/tree_3.root
 134. dcap://cluster142.knu.ac.kr//pnfs/knu.ac.kr/data/cms/store/user/junghyun/CPV/UL20NanoAOD/generate2017MC/2017/MC/TTToHadronic_TuneCP5_13TeV-powheg-pythia8/TTToHadronic_TuneCP5_powheg/250127_163527/0000/tree_40.root
 135. dcap://cluster142.knu.ac.kr//pnfs/knu.ac.kr/data/cms/store/user/junghyun/CPV/UL20NanoAOD/generate2017MC/2017/MC/TTToHadronic_TuneCP5_13TeV-powheg-pythia8/TTToHadronic_TuneCP5_powheg/250127_163527/0000/tree_41.root
 136. dcap://cluster142.knu.ac.kr//pnfs/knu.ac.kr/data/cms/store/user/junghyun/CPV/UL20NanoAOD/generate2017MC/2017/MC/TTToHadronic_TuneCP5_13TeV-powheg-pythia8/TTToHadronic_TuneCP5_powheg/250127_163527/0000/tree_42.root
 137. dcap://cluster142.knu.ac.kr//pnfs/knu.ac.kr/data/cms/store/user/junghyun/CPV/UL20NanoAOD/generate2017MC/2017/MC/TTToHadronic_TuneCP5_13TeV-powheg-pythia8/TTToHadronic_TuneCP5_powheg/250127_163527/0000/tree_43.root
 138. dcap://cluster142.knu.ac.kr//pnfs/knu.ac.kr/data/cms/store/user/junghyun/CPV/UL20NanoAOD/generate2017MC/2017/MC/TTToHadronic_TuneCP5_13TeV-powheg-pythia8/TTToHadronic_TuneCP5_powheg/250127_163527/0000/tree_44.root
 139. dcap://cluster142.knu.ac.kr//pnfs/knu.ac.kr/data/cms/store/user/junghyun/CPV/UL20NanoAOD/generate2017MC/2017/MC/TTToHadronic_TuneCP5_13TeV-powheg-pythia8/TTToHadronic_TuneCP5_powheg/250127_163527/0000/tree_45.root
 140. dcap://cluster142.knu.ac.kr//pnfs/knu.ac.kr/data/cms/store/user/junghyun/CPV/UL20NanoAOD/generate2017MC/2017/MC/TTToHadronic_TuneCP5_13TeV-powheg-pythia8/TTToHadronic_TuneCP5_powheg/250127_163527/0000/tree_46.root
 141. dcap://cluster142.knu.ac.kr//pnfs/knu.ac.kr/data/cms/store/user/junghyun/CPV/UL20NanoAOD/generate2017MC/2017/MC/TTToHadronic_TuneCP5_13TeV-powheg-pythia8/TTToHadronic_TuneCP5_powheg/250127_163527/0000/tree_47.root
 142. dcap://cluster142.knu.ac.kr//pnfs/knu.ac.kr/data/cms/store/user/junghyun/CPV/UL20NanoAOD/generate2017MC/2017/MC/TTToHadronic_TuneCP5_13TeV-powheg-pythia8/TTToHadronic_TuneCP5_powheg/250127_163527/0000/tree_48.root
 143. dcap://cluster142.knu.ac.kr//pnfs/knu.ac.kr/data/cms/store/user/junghyun/CPV/UL20NanoAOD/generate2017MC/2017/MC/TTToHadronic_TuneCP5_13TeV-powheg-pythia8/TTToHadronic_TuneCP5_powheg/250127_163527/0000/tree_49.root
 144. dcap://cluster142.knu.ac.kr//pnfs/knu.ac.kr/data/cms/store/user/junghyun/CPV/UL20NanoAOD/generate2017MC/2017/MC/TTToHadronic_TuneCP5_13TeV-powheg-pythia8/TTToHadronic_TuneCP5_powheg/250127_163527/0000/tree_4.root
 145. dcap://cluster142.knu.ac.kr//pnfs/knu.ac.kr/data/cms/store/user/junghyun/CPV/UL20NanoAOD/generate2017MC/2017/MC/TTToHadronic_TuneCP5_13TeV-powheg-pythia8/TTToHadronic_TuneCP5_powheg/250127_163527/0000/tree_50.root
 146. dcap://cluster142.knu.ac.kr//pnfs/knu.ac.kr/data/cms/store/user/junghyun/CPV/UL20NanoAOD/generate2017MC/2017/MC/TTToHadronic_TuneCP5_13TeV-powheg-pythia8/TTToHadronic_TuneCP5_powheg/250127_163527/0000/tree_51.root
 147. dcap://cluster142.knu.ac.kr//pnfs/knu.ac.kr/data/cms/store/user/junghyun/CPV/UL20NanoAOD/generate2017MC/2017/MC/TTToHadronic_TuneCP5_13TeV-powheg-pythia8/TTToHadronic_TuneCP5_powheg/250127_163527/0000/tree_52.root
 148. dcap://cluster142.knu.ac.kr//pnfs/knu.ac.kr/data/cms/store/user/junghyun/CPV/UL20NanoAOD/generate2017MC/2017/MC/TTToHadronic_TuneCP5_13TeV-powheg-pythia8/TTToHadronic_TuneCP5_powheg/250127_163527/0000/tree_53.root
 149. dcap://cluster142.knu.ac.kr//pnfs/knu.ac.kr/data/cms/store/user/junghyun/CPV/UL20NanoAOD/generate2017MC/2017/MC/TTToHadronic_TuneCP5_13TeV-powheg-pythia8/TTToHadronic_TuneCP5_powheg/250127_163527/0000/tree_54.root
 150. dcap://cluster142.knu.ac.kr//pnfs/knu.ac.kr/data/cms/store/user/junghyun/CPV/UL20NanoAOD/generate2017MC/2017/MC/TTToHadronic_TuneCP5_13TeV-powheg-pythia8/TTToHadronic_TuneCP5_powheg/250127_163527/0000/tree_55.root
 151. dcap://cluster142.knu.ac.kr//pnfs/knu.ac.kr/data/cms/store/user/junghyun/CPV/UL20NanoAOD/generate2017MC/2017/MC/TTToHadronic_TuneCP5_13TeV-powheg-pythia8/TTToHadronic_TuneCP5_powheg/250127_163527/0000/tree_56.root
 152. dcap://cluster142.knu.ac.kr//pnfs/knu.ac.kr/data/cms/store/user/junghyun/CPV/UL20NanoAOD/generate2017MC/2017/MC/TTToHadronic_TuneCP5_13TeV-powheg-pythia8/TTToHadronic_TuneCP5_powheg/250127_163527/0000/tree_57.root
 153. dcap://cluster142.knu.ac.kr//pnfs/knu.ac.kr/data/cms/store/user/junghyun/CPV/UL20NanoAOD/generate2017MC/2017/MC/TTToHadronic_TuneCP5_13TeV-powheg-pythia8/TTToHadronic_TuneCP5_powheg/250127_163527/0000/tree_58.root
 154. dcap://cluster142.knu.ac.kr//pnfs/knu.ac.kr/data/cms/store/user/junghyun/CPV/UL20NanoAOD/generate2017MC/2017/MC/TTToHadronic_TuneCP5_13TeV-powheg-pythia8/TTToHadronic_TuneCP5_powheg/250127_163527/0000/tree_59.root
 155. dcap://cluster142.knu.ac.kr//pnfs/knu.ac.kr/data/cms/store/user/junghyun/CPV/UL20NanoAOD/generate2017MC/2017/MC/TTToHadronic_TuneCP5_13TeV-powheg-pythia8/TTToHadronic_TuneCP5_powheg/250127_163527/0000/tree_5.root
 156. dcap://cluster142.knu.ac.kr//pnfs/knu.ac.kr/data/cms/store/user/junghyun/CPV/UL20NanoAOD/generate2017MC/2017/MC/TTToHadronic_TuneCP5_13TeV-powheg-pythia8/TTToHadronic_TuneCP5_powheg/250127_163527/0000/tree_60.root
 157. dcap://cluster142.knu.ac.kr//pnfs/knu.ac.kr/data/cms/store/user/junghyun/CPV/UL20NanoAOD/generate2017MC/2017/MC/TTToHadronic_TuneCP5_13TeV-powheg-pythia8/TTToHadronic_TuneCP5_powheg/250127_163527/0000/tree_61.root
 158. dcap://cluster142.knu.ac.kr//pnfs/knu.ac.kr/data/cms/store/user/junghyun/CPV/UL20NanoAOD/generate2017MC/2017/MC/TTToHadronic_TuneCP5_13TeV-powheg-pythia8/TTToHadronic_TuneCP5_powheg/250127_163527/0000/tree_62.root
 159. dcap://cluster142.knu.ac.kr//pnfs/knu.ac.kr/data/cms/store/user/junghyun/CPV/UL20NanoAOD/generate2017MC/2017/MC/TTToHadronic_TuneCP5_13TeV-powheg-pythia8/TTToHadronic_TuneCP5_powheg/250127_163527/0000/tree_63.root
 160. dcap://cluster142.knu.ac.kr//pnfs/knu.ac.kr/data/cms/store/user/junghyun/CPV/UL20NanoAOD/generate2017MC/2017/MC/TTToHadronic_TuneCP5_13TeV-powheg-pythia8/TTToHadronic_TuneCP5_powheg/250127_163527/0000/tree_64.root
 161. dcap://cluster142.knu.ac.kr//pnfs/knu.ac.kr/data/cms/store/user/junghyun/CPV/UL20NanoAOD/generate2017MC/2017/MC/TTToHadronic_TuneCP5_13TeV-powheg-pythia8/TTToHadronic_TuneCP5_powheg/250127_163527/0000/tree_65.root
 162. dcap://cluster142.knu.ac.kr//pnfs/knu.ac.kr/data/cms/store/user/junghyun/CPV/UL20NanoAOD/generate2017MC/2017/MC/TTToHadronic_TuneCP5_13TeV-powheg-pythia8/TTToHadronic_TuneCP5_powheg/250127_163527/0000/tree_66.root
 163. dcap://cluster142.knu.ac.kr//pnfs/knu.ac.kr/data/cms/store/user/junghyun/CPV/UL20NanoAOD/generate2017MC/2017/MC/TTToHadronic_TuneCP5_13TeV-powheg-pythia8/TTToHadronic_TuneCP5_powheg/250127_163527/0000/tree_67.root
 164. dcap://cluster142.knu.ac.kr//pnfs/knu.ac.kr/data/cms/store/user/junghyun/CPV/UL20NanoAOD/generate2017MC/2017/MC/TTToHadronic_TuneCP5_13TeV-powheg-pythia8/TTToHadronic_TuneCP5_powheg/250127_163527/0000/tree_68.root
 165. dcap://cluster142.knu.ac.kr//pnfs/knu.ac.kr/data/cms/store/user/junghyun/CPV/UL20NanoAOD/generate2017MC/2017/MC/TTToHadronic_TuneCP5_13TeV-powheg-pythia8/TTToHadronic_TuneCP5_powheg/250127_163527/0000/tree_69.root
 166. dcap://cluster142.knu.ac.kr//pnfs/knu.ac.kr/data/cms/store/user/junghyun/CPV/UL20NanoAOD/generate2017MC/2017/MC/TTToHadronic_TuneCP5_13TeV-powheg-pythia8/TTToHadronic_TuneCP5_powheg/250127_163527/0000/tree_6.root
 167. dcap://cluster142.knu.ac.kr//pnfs/knu.ac.kr/data/cms/store/user/junghyun/CPV/UL20NanoAOD/generate2017MC/2017/MC/TTToHadronic_TuneCP5_13TeV-powheg-pythia8/TTToHadronic_TuneCP5_powheg/250127_163527/0000/tree_70.root
 168. dcap://cluster142.knu.ac.kr//pnfs/knu.ac.kr/data/cms/store/user/junghyun/CPV/UL20NanoAOD/generate2017MC/2017/MC/TTToHadronic_TuneCP5_13TeV-powheg-pythia8/TTToHadronic_TuneCP5_powheg/250127_163527/0000/tree_71.root
 169. dcap://cluster142.knu.ac.kr//pnfs/knu.ac.kr/data/cms/store/user/junghyun/CPV/UL20NanoAOD/generate2017MC/2017/MC/TTToHadronic_TuneCP5_13TeV-powheg-pythia8/TTToHadronic_TuneCP5_powheg/250127_163527/0000/tree_72.root
 170. dcap://cluster142.knu.ac.kr//pnfs/knu.ac.kr/data/cms/store/user/junghyun/CPV/UL20NanoAOD/generate2017MC/2017/MC/TTToHadronic_TuneCP5_13TeV-powheg-pythia8/TTToHadronic_TuneCP5_powheg/250127_163527/0000/tree_73.root
 171. dcap://cluster142.knu.ac.kr//pnfs/knu.ac.kr/data/cms/store/user/junghyun/CPV/UL20NanoAOD/generate2017MC/2017/MC/TTToHadronic_TuneCP5_13TeV-powheg-pythia8/TTToHadronic_TuneCP5_powheg/250127_163527/0000/tree_74.root
 172. dcap://cluster142.knu.ac.kr//pnfs/knu.ac.kr/data/cms/store/user/junghyun/CPV/UL20NanoAOD/generate2017MC/2017/MC/TTToHadronic_TuneCP5_13TeV-powheg-pythia8/TTToHadronic_TuneCP5_powheg/250127_163527/0000/tree_75.root
 173. dcap://cluster142.knu.ac.kr//pnfs/knu.ac.kr/data/cms/store/user/junghyun/CPV/UL20NanoAOD/generate2017MC/2017/MC/TTToHadronic_TuneCP5_13TeV-powheg-pythia8/TTToHadronic_TuneCP5_powheg/250127_163527/0000/tree_76.root
 174. dcap://cluster142.knu.ac.kr//pnfs/knu.ac.kr/data/cms/store/user/junghyun/CPV/UL20NanoAOD/generate2017MC/2017/MC/TTToHadronic_TuneCP5_13TeV-powheg-pythia8/TTToHadronic_TuneCP5_powheg/250127_163527/0000/tree_77.root
 175. dcap://cluster142.knu.ac.kr//pnfs/knu.ac.kr/data/cms/store/user/junghyun/CPV/UL20NanoAOD/generate2017MC/2017/MC/TTToHadronic_TuneCP5_13TeV-powheg-pythia8/TTToHadronic_TuneCP5_powheg/250127_163527/0000/tree_78.root
 176. dcap://cluster142.knu.ac.kr//pnfs/knu.ac.kr/data/cms/store/user/junghyun/CPV/UL20NanoAOD/generate2017MC/2017/MC/TTToHadronic_TuneCP5_13TeV-powheg-pythia8/TTToHadronic_TuneCP5_powheg/250127_163527/0000/tree_79.root
 177. dcap://cluster142.knu.ac.kr//pnfs/knu.ac.kr/data/cms/store/user/junghyun/CPV/UL20NanoAOD/generate2017MC/2017/MC/TTToHadronic_TuneCP5_13TeV-powheg-pythia8/TTToHadronic_TuneCP5_powheg/250127_163527/0000/tree_7.root
 178. dcap://cluster142.knu.ac.kr//pnfs/knu.ac.kr/data/cms/store/user/junghyun/CPV/UL20NanoAOD/generate2017MC/2017/MC/TTToHadronic_TuneCP5_13TeV-powheg-pythia8/TTToHadronic_TuneCP5_powheg/250127_163527/0000/tree_80.root
 179. dcap://cluster142.knu.ac.kr//pnfs/knu.ac.kr/data/cms/store/user/junghyun/CPV/UL20NanoAOD/generate2017MC/2017/MC/TTToHadronic_TuneCP5_13TeV-powheg-pythia8/TTToHadronic_TuneCP5_powheg/250127_163527/0000/tree_81.root
 180. dcap://cluster142.knu.ac.kr//pnfs/knu.ac.kr/data/cms/store/user/junghyun/CPV/UL20NanoAOD/generate2017MC/2017/MC/TTToHadronic_TuneCP5_13TeV-powheg-pythia8/TTToHadronic_TuneCP5_powheg/250127_163527/0000/tree_82.root
 181. dcap://cluster142.knu.ac.kr//pnfs/knu.ac.kr/data/cms/store/user/junghyun/CPV/UL20NanoAOD/generate2017MC/2017/MC/TTToHadronic_TuneCP5_13TeV-powheg-pythia8/TTToHadronic_TuneCP5_powheg/250127_163527/0000/tree_83.root
 182. dcap://cluster142.knu.ac.kr//pnfs/knu.ac.kr/data/cms/store/user/junghyun/CPV/UL20NanoAOD/generate2017MC/2017/MC/TTToHadronic_TuneCP5_13TeV-powheg-pythia8/TTToHadronic_TuneCP5_powheg/250127_163527/0000/tree_84.root
 183. dcap://cluster142.knu.ac.kr//pnfs/knu.ac.kr/data/cms/store/user/junghyun/CPV/UL20NanoAOD/generate2017MC/2017/MC/TTToHadronic_TuneCP5_13TeV-powheg-pythia8/TTToHadronic_TuneCP5_powheg/250127_163527/0000/tree_85.root
 184. dcap://cluster142.knu.ac.kr//pnfs/knu.ac.kr/data/cms/store/user/junghyun/CPV/UL20NanoAOD/generate2017MC/2017/MC/TTToHadronic_TuneCP5_13TeV-powheg-pythia8/TTToHadronic_TuneCP5_powheg/250127_163527/0000/tree_86.root
 185. dcap://cluster142.knu.ac.kr//pnfs/knu.ac.kr/data/cms/store/user/junghyun/CPV/UL20NanoAOD/generate2017MC/2017/MC/TTToHadronic_TuneCP5_13TeV-powheg-pythia8/TTToHadronic_TuneCP5_powheg/250127_163527/0000/tree_87.root
 186. dcap://cluster142.knu.ac.kr//pnfs/knu.ac.kr/data/cms/store/user/junghyun/CPV/UL20NanoAOD/generate2017MC/2017/MC/TTToHadronic_TuneCP5_13TeV-powheg-pythia8/TTToHadronic_TuneCP5_powheg/250127_163527/0000/tree_88.root
 187. dcap://cluster142.knu.ac.kr//pnfs/knu.ac.kr/data/cms/store/user/junghyun/CPV/UL20NanoAOD/generate2017MC/2017/MC/TTToHadronic_TuneCP5_13TeV-powheg-pythia8/TTToHadronic_TuneCP5_powheg/250127_163527/0000/tree_89.root
 188. dcap://cluster142.knu.ac.kr//pnfs/knu.ac.kr/data/cms/store/user/junghyun/CPV/UL20NanoAOD/generate2017MC/2017/MC/TTToHadronic_TuneCP5_13TeV-powheg-pythia8/TTToHadronic_TuneCP5_powheg/250127_163527/0000/tree_8.root
 189. dcap://cluster142.knu.ac.kr//pnfs/knu.ac.kr/data/cms/store/user/junghyun/CPV/UL20NanoAOD/generate2017MC/2017/MC/TTToHadronic_TuneCP5_13TeV-powheg-pythia8/TTToHadronic_TuneCP5_powheg/250127_163527/0000/tree_90.root
 190. dcap://cluster142.knu.ac.kr//pnfs/knu.ac.kr/data/cms/store/user/junghyun/CPV/UL20NanoAOD/generate2017MC/2017/MC/TTToHadronic_TuneCP5_13TeV-powheg-pythia8/TTToHadronic_TuneCP5_powheg/250127_163527/0000/tree_91.root
 191. dcap://cluster142.knu.ac.kr//pnfs/knu.ac.kr/data/cms/store/user/junghyun/CPV/UL20NanoAOD/generate2017MC/2017/MC/TTToHadronic_TuneCP5_13TeV-powheg-pythia8/TTToHadronic_TuneCP5_powheg/250127_163527/0000/tree_92.root
 192. dcap://cluster142.knu.ac.kr//pnfs/knu.ac.kr/data/cms/store/user/junghyun/CPV/UL20NanoAOD/generate2017MC/2017/MC/TTToHadronic_TuneCP5_13TeV-powheg-pythia8/TTToHadronic_TuneCP5_powheg/250127_163527/0000/tree_93.root
 193. dcap://cluster142.knu.ac.kr//pnfs/knu.ac.kr/data/cms/store/user/junghyun/CPV/UL20NanoAOD/generate2017MC/2017/MC/TTToHadronic_TuneCP5_13TeV-powheg-pythia8/TTToHadronic_TuneCP5_powheg/250127_163527/0000/tree_94.root
 194. dcap://cluster142.knu.ac.kr//pnfs/knu.ac.kr/data/cms/store/user/junghyun/CPV/UL20NanoAOD/generate2017MC/2017/MC/TTToHadronic_TuneCP5_13TeV-powheg-pythia8/TTToHadronic_TuneCP5_powheg/250127_163527/0000/tree_95.root
 195. dcap://cluster142.knu.ac.kr//pnfs/knu.ac.kr/data/cms/store/user/junghyun/CPV/UL20NanoAOD/generate2017MC/2017/MC/TTToHadronic_TuneCP5_13TeV-powheg-pythia8/TTToHadronic_TuneCP5_powheg/250127_163527/0000/tree_96.root
 196. dcap://cluster142.knu.ac.kr//pnfs/knu.ac.kr/data/cms/store/user/junghyun/CPV/UL20NanoAOD/generate2017MC/2017/MC/TTToHadronic_TuneCP5_13TeV-powheg-pythia8/TTToHadronic_TuneCP5_powheg/250127_163527/0000/tree_97.root
 197. dcap://cluster142.knu.ac.kr//pnfs/knu.ac.kr/data/cms/store/user/junghyun/CPV/UL20NanoAOD/generate2017MC/2017/MC/TTToHadronic_TuneCP5_13TeV-powheg-pythia8/TTToHadronic_TuneCP5_powheg/250127_163527/0000/tree_98.root
 198. dcap://cluster142.knu.ac.kr//pnfs/knu.ac.kr/data/cms/store/user/junghyun/CPV/UL20NanoAOD/generate2017MC/2017/MC/TTToHadronic_TuneCP5_13TeV-powheg-pythia8/TTToHadronic_TuneCP5_powheg/250127_163527/0000/tree_99.root
 199. dcap://cluster142.knu.ac.kr//pnfs/knu.ac.kr/data/cms/store/user/junghyun/CPV/UL20NanoAOD/generate2017MC/2017/MC/TTToHadronic_TuneCP5_13TeV-powheg-pythia8/TTToHadronic_TuneCP5_powheg/250127_163527/0000/tree_9.root
