000 (842545.000.000) 2026-03-14 10:57:17 Job submitted from host: <155.230.23.72:9618?addrs=155.230.23.72-9618+[2407-c000-c024-0-20c-29ff-fe6a-c74b]-9618&alias=cms02.knu.ac.kr&noUDP&sock=schedd_1497_655d>
...
040 (842545.000.000) 2026-03-14 10:58:34 Started transferring input files
	Transferring to host: <155.230.21.92:9618?addrs=155.230.21.92-9618+[2407-c000-c025--21-92]-9618&alias=cluster292.knu.ac.kr&noUDP&sock=slot1_6_1795_7d62_3011>
...
040 (842545.000.000) 2026-03-14 10:58:34 Finished transferring input files
...
001 (842545.000.000) 2026-03-14 10:58:35 Job executing on host: <155.230.21.92:9618?addrs=155.230.21.92-9618+[2407-c000-c025--21-92]-9618&alias=cluster292.knu.ac.kr&noUDP&sock=startd_1332_383d>
	SlotName: slot1_6@cluster292.knu.ac.kr
	CondorScratchDir = "/home/condor/dir_167290"
	Cpus = 1
	Disk = 2841
	GPUs = 0
	Memory = 1100
...
006 (842545.000.000) 2026-03-14 10:58:44 Image size of job updated: 113036
	111  -  MemoryUsage of job (MB)
	113036  -  ResidentSetSize of job (KB)
...
006 (842545.000.000) 2026-03-14 11:03:45 Image size of job updated: 153772
	151  -  MemoryUsage of job (MB)
	153772  -  ResidentSetSize of job (KB)
...
006 (842545.000.000) 2026-03-14 11:08:45 Image size of job updated: 166564
	163  -  MemoryUsage of job (MB)
	166564  -  ResidentSetSize of job (KB)
...
006 (842545.000.000) 2026-03-14 11:13:45 Image size of job updated: 168680
	165  -  MemoryUsage of job (MB)
	168680  -  ResidentSetSize of job (KB)
...
006 (842545.000.000) 2026-03-14 11:18:46 Image size of job updated: 169000
	166  -  MemoryUsage of job (MB)
	169000  -  ResidentSetSize of job (KB)
...
006 (842545.000.000) 2026-03-14 11:23:46 Image size of job updated: 169076
	166  -  MemoryUsage of job (MB)
	169076  -  ResidentSetSize of job (KB)
...
006 (842545.000.000) 2026-03-14 11:28:46 Image size of job updated: 173964
	170  -  MemoryUsage of job (MB)
	173964  -  ResidentSetSize of job (KB)
...
006 (842545.000.000) 2026-03-14 11:33:48 Image size of job updated: 177716
	174  -  MemoryUsage of job (MB)
	177716  -  ResidentSetSize of job (KB)
...
006 (842545.000.000) 2026-03-14 12:13:52 Image size of job updated: 180292
	177  -  MemoryUsage of job (MB)
	180292  -  ResidentSetSize of job (KB)
...
006 (842545.000.000) 2026-03-14 13:33:59 Image size of job updated: 182832
	179  -  MemoryUsage of job (MB)
	182832  -  ResidentSetSize of job (KB)
...
006 (842545.000.000) 2026-03-14 14:24:04 Image size of job updated: 183192
	179  -  MemoryUsage of job (MB)
	183192  -  ResidentSetSize of job (KB)
...
006 (842545.000.000) 2026-03-14 17:44:26 Image size of job updated: 183392
	180  -  MemoryUsage of job (MB)
	183392  -  ResidentSetSize of job (KB)
...
040 (842545.000.000) 2026-03-14 19:17:18 Started transferring output files
...
040 (842545.000.000) 2026-03-14 19:17:19 Finished transferring output files
...
005 (842545.000.000) 2026-03-14 19:17:19 Job terminated.
	(1) Normal termination (return value 0)
		Usr 0 06:06:12, Sys 0 01:25:55  -  Run Remote Usage
		Usr 0 00:00:00, Sys 0 00:00:00  -  Run Local Usage
		Usr 0 06:06:12, Sys 0 01:25:55  -  Total Remote Usage
		Usr 0 00:00:00, Sys 0 00:00:00  -  Total Local Usage
	359882  -  Run Bytes Sent By Job
	818  -  Run Bytes Received By Job
	359882  -  Total Bytes Sent By Job
	818  -  Total Bytes Received By Job
	Partitionable Resources :    Usage  Request Allocated 
	   Cpus                 :     0.90        1         1 
	   Disk (KB)            :   412           1      2841 
	   GPUs                 :                           0 
	   Memory (MB)          :   180        1024      1100 
	   TimeExecute (s)      : 29923                       
	   TimeSlotBusy (s)     : 29925                       

	Job terminated of its own accord at 2026-03-14T10:17:18Z with exit-code 0.
...
