000 (842545.006.000) 2026-03-14 10:57:17 Job submitted from host: <155.230.23.72:9618?addrs=155.230.23.72-9618+[2407-c000-c024-0-20c-29ff-fe6a-c74b]-9618&alias=cms02.knu.ac.kr&noUDP&sock=schedd_1497_655d>
...
040 (842545.006.000) 2026-03-14 10:58:29 Started transferring input files
	Transferring to host: <155.230.21.90:9618?addrs=155.230.21.90-9618+[2407-c000-c025--21-90]-9618&alias=cluster290.knu.ac.kr&noUDP&sock=slot1_4_1800_0342_346>
...
040 (842545.006.000) 2026-03-14 10:58:29 Finished transferring input files
...
001 (842545.006.000) 2026-03-14 10:58:30 Job executing on host: <155.230.21.90:9618?addrs=155.230.21.90-9618+[2407-c000-c025--21-90]-9618&alias=cluster290.knu.ac.kr&noUDP&sock=startd_1278_2e20>
	SlotName: slot1_4@cluster290.knu.ac.kr
	CondorScratchDir = "/home/condor/dir_379153"
	Cpus = 1
	Disk = 2824
	GPUs = 0
	Memory = 1100
...
006 (842545.006.000) 2026-03-14 10:58:38 Image size of job updated: 115756
	114  -  MemoryUsage of job (MB)
	115756  -  ResidentSetSize of job (KB)
...
006 (842545.006.000) 2026-03-14 11:03:38 Image size of job updated: 155888
	153  -  MemoryUsage of job (MB)
	155888  -  ResidentSetSize of job (KB)
...
006 (842545.006.000) 2026-03-14 11:08:39 Image size of job updated: 171432
	168  -  MemoryUsage of job (MB)
	171432  -  ResidentSetSize of job (KB)
...
006 (842545.006.000) 2026-03-14 11:13:39 Image size of job updated: 171464
	168  -  MemoryUsage of job (MB)
	171464  -  ResidentSetSize of job (KB)
...
006 (842545.006.000) 2026-03-14 11:18:39 Image size of job updated: 173636
	170  -  MemoryUsage of job (MB)
	173636  -  ResidentSetSize of job (KB)
...
006 (842545.006.000) 2026-03-14 11:23:40 Image size of job updated: 175148
	172  -  MemoryUsage of job (MB)
	175148  -  ResidentSetSize of job (KB)
...
006 (842545.006.000) 2026-03-14 11:33:40 Image size of job updated: 176548
	173  -  MemoryUsage of job (MB)
	176548  -  ResidentSetSize of job (KB)
...
006 (842545.006.000) 2026-03-14 11:38:41 Image size of job updated: 176888
	173  -  MemoryUsage of job (MB)
	176888  -  ResidentSetSize of job (KB)
...
006 (842545.006.000) 2026-03-14 11:48:42 Image size of job updated: 177312
	174  -  MemoryUsage of job (MB)
	177312  -  ResidentSetSize of job (KB)
...
006 (842545.006.000) 2026-03-14 11:58:44 Image size of job updated: 177968
	174  -  MemoryUsage of job (MB)
	177968  -  ResidentSetSize of job (KB)
...
006 (842545.006.000) 2026-03-14 12:08:44 Image size of job updated: 180540
	177  -  MemoryUsage of job (MB)
	180540  -  ResidentSetSize of job (KB)
...
006 (842545.006.000) 2026-03-14 12:18:45 Image size of job updated: 180792
	177  -  MemoryUsage of job (MB)
	180792  -  ResidentSetSize of job (KB)
...
006 (842545.006.000) 2026-03-14 12:23:45 Image size of job updated: 180800
	177  -  MemoryUsage of job (MB)
	180800  -  ResidentSetSize of job (KB)
...
006 (842545.006.000) 2026-03-14 14:13:57 Image size of job updated: 183904
	180  -  MemoryUsage of job (MB)
	183904  -  ResidentSetSize of job (KB)
...
040 (842545.006.000) 2026-03-14 19:09:22 Started transferring output files
...
040 (842545.006.000) 2026-03-14 19:09:22 Finished transferring output files
...
005 (842545.006.000) 2026-03-14 19:09:23 Job terminated.
	(1) Normal termination (return value 0)
		Usr 0 05:58:55, Sys 0 01:22:34  -  Run Remote Usage
		Usr 0 00:00:00, Sys 0 00:00:00  -  Run Local Usage
		Usr 0 05:58:55, Sys 0 01:22:34  -  Total Remote Usage
		Usr 0 00:00:00, Sys 0 00:00:00  -  Total Local Usage
	347856  -  Run Bytes Sent By Job
	818  -  Run Bytes Received By Job
	347856  -  Total Bytes Sent By Job
	818  -  Total Bytes Received By Job
	Partitionable Resources :    Usage  Request Allocated 
	   Cpus                 :     0.95        1         1 
	   Disk (KB)            :   400           1      2824 
	   GPUs                 :                           0 
	   Memory (MB)          :   180        1024      1100 
	   TimeExecute (s)      : 29452                       
	   TimeSlotBusy (s)     : 29453                       

	Job terminated of its own accord at 2026-03-14T10:09:22Z with exit-code 0.
...
