000 (842545.007.000) 2026-03-14 10:57:17 Job submitted from host: <155.230.23.72:9618?addrs=155.230.23.72-9618+[2407-c000-c024-0-20c-29ff-fe6a-c74b]-9618&alias=cms02.knu.ac.kr&noUDP&sock=schedd_1497_655d>
...
040 (842545.007.000) 2026-03-14 10:58:30 Started transferring input files
	Transferring to host: <155.230.21.143:9618?addrs=155.230.21.143-9618+[2407-c000-c025--21-143]-9618&alias=cluster343.knu.ac.kr&noUDP&sock=slot1_11_3647_642d_3772>
...
040 (842545.007.000) 2026-03-14 10:58:30 Finished transferring input files
...
001 (842545.007.000) 2026-03-14 10:58:31 Job executing on host: <155.230.21.143:9618?addrs=155.230.21.143-9618+[2407-c000-c025--21-143]-9618&alias=cluster343.knu.ac.kr&noUDP&sock=startd_2896_fe5c>
	SlotName: slot1_11@cluster343.knu.ac.kr
	CondorScratchDir = "/home/condor/dir_3429364"
	Cpus = 1
	Disk = 2838
	GPUs = 0
	Memory = 1100
...
006 (842545.007.000) 2026-03-14 10:58:40 Image size of job updated: 105640
	104  -  MemoryUsage of job (MB)
	105640  -  ResidentSetSize of job (KB)
...
006 (842545.007.000) 2026-03-14 11:03:41 Image size of job updated: 153348
	150  -  MemoryUsage of job (MB)
	153348  -  ResidentSetSize of job (KB)
...
006 (842545.007.000) 2026-03-14 11:08:42 Image size of job updated: 164716
	161  -  MemoryUsage of job (MB)
	164716  -  ResidentSetSize of job (KB)
...
006 (842545.007.000) 2026-03-14 11:13:42 Image size of job updated: 167608
	164  -  MemoryUsage of job (MB)
	167608  -  ResidentSetSize of job (KB)
...
006 (842545.007.000) 2026-03-14 11:18:42 Image size of job updated: 171060
	168  -  MemoryUsage of job (MB)
	171060  -  ResidentSetSize of job (KB)
...
006 (842545.007.000) 2026-03-14 11:23:43 Image size of job updated: 171752
	168  -  MemoryUsage of job (MB)
	171752  -  ResidentSetSize of job (KB)
...
006 (842545.007.000) 2026-03-14 11:28:43 Image size of job updated: 171760
	168  -  MemoryUsage of job (MB)
	171760  -  ResidentSetSize of job (KB)
...
006 (842545.007.000) 2026-03-14 11:38:44 Image size of job updated: 173608
	170  -  MemoryUsage of job (MB)
	173608  -  ResidentSetSize of job (KB)
...
006 (842545.007.000) 2026-03-14 12:18:48 Image size of job updated: 173800
	170  -  MemoryUsage of job (MB)
	173800  -  ResidentSetSize of job (KB)
...
006 (842545.007.000) 2026-03-14 12:23:49 Image size of job updated: 175336
	172  -  MemoryUsage of job (MB)
	175336  -  ResidentSetSize of job (KB)
...
006 (842545.007.000) 2026-03-14 12:28:50 Image size of job updated: 177980
	174  -  MemoryUsage of job (MB)
	177980  -  ResidentSetSize of job (KB)
...
006 (842545.007.000) 2026-03-14 12:38:51 Image size of job updated: 178132
	174  -  MemoryUsage of job (MB)
	178132  -  ResidentSetSize of job (KB)
...
006 (842545.007.000) 2026-03-14 12:58:53 Image size of job updated: 181128
	177  -  MemoryUsage of job (MB)
	181128  -  ResidentSetSize of job (KB)
...
006 (842545.007.000) 2026-03-14 16:49:16 Image size of job updated: 181312
	178  -  MemoryUsage of job (MB)
	181312  -  ResidentSetSize of job (KB)
...
006 (842545.007.000) 2026-03-14 16:54:16 Image size of job updated: 183692
	180  -  MemoryUsage of job (MB)
	183692  -  ResidentSetSize of job (KB)
...
040 (842545.007.000) 2026-03-14 17:28:48 Started transferring output files
...
040 (842545.007.000) 2026-03-14 17:28:48 Finished transferring output files
...
005 (842545.007.000) 2026-03-14 17:28:48 Job terminated.
	(1) Normal termination (return value 0)
		Usr 0 04:58:45, Sys 0 00:58:00  -  Run Remote Usage
		Usr 0 00:00:00, Sys 0 00:00:00  -  Run Local Usage
		Usr 0 04:58:45, Sys 0 00:58:00  -  Total Remote Usage
		Usr 0 00:00:00, Sys 0 00:00:00  -  Total Local Usage
	248200  -  Run Bytes Sent By Job
	818  -  Run Bytes Received By Job
	248200  -  Total Bytes Sent By Job
	818  -  Total Bytes Received By Job
	Partitionable Resources :    Usage  Request Allocated 
	   Cpus                 :     0.94        1         1 
	   Disk (KB)            :   303           1      2838 
	   GPUs                 :                           0 
	   Memory (MB)          :   180        1024      1100 
	   TimeExecute (s)      : 23417                       
	   TimeSlotBusy (s)     : 23418                       

	Job terminated of its own accord at 2026-03-14T08:28:48Z with exit-code 0.
...
