000 (842545.004.000) 2026-03-14 10:57:17 Job submitted from host: <155.230.23.72:9618?addrs=155.230.23.72-9618+[2407-c000-c024-0-20c-29ff-fe6a-c74b]-9618&alias=cms02.knu.ac.kr&noUDP&sock=schedd_1497_655d>
...
040 (842545.004.000) 2026-03-14 10:58:29 Started transferring input files
	Transferring to host: <155.230.21.86:9618?addrs=155.230.21.86-9618+[2407-c000-c025--21-86]-9618&alias=cluster286.knu.ac.kr&noUDP&sock=slot1_5_1752_3140_2611>
...
040 (842545.004.000) 2026-03-14 10:58:29 Finished transferring input files
...
001 (842545.004.000) 2026-03-14 10:58:30 Job executing on host: <155.230.21.86:9618?addrs=155.230.21.86-9618+[2407-c000-c025--21-86]-9618&alias=cluster286.knu.ac.kr&noUDP&sock=startd_1252_58a9>
	SlotName: slot1_5@cluster286.knu.ac.kr
	CondorScratchDir = "/home/condor/dir_2172713"
	Cpus = 1
	Disk = 2818
	GPUs = 0
	Memory = 1100
...
006 (842545.004.000) 2026-03-14 10:58:38 Image size of job updated: 109660
	108  -  MemoryUsage of job (MB)
	109660  -  ResidentSetSize of job (KB)
...
006 (842545.004.000) 2026-03-14 11:03:38 Image size of job updated: 155756
	153  -  MemoryUsage of job (MB)
	155756  -  ResidentSetSize of job (KB)
...
006 (842545.004.000) 2026-03-14 11:08:39 Image size of job updated: 167192
	164  -  MemoryUsage of job (MB)
	167192  -  ResidentSetSize of job (KB)
...
006 (842545.004.000) 2026-03-14 11:13:39 Image size of job updated: 167248
	164  -  MemoryUsage of job (MB)
	167248  -  ResidentSetSize of job (KB)
...
006 (842545.004.000) 2026-03-14 11:18:39 Image size of job updated: 169852
	166  -  MemoryUsage of job (MB)
	169852  -  ResidentSetSize of job (KB)
...
006 (842545.004.000) 2026-03-14 11:23:40 Image size of job updated: 179436
	176  -  MemoryUsage of job (MB)
	179436  -  ResidentSetSize of job (KB)
...
006 (842545.004.000) 2026-03-14 11:48:43 Image size of job updated: 179528
	176  -  MemoryUsage of job (MB)
	179528  -  ResidentSetSize of job (KB)
...
006 (842545.004.000) 2026-03-14 11:58:44 Image size of job updated: 179968
	176  -  MemoryUsage of job (MB)
	179968  -  ResidentSetSize of job (KB)
...
006 (842545.004.000) 2026-03-14 12:03:44 Image size of job updated: 180072
	176  -  MemoryUsage of job (MB)
	180072  -  ResidentSetSize of job (KB)
...
006 (842545.004.000) 2026-03-14 13:03:51 Image size of job updated: 180352
	177  -  MemoryUsage of job (MB)
	180352  -  ResidentSetSize of job (KB)
...
006 (842545.004.000) 2026-03-14 13:08:51 Image size of job updated: 180540
	177  -  MemoryUsage of job (MB)
	180540  -  ResidentSetSize of job (KB)
...
006 (842545.004.000) 2026-03-14 15:29:04 Image size of job updated: 182920
	179  -  MemoryUsage of job (MB)
	182920  -  ResidentSetSize of job (KB)
...
006 (842545.004.000) 2026-03-14 15:34:05 Image size of job updated: 183008
	179  -  MemoryUsage of job (MB)
	183008  -  ResidentSetSize of job (KB)
...
006 (842545.004.000) 2026-03-14 16:44:12 Image size of job updated: 183640
	180  -  MemoryUsage of job (MB)
	183640  -  ResidentSetSize of job (KB)
...
040 (842545.004.000) 2026-03-14 20:14:00 Started transferring output files
...
040 (842545.004.000) 2026-03-14 20:14:00 Finished transferring output files
...
005 (842545.004.000) 2026-03-14 20:14:00 Job terminated.
	(1) Normal termination (return value 0)
		Usr 0 06:43:18, Sys 0 01:36:10  -  Run Remote Usage
		Usr 0 00:00:00, Sys 0 00:00:00  -  Run Local Usage
		Usr 0 06:43:18, Sys 0 01:36:10  -  Total Remote Usage
		Usr 0 00:00:00, Sys 0 00:00:00  -  Total Local Usage
	398361  -  Run Bytes Sent By Job
	818  -  Run Bytes Received By Job
	398361  -  Total Bytes Sent By Job
	818  -  Total Bytes Received By Job
	Partitionable Resources :    Usage  Request Allocated 
	   Cpus                 :     0.94        1         1 
	   Disk (KB)            :   450           1      2818 
	   GPUs                 :                           0 
	   Memory (MB)          :   180        1024      1100 
	   TimeExecute (s)      : 33330                       
	   TimeSlotBusy (s)     : 33331                       

	Job terminated of its own accord at 2026-03-14T11:14:00Z with exit-code 0.
...
