000 (842545.002.000) 2026-03-14 10:57:17 Job submitted from host: <155.230.23.72:9618?addrs=155.230.23.72-9618+[2407-c000-c024-0-20c-29ff-fe6a-c74b]-9618&alias=cms02.knu.ac.kr&noUDP&sock=schedd_1497_655d>
...
040 (842545.002.000) 2026-03-14 10:58:34 Started transferring input files
	Transferring to host: <155.230.21.114:9618?addrs=155.230.21.114-9618+[2407-c000-c025--21-114]-9618&alias=cluster314.knu.ac.kr&noUDP&sock=slot1_4_2241_bcb4_2365>
...
040 (842545.002.000) 2026-03-14 10:58:34 Finished transferring input files
...
001 (842545.002.000) 2026-03-14 10:58:35 Job executing on host: <155.230.21.114:9618?addrs=155.230.21.114-9618+[2407-c000-c025--21-114]-9618&alias=cluster314.knu.ac.kr&noUDP&sock=startd_1682_4a63>
	SlotName: slot1_4@cluster314.knu.ac.kr
	CondorScratchDir = "/home/condor/dir_3503099"
	Cpus = 1
	Disk = 2754
	GPUs = 0
	Memory = 1100
...
006 (842545.002.000) 2026-03-14 10:58:44 Image size of job updated: 105344
	103  -  MemoryUsage of job (MB)
	105344  -  ResidentSetSize of job (KB)
...
006 (842545.002.000) 2026-03-14 11:03:45 Image size of job updated: 153556
	150  -  MemoryUsage of job (MB)
	153556  -  ResidentSetSize of job (KB)
...
006 (842545.002.000) 2026-03-14 11:08:45 Image size of job updated: 167092
	164  -  MemoryUsage of job (MB)
	167092  -  ResidentSetSize of job (KB)
...
006 (842545.002.000) 2026-03-14 11:13:45 Image size of job updated: 167648
	164  -  MemoryUsage of job (MB)
	167648  -  ResidentSetSize of job (KB)
...
006 (842545.002.000) 2026-03-14 11:18:46 Image size of job updated: 167796
	164  -  MemoryUsage of job (MB)
	167796  -  ResidentSetSize of job (KB)
...
006 (842545.002.000) 2026-03-14 11:23:46 Image size of job updated: 167856
	164  -  MemoryUsage of job (MB)
	167856  -  ResidentSetSize of job (KB)
...
006 (842545.002.000) 2026-03-14 11:28:46 Image size of job updated: 167916
	164  -  MemoryUsage of job (MB)
	167916  -  ResidentSetSize of job (KB)
...
006 (842545.002.000) 2026-03-14 11:33:48 Image size of job updated: 167924
	164  -  MemoryUsage of job (MB)
	167924  -  ResidentSetSize of job (KB)
...
006 (842545.002.000) 2026-03-14 11:38:48 Image size of job updated: 171504
	168  -  MemoryUsage of job (MB)
	171504  -  ResidentSetSize of job (KB)
...
006 (842545.002.000) 2026-03-14 11:48:49 Image size of job updated: 172888
	169  -  MemoryUsage of job (MB)
	172888  -  ResidentSetSize of job (KB)
...
006 (842545.002.000) 2026-03-14 11:53:50 Image size of job updated: 175084
	171  -  MemoryUsage of job (MB)
	175084  -  ResidentSetSize of job (KB)
...
006 (842545.002.000) 2026-03-14 12:33:53 Image size of job updated: 176848
	173  -  MemoryUsage of job (MB)
	176848  -  ResidentSetSize of job (KB)
...
006 (842545.002.000) 2026-03-14 12:53:55 Image size of job updated: 177076
	173  -  MemoryUsage of job (MB)
	177076  -  ResidentSetSize of job (KB)
...
006 (842545.002.000) 2026-03-14 12:58:55 Image size of job updated: 179600
	176  -  MemoryUsage of job (MB)
	179600  -  ResidentSetSize of job (KB)
...
006 (842545.002.000) 2026-03-14 14:09:02 Image size of job updated: 180356
	177  -  MemoryUsage of job (MB)
	180356  -  ResidentSetSize of job (KB)
...
006 (842545.002.000) 2026-03-14 14:24:04 Image size of job updated: 182952
	179  -  MemoryUsage of job (MB)
	182952  -  ResidentSetSize of job (KB)
...
040 (842545.002.000) 2026-03-14 18:26:22 Started transferring output files
...
040 (842545.002.000) 2026-03-14 18:26:22 Finished transferring output files
...
005 (842545.002.000) 2026-03-14 18:26:24 Job terminated.
	(1) Normal termination (return value 0)
		Usr 0 05:58:25, Sys 0 01:08:36  -  Run Remote Usage
		Usr 0 00:00:00, Sys 0 00:00:00  -  Run Local Usage
		Usr 0 05:58:25, Sys 0 01:08:36  -  Total Remote Usage
		Usr 0 00:00:00, Sys 0 00:00:00  -  Total Local Usage
	292803  -  Run Bytes Sent By Job
	818  -  Run Bytes Received By Job
	292803  -  Total Bytes Sent By Job
	818  -  Total Bytes Received By Job
	Partitionable Resources :    Usage  Request Allocated 
	   Cpus                 :     0.97        1         1 
	   Disk (KB)            :   347           1      2754 
	   GPUs                 :                           0 
	   Memory (MB)          :   179        1024      1100 
	   TimeExecute (s)      : 26867                       
	   TimeSlotBusy (s)     : 26868                       

	Job terminated of its own accord at 2026-03-14T09:26:22Z with exit-code 0.
...
