000 (842545.005.000) 2026-03-14 10:57:17 Job submitted from host: <155.230.23.72:9618?addrs=155.230.23.72-9618+[2407-c000-c024-0-20c-29ff-fe6a-c74b]-9618&alias=cms02.knu.ac.kr&noUDP&sock=schedd_1497_655d>
...
040 (842545.005.000) 2026-03-14 10:58:29 Started transferring input files
	Transferring to host: <155.230.21.87:9618?addrs=155.230.21.87-9618+[2407-c000-c025--21-87]-9618&alias=cluster287.knu.ac.kr&noUDP&sock=slot1_6_1781_a022_2280>
...
040 (842545.005.000) 2026-03-14 10:58:29 Finished transferring input files
...
001 (842545.005.000) 2026-03-14 10:58:30 Job executing on host: <155.230.21.87:9618?addrs=155.230.21.87-9618+[2407-c000-c025--21-87]-9618&alias=cluster287.knu.ac.kr&noUDP&sock=startd_1267_a295>
	SlotName: slot1_6@cluster287.knu.ac.kr
	CondorScratchDir = "/home/condor/dir_1578218"
	Cpus = 1
	Disk = 2841
	GPUs = 0
	Memory = 1100
...
006 (842545.005.000) 2026-03-14 10:58:38 Image size of job updated: 106512
	105  -  MemoryUsage of job (MB)
	106512  -  ResidentSetSize of job (KB)
...
006 (842545.005.000) 2026-03-14 11:03:38 Image size of job updated: 151644
	149  -  MemoryUsage of job (MB)
	151644  -  ResidentSetSize of job (KB)
...
006 (842545.005.000) 2026-03-14 11:08:39 Image size of job updated: 163352
	160  -  MemoryUsage of job (MB)
	163352  -  ResidentSetSize of job (KB)
...
006 (842545.005.000) 2026-03-14 11:13:39 Image size of job updated: 165860
	162  -  MemoryUsage of job (MB)
	165860  -  ResidentSetSize of job (KB)
...
006 (842545.005.000) 2026-03-14 11:18:39 Image size of job updated: 172844
	169  -  MemoryUsage of job (MB)
	172844  -  ResidentSetSize of job (KB)
...
006 (842545.005.000) 2026-03-14 11:28:41 Image size of job updated: 172856
	169  -  MemoryUsage of job (MB)
	172856  -  ResidentSetSize of job (KB)
...
006 (842545.005.000) 2026-03-14 11:43:43 Image size of job updated: 176080
	172  -  MemoryUsage of job (MB)
	176080  -  ResidentSetSize of job (KB)
...
006 (842545.005.000) 2026-03-14 12:08:45 Image size of job updated: 177728
	174  -  MemoryUsage of job (MB)
	177728  -  ResidentSetSize of job (KB)
...
006 (842545.005.000) 2026-03-14 12:23:46 Image size of job updated: 177932
	174  -  MemoryUsage of job (MB)
	177932  -  ResidentSetSize of job (KB)
...
006 (842545.005.000) 2026-03-14 12:28:47 Image size of job updated: 180312
	177  -  MemoryUsage of job (MB)
	180312  -  ResidentSetSize of job (KB)
...
006 (842545.005.000) 2026-03-14 12:58:50 Image size of job updated: 180348
	177  -  MemoryUsage of job (MB)
	180348  -  ResidentSetSize of job (KB)
...
006 (842545.005.000) 2026-03-14 13:23:53 Image size of job updated: 182072
	178  -  MemoryUsage of job (MB)
	182072  -  ResidentSetSize of job (KB)
...
006 (842545.005.000) 2026-03-14 13:58:56 Image size of job updated: 182104
	178  -  MemoryUsage of job (MB)
	182104  -  ResidentSetSize of job (KB)
...
006 (842545.005.000) 2026-03-14 14:18:58 Image size of job updated: 182664
	179  -  MemoryUsage of job (MB)
	182664  -  ResidentSetSize of job (KB)
...
006 (842545.005.000) 2026-03-14 14:23:59 Image size of job updated: 182980
	179  -  MemoryUsage of job (MB)
	182980  -  ResidentSetSize of job (KB)
...
040 (842545.005.000) 2026-03-14 18:27:21 Started transferring output files
...
040 (842545.005.000) 2026-03-14 18:27:21 Finished transferring output files
...
005 (842545.005.000) 2026-03-14 18:27:22 Job terminated.
	(1) Normal termination (return value 0)
		Usr 0 05:39:38, Sys 0 01:20:04  -  Run Remote Usage
		Usr 0 00:00:00, Sys 0 00:00:00  -  Run Local Usage
		Usr 0 05:39:38, Sys 0 01:20:04  -  Total Remote Usage
		Usr 0 00:00:00, Sys 0 00:00:00  -  Total Local Usage
	345451  -  Run Bytes Sent By Job
	818  -  Run Bytes Received By Job
	345451  -  Total Bytes Sent By Job
	818  -  Total Bytes Received By Job
	Partitionable Resources :    Usage  Request Allocated 
	   Cpus                 :     0.95        1         1 
	   Disk (KB)            :   398           1      2841 
	   GPUs                 :                           0 
	   Memory (MB)          :   179        1024      1100 
	   TimeExecute (s)      : 26930                       
	   TimeSlotBusy (s)     : 26932                       

	Job terminated of its own accord at 2026-03-14T09:27:20Z with exit-code 0.
...
