000 (842542.027.000) 2026-03-14 10:57:17 Job submitted from host: <155.230.23.72:9618?addrs=155.230.23.72-9618+[2407-c000-c024-0-20c-29ff-fe6a-c74b]-9618&alias=cms02.knu.ac.kr&noUDP&sock=schedd_1497_655d>
...
040 (842542.027.000) 2026-03-14 10:58:11 Started transferring input files
	Transferring to host: <155.230.21.142:9618?addrs=155.230.21.142-9618+[2407-c000-c025--21-142]-9618&alias=cluster342.knu.ac.kr&noUDP&sock=slot1_4_2558_17a1_1856>
...
040 (842542.027.000) 2026-03-14 10:58:11 Finished transferring input files
...
001 (842542.027.000) 2026-03-14 10:58:12 Job executing on host: <155.230.21.142:9618?addrs=155.230.21.142-9618+[2407-c000-c025--21-142]-9618&alias=cluster342.knu.ac.kr&noUDP&sock=startd_1844_68ba>
	SlotName: slot1_4@cluster342.knu.ac.kr
	CondorScratchDir = "/home/condor/dir_1784252"
	Cpus = 1
	Disk = 2760
	GPUs = 0
	Memory = 1100
...
006 (842542.027.000) 2026-03-14 10:58:21 Image size of job updated: 96804
	95  -  MemoryUsage of job (MB)
	96804  -  ResidentSetSize of job (KB)
...
006 (842542.027.000) 2026-03-14 11:03:22 Image size of job updated: 183020
	179  -  MemoryUsage of job (MB)
	183020  -  ResidentSetSize of job (KB)
...
006 (842542.027.000) 2026-03-14 11:08:23 Image size of job updated: 184660
	181  -  MemoryUsage of job (MB)
	184660  -  ResidentSetSize of job (KB)
...
006 (842542.027.000) 2026-03-14 11:13:23 Image size of job updated: 187256
	183  -  MemoryUsage of job (MB)
	187256  -  ResidentSetSize of job (KB)
...
040 (842542.027.000) 2026-03-14 11:44:44 Started transferring output files
...
040 (842542.027.000) 2026-03-14 11:44:44 Finished transferring output files
...
005 (842542.027.000) 2026-03-14 11:44:44 Job terminated.
	(1) Normal termination (return value 0)
		Usr 0 00:30:51, Sys 0 00:04:42  -  Run Remote Usage
		Usr 0 00:00:00, Sys 0 00:00:00  -  Run Local Usage
		Usr 0 00:30:51, Sys 0 00:04:42  -  Total Remote Usage
		Usr 0 00:00:00, Sys 0 00:00:00  -  Total Local Usage
	71840  -  Run Bytes Sent By Job
	1048  -  Run Bytes Received By Job
	71840  -  Total Bytes Sent By Job
	1048  -  Total Bytes Received By Job
	Partitionable Resources :    Usage  Request Allocated 
	   Cpus                 :     0.86        1         1 
	   Disk (KB)            :   131           2      2760 
	   GPUs                 :                           0 
	   Memory (MB)          :   183        1024      1100 
	   TimeExecute (s)      :  2792                       
	   TimeSlotBusy (s)     :  2793                       

	Job terminated of its own accord at 2026-03-14T02:44:44Z with exit-code 0.
...
