000 (842542.002.000) 2026-03-14 10:57:16 Job submitted from host: <155.230.23.72:9618?addrs=155.230.23.72-9618+[2407-c000-c024-0-20c-29ff-fe6a-c74b]-9618&alias=cms02.knu.ac.kr&noUDP&sock=schedd_1497_655d>
...
040 (842542.002.000) 2026-03-14 10:58:02 Started transferring input files
	Transferring to host: <155.230.21.71:9618?addrs=155.230.21.71-9618+[2407-c000-c025--21-71]-9618&alias=cluster271.knu.ac.kr&noUDP&sock=slot1_4_2586400_86d0_3981>
...
040 (842542.002.000) 2026-03-14 10:58:02 Finished transferring input files
...
001 (842542.002.000) 2026-03-14 10:58:05 Job executing on host: <155.230.21.71:9618?addrs=155.230.21.71-9618+[2407-c000-c025--21-71]-9618&alias=cluster271.knu.ac.kr&noUDP&sock=startd_1160_3df3>
	SlotName: slot1_4@cluster271.knu.ac.kr
	CondorScratchDir = "/home/condor/dir_3630258"
	Cpus = 1
	Disk = 2840
	GPUs = 0
	Memory = 1100
...
006 (842542.002.000) 2026-03-14 10:58:13 Image size of job updated: 95256
	94  -  MemoryUsage of job (MB)
	95256  -  ResidentSetSize of job (KB)
...
006 (842542.002.000) 2026-03-14 11:03:13 Image size of job updated: 181916
	178  -  MemoryUsage of job (MB)
	181916  -  ResidentSetSize of job (KB)
...
006 (842542.002.000) 2026-03-14 11:08:14 Image size of job updated: 184780
	178  -  MemoryUsage of job (MB)
	181916  -  ResidentSetSize of job (KB)
...
006 (842542.002.000) 2026-03-14 11:13:15 Image size of job updated: 185880
	182  -  MemoryUsage of job (MB)
	185880  -  ResidentSetSize of job (KB)
...
006 (842542.002.000) 2026-03-14 11:18:15 Image size of job updated: 186172
	182  -  MemoryUsage of job (MB)
	186172  -  ResidentSetSize of job (KB)
...
006 (842542.002.000) 2026-03-14 11:23:15 Image size of job updated: 186252
	182  -  MemoryUsage of job (MB)
	186252  -  ResidentSetSize of job (KB)
...
040 (842542.002.000) 2026-03-14 16:24:59 Started transferring output files
...
040 (842542.002.000) 2026-03-14 16:24:59 Finished transferring output files
...
005 (842542.002.000) 2026-03-14 16:24:59 Job terminated.
	(1) Normal termination (return value 0)
		Usr 0 00:53:20, Sys 0 00:07:50  -  Run Remote Usage
		Usr 0 00:00:00, Sys 0 00:00:00  -  Run Local Usage
		Usr 0 00:53:20, Sys 0 00:07:50  -  Total Remote Usage
		Usr 0 00:00:00, Sys 0 00:00:00  -  Total Local Usage
	91876  -  Run Bytes Sent By Job
	1048  -  Run Bytes Received By Job
	91876  -  Total Bytes Sent By Job
	1048  -  Total Bytes Received By Job
	Partitionable Resources :    Usage  Request Allocated 
	   Cpus                 :     0.50        1         1 
	   Disk (KB)            :   151           2      2840 
	   GPUs                 :                           0 
	   Memory (MB)          :   182        1024      1100 
	   TimeExecute (s)      : 19616                       
	   TimeSlotBusy (s)     : 19617                       

	Job terminated of its own accord at 2026-03-14T07:24:58Z with exit-code 0.
...
