000 (842542.012.000) 2026-03-14 10:57:16 Job submitted from host: <155.230.23.72:9618?addrs=155.230.23.72-9618+[2407-c000-c024-0-20c-29ff-fe6a-c74b]-9618&alias=cms02.knu.ac.kr&noUDP&sock=schedd_1497_655d>
...
040 (842542.012.000) 2026-03-14 10:58:12 Started transferring input files
	Transferring to host: <155.230.21.94:9618?addrs=155.230.21.94-9618+[2407-c000-c025--21-94]-9618&alias=cluster294.knu.ac.kr&noUDP&sock=slot1_5_1751_7ce0_2353>
...
040 (842542.012.000) 2026-03-14 10:58:12 Finished transferring input files
...
001 (842542.012.000) 2026-03-14 10:58:13 Job executing on host: <155.230.21.94:9618?addrs=155.230.21.94-9618+[2407-c000-c025--21-94]-9618&alias=cluster294.knu.ac.kr&noUDP&sock=startd_1252_58a9>
	SlotName: slot1_5@cluster294.knu.ac.kr
	CondorScratchDir = "/home/condor/dir_1832524"
	Cpus = 1
	Disk = 2825
	GPUs = 0
	Memory = 1100
...
006 (842542.012.000) 2026-03-14 10:58:22 Image size of job updated: 95452
	94  -  MemoryUsage of job (MB)
	95452  -  ResidentSetSize of job (KB)
...
006 (842542.012.000) 2026-03-14 11:03:23 Image size of job updated: 182128
	178  -  MemoryUsage of job (MB)
	182128  -  ResidentSetSize of job (KB)
...
006 (842542.012.000) 2026-03-14 11:08:23 Image size of job updated: 184132
	180  -  MemoryUsage of job (MB)
	184132  -  ResidentSetSize of job (KB)
...
006 (842542.012.000) 2026-03-14 11:43:26 Image size of job updated: 186720
	183  -  MemoryUsage of job (MB)
	186720  -  ResidentSetSize of job (KB)
...
040 (842542.012.000) 2026-03-14 12:36:40 Started transferring output files
...
040 (842542.012.000) 2026-03-14 12:36:40 Finished transferring output files
...
005 (842542.012.000) 2026-03-14 12:36:42 Job terminated.
	(1) Normal termination (return value 0)
		Usr 0 01:21:29, Sys 0 00:08:09  -  Run Remote Usage
		Usr 0 00:00:00, Sys 0 00:00:00  -  Run Local Usage
		Usr 0 01:21:29, Sys 0 00:08:09  -  Total Remote Usage
		Usr 0 00:00:00, Sys 0 00:00:00  -  Total Local Usage
	119543  -  Run Bytes Sent By Job
	1048  -  Run Bytes Received By Job
	119543  -  Total Bytes Sent By Job
	1048  -  Total Bytes Received By Job
	Partitionable Resources :    Usage  Request Allocated 
	   Cpus                 :     0.94        1         1 
	   Disk (KB)            :   178           2      2825 
	   GPUs                 :                           0 
	   Memory (MB)          :   183        1024      1100 
	   TimeExecute (s)      :  5907                       
	   TimeSlotBusy (s)     :  5908                       

	Job terminated of its own accord at 2026-03-14T03:36:40Z with exit-code 0.
...
