000 (842542.009.000) 2026-03-14 10:57:16 Job submitted from host: <155.230.23.72:9618?addrs=155.230.23.72-9618+[2407-c000-c024-0-20c-29ff-fe6a-c74b]-9618&alias=cms02.knu.ac.kr&noUDP&sock=schedd_1497_655d>
...
040 (842542.009.000) 2026-03-14 10:58:07 Started transferring input files
	Transferring to host: <155.230.21.92:9618?addrs=155.230.21.92-9618+[2407-c000-c025--21-92]-9618&alias=cluster292.knu.ac.kr&noUDP&sock=slot1_5_1795_7d62_3010>
...
040 (842542.009.000) 2026-03-14 10:58:07 Finished transferring input files
...
001 (842542.009.000) 2026-03-14 10:58:08 Job executing on host: <155.230.21.92:9618?addrs=155.230.21.92-9618+[2407-c000-c025--21-92]-9618&alias=cluster292.knu.ac.kr&noUDP&sock=startd_1332_383d>
	SlotName: slot1_5@cluster292.knu.ac.kr
	CondorScratchDir = "/home/condor/dir_167089"
	Cpus = 1
	Disk = 2841
	GPUs = 0
	Memory = 1100
...
006 (842542.009.000) 2026-03-14 10:58:16 Image size of job updated: 96680
	95  -  MemoryUsage of job (MB)
	96680  -  ResidentSetSize of job (KB)
...
006 (842542.009.000) 2026-03-14 11:03:16 Image size of job updated: 183176
	179  -  MemoryUsage of job (MB)
	183176  -  ResidentSetSize of job (KB)
...
006 (842542.009.000) 2026-03-14 11:08:16 Image size of job updated: 183796
	180  -  MemoryUsage of job (MB)
	183796  -  ResidentSetSize of job (KB)
...
006 (842542.009.000) 2026-03-14 12:13:23 Image size of job updated: 186372
	183  -  MemoryUsage of job (MB)
	186372  -  ResidentSetSize of job (KB)
...
040 (842542.009.000) 2026-03-14 12:20:34 Started transferring output files
...
040 (842542.009.000) 2026-03-14 12:20:34 Finished transferring output files
...
005 (842542.009.000) 2026-03-14 12:20:34 Job terminated.
	(1) Normal termination (return value 0)
		Usr 0 01:03:12, Sys 0 00:08:08  -  Run Remote Usage
		Usr 0 00:00:00, Sys 0 00:00:00  -  Run Local Usage
		Usr 0 01:03:12, Sys 0 00:08:08  -  Total Remote Usage
		Usr 0 00:00:00, Sys 0 00:00:00  -  Total Local Usage
	117369  -  Run Bytes Sent By Job
	1048  -  Run Bytes Received By Job
	117369  -  Total Bytes Sent By Job
	1048  -  Total Bytes Received By Job
	Partitionable Resources :    Usage  Request Allocated 
	   Cpus                 :     0.89        1         1 
	   Disk (KB)            :   176           2      2841 
	   GPUs                 :                           0 
	   Memory (MB)          :   183        1024      1100 
	   TimeExecute (s)      :  4946                       
	   TimeSlotBusy (s)     :  4948                       

	Job terminated of its own accord at 2026-03-14T03:20:34Z with exit-code 0.
...
