000 (842542.024.000) 2026-03-14 10:57:17 Job submitted from host: <155.230.23.72:9618?addrs=155.230.23.72-9618+[2407-c000-c024-0-20c-29ff-fe6a-c74b]-9618&alias=cms02.knu.ac.kr&noUDP&sock=schedd_1497_655d>
...
040 (842542.024.000) 2026-03-14 10:58:11 Started transferring input files
	Transferring to host: <155.230.21.42:9618?addrs=155.230.21.42-9618+[2407-c000-c025--21-42]-9618&alias=cluster242.knu.ac.kr&noUDP&sock=slot1_4_1505_2896_1668>
...
040 (842542.024.000) 2026-03-14 10:58:11 Finished transferring input files
...
001 (842542.024.000) 2026-03-14 10:58:12 Job executing on host: <155.230.21.42:9618?addrs=155.230.21.42-9618+[2407-c000-c025--21-42]-9618&alias=cluster242.knu.ac.kr&noUDP&sock=startd_1092_9982>
	SlotName: slot1_4@cluster242.knu.ac.kr
	CondorScratchDir = "/home/condor/dir_1788729"
	Cpus = 1
	Disk = 2825
	GPUs = 0
	Memory = 1100
...
006 (842542.024.000) 2026-03-14 10:58:20 Image size of job updated: 95860
	94  -  MemoryUsage of job (MB)
	95860  -  ResidentSetSize of job (KB)
...
006 (842542.024.000) 2026-03-14 11:03:20 Image size of job updated: 159368
	156  -  MemoryUsage of job (MB)
	159368  -  ResidentSetSize of job (KB)
...
006 (842542.024.000) 2026-03-14 11:08:21 Image size of job updated: 186048
	182  -  MemoryUsage of job (MB)
	186048  -  ResidentSetSize of job (KB)
...
040 (842542.024.000) 2026-03-14 17:05:15 Started transferring output files
...
040 (842542.024.000) 2026-03-14 17:05:15 Finished transferring output files
...
005 (842542.024.000) 2026-03-14 17:05:15 Job terminated.
	(1) Normal termination (return value 0)
		Usr 0 01:12:41, Sys 0 00:09:56  -  Run Remote Usage
		Usr 0 00:00:00, Sys 0 00:00:00  -  Run Local Usage
		Usr 0 01:12:41, Sys 0 00:09:56  -  Total Remote Usage
		Usr 0 00:00:00, Sys 0 00:00:00  -  Total Local Usage
	116030  -  Run Bytes Sent By Job
	1048  -  Run Bytes Received By Job
	116030  -  Total Bytes Sent By Job
	1048  -  Total Bytes Received By Job
	Partitionable Resources :    Usage  Request Allocated 
	   Cpus                 :     0.64        1         1 
	   Disk (KB)            :   174           2      2825 
	   GPUs                 :                           0 
	   Memory (MB)          :   182        1024      1100 
	   TimeExecute (s)      : 22023                       
	   TimeSlotBusy (s)     : 22024                       

	Job terminated of its own accord at 2026-03-14T08:05:15Z with exit-code 0.
...
