000 (842542.008.000) 2026-03-14 10:57:16 Job submitted from host: <155.230.23.72:9618?addrs=155.230.23.72-9618+[2407-c000-c024-0-20c-29ff-fe6a-c74b]-9618&alias=cms02.knu.ac.kr&noUDP&sock=schedd_1497_655d>
...
040 (842542.008.000) 2026-03-14 10:58:07 Started transferring input files
	Transferring to host: <155.230.21.110:9618?addrs=155.230.21.110-9618+[2407-c000-c025--21-110]-9618&alias=cluster310.knu.ac.kr&noUDP&sock=slot1_4_1720_a53f_2365>
...
040 (842542.008.000) 2026-03-14 10:58:07 Finished transferring input files
...
001 (842542.008.000) 2026-03-14 10:58:08 Job executing on host: <155.230.21.110:9618?addrs=155.230.21.110-9618+[2407-c000-c025--21-110]-9618&alias=cluster310.knu.ac.kr&noUDP&sock=startd_1271_60f6>
	SlotName: slot1_4@cluster310.knu.ac.kr
	CondorScratchDir = "/home/condor/dir_2148688"
	Cpus = 1
	Disk = 2838
	GPUs = 0
	Memory = 1100
...
006 (842542.008.000) 2026-03-14 10:58:16 Image size of job updated: 96528
	95  -  MemoryUsage of job (MB)
	96528  -  ResidentSetSize of job (KB)
...
006 (842542.008.000) 2026-03-14 11:03:16 Image size of job updated: 181296
	178  -  MemoryUsage of job (MB)
	181296  -  ResidentSetSize of job (KB)
...
006 (842542.008.000) 2026-03-14 11:08:16 Image size of job updated: 182268
	178  -  MemoryUsage of job (MB)
	182268  -  ResidentSetSize of job (KB)
...
006 (842542.008.000) 2026-03-14 11:13:17 Image size of job updated: 182276
	179  -  MemoryUsage of job (MB)
	182276  -  ResidentSetSize of job (KB)
...
006 (842542.008.000) 2026-03-14 11:23:17 Image size of job updated: 182724
	179  -  MemoryUsage of job (MB)
	182724  -  ResidentSetSize of job (KB)
...
006 (842542.008.000) 2026-03-14 11:48:20 Image size of job updated: 185296
	181  -  MemoryUsage of job (MB)
	185296  -  ResidentSetSize of job (KB)
...
040 (842542.008.000) 2026-03-14 12:22:43 Started transferring output files
...
040 (842542.008.000) 2026-03-14 12:22:43 Finished transferring output files
...
005 (842542.008.000) 2026-03-14 12:22:43 Job terminated.
	(1) Normal termination (return value 0)
		Usr 0 01:08:25, Sys 0 00:08:03  -  Run Remote Usage
		Usr 0 00:00:00, Sys 0 00:00:00  -  Run Local Usage
		Usr 0 01:08:25, Sys 0 00:08:03  -  Total Remote Usage
		Usr 0 00:00:00, Sys 0 00:00:00  -  Total Local Usage
	115878  -  Run Bytes Sent By Job
	1048  -  Run Bytes Received By Job
	115878  -  Total Bytes Sent By Job
	1048  -  Total Bytes Received By Job
	Partitionable Resources :    Usage  Request Allocated 
	   Cpus                 :     0.90        1         1 
	   Disk (KB)            :   175           2      2838 
	   GPUs                 :                           0 
	   Memory (MB)          :   181        1024      1100 
	   TimeExecute (s)      :  5075                       
	   TimeSlotBusy (s)     :  5077                       

	Job terminated of its own accord at 2026-03-14T03:22:43Z with exit-code 0.
...
