000 (842542.021.000) 2026-03-14 10:57:17 Job submitted from host: <155.230.23.72:9618?addrs=155.230.23.72-9618+[2407-c000-c024-0-20c-29ff-fe6a-c74b]-9618&alias=cms02.knu.ac.kr&noUDP&sock=schedd_1497_655d>
...
040 (842542.021.000) 2026-03-14 10:58:09 Started transferring input files
	Transferring to host: <155.230.21.149:9618?addrs=155.230.21.149-9618+[2407-c000-c025--21-149]-9618&alias=cluster349.knu.ac.kr&noUDP&sock=slot1_4_2461_bf3d_2577>
...
040 (842542.021.000) 2026-03-14 10:58:09 Finished transferring input files
...
001 (842542.021.000) 2026-03-14 10:58:10 Job executing on host: <155.230.21.149:9618?addrs=155.230.21.149-9618+[2407-c000-c025--21-149]-9618&alias=cluster349.knu.ac.kr&noUDP&sock=startd_1753_fd9c>
	SlotName: slot1_4@cluster349.knu.ac.kr
	CondorScratchDir = "/home/condor/dir_1690805"
	Cpus = 1
	Disk = 2837
	GPUs = 0
	Memory = 1100
...
006 (842542.021.000) 2026-03-14 10:58:19 Image size of job updated: 92472
	91  -  MemoryUsage of job (MB)
	92472  -  ResidentSetSize of job (KB)
...
006 (842542.021.000) 2026-03-14 11:03:20 Image size of job updated: 178972
	175  -  MemoryUsage of job (MB)
	178972  -  ResidentSetSize of job (KB)
...
006 (842542.021.000) 2026-03-14 11:08:20 Image size of job updated: 179776
	176  -  MemoryUsage of job (MB)
	179776  -  ResidentSetSize of job (KB)
...
006 (842542.021.000) 2026-03-14 11:58:25 Image size of job updated: 179860
	176  -  MemoryUsage of job (MB)
	179860  -  ResidentSetSize of job (KB)
...
040 (842542.021.000) 2026-03-14 12:13:16 Started transferring output files
...
040 (842542.021.000) 2026-03-14 12:13:16 Finished transferring output files
...
005 (842542.021.000) 2026-03-14 12:13:16 Job terminated.
	(1) Normal termination (return value 0)
		Usr 0 00:58:44, Sys 0 00:05:41  -  Run Remote Usage
		Usr 0 00:00:00, Sys 0 00:00:00  -  Run Local Usage
		Usr 0 00:58:44, Sys 0 00:05:41  -  Total Remote Usage
		Usr 0 00:00:00, Sys 0 00:00:00  -  Total Local Usage
	85112  -  Run Bytes Sent By Job
	1048  -  Run Bytes Received By Job
	85112  -  Total Bytes Sent By Job
	1048  -  Total Bytes Received By Job
	Partitionable Resources :    Usage  Request Allocated 
	   Cpus                 :     0.91        1         1 
	   Disk (KB)            :   144           2      2837 
	   GPUs                 :                           0 
	   Memory (MB)          :   176        1024      1100 
	   TimeExecute (s)      :  4506                       
	   TimeSlotBusy (s)     :  4507                       

	Job terminated of its own accord at 2026-03-14T03:13:16Z with exit-code 0.
...
