000 (842542.019.000) 2026-03-14 10:57:16 Job submitted from host: <155.230.23.72:9618?addrs=155.230.23.72-9618+[2407-c000-c024-0-20c-29ff-fe6a-c74b]-9618&alias=cms02.knu.ac.kr&noUDP&sock=schedd_1497_655d>
...
040 (842542.019.000) 2026-03-14 10:58:09 Started transferring input files
	Transferring to host: <155.230.21.75:9618?addrs=155.230.21.75-9618+[2407-c000-c025--21-75]-9618&alias=cluster275.knu.ac.kr&noUDP&sock=slot1_3_1504_7436_6684>
...
040 (842542.019.000) 2026-03-14 10:58:09 Finished transferring input files
...
001 (842542.019.000) 2026-03-14 10:58:10 Job executing on host: <155.230.21.75:9618?addrs=155.230.21.75-9618+[2407-c000-c025--21-75]-9618&alias=cluster275.knu.ac.kr&noUDP&sock=startd_1094_f8b2>
	SlotName: slot1_3@cluster275.knu.ac.kr
	CondorScratchDir = "/home/condor/dir_1776999"
	Cpus = 1
	Disk = 2841
	GPUs = 0
	Memory = 1100
...
006 (842542.019.000) 2026-03-14 10:58:19 Image size of job updated: 94912
	93  -  MemoryUsage of job (MB)
	94912  -  ResidentSetSize of job (KB)
...
006 (842542.019.000) 2026-03-14 11:03:20 Image size of job updated: 185980
	182  -  MemoryUsage of job (MB)
	185980  -  ResidentSetSize of job (KB)
...
006 (842542.019.000) 2026-03-14 11:08:20 Image size of job updated: 186076
	182  -  MemoryUsage of job (MB)
	186076  -  ResidentSetSize of job (KB)
...
040 (842542.019.000) 2026-03-15 22:10:48 Started transferring output files
...
040 (842542.019.000) 2026-03-15 22:10:48 Finished transferring output files
...
005 (842542.019.000) 2026-03-15 22:10:48 Job terminated.
	(1) Normal termination (return value 0)
		Usr 0 00:50:49, Sys 0 00:07:25  -  Run Remote Usage
		Usr 0 00:00:00, Sys 0 00:00:00  -  Run Local Usage
		Usr 0 00:50:49, Sys 0 00:07:25  -  Total Remote Usage
		Usr 0 00:00:00, Sys 0 00:00:00  -  Total Local Usage
	89175  -  Run Bytes Sent By Job
	1048  -  Run Bytes Received By Job
	89175  -  Total Bytes Sent By Job
	1048  -  Total Bytes Received By Job
	Partitionable Resources :     Usage  Request Allocated 
	   Cpus                 :      0.23        1         1 
	   Disk (KB)            :    148           2      2841 
	   GPUs                 :                            0 
	   Memory (MB)          :    182        1024      1100 
	   TimeExecute (s)      : 126758                       
	   TimeSlotBusy (s)     : 126759                       

	Job terminated of its own accord at 2026-03-15T13:10:48Z with exit-code 0.
...
