000 (842542.026.000) 2026-03-14 10:57:17 Job submitted from host: <155.230.23.72:9618?addrs=155.230.23.72-9618+[2407-c000-c024-0-20c-29ff-fe6a-c74b]-9618&alias=cms02.knu.ac.kr&noUDP&sock=schedd_1497_655d>
...
040 (842542.026.000) 2026-03-14 10:58:11 Started transferring input files
	Transferring to host: <155.230.21.91:9618?addrs=155.230.21.91-9618+[2407-c000-c025--21-91]-9618&alias=cluster291.knu.ac.kr&noUDP&sock=slot1_4_1826_5503_2371>
...
040 (842542.026.000) 2026-03-14 10:58:11 Finished transferring input files
...
001 (842542.026.000) 2026-03-14 10:58:12 Job executing on host: <155.230.21.91:9618?addrs=155.230.21.91-9618+[2407-c000-c025--21-91]-9618&alias=cluster291.knu.ac.kr&noUDP&sock=startd_1327_ca44>
	SlotName: slot1_4@cluster291.knu.ac.kr
	CondorScratchDir = "/home/condor/dir_2742804"
	Cpus = 1
	Disk = 2831
	GPUs = 0
	Memory = 1100
...
006 (842542.026.000) 2026-03-14 10:58:21 Image size of job updated: 95604
	94  -  MemoryUsage of job (MB)
	95604  -  ResidentSetSize of job (KB)
...
006 (842542.026.000) 2026-03-14 11:03:22 Image size of job updated: 182572
	179  -  MemoryUsage of job (MB)
	182572  -  ResidentSetSize of job (KB)
...
006 (842542.026.000) 2026-03-14 11:08:23 Image size of job updated: 185260
	181  -  MemoryUsage of job (MB)
	185260  -  ResidentSetSize of job (KB)
...
006 (842542.026.000) 2026-03-14 11:28:25 Image size of job updated: 185612
	182  -  MemoryUsage of job (MB)
	185612  -  ResidentSetSize of job (KB)
...
040 (842542.026.000) 2026-03-14 12:05:28 Started transferring output files
...
040 (842542.026.000) 2026-03-14 12:05:28 Finished transferring output files
...
005 (842542.026.000) 2026-03-14 12:05:28 Job terminated.
	(1) Normal termination (return value 0)
		Usr 0 00:51:45, Sys 0 00:07:17  -  Run Remote Usage
		Usr 0 00:00:00, Sys 0 00:00:00  -  Run Local Usage
		Usr 0 00:51:45, Sys 0 00:07:17  -  Total Remote Usage
		Usr 0 00:00:00, Sys 0 00:00:00  -  Total Local Usage
	109316  -  Run Bytes Sent By Job
	1048  -  Run Bytes Received By Job
	109316  -  Total Bytes Sent By Job
	1048  -  Total Bytes Received By Job
	Partitionable Resources :    Usage  Request Allocated 
	   Cpus                 :     0.96        1         1 
	   Disk (KB)            :   168           2      2831 
	   GPUs                 :                           0 
	   Memory (MB)          :   182        1024      1100 
	   TimeExecute (s)      :  4036                       
	   TimeSlotBusy (s)     :  4037                       

	Job terminated of its own accord at 2026-03-14T03:05:28Z with exit-code 0.
...
