000 (842542.022.000) 2026-03-14 10:57:17 Job submitted from host: <155.230.23.72:9618?addrs=155.230.23.72-9618+[2407-c000-c024-0-20c-29ff-fe6a-c74b]-9618&alias=cms02.knu.ac.kr&noUDP&sock=schedd_1497_655d>
...
040 (842542.022.000) 2026-03-14 10:58:11 Started transferring input files
	Transferring to host: <155.230.21.112:9618?addrs=155.230.21.112-9618+[2407-c000-c025--21-112]-9618&alias=cluster312.knu.ac.kr&noUDP&sock=slot1_4_1717_881f_2682>
...
040 (842542.022.000) 2026-03-14 10:58:11 Finished transferring input files
...
001 (842542.022.000) 2026-03-14 10:58:12 Job executing on host: <155.230.21.112:9618?addrs=155.230.21.112-9618+[2407-c000-c025--21-112]-9618&alias=cluster312.knu.ac.kr&noUDP&sock=startd_1274_6fbf>
	SlotName: slot1_4@cluster312.knu.ac.kr
	CondorScratchDir = "/home/condor/dir_1859239"
	Cpus = 1
	Disk = 2838
	GPUs = 0
	Memory = 1100
...
006 (842542.022.000) 2026-03-14 10:58:20 Image size of job updated: 95120
	93  -  MemoryUsage of job (MB)
	95120  -  ResidentSetSize of job (KB)
...
006 (842542.022.000) 2026-03-14 11:03:20 Image size of job updated: 183096
	179  -  MemoryUsage of job (MB)
	183096  -  ResidentSetSize of job (KB)
...
006 (842542.022.000) 2026-03-14 11:08:21 Image size of job updated: 183748
	180  -  MemoryUsage of job (MB)
	183748  -  ResidentSetSize of job (KB)
...
006 (842542.022.000) 2026-03-14 11:13:22 Image size of job updated: 183892
	180  -  MemoryUsage of job (MB)
	183892  -  ResidentSetSize of job (KB)
...
006 (842542.022.000) 2026-03-14 11:18:22 Image size of job updated: 186340
	182  -  MemoryUsage of job (MB)
	186340  -  ResidentSetSize of job (KB)
...
040 (842542.022.000) 2026-03-14 12:19:07 Started transferring output files
...
040 (842542.022.000) 2026-03-14 12:19:07 Finished transferring output files
...
005 (842542.022.000) 2026-03-14 12:19:07 Job terminated.
	(1) Normal termination (return value 0)
		Usr 0 01:04:51, Sys 0 00:08:02  -  Run Remote Usage
		Usr 0 00:00:00, Sys 0 00:00:00  -  Run Local Usage
		Usr 0 01:04:51, Sys 0 00:08:02  -  Total Remote Usage
		Usr 0 00:00:00, Sys 0 00:00:00  -  Total Local Usage
	116459  -  Run Bytes Sent By Job
	1048  -  Run Bytes Received By Job
	116459  -  Total Bytes Sent By Job
	1048  -  Total Bytes Received By Job
	Partitionable Resources :    Usage  Request Allocated 
	   Cpus                 :     0.98        1         1 
	   Disk (KB)            :   175           2      2838 
	   GPUs                 :                           0 
	   Memory (MB)          :   182        1024      1100 
	   TimeExecute (s)      :  4855                       
	   TimeSlotBusy (s)     :  4856                       

	Job terminated of its own accord at 2026-03-14T03:19:07Z with exit-code 0.
...
