000 (842542.015.000) 2026-03-14 10:57:16 Job submitted from host: <155.230.23.72:9618?addrs=155.230.23.72-9618+[2407-c000-c024-0-20c-29ff-fe6a-c74b]-9618&alias=cms02.knu.ac.kr&noUDP&sock=schedd_1497_655d>
...
040 (842542.015.000) 2026-03-14 10:58:07 Started transferring input files
	Transferring to host: <155.230.21.86:9618?addrs=155.230.21.86-9618+[2407-c000-c025--21-86]-9618&alias=cluster286.knu.ac.kr&noUDP&sock=slot1_3_1752_3140_2610>
...
040 (842542.015.000) 2026-03-14 10:58:07 Finished transferring input files
...
001 (842542.015.000) 2026-03-14 10:58:08 Job executing on host: <155.230.21.86:9618?addrs=155.230.21.86-9618+[2407-c000-c025--21-86]-9618&alias=cluster286.knu.ac.kr&noUDP&sock=startd_1252_58a9>
	SlotName: slot1_3@cluster286.knu.ac.kr
	CondorScratchDir = "/home/condor/dir_2172510"
	Cpus = 1
	Disk = 2818
	GPUs = 0
	Memory = 1100
...
006 (842542.015.000) 2026-03-14 10:58:17 Image size of job updated: 97024
	95  -  MemoryUsage of job (MB)
	97024  -  ResidentSetSize of job (KB)
...
006 (842542.015.000) 2026-03-14 11:03:18 Image size of job updated: 183560
	180  -  MemoryUsage of job (MB)
	183560  -  ResidentSetSize of job (KB)
...
006 (842542.015.000) 2026-03-14 11:08:19 Image size of job updated: 184104
	180  -  MemoryUsage of job (MB)
	184104  -  ResidentSetSize of job (KB)
...
006 (842542.015.000) 2026-03-14 11:18:19 Image size of job updated: 184312
	180  -  MemoryUsage of job (MB)
	184312  -  ResidentSetSize of job (KB)
...
006 (842542.015.000) 2026-03-14 11:23:20 Image size of job updated: 186692
	183  -  MemoryUsage of job (MB)
	186692  -  ResidentSetSize of job (KB)
...
040 (842542.015.000) 2026-03-14 12:14:26 Started transferring output files
...
040 (842542.015.000) 2026-03-14 12:14:26 Finished transferring output files
...
005 (842542.015.000) 2026-03-14 12:14:26 Job terminated.
	(1) Normal termination (return value 0)
		Usr 0 00:57:24, Sys 0 00:07:51  -  Run Remote Usage
		Usr 0 00:00:00, Sys 0 00:00:00  -  Run Local Usage
		Usr 0 00:57:24, Sys 0 00:07:51  -  Total Remote Usage
		Usr 0 00:00:00, Sys 0 00:00:00  -  Total Local Usage
	114139  -  Run Bytes Sent By Job
	1048  -  Run Bytes Received By Job
	114139  -  Total Bytes Sent By Job
	1048  -  Total Bytes Received By Job
	Partitionable Resources :    Usage  Request Allocated 
	   Cpus                 :     0.91        1         1 
	   Disk (KB)            :   173           2      2818 
	   GPUs                 :                           0 
	   Memory (MB)          :   183        1024      1100 
	   TimeExecute (s)      :  4578                       
	   TimeSlotBusy (s)     :  4579                       

	Job terminated of its own accord at 2026-03-14T03:14:26Z with exit-code 0.
...
