000 (842542.001.000) 2026-03-14 10:57:16 Job submitted from host: <155.230.23.72:9618?addrs=155.230.23.72-9618+[2407-c000-c024-0-20c-29ff-fe6a-c74b]-9618&alias=cms02.knu.ac.kr&noUDP&sock=schedd_1497_655d>
...
040 (842542.001.000) 2026-03-14 10:58:01 Started transferring input files
	Transferring to host: <155.230.21.78:9618?addrs=155.230.21.78-9618+[2407-c000-c025--21-78]-9618&alias=cluster278.knu.ac.kr&noUDP&sock=slot1_5_1721_599f_3834>
...
040 (842542.001.000) 2026-03-14 10:58:01 Finished transferring input files
...
001 (842542.001.000) 2026-03-14 10:58:02 Job executing on host: <155.230.21.78:9618?addrs=155.230.21.78-9618+[2407-c000-c025--21-78]-9618&alias=cluster278.knu.ac.kr&noUDP&sock=startd_1324_bb7b>
	SlotName: slot1_5@cluster278.knu.ac.kr
	CondorScratchDir = "/home/condor/dir_4164956"
	Cpus = 1
	Disk = 2830
	GPUs = 0
	Memory = 1100
...
006 (842542.001.000) 2026-03-14 10:58:11 Image size of job updated: 95328
	94  -  MemoryUsage of job (MB)
	95328  -  ResidentSetSize of job (KB)
...
006 (842542.001.000) 2026-03-14 11:03:12 Image size of job updated: 183832
	180  -  MemoryUsage of job (MB)
	183832  -  ResidentSetSize of job (KB)
...
006 (842542.001.000) 2026-03-14 11:08:13 Image size of job updated: 185444
	182  -  MemoryUsage of job (MB)
	185444  -  ResidentSetSize of job (KB)
...
006 (842542.001.000) 2026-03-14 11:13:13 Image size of job updated: 186616
	183  -  MemoryUsage of job (MB)
	186616  -  ResidentSetSize of job (KB)
...
040 (842542.001.000) 2026-03-14 12:02:19 Started transferring output files
...
040 (842542.001.000) 2026-03-14 12:02:19 Finished transferring output files
...
005 (842542.001.000) 2026-03-14 12:02:19 Job terminated.
	(1) Normal termination (return value 0)
		Usr 0 00:46:34, Sys 0 00:06:30  -  Run Remote Usage
		Usr 0 00:00:00, Sys 0 00:00:00  -  Run Local Usage
		Usr 0 00:46:34, Sys 0 00:06:30  -  Total Remote Usage
		Usr 0 00:00:00, Sys 0 00:00:00  -  Total Local Usage
	95958  -  Run Bytes Sent By Job
	1048  -  Run Bytes Received By Job
	95958  -  Total Bytes Sent By Job
	1048  -  Total Bytes Received By Job
	Partitionable Resources :    Usage  Request Allocated 
	   Cpus                 :     0.89        1         1 
	   Disk (KB)            :   155           2      2830 
	   GPUs                 :                           0 
	   Memory (MB)          :   183        1024      1100 
	   TimeExecute (s)      :  3857                       
	   TimeSlotBusy (s)     :  3858                       

	Job terminated of its own accord at 2026-03-14T03:02:19Z with exit-code 0.
...
