000 (842542.006.000) 2026-03-14 10:57:16 Job submitted from host: <155.230.23.72:9618?addrs=155.230.23.72-9618+[2407-c000-c024-0-20c-29ff-fe6a-c74b]-9618&alias=cms02.knu.ac.kr&noUDP&sock=schedd_1497_655d>
...
040 (842542.006.000) 2026-03-14 10:58:05 Started transferring input files
	Transferring to host: <155.230.21.74:9618?addrs=155.230.21.74-9618+[2407-c000-c025--21-74]-9618&alias=cluster274.knu.ac.kr&noUDP&sock=slot1_5_1519_05d7_1327>
...
040 (842542.006.000) 2026-03-14 10:58:05 Finished transferring input files
...
001 (842542.006.000) 2026-03-14 10:58:06 Job executing on host: <155.230.21.74:9618?addrs=155.230.21.74-9618+[2407-c000-c025--21-74]-9618&alias=cluster274.knu.ac.kr&noUDP&sock=startd_1101_c5dc>
	SlotName: slot1_5@cluster274.knu.ac.kr
	CondorScratchDir = "/home/condor/dir_2209908"
	Cpus = 1
	Disk = 2830
	GPUs = 0
	Memory = 1100
...
006 (842542.006.000) 2026-03-14 10:58:15 Image size of job updated: 95516
	94  -  MemoryUsage of job (MB)
	95516  -  ResidentSetSize of job (KB)
...
006 (842542.006.000) 2026-03-14 11:03:16 Image size of job updated: 181728
	178  -  MemoryUsage of job (MB)
	181728  -  ResidentSetSize of job (KB)
...
006 (842542.006.000) 2026-03-14 11:08:17 Image size of job updated: 185572
	182  -  MemoryUsage of job (MB)
	185572  -  ResidentSetSize of job (KB)
...
040 (842542.006.000) 2026-03-16 01:06:23 Started transferring output files
...
040 (842542.006.000) 2026-03-16 01:06:23 Finished transferring output files
...
005 (842542.006.000) 2026-03-16 01:06:23 Job terminated.
	(1) Normal termination (return value 0)
		Usr 0 01:17:52, Sys 0 00:10:59  -  Run Remote Usage
		Usr 0 00:00:00, Sys 0 00:00:00  -  Run Local Usage
		Usr 0 01:17:52, Sys 0 00:10:59  -  Total Remote Usage
		Usr 0 00:00:00, Sys 0 00:00:00  -  Total Local Usage
	113472  -  Run Bytes Sent By Job
	1048  -  Run Bytes Received By Job
	113472  -  Total Bytes Sent By Job
	1048  -  Total Bytes Received By Job
	Partitionable Resources :     Usage  Request Allocated 
	   Cpus                 :      0.07        1         1 
	   Disk (KB)            :    172           2      2830 
	   GPUs                 :                            0 
	   Memory (MB)          :    182        1024      1100 
	   TimeExecute (s)      : 137297                       
	   TimeSlotBusy (s)     : 137298                       

	Job terminated of its own accord at 2026-03-15T16:06:23Z with exit-code 0.
...
