000 (842542.025.000) 2026-03-14 10:57:17 Job submitted from host: <155.230.23.72:9618?addrs=155.230.23.72-9618+[2407-c000-c024-0-20c-29ff-fe6a-c74b]-9618&alias=cms02.knu.ac.kr&noUDP&sock=schedd_1497_655d>
...
040 (842542.025.000) 2026-03-14 10:58:16 Started transferring input files
	Transferring to host: <155.230.21.85:9618?addrs=155.230.21.85-9618+[2407-c000-c025--21-85]-9618&alias=cluster285.knu.ac.kr&noUDP&sock=slot1_4_1828_bdc3_2378>
...
040 (842542.025.000) 2026-03-14 10:58:16 Finished transferring input files
...
001 (842542.025.000) 2026-03-14 10:58:17 Job executing on host: <155.230.21.85:9618?addrs=155.230.21.85-9618+[2407-c000-c025--21-85]-9618&alias=cluster285.knu.ac.kr&noUDP&sock=startd_1273_c026>
	SlotName: slot1_4@cluster285.knu.ac.kr
	CondorScratchDir = "/home/condor/dir_2051006"
	Cpus = 1
	Disk = 2827
	GPUs = 0
	Memory = 1100
...
006 (842542.025.000) 2026-03-14 10:58:26 Image size of job updated: 95284
	94  -  MemoryUsage of job (MB)
	95284  -  ResidentSetSize of job (KB)
...
006 (842542.025.000) 2026-03-14 11:03:27 Image size of job updated: 182408
	179  -  MemoryUsage of job (MB)
	182408  -  ResidentSetSize of job (KB)
...
006 (842542.025.000) 2026-03-14 11:08:28 Image size of job updated: 184732
	181  -  MemoryUsage of job (MB)
	184732  -  ResidentSetSize of job (KB)
...
006 (842542.025.000) 2026-03-14 11:13:28 Image size of job updated: 184744
	181  -  MemoryUsage of job (MB)
	184744  -  ResidentSetSize of job (KB)
...
006 (842542.025.000) 2026-03-14 11:18:29 Image size of job updated: 184936
	181  -  MemoryUsage of job (MB)
	184936  -  ResidentSetSize of job (KB)
...
006 (842542.025.000) 2026-03-14 11:23:30 Image size of job updated: 187316
	183  -  MemoryUsage of job (MB)
	187316  -  ResidentSetSize of job (KB)
...
040 (842542.025.000) 2026-03-14 12:12:56 Started transferring output files
...
040 (842542.025.000) 2026-03-14 12:12:56 Finished transferring output files
...
005 (842542.025.000) 2026-03-14 12:12:56 Job terminated.
	(1) Normal termination (return value 0)
		Usr 0 00:58:44, Sys 0 00:07:14  -  Run Remote Usage
		Usr 0 00:00:00, Sys 0 00:00:00  -  Run Local Usage
		Usr 0 00:58:44, Sys 0 00:07:14  -  Total Remote Usage
		Usr 0 00:00:00, Sys 0 00:00:00  -  Total Local Usage
	109141  -  Run Bytes Sent By Job
	1048  -  Run Bytes Received By Job
	109141  -  Total Bytes Sent By Job
	1048  -  Total Bytes Received By Job
	Partitionable Resources :    Usage  Request Allocated 
	   Cpus                 :     0.95        1         1 
	   Disk (KB)            :   168           2      2827 
	   GPUs                 :                           0 
	   Memory (MB)          :   183        1024      1100 
	   TimeExecute (s)      :  4479                       
	   TimeSlotBusy (s)     :  4480                       

	Job terminated of its own accord at 2026-03-14T03:12:56Z with exit-code 0.
...
