000 (842542.030.000) 2026-03-14 10:57:17 Job submitted from host: <155.230.23.72:9618?addrs=155.230.23.72-9618+[2407-c000-c024-0-20c-29ff-fe6a-c74b]-9618&alias=cms02.knu.ac.kr&noUDP&sock=schedd_1497_655d>
...
040 (842542.030.000) 2026-03-14 10:58:19 Started transferring input files
	Transferring to host: <155.230.21.97:9618?addrs=155.230.21.97-9618+[2407-c000-c025--21-97]-9618&alias=cluster297.knu.ac.kr&noUDP&sock=slot1_3_1830_2683_1921>
...
040 (842542.030.000) 2026-03-14 10:58:19 Finished transferring input files
...
001 (842542.030.000) 2026-03-14 10:58:20 Job executing on host: <155.230.21.97:9618?addrs=155.230.21.97-9618+[2407-c000-c025--21-97]-9618&alias=cluster297.knu.ac.kr&noUDP&sock=startd_1246_3b18>
	SlotName: slot1_3@cluster297.knu.ac.kr
	CondorScratchDir = "/home/condor/dir_2781794"
	Cpus = 1
	Disk = 2048
	GPUs = 0
	Memory = 1100
...
006 (842542.030.000) 2026-03-14 10:58:29 Image size of job updated: 95216
	93  -  MemoryUsage of job (MB)
	95216  -  ResidentSetSize of job (KB)
...
006 (842542.030.000) 2026-03-14 11:03:30 Image size of job updated: 186888
	181  -  MemoryUsage of job (MB)
	185088  -  ResidentSetSize of job (KB)
...
006 (842542.030.000) 2026-03-14 11:23:33 Image size of job updated: 186888
	181  -  MemoryUsage of job (MB)
	185240  -  ResidentSetSize of job (KB)
...
040 (842542.030.000) 2026-03-14 11:46:40 Started transferring output files
...
040 (842542.030.000) 2026-03-14 11:46:40 Finished transferring output files
...
005 (842542.030.000) 2026-03-14 11:46:40 Job terminated.
	(1) Normal termination (return value 0)
		Usr 0 00:38:42, Sys 0 00:04:02  -  Run Remote Usage
		Usr 0 00:00:00, Sys 0 00:00:00  -  Run Local Usage
		Usr 0 00:38:42, Sys 0 00:04:02  -  Total Remote Usage
		Usr 0 00:00:00, Sys 0 00:00:00  -  Total Local Usage
	65239  -  Run Bytes Sent By Job
	1048  -  Run Bytes Received By Job
	65239  -  Total Bytes Sent By Job
	1048  -  Total Bytes Received By Job
	Partitionable Resources :    Usage  Request Allocated 
	   Cpus                 :     0.96        1         1 
	   Disk (KB)            :   125           2      2048 
	   GPUs                 :                           0 
	   Memory (MB)          :   181        1024      1100 
	   TimeExecute (s)      :  2900                       
	   TimeSlotBusy (s)     :  2901                       

	Job terminated of its own accord at 2026-03-14T02:46:40Z with exit-code 0.
...
