000 (842542.014.000) 2026-03-14 10:57:16 Job submitted from host: <155.230.23.72:9618?addrs=155.230.23.72-9618+[2407-c000-c024-0-20c-29ff-fe6a-c74b]-9618&alias=cms02.knu.ac.kr&noUDP&sock=schedd_1497_655d>
...
040 (842542.014.000) 2026-03-14 10:58:07 Started transferring input files
	Transferring to host: <155.230.21.109:9618?addrs=155.230.21.109-9618+[2407-c000-c025--21-109]-9618&alias=cluster309.knu.ac.kr&noUDP&sock=slot1_5_2104_354f_2368>
...
040 (842542.014.000) 2026-03-14 10:58:07 Finished transferring input files
...
001 (842542.014.000) 2026-03-14 10:58:08 Job executing on host: <155.230.21.109:9618?addrs=155.230.21.109-9618+[2407-c000-c025--21-109]-9618&alias=cluster309.knu.ac.kr&noUDP&sock=startd_1656_74ec>
	SlotName: slot1_5@cluster309.knu.ac.kr
	CondorScratchDir = "/home/condor/dir_2063321"
	Cpus = 1
	Disk = 2835
	GPUs = 0
	Memory = 1100
...
006 (842542.014.000) 2026-03-14 10:58:17 Image size of job updated: 97344
	96  -  MemoryUsage of job (MB)
	97344  -  ResidentSetSize of job (KB)
...
006 (842542.014.000) 2026-03-14 11:03:18 Image size of job updated: 181892
	178  -  MemoryUsage of job (MB)
	181892  -  ResidentSetSize of job (KB)
...
006 (842542.014.000) 2026-03-14 11:08:19 Image size of job updated: 183532
	180  -  MemoryUsage of job (MB)
	183532  -  ResidentSetSize of job (KB)
...
006 (842542.014.000) 2026-03-14 11:23:20 Image size of job updated: 186120
	182  -  MemoryUsage of job (MB)
	186120  -  ResidentSetSize of job (KB)
...
040 (842542.014.000) 2026-03-14 12:30:12 Started transferring output files
...
040 (842542.014.000) 2026-03-14 12:30:12 Finished transferring output files
...
005 (842542.014.000) 2026-03-14 12:30:12 Job terminated.
	(1) Normal termination (return value 0)
		Usr 0 01:14:06, Sys 0 00:08:17  -  Run Remote Usage
		Usr 0 00:00:00, Sys 0 00:00:00  -  Run Local Usage
		Usr 0 01:14:06, Sys 0 00:08:17  -  Total Remote Usage
		Usr 0 00:00:00, Sys 0 00:00:00  -  Total Local Usage
	117684  -  Run Bytes Sent By Job
	1048  -  Run Bytes Received By Job
	117684  -  Total Bytes Sent By Job
	1048  -  Total Bytes Received By Job
	Partitionable Resources :    Usage  Request Allocated 
	   Cpus                 :     0.93        1         1 
	   Disk (KB)            :   176           2      2835 
	   GPUs                 :                           0 
	   Memory (MB)          :   182        1024      1100 
	   TimeExecute (s)      :  5524                       
	   TimeSlotBusy (s)     :  5525                       

	Job terminated of its own accord at 2026-03-14T03:30:12Z with exit-code 0.
...
