000 (842542.016.000) 2026-03-14 10:57:16 Job submitted from host: <155.230.23.72:9618?addrs=155.230.23.72-9618+[2407-c000-c024-0-20c-29ff-fe6a-c74b]-9618&alias=cms02.knu.ac.kr&noUDP&sock=schedd_1497_655d>
...
040 (842542.016.000) 2026-03-14 10:58:08 Started transferring input files
	Transferring to host: <155.230.21.87:9618?addrs=155.230.21.87-9618+[2407-c000-c025--21-87]-9618&alias=cluster287.knu.ac.kr&noUDP&sock=slot1_3_1781_a022_2279>
...
040 (842542.016.000) 2026-03-14 10:58:08 Finished transferring input files
...
001 (842542.016.000) 2026-03-14 10:58:09 Job executing on host: <155.230.21.87:9618?addrs=155.230.21.87-9618+[2407-c000-c025--21-87]-9618&alias=cluster287.knu.ac.kr&noUDP&sock=startd_1267_a295>
	SlotName: slot1_3@cluster287.knu.ac.kr
	CondorScratchDir = "/home/condor/dir_1578016"
	Cpus = 1
	Disk = 2841
	GPUs = 0
	Memory = 1100
...
006 (842542.016.000) 2026-03-14 10:58:17 Image size of job updated: 95804
	94  -  MemoryUsage of job (MB)
	95804  -  ResidentSetSize of job (KB)
...
006 (842542.016.000) 2026-03-14 11:03:17 Image size of job updated: 184724
	181  -  MemoryUsage of job (MB)
	184724  -  ResidentSetSize of job (KB)
...
006 (842542.016.000) 2026-03-14 11:08:18 Image size of job updated: 185040
	181  -  MemoryUsage of job (MB)
	185040  -  ResidentSetSize of job (KB)
...
040 (842542.016.000) 2026-03-14 12:10:32 Started transferring output files
...
040 (842542.016.000) 2026-03-14 12:10:32 Finished transferring output files
...
005 (842542.016.000) 2026-03-14 12:10:32 Job terminated.
	(1) Normal termination (return value 0)
		Usr 0 00:55:31, Sys 0 00:06:55  -  Run Remote Usage
		Usr 0 00:00:00, Sys 0 00:00:00  -  Run Local Usage
		Usr 0 00:55:31, Sys 0 00:06:55  -  Total Remote Usage
		Usr 0 00:00:00, Sys 0 00:00:00  -  Total Local Usage
	103980  -  Run Bytes Sent By Job
	1048  -  Run Bytes Received By Job
	103980  -  Total Bytes Sent By Job
	1048  -  Total Bytes Received By Job
	Partitionable Resources :    Usage  Request Allocated 
	   Cpus                 :     0.96        1         1 
	   Disk (KB)            :   163           2      2841 
	   GPUs                 :                           0 
	   Memory (MB)          :   181        1024      1100 
	   TimeExecute (s)      :  4343                       
	   TimeSlotBusy (s)     :  4344                       

	Job terminated of its own accord at 2026-03-14T03:10:32Z with exit-code 0.
...
