000 (842542.011.000) 2026-03-14 10:57:16 Job submitted from host: <155.230.23.72:9618?addrs=155.230.23.72-9618+[2407-c000-c024-0-20c-29ff-fe6a-c74b]-9618&alias=cms02.knu.ac.kr&noUDP&sock=schedd_1497_655d>
...
040 (842542.011.000) 2026-03-14 10:58:13 Started transferring input files
	Transferring to host: <155.230.21.81:9618?addrs=155.230.21.81-9618+[2407-c000-c025--21-81]-9618&alias=cluster281.knu.ac.kr&noUDP&sock=slot1_3_1771_9461_2521>
...
040 (842542.011.000) 2026-03-14 10:58:13 Finished transferring input files
...
001 (842542.011.000) 2026-03-14 10:58:14 Job executing on host: <155.230.21.81:9618?addrs=155.230.21.81-9618+[2407-c000-c025--21-81]-9618&alias=cluster281.knu.ac.kr&noUDP&sock=startd_1338_55ce>
	SlotName: slot1_3@cluster281.knu.ac.kr
	CondorScratchDir = "/home/condor/dir_1659955"
	Cpus = 1
	Disk = 2836
	GPUs = 0
	Memory = 1100
...
006 (842542.011.000) 2026-03-14 10:58:23 Image size of job updated: 96512
	95  -  MemoryUsage of job (MB)
	96512  -  ResidentSetSize of job (KB)
...
006 (842542.011.000) 2026-03-14 11:03:23 Image size of job updated: 184792
	181  -  MemoryUsage of job (MB)
	184792  -  ResidentSetSize of job (KB)
...
006 (842542.011.000) 2026-03-14 11:08:23 Image size of job updated: 185388
	182  -  MemoryUsage of job (MB)
	185388  -  ResidentSetSize of job (KB)
...
040 (842542.011.000) 2026-03-14 12:22:24 Started transferring output files
...
040 (842542.011.000) 2026-03-14 12:22:24 Finished transferring output files
...
005 (842542.011.000) 2026-03-14 12:22:24 Job terminated.
	(1) Normal termination (return value 0)
		Usr 0 01:06:25, Sys 0 00:08:00  -  Run Remote Usage
		Usr 0 00:00:00, Sys 0 00:00:00  -  Run Local Usage
		Usr 0 01:06:25, Sys 0 00:08:00  -  Total Remote Usage
		Usr 0 00:00:00, Sys 0 00:00:00  -  Total Local Usage
	117218  -  Run Bytes Sent By Job
	1048  -  Run Bytes Received By Job
	117218  -  Total Bytes Sent By Job
	1048  -  Total Bytes Received By Job
	Partitionable Resources :    Usage  Request Allocated 
	   Cpus                 :     0.86        1         1 
	   Disk (KB)            :   176           2      2836 
	   GPUs                 :                           0 
	   Memory (MB)          :   182        1024      1100 
	   TimeExecute (s)      :  5050                       
	   TimeSlotBusy (s)     :  5051                       

	Job terminated of its own accord at 2026-03-14T03:22:24Z with exit-code 0.
...
