000 (842542.005.000) 2026-03-14 10:57:16 Job submitted from host: <155.230.23.72:9618?addrs=155.230.23.72-9618+[2407-c000-c024-0-20c-29ff-fe6a-c74b]-9618&alias=cms02.knu.ac.kr&noUDP&sock=schedd_1497_655d>
...
040 (842542.005.000) 2026-03-14 10:58:05 Started transferring input files
	Transferring to host: <155.230.21.106:9618?addrs=155.230.21.106-9618+[2407-c000-c025--21-106]-9618&alias=cluster306.knu.ac.kr&noUDP&sock=slot1_4_1861_fe25_3212>
...
040 (842542.005.000) 2026-03-14 10:58:05 Finished transferring input files
...
001 (842542.005.000) 2026-03-14 10:58:06 Job executing on host: <155.230.21.106:9618?addrs=155.230.21.106-9618+[2407-c000-c025--21-106]-9618&alias=cluster306.knu.ac.kr&noUDP&sock=startd_1495_062d>
	SlotName: slot1_4@cluster306.knu.ac.kr
	CondorScratchDir = "/home/condor/dir_2803103"
	Cpus = 1
	Disk = 2833
	GPUs = 0
	Memory = 1100
...
006 (842542.005.000) 2026-03-14 10:58:15 Image size of job updated: 96532
	95  -  MemoryUsage of job (MB)
	96532  -  ResidentSetSize of job (KB)
...
006 (842542.005.000) 2026-03-14 11:03:17 Image size of job updated: 182432
	179  -  MemoryUsage of job (MB)
	182432  -  ResidentSetSize of job (KB)
...
006 (842542.005.000) 2026-03-14 11:08:17 Image size of job updated: 183784
	180  -  MemoryUsage of job (MB)
	183784  -  ResidentSetSize of job (KB)
...
006 (842542.005.000) 2026-03-14 11:13:17 Image size of job updated: 183796
	180  -  MemoryUsage of job (MB)
	183796  -  ResidentSetSize of job (KB)
...
040 (842542.005.000) 2026-03-14 12:35:22 Started transferring output files
...
040 (842542.005.000) 2026-03-14 12:35:22 Finished transferring output files
...
005 (842542.005.000) 2026-03-14 12:35:22 Job terminated.
	(1) Normal termination (return value 0)
		Usr 0 01:21:14, Sys 0 00:08:02  -  Run Remote Usage
		Usr 0 00:00:00, Sys 0 00:00:00  -  Run Local Usage
		Usr 0 01:21:14, Sys 0 00:08:02  -  Total Remote Usage
		Usr 0 00:00:00, Sys 0 00:00:00  -  Total Local Usage
	113250  -  Run Bytes Sent By Job
	1048  -  Run Bytes Received By Job
	113250  -  Total Bytes Sent By Job
	1048  -  Total Bytes Received By Job
	Partitionable Resources :    Usage  Request Allocated 
	   Cpus                 :     0.97        1         1 
	   Disk (KB)            :   172           2      2833 
	   GPUs                 :                           0 
	   Memory (MB)          :   180        1024      1100 
	   TimeExecute (s)      :  5836                       
	   TimeSlotBusy (s)     :  5837                       

	Job terminated of its own accord at 2026-03-14T03:35:22Z with exit-code 0.
...
