000 (842542.020.000) 2026-03-14 10:57:17 Job submitted from host: <155.230.23.72:9618?addrs=155.230.23.72-9618+[2407-c000-c024-0-20c-29ff-fe6a-c74b]-9618&alias=cms02.knu.ac.kr&noUDP&sock=schedd_1497_655d>
...
040 (842542.020.000) 2026-03-14 10:58:09 Started transferring input files
	Transferring to host: <155.230.21.88:9618?addrs=155.230.21.88-9618+[2407-c000-c025--21-88]-9618&alias=cluster288.knu.ac.kr&noUDP&sock=slot1_3_1915_0a67_3163>
...
040 (842542.020.000) 2026-03-14 10:58:09 Finished transferring input files
...
001 (842542.020.000) 2026-03-14 10:58:10 Job executing on host: <155.230.21.88:9618?addrs=155.230.21.88-9618+[2407-c000-c025--21-88]-9618&alias=cluster288.knu.ac.kr&noUDP&sock=startd_1361_1c7c>
	SlotName: slot1_3@cluster288.knu.ac.kr
	CondorScratchDir = "/home/condor/dir_2354973"
	Cpus = 1
	Disk = 2766
	GPUs = 0
	Memory = 1100
...
006 (842542.020.000) 2026-03-14 10:58:19 Image size of job updated: 96444
	95  -  MemoryUsage of job (MB)
	96444  -  ResidentSetSize of job (KB)
...
006 (842542.020.000) 2026-03-14 11:03:20 Image size of job updated: 183104
	179  -  MemoryUsage of job (MB)
	183104  -  ResidentSetSize of job (KB)
...
006 (842542.020.000) 2026-03-14 11:08:20 Image size of job updated: 183664
	180  -  MemoryUsage of job (MB)
	183664  -  ResidentSetSize of job (KB)
...
006 (842542.020.000) 2026-03-14 11:38:22 Image size of job updated: 183876
	180  -  MemoryUsage of job (MB)
	183876  -  ResidentSetSize of job (KB)
...
006 (842542.020.000) 2026-03-14 11:43:22 Image size of job updated: 186256
	182  -  MemoryUsage of job (MB)
	186256  -  ResidentSetSize of job (KB)
...
040 (842542.020.000) 2026-03-14 12:07:59 Started transferring output files
...
040 (842542.020.000) 2026-03-14 12:07:59 Finished transferring output files
...
005 (842542.020.000) 2026-03-14 12:07:59 Job terminated.
	(1) Normal termination (return value 0)
		Usr 0 00:53:21, Sys 0 00:06:56  -  Run Remote Usage
		Usr 0 00:00:00, Sys 0 00:00:00  -  Run Local Usage
		Usr 0 00:53:21, Sys 0 00:06:56  -  Total Remote Usage
		Usr 0 00:00:00, Sys 0 00:00:00  -  Total Local Usage
	104830  -  Run Bytes Sent By Job
	1048  -  Run Bytes Received By Job
	104830  -  Total Bytes Sent By Job
	1048  -  Total Bytes Received By Job
	Partitionable Resources :    Usage  Request Allocated 
	   Cpus                 :     0.93        1         1 
	   Disk (KB)            :   164           2      2766 
	   GPUs                 :                           0 
	   Memory (MB)          :   182        1024      1100 
	   TimeExecute (s)      :  4189                       
	   TimeSlotBusy (s)     :  4190                       

	Job terminated of its own accord at 2026-03-14T03:07:59Z with exit-code 0.
...
