000 (842542.018.000) 2026-03-14 10:57:16 Job submitted from host: <155.230.23.72:9618?addrs=155.230.23.72-9618+[2407-c000-c024-0-20c-29ff-fe6a-c74b]-9618&alias=cms02.knu.ac.kr&noUDP&sock=schedd_1497_655d>
...
040 (842542.018.000) 2026-03-14 10:58:08 Started transferring input files
	Transferring to host: <155.230.21.143:9618?addrs=155.230.21.143-9618+[2407-c000-c025--21-143]-9618&alias=cluster343.knu.ac.kr&noUDP&sock=slot1_10_3647_642d_3771>
...
040 (842542.018.000) 2026-03-14 10:58:08 Finished transferring input files
...
001 (842542.018.000) 2026-03-14 10:58:09 Job executing on host: <155.230.21.143:9618?addrs=155.230.21.143-9618+[2407-c000-c025--21-143]-9618&alias=cluster343.knu.ac.kr&noUDP&sock=startd_2896_fe5c>
	SlotName: slot1_10@cluster343.knu.ac.kr
	CondorScratchDir = "/home/condor/dir_3429008"
	Cpus = 1
	Disk = 2838
	GPUs = 0
	Memory = 1100
...
006 (842542.018.000) 2026-03-14 10:58:18 Image size of job updated: 95248
	94  -  MemoryUsage of job (MB)
	95248  -  ResidentSetSize of job (KB)
...
006 (842542.018.000) 2026-03-14 11:03:19 Image size of job updated: 183724
	179  -  MemoryUsage of job (MB)
	182692  -  ResidentSetSize of job (KB)
...
006 (842542.018.000) 2026-03-14 11:08:20 Image size of job updated: 183724
	179  -  MemoryUsage of job (MB)
	182964  -  ResidentSetSize of job (KB)
...
040 (842542.018.000) 2026-03-14 11:48:29 Started transferring output files
...
040 (842542.018.000) 2026-03-14 11:48:29 Finished transferring output files
...
005 (842542.018.000) 2026-03-14 11:48:29 Job terminated.
	(1) Normal termination (return value 0)
		Usr 0 00:35:04, Sys 0 00:04:54  -  Run Remote Usage
		Usr 0 00:00:00, Sys 0 00:00:00  -  Run Local Usage
		Usr 0 00:35:04, Sys 0 00:04:54  -  Total Remote Usage
		Usr 0 00:00:00, Sys 0 00:00:00  -  Total Local Usage
	76443  -  Run Bytes Sent By Job
	1048  -  Run Bytes Received By Job
	76443  -  Total Bytes Sent By Job
	1048  -  Total Bytes Received By Job
	Partitionable Resources :    Usage  Request Allocated 
	   Cpus                 :     0.87        1         1 
	   Disk (KB)            :   136           2      2838 
	   GPUs                 :                           0 
	   Memory (MB)          :   179        1024      1100 
	   TimeExecute (s)      :  3020                       
	   TimeSlotBusy (s)     :  3021                       

	Job terminated of its own accord at 2026-03-14T02:48:29Z with exit-code 0.
...
