000 (842542.017.000) 2026-03-14 10:57:16 Job submitted from host: <155.230.23.72:9618?addrs=155.230.23.72-9618+[2407-c000-c024-0-20c-29ff-fe6a-c74b]-9618&alias=cms02.knu.ac.kr&noUDP&sock=schedd_1497_655d>
...
040 (842542.017.000) 2026-03-14 10:58:08 Started transferring input files
	Transferring to host: <155.230.21.90:9618?addrs=155.230.21.90-9618+[2407-c000-c025--21-90]-9618&alias=cluster290.knu.ac.kr&noUDP&sock=slot1_3_1800_0342_345>
...
040 (842542.017.000) 2026-03-14 10:58:08 Finished transferring input files
...
001 (842542.017.000) 2026-03-14 10:58:09 Job executing on host: <155.230.21.90:9618?addrs=155.230.21.90-9618+[2407-c000-c025--21-90]-9618&alias=cluster290.knu.ac.kr&noUDP&sock=startd_1278_2e20>
	SlotName: slot1_3@cluster290.knu.ac.kr
	CondorScratchDir = "/home/condor/dir_378970"
	Cpus = 1
	Disk = 2824
	GPUs = 0
	Memory = 1100
...
006 (842542.017.000) 2026-03-14 10:58:18 Image size of job updated: 95520
	94  -  MemoryUsage of job (MB)
	95520  -  ResidentSetSize of job (KB)
...
006 (842542.017.000) 2026-03-14 11:03:19 Image size of job updated: 183220
	179  -  MemoryUsage of job (MB)
	183220  -  ResidentSetSize of job (KB)
...
006 (842542.017.000) 2026-03-14 11:08:20 Image size of job updated: 183244
	179  -  MemoryUsage of job (MB)
	183220  -  ResidentSetSize of job (KB)
...
040 (842542.017.000) 2026-03-14 11:40:35 Started transferring output files
...
040 (842542.017.000) 2026-03-14 11:40:35 Finished transferring output files
...
005 (842542.017.000) 2026-03-14 11:40:35 Job terminated.
	(1) Normal termination (return value 0)
		Usr 0 00:30:43, Sys 0 00:04:11  -  Run Remote Usage
		Usr 0 00:00:00, Sys 0 00:00:00  -  Run Local Usage
		Usr 0 00:30:43, Sys 0 00:04:11  -  Total Remote Usage
		Usr 0 00:00:00, Sys 0 00:00:00  -  Total Local Usage
	68668  -  Run Bytes Sent By Job
	1048  -  Run Bytes Received By Job
	68668  -  Total Bytes Sent By Job
	1048  -  Total Bytes Received By Job
	Partitionable Resources :    Usage  Request Allocated 
	   Cpus                 :     0.80        1         1 
	   Disk (KB)            :   128           2      2824 
	   GPUs                 :                           0 
	   Memory (MB)          :   179        1024      1100 
	   TimeExecute (s)      :  2546                       
	   TimeSlotBusy (s)     :  2547                       

	Job terminated of its own accord at 2026-03-14T02:40:34Z with exit-code 0.
...
