000 (842542.003.000) 2026-03-14 10:57:16 Job submitted from host: <155.230.23.72:9618?addrs=155.230.23.72-9618+[2407-c000-c024-0-20c-29ff-fe6a-c74b]-9618&alias=cms02.knu.ac.kr&noUDP&sock=schedd_1497_655d>
...
040 (842542.003.000) 2026-03-14 10:58:02 Started transferring input files
	Transferring to host: <155.230.21.73:9618?addrs=155.230.21.73-9618+[2407-c000-c025--21-73]-9618&alias=cluster273.knu.ac.kr&noUDP&sock=slot1_4_1561_9d99_7712>
...
040 (842542.003.000) 2026-03-14 10:58:02 Finished transferring input files
...
001 (842542.003.000) 2026-03-14 10:58:05 Job executing on host: <155.230.21.73:9618?addrs=155.230.21.73-9618+[2407-c000-c025--21-73]-9618&alias=cluster273.knu.ac.kr&noUDP&sock=startd_1131_59b4>
	SlotName: slot1_4@cluster273.knu.ac.kr
	CondorScratchDir = "/home/condor/dir_61063"
	Cpus = 1
	Disk = 2819
	GPUs = 0
	Memory = 1100
...
006 (842542.003.000) 2026-03-14 10:58:13 Image size of job updated: 6560
	7  -  MemoryUsage of job (MB)
	6560  -  ResidentSetSize of job (KB)
...
006 (842542.003.000) 2026-03-14 11:03:13 Image size of job updated: 183432
	180  -  MemoryUsage of job (MB)
	183432  -  ResidentSetSize of job (KB)
...
006 (842542.003.000) 2026-03-14 11:08:14 Image size of job updated: 185824
	182  -  MemoryUsage of job (MB)
	185824  -  ResidentSetSize of job (KB)
...
006 (842542.003.000) 2026-03-14 11:13:15 Image size of job updated: 186308
	182  -  MemoryUsage of job (MB)
	186308  -  ResidentSetSize of job (KB)
...
040 (842542.003.000) 2026-03-15 23:52:32 Started transferring output files
...
040 (842542.003.000) 2026-03-15 23:52:32 Finished transferring output files
...
005 (842542.003.000) 2026-03-15 23:52:32 Job terminated.
	(1) Normal termination (return value 0)
		Usr 0 01:06:02, Sys 0 00:09:25  -  Run Remote Usage
		Usr 0 00:00:00, Sys 0 00:00:00  -  Run Local Usage
		Usr 0 01:06:02, Sys 0 00:09:25  -  Total Remote Usage
		Usr 0 00:00:00, Sys 0 00:00:00  -  Total Local Usage
	103995  -  Run Bytes Sent By Job
	1048  -  Run Bytes Received By Job
	103995  -  Total Bytes Sent By Job
	1048  -  Total Bytes Received By Job
	Partitionable Resources :     Usage  Request Allocated 
	   Cpus                 :      0.08        1         1 
	   Disk (KB)            :    163           2      2819 
	   GPUs                 :                            0 
	   Memory (MB)          :    182        1024      1100 
	   TimeExecute (s)      : 132869                       
	   TimeSlotBusy (s)     : 132870                       

	Job terminated of its own accord at 2026-03-15T14:52:32Z with exit-code 0.
...
