000 (842542.013.000) 2026-03-14 10:57:16 Job submitted from host: <155.230.23.72:9618?addrs=155.230.23.72-9618+[2407-c000-c024-0-20c-29ff-fe6a-c74b]-9618&alias=cms02.knu.ac.kr&noUDP&sock=schedd_1497_655d>
...
040 (842542.013.000) 2026-03-14 10:58:13 Started transferring input files
	Transferring to host: <155.230.21.118:9618?addrs=155.230.21.118-9618+[2407-c000-c025--21-118]-9618&alias=cluster318.knu.ac.kr&noUDP&sock=slot1_7_2186_fc12_3179>
...
040 (842542.013.000) 2026-03-14 10:58:13 Finished transferring input files
...
001 (842542.013.000) 2026-03-14 10:58:15 Job executing on host: <155.230.21.118:9618?addrs=155.230.21.118-9618+[2407-c000-c025--21-118]-9618&alias=cluster318.knu.ac.kr&noUDP&sock=startd_1764_8927>
	SlotName: slot1_7@cluster318.knu.ac.kr
	CondorScratchDir = "/home/condor/dir_1362461"
	Cpus = 1
	Disk = 2822
	GPUs = 0
	Memory = 1100
...
006 (842542.013.000) 2026-03-14 10:58:23 Image size of job updated: 96864
	95  -  MemoryUsage of job (MB)
	96864  -  ResidentSetSize of job (KB)
...
006 (842542.013.000) 2026-03-14 11:03:23 Image size of job updated: 182408
	179  -  MemoryUsage of job (MB)
	182408  -  ResidentSetSize of job (KB)
...
006 (842542.013.000) 2026-03-14 11:08:23 Image size of job updated: 183108
	179  -  MemoryUsage of job (MB)
	183108  -  ResidentSetSize of job (KB)
...
040 (842542.013.000) 2026-03-14 12:25:55 Started transferring output files
...
040 (842542.013.000) 2026-03-14 12:25:55 Finished transferring output files
...
005 (842542.013.000) 2026-03-14 12:25:55 Job terminated.
	(1) Normal termination (return value 0)
		Usr 0 01:10:41, Sys 0 00:08:12  -  Run Remote Usage
		Usr 0 00:00:00, Sys 0 00:00:00  -  Run Local Usage
		Usr 0 01:10:41, Sys 0 00:08:12  -  Total Remote Usage
		Usr 0 00:00:00, Sys 0 00:00:00  -  Total Local Usage
	119007  -  Run Bytes Sent By Job
	1048  -  Run Bytes Received By Job
	119007  -  Total Bytes Sent By Job
	1048  -  Total Bytes Received By Job
	Partitionable Resources :    Usage  Request Allocated 
	   Cpus                 :     0.94        1         1 
	   Disk (KB)            :   178           2      2822 
	   GPUs                 :                           0 
	   Memory (MB)          :   179        1024      1100 
	   TimeExecute (s)      :  5261                       
	   TimeSlotBusy (s)     :  5262                       

	Job terminated of its own accord at 2026-03-14T03:25:55Z with exit-code 0.
...
