=== Data_SingleElectron_Run2016F Sample Processing Summary ===
Timestamp: 2025-06-11 16:13:23
Total root files: 248
Files per list: 10
List files created: 25

=== Root files distribution ===
List file 1: 10 root files
List file 2: 10 root files
List file 3: 10 root files
List file 4: 10 root files
List file 5: 10 root files
List file 6: 10 root files
List file 7: 10 root files
List file 8: 10 root files
List file 9: 10 root files
List file 10: 10 root files
List file 11: 10 root files
List file 12: 10 root files
List file 13: 10 root files
List file 14: 10 root files
List file 15: 10 root files
List file 16: 10 root files
List file 17: 10 root files
List file 18: 10 root files
List file 19: 10 root files
List file 20: 10 root files
List file 21: 10 root files
List file 22: 10 root files
List file 23: 10 root files
List file 24: 10 root files
List file 25: 8 root files

=== All root files ===
   1. dcap://cluster142.knu.ac.kr//pnfs/knu.ac.kr/data/cms/store/user/dongwoon/UL20NanoAOD/2016PostVFP/2016PostVFP/Data/SingleElectron/SingleElectron_Run2016F/250421_015819/0000/tree_100.root
   2. dcap://cluster142.knu.ac.kr//pnfs/knu.ac.kr/data/cms/store/user/dongwoon/UL20NanoAOD/2016PostVFP/2016PostVFP/Data/SingleElectron/SingleElectron_Run2016F/250421_015819/0000/tree_101.root
   3. dcap://cluster142.knu.ac.kr//pnfs/knu.ac.kr/data/cms/store/user/dongwoon/UL20NanoAOD/2016PostVFP/2016PostVFP/Data/SingleElectron/SingleElectron_Run2016F/250421_015819/0000/tree_102.root
   4. dcap://cluster142.knu.ac.kr//pnfs/knu.ac.kr/data/cms/store/user/dongwoon/UL20NanoAOD/2016PostVFP/2016PostVFP/Data/SingleElectron/SingleElectron_Run2016F/250421_015819/0000/tree_103.root
   5. dcap://cluster142.knu.ac.kr//pnfs/knu.ac.kr/data/cms/store/user/dongwoon/UL20NanoAOD/2016PostVFP/2016PostVFP/Data/SingleElectron/SingleElectron_Run2016F/250421_015819/0000/tree_104.root
   6. dcap://cluster142.knu.ac.kr//pnfs/knu.ac.kr/data/cms/store/user/dongwoon/UL20NanoAOD/2016PostVFP/2016PostVFP/Data/SingleElectron/SingleElectron_Run2016F/250421_015819/0000/tree_105.root
   7. dcap://cluster142.knu.ac.kr//pnfs/knu.ac.kr/data/cms/store/user/dongwoon/UL20NanoAOD/2016PostVFP/2016PostVFP/Data/SingleElectron/SingleElectron_Run2016F/250421_015819/0000/tree_106.root
   8. dcap://cluster142.knu.ac.kr//pnfs/knu.ac.kr/data/cms/store/user/dongwoon/UL20NanoAOD/2016PostVFP/2016PostVFP/Data/SingleElectron/SingleElectron_Run2016F/250421_015819/0000/tree_107.root
   9. dcap://cluster142.knu.ac.kr//pnfs/knu.ac.kr/data/cms/store/user/dongwoon/UL20NanoAOD/2016PostVFP/2016PostVFP/Data/SingleElectron/SingleElectron_Run2016F/250421_015819/0000/tree_108.root
  10. dcap://cluster142.knu.ac.kr//pnfs/knu.ac.kr/data/cms/store/user/dongwoon/UL20NanoAOD/2016PostVFP/2016PostVFP/Data/SingleElectron/SingleElectron_Run2016F/250421_015819/0000/tree_109.root
  11. dcap://cluster142.knu.ac.kr//pnfs/knu.ac.kr/data/cms/store/user/dongwoon/UL20NanoAOD/2016PostVFP/2016PostVFP/Data/SingleElectron/SingleElectron_Run2016F/250421_015819/0000/tree_10.root
  12. dcap://cluster142.knu.ac.kr//pnfs/knu.ac.kr/data/cms/store/user/dongwoon/UL20NanoAOD/2016PostVFP/2016PostVFP/Data/SingleElectron/SingleElectron_Run2016F/250421_015819/0000/tree_110.root
  13. dcap://cluster142.knu.ac.kr//pnfs/knu.ac.kr/data/cms/store/user/dongwoon/UL20NanoAOD/2016PostVFP/2016PostVFP/Data/SingleElectron/SingleElectron_Run2016F/250421_015819/0000/tree_111.root
  14. dcap://cluster142.knu.ac.kr//pnfs/knu.ac.kr/data/cms/store/user/dongwoon/UL20NanoAOD/2016PostVFP/2016PostVFP/Data/SingleElectron/SingleElectron_Run2016F/250421_015819/0000/tree_112.root
  15. dcap://cluster142.knu.ac.kr//pnfs/knu.ac.kr/data/cms/store/user/dongwoon/UL20NanoAOD/2016PostVFP/2016PostVFP/Data/SingleElectron/SingleElectron_Run2016F/250421_015819/0000/tree_113.root
  16. dcap://cluster142.knu.ac.kr//pnfs/knu.ac.kr/data/cms/store/user/dongwoon/UL20NanoAOD/2016PostVFP/2016PostVFP/Data/SingleElectron/SingleElectron_Run2016F/250421_015819/0000/tree_114.root
  17. dcap://cluster142.knu.ac.kr//pnfs/knu.ac.kr/data/cms/store/user/dongwoon/UL20NanoAOD/2016PostVFP/2016PostVFP/Data/SingleElectron/SingleElectron_Run2016F/250421_015819/0000/tree_115.root
  18. dcap://cluster142.knu.ac.kr//pnfs/knu.ac.kr/data/cms/store/user/dongwoon/UL20NanoAOD/2016PostVFP/2016PostVFP/Data/SingleElectron/SingleElectron_Run2016F/250421_015819/0000/tree_116.root
  19. dcap://cluster142.knu.ac.kr//pnfs/knu.ac.kr/data/cms/store/user/dongwoon/UL20NanoAOD/2016PostVFP/2016PostVFP/Data/SingleElectron/SingleElectron_Run2016F/250421_015819/0000/tree_117.root
  20. dcap://cluster142.knu.ac.kr//pnfs/knu.ac.kr/data/cms/store/user/dongwoon/UL20NanoAOD/2016PostVFP/2016PostVFP/Data/SingleElectron/SingleElectron_Run2016F/250421_015819/0000/tree_118.root
  21. dcap://cluster142.knu.ac.kr//pnfs/knu.ac.kr/data/cms/store/user/dongwoon/UL20NanoAOD/2016PostVFP/2016PostVFP/Data/SingleElectron/SingleElectron_Run2016F/250421_015819/0000/tree_119.root
  22. dcap://cluster142.knu.ac.kr//pnfs/knu.ac.kr/data/cms/store/user/dongwoon/UL20NanoAOD/2016PostVFP/2016PostVFP/Data/SingleElectron/SingleElectron_Run2016F/250421_015819/0000/tree_11.root
  23. dcap://cluster142.knu.ac.kr//pnfs/knu.ac.kr/data/cms/store/user/dongwoon/UL20NanoAOD/2016PostVFP/2016PostVFP/Data/SingleElectron/SingleElectron_Run2016F/250421_015819/0000/tree_120.root
  24. dcap://cluster142.knu.ac.kr//pnfs/knu.ac.kr/data/cms/store/user/dongwoon/UL20NanoAOD/2016PostVFP/2016PostVFP/Data/SingleElectron/SingleElectron_Run2016F/250421_015819/0000/tree_121.root
  25. dcap://cluster142.knu.ac.kr//pnfs/knu.ac.kr/data/cms/store/user/dongwoon/UL20NanoAOD/2016PostVFP/2016PostVFP/Data/SingleElectron/SingleElectron_Run2016F/250421_015819/0000/tree_122.root
  26. dcap://cluster142.knu.ac.kr//pnfs/knu.ac.kr/data/cms/store/user/dongwoon/UL20NanoAOD/2016PostVFP/2016PostVFP/Data/SingleElectron/SingleElectron_Run2016F/250421_015819/0000/tree_123.root
  27. dcap://cluster142.knu.ac.kr//pnfs/knu.ac.kr/data/cms/store/user/dongwoon/UL20NanoAOD/2016PostVFP/2016PostVFP/Data/SingleElectron/SingleElectron_Run2016F/250421_015819/0000/tree_124.root
  28. dcap://cluster142.knu.ac.kr//pnfs/knu.ac.kr/data/cms/store/user/dongwoon/UL20NanoAOD/2016PostVFP/2016PostVFP/Data/SingleElectron/SingleElectron_Run2016F/250421_015819/0000/tree_125.root
  29. dcap://cluster142.knu.ac.kr//pnfs/knu.ac.kr/data/cms/store/user/dongwoon/UL20NanoAOD/2016PostVFP/2016PostVFP/Data/SingleElectron/SingleElectron_Run2016F/250421_015819/0000/tree_126.root
  30. dcap://cluster142.knu.ac.kr//pnfs/knu.ac.kr/data/cms/store/user/dongwoon/UL20NanoAOD/2016PostVFP/2016PostVFP/Data/SingleElectron/SingleElectron_Run2016F/250421_015819/0000/tree_127.root
  31. dcap://cluster142.knu.ac.kr//pnfs/knu.ac.kr/data/cms/store/user/dongwoon/UL20NanoAOD/2016PostVFP/2016PostVFP/Data/SingleElectron/SingleElectron_Run2016F/250421_015819/0000/tree_128.root
  32. dcap://cluster142.knu.ac.kr//pnfs/knu.ac.kr/data/cms/store/user/dongwoon/UL20NanoAOD/2016PostVFP/2016PostVFP/Data/SingleElectron/SingleElectron_Run2016F/250421_015819/0000/tree_129.root
  33. dcap://cluster142.knu.ac.kr//pnfs/knu.ac.kr/data/cms/store/user/dongwoon/UL20NanoAOD/2016PostVFP/2016PostVFP/Data/SingleElectron/SingleElectron_Run2016F/250421_015819/0000/tree_12.root
  34. dcap://cluster142.knu.ac.kr//pnfs/knu.ac.kr/data/cms/store/user/dongwoon/UL20NanoAOD/2016PostVFP/2016PostVFP/Data/SingleElectron/SingleElectron_Run2016F/250421_015819/0000/tree_130.root
  35. dcap://cluster142.knu.ac.kr//pnfs/knu.ac.kr/data/cms/store/user/dongwoon/UL20NanoAOD/2016PostVFP/2016PostVFP/Data/SingleElectron/SingleElectron_Run2016F/250421_015819/0000/tree_131.root
  36. dcap://cluster142.knu.ac.kr//pnfs/knu.ac.kr/data/cms/store/user/dongwoon/UL20NanoAOD/2016PostVFP/2016PostVFP/Data/SingleElectron/SingleElectron_Run2016F/250421_015819/0000/tree_132.root
  37. dcap://cluster142.knu.ac.kr//pnfs/knu.ac.kr/data/cms/store/user/dongwoon/UL20NanoAOD/2016PostVFP/2016PostVFP/Data/SingleElectron/SingleElectron_Run2016F/250421_015819/0000/tree_133.root
  38. dcap://cluster142.knu.ac.kr//pnfs/knu.ac.kr/data/cms/store/user/dongwoon/UL20NanoAOD/2016PostVFP/2016PostVFP/Data/SingleElectron/SingleElectron_Run2016F/250421_015819/0000/tree_134.root
  39. dcap://cluster142.knu.ac.kr//pnfs/knu.ac.kr/data/cms/store/user/dongwoon/UL20NanoAOD/2016PostVFP/2016PostVFP/Data/SingleElectron/SingleElectron_Run2016F/250421_015819/0000/tree_135.root
  40. dcap://cluster142.knu.ac.kr//pnfs/knu.ac.kr/data/cms/store/user/dongwoon/UL20NanoAOD/2016PostVFP/2016PostVFP/Data/SingleElectron/SingleElectron_Run2016F/250421_015819/0000/tree_136.root
  41. dcap://cluster142.knu.ac.kr//pnfs/knu.ac.kr/data/cms/store/user/dongwoon/UL20NanoAOD/2016PostVFP/2016PostVFP/Data/SingleElectron/SingleElectron_Run2016F/250421_015819/0000/tree_137.root
  42. dcap://cluster142.knu.ac.kr//pnfs/knu.ac.kr/data/cms/store/user/dongwoon/UL20NanoAOD/2016PostVFP/2016PostVFP/Data/SingleElectron/SingleElectron_Run2016F/250421_015819/0000/tree_138.root
  43. dcap://cluster142.knu.ac.kr//pnfs/knu.ac.kr/data/cms/store/user/dongwoon/UL20NanoAOD/2016PostVFP/2016PostVFP/Data/SingleElectron/SingleElectron_Run2016F/250421_015819/0000/tree_139.root
  44. dcap://cluster142.knu.ac.kr//pnfs/knu.ac.kr/data/cms/store/user/dongwoon/UL20NanoAOD/2016PostVFP/2016PostVFP/Data/SingleElectron/SingleElectron_Run2016F/250421_015819/0000/tree_13.root
  45. dcap://cluster142.knu.ac.kr//pnfs/knu.ac.kr/data/cms/store/user/dongwoon/UL20NanoAOD/2016PostVFP/2016PostVFP/Data/SingleElectron/SingleElectron_Run2016F/250421_015819/0000/tree_140.root
  46. dcap://cluster142.knu.ac.kr//pnfs/knu.ac.kr/data/cms/store/user/dongwoon/UL20NanoAOD/2016PostVFP/2016PostVFP/Data/SingleElectron/SingleElectron_Run2016F/250421_015819/0000/tree_141.root
  47. dcap://cluster142.knu.ac.kr//pnfs/knu.ac.kr/data/cms/store/user/dongwoon/UL20NanoAOD/2016PostVFP/2016PostVFP/Data/SingleElectron/SingleElectron_Run2016F/250421_015819/0000/tree_142.root
  48. dcap://cluster142.knu.ac.kr//pnfs/knu.ac.kr/data/cms/store/user/dongwoon/UL20NanoAOD/2016PostVFP/2016PostVFP/Data/SingleElectron/SingleElectron_Run2016F/250421_015819/0000/tree_143.root
  49. dcap://cluster142.knu.ac.kr//pnfs/knu.ac.kr/data/cms/store/user/dongwoon/UL20NanoAOD/2016PostVFP/2016PostVFP/Data/SingleElectron/SingleElectron_Run2016F/250421_015819/0000/tree_144.root
  50. dcap://cluster142.knu.ac.kr//pnfs/knu.ac.kr/data/cms/store/user/dongwoon/UL20NanoAOD/2016PostVFP/2016PostVFP/Data/SingleElectron/SingleElectron_Run2016F/250421_015819/0000/tree_145.root
  51. dcap://cluster142.knu.ac.kr//pnfs/knu.ac.kr/data/cms/store/user/dongwoon/UL20NanoAOD/2016PostVFP/2016PostVFP/Data/SingleElectron/SingleElectron_Run2016F/250421_015819/0000/tree_146.root
  52. dcap://cluster142.knu.ac.kr//pnfs/knu.ac.kr/data/cms/store/user/dongwoon/UL20NanoAOD/2016PostVFP/2016PostVFP/Data/SingleElectron/SingleElectron_Run2016F/250421_015819/0000/tree_147.root
  53. dcap://cluster142.knu.ac.kr//pnfs/knu.ac.kr/data/cms/store/user/dongwoon/UL20NanoAOD/2016PostVFP/2016PostVFP/Data/SingleElectron/SingleElectron_Run2016F/250421_015819/0000/tree_148.root
  54. dcap://cluster142.knu.ac.kr//pnfs/knu.ac.kr/data/cms/store/user/dongwoon/UL20NanoAOD/2016PostVFP/2016PostVFP/Data/SingleElectron/SingleElectron_Run2016F/250421_015819/0000/tree_149.root
  55. dcap://cluster142.knu.ac.kr//pnfs/knu.ac.kr/data/cms/store/user/dongwoon/UL20NanoAOD/2016PostVFP/2016PostVFP/Data/SingleElectron/SingleElectron_Run2016F/250421_015819/0000/tree_14.root
  56. dcap://cluster142.knu.ac.kr//pnfs/knu.ac.kr/data/cms/store/user/dongwoon/UL20NanoAOD/2016PostVFP/2016PostVFP/Data/SingleElectron/SingleElectron_Run2016F/250421_015819/0000/tree_150.root
  57. dcap://cluster142.knu.ac.kr//pnfs/knu.ac.kr/data/cms/store/user/dongwoon/UL20NanoAOD/2016PostVFP/2016PostVFP/Data/SingleElectron/SingleElectron_Run2016F/250421_015819/0000/tree_151.root
  58. dcap://cluster142.knu.ac.kr//pnfs/knu.ac.kr/data/cms/store/user/dongwoon/UL20NanoAOD/2016PostVFP/2016PostVFP/Data/SingleElectron/SingleElectron_Run2016F/250421_015819/0000/tree_152.root
  59. dcap://cluster142.knu.ac.kr//pnfs/knu.ac.kr/data/cms/store/user/dongwoon/UL20NanoAOD/2016PostVFP/2016PostVFP/Data/SingleElectron/SingleElectron_Run2016F/250421_015819/0000/tree_153.root
  60. dcap://cluster142.knu.ac.kr//pnfs/knu.ac.kr/data/cms/store/user/dongwoon/UL20NanoAOD/2016PostVFP/2016PostVFP/Data/SingleElectron/SingleElectron_Run2016F/250421_015819/0000/tree_154.root
  61. dcap://cluster142.knu.ac.kr//pnfs/knu.ac.kr/data/cms/store/user/dongwoon/UL20NanoAOD/2016PostVFP/2016PostVFP/Data/SingleElectron/SingleElectron_Run2016F/250421_015819/0000/tree_155.root
  62. dcap://cluster142.knu.ac.kr//pnfs/knu.ac.kr/data/cms/store/user/dongwoon/UL20NanoAOD/2016PostVFP/2016PostVFP/Data/SingleElectron/SingleElectron_Run2016F/250421_015819/0000/tree_156.root
  63. dcap://cluster142.knu.ac.kr//pnfs/knu.ac.kr/data/cms/store/user/dongwoon/UL20NanoAOD/2016PostVFP/2016PostVFP/Data/SingleElectron/SingleElectron_Run2016F/250421_015819/0000/tree_157.root
  64. dcap://cluster142.knu.ac.kr//pnfs/knu.ac.kr/data/cms/store/user/dongwoon/UL20NanoAOD/2016PostVFP/2016PostVFP/Data/SingleElectron/SingleElectron_Run2016F/250421_015819/0000/tree_158.root
  65. dcap://cluster142.knu.ac.kr//pnfs/knu.ac.kr/data/cms/store/user/dongwoon/UL20NanoAOD/2016PostVFP/2016PostVFP/Data/SingleElectron/SingleElectron_Run2016F/250421_015819/0000/tree_159.root
  66. dcap://cluster142.knu.ac.kr//pnfs/knu.ac.kr/data/cms/store/user/dongwoon/UL20NanoAOD/2016PostVFP/2016PostVFP/Data/SingleElectron/SingleElectron_Run2016F/250421_015819/0000/tree_15.root
  67. dcap://cluster142.knu.ac.kr//pnfs/knu.ac.kr/data/cms/store/user/dongwoon/UL20NanoAOD/2016PostVFP/2016PostVFP/Data/SingleElectron/SingleElectron_Run2016F/250421_015819/0000/tree_160.root
  68. dcap://cluster142.knu.ac.kr//pnfs/knu.ac.kr/data/cms/store/user/dongwoon/UL20NanoAOD/2016PostVFP/2016PostVFP/Data/SingleElectron/SingleElectron_Run2016F/250421_015819/0000/tree_161.root
  69. dcap://cluster142.knu.ac.kr//pnfs/knu.ac.kr/data/cms/store/user/dongwoon/UL20NanoAOD/2016PostVFP/2016PostVFP/Data/SingleElectron/SingleElectron_Run2016F/250421_015819/0000/tree_162.root
  70. dcap://cluster142.knu.ac.kr//pnfs/knu.ac.kr/data/cms/store/user/dongwoon/UL20NanoAOD/2016PostVFP/2016PostVFP/Data/SingleElectron/SingleElectron_Run2016F/250421_015819/0000/tree_163.root
  71. dcap://cluster142.knu.ac.kr//pnfs/knu.ac.kr/data/cms/store/user/dongwoon/UL20NanoAOD/2016PostVFP/2016PostVFP/Data/SingleElectron/SingleElectron_Run2016F/250421_015819/0000/tree_164.root
  72. dcap://cluster142.knu.ac.kr//pnfs/knu.ac.kr/data/cms/store/user/dongwoon/UL20NanoAOD/2016PostVFP/2016PostVFP/Data/SingleElectron/SingleElectron_Run2016F/250421_015819/0000/tree_165.root
  73. dcap://cluster142.knu.ac.kr//pnfs/knu.ac.kr/data/cms/store/user/dongwoon/UL20NanoAOD/2016PostVFP/2016PostVFP/Data/SingleElectron/SingleElectron_Run2016F/250421_015819/0000/tree_166.root
  74. dcap://cluster142.knu.ac.kr//pnfs/knu.ac.kr/data/cms/store/user/dongwoon/UL20NanoAOD/2016PostVFP/2016PostVFP/Data/SingleElectron/SingleElectron_Run2016F/250421_015819/0000/tree_167.root
  75. dcap://cluster142.knu.ac.kr//pnfs/knu.ac.kr/data/cms/store/user/dongwoon/UL20NanoAOD/2016PostVFP/2016PostVFP/Data/SingleElectron/SingleElectron_Run2016F/250421_015819/0000/tree_168.root
  76. dcap://cluster142.knu.ac.kr//pnfs/knu.ac.kr/data/cms/store/user/dongwoon/UL20NanoAOD/2016PostVFP/2016PostVFP/Data/SingleElectron/SingleElectron_Run2016F/250421_015819/0000/tree_169.root
  77. dcap://cluster142.knu.ac.kr//pnfs/knu.ac.kr/data/cms/store/user/dongwoon/UL20NanoAOD/2016PostVFP/2016PostVFP/Data/SingleElectron/SingleElectron_Run2016F/250421_015819/0000/tree_16.root
  78. dcap://cluster142.knu.ac.kr//pnfs/knu.ac.kr/data/cms/store/user/dongwoon/UL20NanoAOD/2016PostVFP/2016PostVFP/Data/SingleElectron/SingleElectron_Run2016F/250421_015819/0000/tree_170.root
  79. dcap://cluster142.knu.ac.kr//pnfs/knu.ac.kr/data/cms/store/user/dongwoon/UL20NanoAOD/2016PostVFP/2016PostVFP/Data/SingleElectron/SingleElectron_Run2016F/250421_015819/0000/tree_171.root
  80. dcap://cluster142.knu.ac.kr//pnfs/knu.ac.kr/data/cms/store/user/dongwoon/UL20NanoAOD/2016PostVFP/2016PostVFP/Data/SingleElectron/SingleElectron_Run2016F/250421_015819/0000/tree_172.root
  81. dcap://cluster142.knu.ac.kr//pnfs/knu.ac.kr/data/cms/store/user/dongwoon/UL20NanoAOD/2016PostVFP/2016PostVFP/Data/SingleElectron/SingleElectron_Run2016F/250421_015819/0000/tree_173.root
  82. dcap://cluster142.knu.ac.kr//pnfs/knu.ac.kr/data/cms/store/user/dongwoon/UL20NanoAOD/2016PostVFP/2016PostVFP/Data/SingleElectron/SingleElectron_Run2016F/250421_015819/0000/tree_174.root
  83. dcap://cluster142.knu.ac.kr//pnfs/knu.ac.kr/data/cms/store/user/dongwoon/UL20NanoAOD/2016PostVFP/2016PostVFP/Data/SingleElectron/SingleElectron_Run2016F/250421_015819/0000/tree_175.root
  84. dcap://cluster142.knu.ac.kr//pnfs/knu.ac.kr/data/cms/store/user/dongwoon/UL20NanoAOD/2016PostVFP/2016PostVFP/Data/SingleElectron/SingleElectron_Run2016F/250421_015819/0000/tree_176.root
  85. dcap://cluster142.knu.ac.kr//pnfs/knu.ac.kr/data/cms/store/user/dongwoon/UL20NanoAOD/2016PostVFP/2016PostVFP/Data/SingleElectron/SingleElectron_Run2016F/250421_015819/0000/tree_177.root
  86. dcap://cluster142.knu.ac.kr//pnfs/knu.ac.kr/data/cms/store/user/dongwoon/UL20NanoAOD/2016PostVFP/2016PostVFP/Data/SingleElectron/SingleElectron_Run2016F/250421_015819/0000/tree_178.root
  87. dcap://cluster142.knu.ac.kr//pnfs/knu.ac.kr/data/cms/store/user/dongwoon/UL20NanoAOD/2016PostVFP/2016PostVFP/Data/SingleElectron/SingleElectron_Run2016F/250421_015819/0000/tree_179.root
  88. dcap://cluster142.knu.ac.kr//pnfs/knu.ac.kr/data/cms/store/user/dongwoon/UL20NanoAOD/2016PostVFP/2016PostVFP/Data/SingleElectron/SingleElectron_Run2016F/250421_015819/0000/tree_17.root
  89. dcap://cluster142.knu.ac.kr//pnfs/knu.ac.kr/data/cms/store/user/dongwoon/UL20NanoAOD/2016PostVFP/2016PostVFP/Data/SingleElectron/SingleElectron_Run2016F/250421_015819/0000/tree_180.root
  90. dcap://cluster142.knu.ac.kr//pnfs/knu.ac.kr/data/cms/store/user/dongwoon/UL20NanoAOD/2016PostVFP/2016PostVFP/Data/SingleElectron/SingleElectron_Run2016F/250421_015819/0000/tree_181.root
  91. dcap://cluster142.knu.ac.kr//pnfs/knu.ac.kr/data/cms/store/user/dongwoon/UL20NanoAOD/2016PostVFP/2016PostVFP/Data/SingleElectron/SingleElectron_Run2016F/250421_015819/0000/tree_182.root
  92. dcap://cluster142.knu.ac.kr//pnfs/knu.ac.kr/data/cms/store/user/dongwoon/UL20NanoAOD/2016PostVFP/2016PostVFP/Data/SingleElectron/SingleElectron_Run2016F/250421_015819/0000/tree_183.root
  93. dcap://cluster142.knu.ac.kr//pnfs/knu.ac.kr/data/cms/store/user/dongwoon/UL20NanoAOD/2016PostVFP/2016PostVFP/Data/SingleElectron/SingleElectron_Run2016F/250421_015819/0000/tree_184.root
  94. dcap://cluster142.knu.ac.kr//pnfs/knu.ac.kr/data/cms/store/user/dongwoon/UL20NanoAOD/2016PostVFP/2016PostVFP/Data/SingleElectron/SingleElectron_Run2016F/250421_015819/0000/tree_185.root
  95. dcap://cluster142.knu.ac.kr//pnfs/knu.ac.kr/data/cms/store/user/dongwoon/UL20NanoAOD/2016PostVFP/2016PostVFP/Data/SingleElectron/SingleElectron_Run2016F/250421_015819/0000/tree_186.root
  96. dcap://cluster142.knu.ac.kr//pnfs/knu.ac.kr/data/cms/store/user/dongwoon/UL20NanoAOD/2016PostVFP/2016PostVFP/Data/SingleElectron/SingleElectron_Run2016F/250421_015819/0000/tree_187.root
  97. dcap://cluster142.knu.ac.kr//pnfs/knu.ac.kr/data/cms/store/user/dongwoon/UL20NanoAOD/2016PostVFP/2016PostVFP/Data/SingleElectron/SingleElectron_Run2016F/250421_015819/0000/tree_188.root
  98. dcap://cluster142.knu.ac.kr//pnfs/knu.ac.kr/data/cms/store/user/dongwoon/UL20NanoAOD/2016PostVFP/2016PostVFP/Data/SingleElectron/SingleElectron_Run2016F/250421_015819/0000/tree_189.root
  99. dcap://cluster142.knu.ac.kr//pnfs/knu.ac.kr/data/cms/store/user/dongwoon/UL20NanoAOD/2016PostVFP/2016PostVFP/Data/SingleElectron/SingleElectron_Run2016F/250421_015819/0000/tree_18.root
 100. dcap://cluster142.knu.ac.kr//pnfs/knu.ac.kr/data/cms/store/user/dongwoon/UL20NanoAOD/2016PostVFP/2016PostVFP/Data/SingleElectron/SingleElectron_Run2016F/250421_015819/0000/tree_190.root
 101. dcap://cluster142.knu.ac.kr//pnfs/knu.ac.kr/data/cms/store/user/dongwoon/UL20NanoAOD/2016PostVFP/2016PostVFP/Data/SingleElectron/SingleElectron_Run2016F/250421_015819/0000/tree_191.root
 102. dcap://cluster142.knu.ac.kr//pnfs/knu.ac.kr/data/cms/store/user/dongwoon/UL20NanoAOD/2016PostVFP/2016PostVFP/Data/SingleElectron/SingleElectron_Run2016F/250421_015819/0000/tree_192.root
 103. dcap://cluster142.knu.ac.kr//pnfs/knu.ac.kr/data/cms/store/user/dongwoon/UL20NanoAOD/2016PostVFP/2016PostVFP/Data/SingleElectron/SingleElectron_Run2016F/250421_015819/0000/tree_193.root
 104. dcap://cluster142.knu.ac.kr//pnfs/knu.ac.kr/data/cms/store/user/dongwoon/UL20NanoAOD/2016PostVFP/2016PostVFP/Data/SingleElectron/SingleElectron_Run2016F/250421_015819/0000/tree_194.root
 105. dcap://cluster142.knu.ac.kr//pnfs/knu.ac.kr/data/cms/store/user/dongwoon/UL20NanoAOD/2016PostVFP/2016PostVFP/Data/SingleElectron/SingleElectron_Run2016F/250421_015819/0000/tree_195.root
 106. dcap://cluster142.knu.ac.kr//pnfs/knu.ac.kr/data/cms/store/user/dongwoon/UL20NanoAOD/2016PostVFP/2016PostVFP/Data/SingleElectron/SingleElectron_Run2016F/250421_015819/0000/tree_196.root
 107. dcap://cluster142.knu.ac.kr//pnfs/knu.ac.kr/data/cms/store/user/dongwoon/UL20NanoAOD/2016PostVFP/2016PostVFP/Data/SingleElectron/SingleElectron_Run2016F/250421_015819/0000/tree_197.root
 108. dcap://cluster142.knu.ac.kr//pnfs/knu.ac.kr/data/cms/store/user/dongwoon/UL20NanoAOD/2016PostVFP/2016PostVFP/Data/SingleElectron/SingleElectron_Run2016F/250421_015819/0000/tree_198.root
 109. dcap://cluster142.knu.ac.kr//pnfs/knu.ac.kr/data/cms/store/user/dongwoon/UL20NanoAOD/2016PostVFP/2016PostVFP/Data/SingleElectron/SingleElectron_Run2016F/250421_015819/0000/tree_199.root
 110. dcap://cluster142.knu.ac.kr//pnfs/knu.ac.kr/data/cms/store/user/dongwoon/UL20NanoAOD/2016PostVFP/2016PostVFP/Data/SingleElectron/SingleElectron_Run2016F/250421_015819/0000/tree_19.root
 111. dcap://cluster142.knu.ac.kr//pnfs/knu.ac.kr/data/cms/store/user/dongwoon/UL20NanoAOD/2016PostVFP/2016PostVFP/Data/SingleElectron/SingleElectron_Run2016F/250421_015819/0000/tree_1.root
 112. dcap://cluster142.knu.ac.kr//pnfs/knu.ac.kr/data/cms/store/user/dongwoon/UL20NanoAOD/2016PostVFP/2016PostVFP/Data/SingleElectron/SingleElectron_Run2016F/250421_015819/0000/tree_200.root
 113. dcap://cluster142.knu.ac.kr//pnfs/knu.ac.kr/data/cms/store/user/dongwoon/UL20NanoAOD/2016PostVFP/2016PostVFP/Data/SingleElectron/SingleElectron_Run2016F/250421_015819/0000/tree_201.root
 114. dcap://cluster142.knu.ac.kr//pnfs/knu.ac.kr/data/cms/store/user/dongwoon/UL20NanoAOD/2016PostVFP/2016PostVFP/Data/SingleElectron/SingleElectron_Run2016F/250421_015819/0000/tree_202.root
 115. dcap://cluster142.knu.ac.kr//pnfs/knu.ac.kr/data/cms/store/user/dongwoon/UL20NanoAOD/2016PostVFP/2016PostVFP/Data/SingleElectron/SingleElectron_Run2016F/250421_015819/0000/tree_203.root
 116. dcap://cluster142.knu.ac.kr//pnfs/knu.ac.kr/data/cms/store/user/dongwoon/UL20NanoAOD/2016PostVFP/2016PostVFP/Data/SingleElectron/SingleElectron_Run2016F/250421_015819/0000/tree_204.root
 117. dcap://cluster142.knu.ac.kr//pnfs/knu.ac.kr/data/cms/store/user/dongwoon/UL20NanoAOD/2016PostVFP/2016PostVFP/Data/SingleElectron/SingleElectron_Run2016F/250421_015819/0000/tree_205.root
 118. dcap://cluster142.knu.ac.kr//pnfs/knu.ac.kr/data/cms/store/user/dongwoon/UL20NanoAOD/2016PostVFP/2016PostVFP/Data/SingleElectron/SingleElectron_Run2016F/250421_015819/0000/tree_206.root
 119. dcap://cluster142.knu.ac.kr//pnfs/knu.ac.kr/data/cms/store/user/dongwoon/UL20NanoAOD/2016PostVFP/2016PostVFP/Data/SingleElectron/SingleElectron_Run2016F/250421_015819/0000/tree_207.root
 120. dcap://cluster142.knu.ac.kr//pnfs/knu.ac.kr/data/cms/store/user/dongwoon/UL20NanoAOD/2016PostVFP/2016PostVFP/Data/SingleElectron/SingleElectron_Run2016F/250421_015819/0000/tree_208.root
 121. dcap://cluster142.knu.ac.kr//pnfs/knu.ac.kr/data/cms/store/user/dongwoon/UL20NanoAOD/2016PostVFP/2016PostVFP/Data/SingleElectron/SingleElectron_Run2016F/250421_015819/0000/tree_209.root
 122. dcap://cluster142.knu.ac.kr//pnfs/knu.ac.kr/data/cms/store/user/dongwoon/UL20NanoAOD/2016PostVFP/2016PostVFP/Data/SingleElectron/SingleElectron_Run2016F/250421_015819/0000/tree_20.root
 123. dcap://cluster142.knu.ac.kr//pnfs/knu.ac.kr/data/cms/store/user/dongwoon/UL20NanoAOD/2016PostVFP/2016PostVFP/Data/SingleElectron/SingleElectron_Run2016F/250421_015819/0000/tree_210.root
 124. dcap://cluster142.knu.ac.kr//pnfs/knu.ac.kr/data/cms/store/user/dongwoon/UL20NanoAOD/2016PostVFP/2016PostVFP/Data/SingleElectron/SingleElectron_Run2016F/250421_015819/0000/tree_211.root
 125. dcap://cluster142.knu.ac.kr//pnfs/knu.ac.kr/data/cms/store/user/dongwoon/UL20NanoAOD/2016PostVFP/2016PostVFP/Data/SingleElectron/SingleElectron_Run2016F/250421_015819/0000/tree_212.root
 126. dcap://cluster142.knu.ac.kr//pnfs/knu.ac.kr/data/cms/store/user/dongwoon/UL20NanoAOD/2016PostVFP/2016PostVFP/Data/SingleElectron/SingleElectron_Run2016F/250421_015819/0000/tree_213.root
 127. dcap://cluster142.knu.ac.kr//pnfs/knu.ac.kr/data/cms/store/user/dongwoon/UL20NanoAOD/2016PostVFP/2016PostVFP/Data/SingleElectron/SingleElectron_Run2016F/250421_015819/0000/tree_214.root
 128. dcap://cluster142.knu.ac.kr//pnfs/knu.ac.kr/data/cms/store/user/dongwoon/UL20NanoAOD/2016PostVFP/2016PostVFP/Data/SingleElectron/SingleElectron_Run2016F/250421_015819/0000/tree_215.root
 129. dcap://cluster142.knu.ac.kr//pnfs/knu.ac.kr/data/cms/store/user/dongwoon/UL20NanoAOD/2016PostVFP/2016PostVFP/Data/SingleElectron/SingleElectron_Run2016F/250421_015819/0000/tree_216.root
 130. dcap://cluster142.knu.ac.kr//pnfs/knu.ac.kr/data/cms/store/user/dongwoon/UL20NanoAOD/2016PostVFP/2016PostVFP/Data/SingleElectron/SingleElectron_Run2016F/250421_015819/0000/tree_217.root
 131. dcap://cluster142.knu.ac.kr//pnfs/knu.ac.kr/data/cms/store/user/dongwoon/UL20NanoAOD/2016PostVFP/2016PostVFP/Data/SingleElectron/SingleElectron_Run2016F/250421_015819/0000/tree_218.root
 132. dcap://cluster142.knu.ac.kr//pnfs/knu.ac.kr/data/cms/store/user/dongwoon/UL20NanoAOD/2016PostVFP/2016PostVFP/Data/SingleElectron/SingleElectron_Run2016F/250421_015819/0000/tree_219.root
 133. dcap://cluster142.knu.ac.kr//pnfs/knu.ac.kr/data/cms/store/user/dongwoon/UL20NanoAOD/2016PostVFP/2016PostVFP/Data/SingleElectron/SingleElectron_Run2016F/250421_015819/0000/tree_21.root
 134. dcap://cluster142.knu.ac.kr//pnfs/knu.ac.kr/data/cms/store/user/dongwoon/UL20NanoAOD/2016PostVFP/2016PostVFP/Data/SingleElectron/SingleElectron_Run2016F/250421_015819/0000/tree_220.root
 135. dcap://cluster142.knu.ac.kr//pnfs/knu.ac.kr/data/cms/store/user/dongwoon/UL20NanoAOD/2016PostVFP/2016PostVFP/Data/SingleElectron/SingleElectron_Run2016F/250421_015819/0000/tree_221.root
 136. dcap://cluster142.knu.ac.kr//pnfs/knu.ac.kr/data/cms/store/user/dongwoon/UL20NanoAOD/2016PostVFP/2016PostVFP/Data/SingleElectron/SingleElectron_Run2016F/250421_015819/0000/tree_222.root
 137. dcap://cluster142.knu.ac.kr//pnfs/knu.ac.kr/data/cms/store/user/dongwoon/UL20NanoAOD/2016PostVFP/2016PostVFP/Data/SingleElectron/SingleElectron_Run2016F/250421_015819/0000/tree_223.root
 138. dcap://cluster142.knu.ac.kr//pnfs/knu.ac.kr/data/cms/store/user/dongwoon/UL20NanoAOD/2016PostVFP/2016PostVFP/Data/SingleElectron/SingleElectron_Run2016F/250421_015819/0000/tree_224.root
 139. dcap://cluster142.knu.ac.kr//pnfs/knu.ac.kr/data/cms/store/user/dongwoon/UL20NanoAOD/2016PostVFP/2016PostVFP/Data/SingleElectron/SingleElectron_Run2016F/250421_015819/0000/tree_225.root
 140. dcap://cluster142.knu.ac.kr//pnfs/knu.ac.kr/data/cms/store/user/dongwoon/UL20NanoAOD/2016PostVFP/2016PostVFP/Data/SingleElectron/SingleElectron_Run2016F/250421_015819/0000/tree_226.root
 141. dcap://cluster142.knu.ac.kr//pnfs/knu.ac.kr/data/cms/store/user/dongwoon/UL20NanoAOD/2016PostVFP/2016PostVFP/Data/SingleElectron/SingleElectron_Run2016F/250421_015819/0000/tree_227.root
 142. dcap://cluster142.knu.ac.kr//pnfs/knu.ac.kr/data/cms/store/user/dongwoon/UL20NanoAOD/2016PostVFP/2016PostVFP/Data/SingleElectron/SingleElectron_Run2016F/250421_015819/0000/tree_228.root
 143. dcap://cluster142.knu.ac.kr//pnfs/knu.ac.kr/data/cms/store/user/dongwoon/UL20NanoAOD/2016PostVFP/2016PostVFP/Data/SingleElectron/SingleElectron_Run2016F/250421_015819/0000/tree_229.root
 144. dcap://cluster142.knu.ac.kr//pnfs/knu.ac.kr/data/cms/store/user/dongwoon/UL20NanoAOD/2016PostVFP/2016PostVFP/Data/SingleElectron/SingleElectron_Run2016F/250421_015819/0000/tree_22.root
 145. dcap://cluster142.knu.ac.kr//pnfs/knu.ac.kr/data/cms/store/user/dongwoon/UL20NanoAOD/2016PostVFP/2016PostVFP/Data/SingleElectron/SingleElectron_Run2016F/250421_015819/0000/tree_230.root
 146. dcap://cluster142.knu.ac.kr//pnfs/knu.ac.kr/data/cms/store/user/dongwoon/UL20NanoAOD/2016PostVFP/2016PostVFP/Data/SingleElectron/SingleElectron_Run2016F/250421_015819/0000/tree_231.root
 147. dcap://cluster142.knu.ac.kr//pnfs/knu.ac.kr/data/cms/store/user/dongwoon/UL20NanoAOD/2016PostVFP/2016PostVFP/Data/SingleElectron/SingleElectron_Run2016F/250421_015819/0000/tree_232.root
 148. dcap://cluster142.knu.ac.kr//pnfs/knu.ac.kr/data/cms/store/user/dongwoon/UL20NanoAOD/2016PostVFP/2016PostVFP/Data/SingleElectron/SingleElectron_Run2016F/250421_015819/0000/tree_233.root
 149. dcap://cluster142.knu.ac.kr//pnfs/knu.ac.kr/data/cms/store/user/dongwoon/UL20NanoAOD/2016PostVFP/2016PostVFP/Data/SingleElectron/SingleElectron_Run2016F/250421_015819/0000/tree_234.root
 150. dcap://cluster142.knu.ac.kr//pnfs/knu.ac.kr/data/cms/store/user/dongwoon/UL20NanoAOD/2016PostVFP/2016PostVFP/Data/SingleElectron/SingleElectron_Run2016F/250421_015819/0000/tree_235.root
 151. dcap://cluster142.knu.ac.kr//pnfs/knu.ac.kr/data/cms/store/user/dongwoon/UL20NanoAOD/2016PostVFP/2016PostVFP/Data/SingleElectron/SingleElectron_Run2016F/250421_015819/0000/tree_236.root
 152. dcap://cluster142.knu.ac.kr//pnfs/knu.ac.kr/data/cms/store/user/dongwoon/UL20NanoAOD/2016PostVFP/2016PostVFP/Data/SingleElectron/SingleElectron_Run2016F/250421_015819/0000/tree_237.root
 153. dcap://cluster142.knu.ac.kr//pnfs/knu.ac.kr/data/cms/store/user/dongwoon/UL20NanoAOD/2016PostVFP/2016PostVFP/Data/SingleElectron/SingleElectron_Run2016F/250421_015819/0000/tree_238.root
 154. dcap://cluster142.knu.ac.kr//pnfs/knu.ac.kr/data/cms/store/user/dongwoon/UL20NanoAOD/2016PostVFP/2016PostVFP/Data/SingleElectron/SingleElectron_Run2016F/250421_015819/0000/tree_239.root
 155. dcap://cluster142.knu.ac.kr//pnfs/knu.ac.kr/data/cms/store/user/dongwoon/UL20NanoAOD/2016PostVFP/2016PostVFP/Data/SingleElectron/SingleElectron_Run2016F/250421_015819/0000/tree_23.root
 156. dcap://cluster142.knu.ac.kr//pnfs/knu.ac.kr/data/cms/store/user/dongwoon/UL20NanoAOD/2016PostVFP/2016PostVFP/Data/SingleElectron/SingleElectron_Run2016F/250421_015819/0000/tree_240.root
 157. dcap://cluster142.knu.ac.kr//pnfs/knu.ac.kr/data/cms/store/user/dongwoon/UL20NanoAOD/2016PostVFP/2016PostVFP/Data/SingleElectron/SingleElectron_Run2016F/250421_015819/0000/tree_241.root
 158. dcap://cluster142.knu.ac.kr//pnfs/knu.ac.kr/data/cms/store/user/dongwoon/UL20NanoAOD/2016PostVFP/2016PostVFP/Data/SingleElectron/SingleElectron_Run2016F/250421_015819/0000/tree_242.root
 159. dcap://cluster142.knu.ac.kr//pnfs/knu.ac.kr/data/cms/store/user/dongwoon/UL20NanoAOD/2016PostVFP/2016PostVFP/Data/SingleElectron/SingleElectron_Run2016F/250421_015819/0000/tree_243.root
 160. dcap://cluster142.knu.ac.kr//pnfs/knu.ac.kr/data/cms/store/user/dongwoon/UL20NanoAOD/2016PostVFP/2016PostVFP/Data/SingleElectron/SingleElectron_Run2016F/250421_015819/0000/tree_244.root
 161. dcap://cluster142.knu.ac.kr//pnfs/knu.ac.kr/data/cms/store/user/dongwoon/UL20NanoAOD/2016PostVFP/2016PostVFP/Data/SingleElectron/SingleElectron_Run2016F/250421_015819/0000/tree_245.root
 162. dcap://cluster142.knu.ac.kr//pnfs/knu.ac.kr/data/cms/store/user/dongwoon/UL20NanoAOD/2016PostVFP/2016PostVFP/Data/SingleElectron/SingleElectron_Run2016F/250421_015819/0000/tree_246.root
 163. dcap://cluster142.knu.ac.kr//pnfs/knu.ac.kr/data/cms/store/user/dongwoon/UL20NanoAOD/2016PostVFP/2016PostVFP/Data/SingleElectron/SingleElectron_Run2016F/250421_015819/0000/tree_247.root
 164. dcap://cluster142.knu.ac.kr//pnfs/knu.ac.kr/data/cms/store/user/dongwoon/UL20NanoAOD/2016PostVFP/2016PostVFP/Data/SingleElectron/SingleElectron_Run2016F/250421_015819/0000/tree_248.root
 165. dcap://cluster142.knu.ac.kr//pnfs/knu.ac.kr/data/cms/store/user/dongwoon/UL20NanoAOD/2016PostVFP/2016PostVFP/Data/SingleElectron/SingleElectron_Run2016F/250421_015819/0000/tree_24.root
 166. dcap://cluster142.knu.ac.kr//pnfs/knu.ac.kr/data/cms/store/user/dongwoon/UL20NanoAOD/2016PostVFP/2016PostVFP/Data/SingleElectron/SingleElectron_Run2016F/250421_015819/0000/tree_25.root
 167. dcap://cluster142.knu.ac.kr//pnfs/knu.ac.kr/data/cms/store/user/dongwoon/UL20NanoAOD/2016PostVFP/2016PostVFP/Data/SingleElectron/SingleElectron_Run2016F/250421_015819/0000/tree_26.root
 168. dcap://cluster142.knu.ac.kr//pnfs/knu.ac.kr/data/cms/store/user/dongwoon/UL20NanoAOD/2016PostVFP/2016PostVFP/Data/SingleElectron/SingleElectron_Run2016F/250421_015819/0000/tree_27.root
 169. dcap://cluster142.knu.ac.kr//pnfs/knu.ac.kr/data/cms/store/user/dongwoon/UL20NanoAOD/2016PostVFP/2016PostVFP/Data/SingleElectron/SingleElectron_Run2016F/250421_015819/0000/tree_28.root
 170. dcap://cluster142.knu.ac.kr//pnfs/knu.ac.kr/data/cms/store/user/dongwoon/UL20NanoAOD/2016PostVFP/2016PostVFP/Data/SingleElectron/SingleElectron_Run2016F/250421_015819/0000/tree_29.root
 171. dcap://cluster142.knu.ac.kr//pnfs/knu.ac.kr/data/cms/store/user/dongwoon/UL20NanoAOD/2016PostVFP/2016PostVFP/Data/SingleElectron/SingleElectron_Run2016F/250421_015819/0000/tree_2.root
 172. dcap://cluster142.knu.ac.kr//pnfs/knu.ac.kr/data/cms/store/user/dongwoon/UL20NanoAOD/2016PostVFP/2016PostVFP/Data/SingleElectron/SingleElectron_Run2016F/250421_015819/0000/tree_30.root
 173. dcap://cluster142.knu.ac.kr//pnfs/knu.ac.kr/data/cms/store/user/dongwoon/UL20NanoAOD/2016PostVFP/2016PostVFP/Data/SingleElectron/SingleElectron_Run2016F/250421_015819/0000/tree_31.root
 174. dcap://cluster142.knu.ac.kr//pnfs/knu.ac.kr/data/cms/store/user/dongwoon/UL20NanoAOD/2016PostVFP/2016PostVFP/Data/SingleElectron/SingleElectron_Run2016F/250421_015819/0000/tree_32.root
 175. dcap://cluster142.knu.ac.kr//pnfs/knu.ac.kr/data/cms/store/user/dongwoon/UL20NanoAOD/2016PostVFP/2016PostVFP/Data/SingleElectron/SingleElectron_Run2016F/250421_015819/0000/tree_33.root
 176. dcap://cluster142.knu.ac.kr//pnfs/knu.ac.kr/data/cms/store/user/dongwoon/UL20NanoAOD/2016PostVFP/2016PostVFP/Data/SingleElectron/SingleElectron_Run2016F/250421_015819/0000/tree_34.root
 177. dcap://cluster142.knu.ac.kr//pnfs/knu.ac.kr/data/cms/store/user/dongwoon/UL20NanoAOD/2016PostVFP/2016PostVFP/Data/SingleElectron/SingleElectron_Run2016F/250421_015819/0000/tree_35.root
 178. dcap://cluster142.knu.ac.kr//pnfs/knu.ac.kr/data/cms/store/user/dongwoon/UL20NanoAOD/2016PostVFP/2016PostVFP/Data/SingleElectron/SingleElectron_Run2016F/250421_015819/0000/tree_36.root
 179. dcap://cluster142.knu.ac.kr//pnfs/knu.ac.kr/data/cms/store/user/dongwoon/UL20NanoAOD/2016PostVFP/2016PostVFP/Data/SingleElectron/SingleElectron_Run2016F/250421_015819/0000/tree_37.root
 180. dcap://cluster142.knu.ac.kr//pnfs/knu.ac.kr/data/cms/store/user/dongwoon/UL20NanoAOD/2016PostVFP/2016PostVFP/Data/SingleElectron/SingleElectron_Run2016F/250421_015819/0000/tree_38.root
 181. dcap://cluster142.knu.ac.kr//pnfs/knu.ac.kr/data/cms/store/user/dongwoon/UL20NanoAOD/2016PostVFP/2016PostVFP/Data/SingleElectron/SingleElectron_Run2016F/250421_015819/0000/tree_39.root
 182. dcap://cluster142.knu.ac.kr//pnfs/knu.ac.kr/data/cms/store/user/dongwoon/UL20NanoAOD/2016PostVFP/2016PostVFP/Data/SingleElectron/SingleElectron_Run2016F/250421_015819/0000/tree_3.root
 183. dcap://cluster142.knu.ac.kr//pnfs/knu.ac.kr/data/cms/store/user/dongwoon/UL20NanoAOD/2016PostVFP/2016PostVFP/Data/SingleElectron/SingleElectron_Run2016F/250421_015819/0000/tree_40.root
 184. dcap://cluster142.knu.ac.kr//pnfs/knu.ac.kr/data/cms/store/user/dongwoon/UL20NanoAOD/2016PostVFP/2016PostVFP/Data/SingleElectron/SingleElectron_Run2016F/250421_015819/0000/tree_41.root
 185. dcap://cluster142.knu.ac.kr//pnfs/knu.ac.kr/data/cms/store/user/dongwoon/UL20NanoAOD/2016PostVFP/2016PostVFP/Data/SingleElectron/SingleElectron_Run2016F/250421_015819/0000/tree_42.root
 186. dcap://cluster142.knu.ac.kr//pnfs/knu.ac.kr/data/cms/store/user/dongwoon/UL20NanoAOD/2016PostVFP/2016PostVFP/Data/SingleElectron/SingleElectron_Run2016F/250421_015819/0000/tree_43.root
 187. dcap://cluster142.knu.ac.kr//pnfs/knu.ac.kr/data/cms/store/user/dongwoon/UL20NanoAOD/2016PostVFP/2016PostVFP/Data/SingleElectron/SingleElectron_Run2016F/250421_015819/0000/tree_44.root
 188. dcap://cluster142.knu.ac.kr//pnfs/knu.ac.kr/data/cms/store/user/dongwoon/UL20NanoAOD/2016PostVFP/2016PostVFP/Data/SingleElectron/SingleElectron_Run2016F/250421_015819/0000/tree_45.root
 189. dcap://cluster142.knu.ac.kr//pnfs/knu.ac.kr/data/cms/store/user/dongwoon/UL20NanoAOD/2016PostVFP/2016PostVFP/Data/SingleElectron/SingleElectron_Run2016F/250421_015819/0000/tree_46.root
 190. dcap://cluster142.knu.ac.kr//pnfs/knu.ac.kr/data/cms/store/user/dongwoon/UL20NanoAOD/2016PostVFP/2016PostVFP/Data/SingleElectron/SingleElectron_Run2016F/250421_015819/0000/tree_47.root
 191. dcap://cluster142.knu.ac.kr//pnfs/knu.ac.kr/data/cms/store/user/dongwoon/UL20NanoAOD/2016PostVFP/2016PostVFP/Data/SingleElectron/SingleElectron_Run2016F/250421_015819/0000/tree_48.root
 192. dcap://cluster142.knu.ac.kr//pnfs/knu.ac.kr/data/cms/store/user/dongwoon/UL20NanoAOD/2016PostVFP/2016PostVFP/Data/SingleElectron/SingleElectron_Run2016F/250421_015819/0000/tree_49.root
 193. dcap://cluster142.knu.ac.kr//pnfs/knu.ac.kr/data/cms/store/user/dongwoon/UL20NanoAOD/2016PostVFP/2016PostVFP/Data/SingleElectron/SingleElectron_Run2016F/250421_015819/0000/tree_4.root
 194. dcap://cluster142.knu.ac.kr//pnfs/knu.ac.kr/data/cms/store/user/dongwoon/UL20NanoAOD/2016PostVFP/2016PostVFP/Data/SingleElectron/SingleElectron_Run2016F/250421_015819/0000/tree_50.root
 195. dcap://cluster142.knu.ac.kr//pnfs/knu.ac.kr/data/cms/store/user/dongwoon/UL20NanoAOD/2016PostVFP/2016PostVFP/Data/SingleElectron/SingleElectron_Run2016F/250421_015819/0000/tree_51.root
 196. dcap://cluster142.knu.ac.kr//pnfs/knu.ac.kr/data/cms/store/user/dongwoon/UL20NanoAOD/2016PostVFP/2016PostVFP/Data/SingleElectron/SingleElectron_Run2016F/250421_015819/0000/tree_52.root
 197. dcap://cluster142.knu.ac.kr//pnfs/knu.ac.kr/data/cms/store/user/dongwoon/UL20NanoAOD/2016PostVFP/2016PostVFP/Data/SingleElectron/SingleElectron_Run2016F/250421_015819/0000/tree_53.root
 198. dcap://cluster142.knu.ac.kr//pnfs/knu.ac.kr/data/cms/store/user/dongwoon/UL20NanoAOD/2016PostVFP/2016PostVFP/Data/SingleElectron/SingleElectron_Run2016F/250421_015819/0000/tree_54.root
 199. dcap://cluster142.knu.ac.kr//pnfs/knu.ac.kr/data/cms/store/user/dongwoon/UL20NanoAOD/2016PostVFP/2016PostVFP/Data/SingleElectron/SingleElectron_Run2016F/250421_015819/0000/tree_55.root
 200. dcap://cluster142.knu.ac.kr//pnfs/knu.ac.kr/data/cms/store/user/dongwoon/UL20NanoAOD/2016PostVFP/2016PostVFP/Data/SingleElectron/SingleElectron_Run2016F/250421_015819/0000/tree_56.root
 201. dcap://cluster142.knu.ac.kr//pnfs/knu.ac.kr/data/cms/store/user/dongwoon/UL20NanoAOD/2016PostVFP/2016PostVFP/Data/SingleElectron/SingleElectron_Run2016F/250421_015819/0000/tree_57.root
 202. dcap://cluster142.knu.ac.kr//pnfs/knu.ac.kr/data/cms/store/user/dongwoon/UL20NanoAOD/2016PostVFP/2016PostVFP/Data/SingleElectron/SingleElectron_Run2016F/250421_015819/0000/tree_58.root
 203. dcap://cluster142.knu.ac.kr//pnfs/knu.ac.kr/data/cms/store/user/dongwoon/UL20NanoAOD/2016PostVFP/2016PostVFP/Data/SingleElectron/SingleElectron_Run2016F/250421_015819/0000/tree_59.root
 204. dcap://cluster142.knu.ac.kr//pnfs/knu.ac.kr/data/cms/store/user/dongwoon/UL20NanoAOD/2016PostVFP/2016PostVFP/Data/SingleElectron/SingleElectron_Run2016F/250421_015819/0000/tree_5.root
 205. dcap://cluster142.knu.ac.kr//pnfs/knu.ac.kr/data/cms/store/user/dongwoon/UL20NanoAOD/2016PostVFP/2016PostVFP/Data/SingleElectron/SingleElectron_Run2016F/250421_015819/0000/tree_60.root
 206. dcap://cluster142.knu.ac.kr//pnfs/knu.ac.kr/data/cms/store/user/dongwoon/UL20NanoAOD/2016PostVFP/2016PostVFP/Data/SingleElectron/SingleElectron_Run2016F/250421_015819/0000/tree_61.root
 207. dcap://cluster142.knu.ac.kr//pnfs/knu.ac.kr/data/cms/store/user/dongwoon/UL20NanoAOD/2016PostVFP/2016PostVFP/Data/SingleElectron/SingleElectron_Run2016F/250421_015819/0000/tree_62.root
 208. dcap://cluster142.knu.ac.kr//pnfs/knu.ac.kr/data/cms/store/user/dongwoon/UL20NanoAOD/2016PostVFP/2016PostVFP/Data/SingleElectron/SingleElectron_Run2016F/250421_015819/0000/tree_63.root
 209. dcap://cluster142.knu.ac.kr//pnfs/knu.ac.kr/data/cms/store/user/dongwoon/UL20NanoAOD/2016PostVFP/2016PostVFP/Data/SingleElectron/SingleElectron_Run2016F/250421_015819/0000/tree_64.root
 210. dcap://cluster142.knu.ac.kr//pnfs/knu.ac.kr/data/cms/store/user/dongwoon/UL20NanoAOD/2016PostVFP/2016PostVFP/Data/SingleElectron/SingleElectron_Run2016F/250421_015819/0000/tree_65.root
 211. dcap://cluster142.knu.ac.kr//pnfs/knu.ac.kr/data/cms/store/user/dongwoon/UL20NanoAOD/2016PostVFP/2016PostVFP/Data/SingleElectron/SingleElectron_Run2016F/250421_015819/0000/tree_66.root
 212. dcap://cluster142.knu.ac.kr//pnfs/knu.ac.kr/data/cms/store/user/dongwoon/UL20NanoAOD/2016PostVFP/2016PostVFP/Data/SingleElectron/SingleElectron_Run2016F/250421_015819/0000/tree_67.root
 213. dcap://cluster142.knu.ac.kr//pnfs/knu.ac.kr/data/cms/store/user/dongwoon/UL20NanoAOD/2016PostVFP/2016PostVFP/Data/SingleElectron/SingleElectron_Run2016F/250421_015819/0000/tree_68.root
 214. dcap://cluster142.knu.ac.kr//pnfs/knu.ac.kr/data/cms/store/user/dongwoon/UL20NanoAOD/2016PostVFP/2016PostVFP/Data/SingleElectron/SingleElectron_Run2016F/250421_015819/0000/tree_69.root
 215. dcap://cluster142.knu.ac.kr//pnfs/knu.ac.kr/data/cms/store/user/dongwoon/UL20NanoAOD/2016PostVFP/2016PostVFP/Data/SingleElectron/SingleElectron_Run2016F/250421_015819/0000/tree_6.root
 216. dcap://cluster142.knu.ac.kr//pnfs/knu.ac.kr/data/cms/store/user/dongwoon/UL20NanoAOD/2016PostVFP/2016PostVFP/Data/SingleElectron/SingleElectron_Run2016F/250421_015819/0000/tree_70.root
 217. dcap://cluster142.knu.ac.kr//pnfs/knu.ac.kr/data/cms/store/user/dongwoon/UL20NanoAOD/2016PostVFP/2016PostVFP/Data/SingleElectron/SingleElectron_Run2016F/250421_015819/0000/tree_71.root
 218. dcap://cluster142.knu.ac.kr//pnfs/knu.ac.kr/data/cms/store/user/dongwoon/UL20NanoAOD/2016PostVFP/2016PostVFP/Data/SingleElectron/SingleElectron_Run2016F/250421_015819/0000/tree_72.root
 219. dcap://cluster142.knu.ac.kr//pnfs/knu.ac.kr/data/cms/store/user/dongwoon/UL20NanoAOD/2016PostVFP/2016PostVFP/Data/SingleElectron/SingleElectron_Run2016F/250421_015819/0000/tree_73.root
 220. dcap://cluster142.knu.ac.kr//pnfs/knu.ac.kr/data/cms/store/user/dongwoon/UL20NanoAOD/2016PostVFP/2016PostVFP/Data/SingleElectron/SingleElectron_Run2016F/250421_015819/0000/tree_74.root
 221. dcap://cluster142.knu.ac.kr//pnfs/knu.ac.kr/data/cms/store/user/dongwoon/UL20NanoAOD/2016PostVFP/2016PostVFP/Data/SingleElectron/SingleElectron_Run2016F/250421_015819/0000/tree_75.root
 222. dcap://cluster142.knu.ac.kr//pnfs/knu.ac.kr/data/cms/store/user/dongwoon/UL20NanoAOD/2016PostVFP/2016PostVFP/Data/SingleElectron/SingleElectron_Run2016F/250421_015819/0000/tree_76.root
 223. dcap://cluster142.knu.ac.kr//pnfs/knu.ac.kr/data/cms/store/user/dongwoon/UL20NanoAOD/2016PostVFP/2016PostVFP/Data/SingleElectron/SingleElectron_Run2016F/250421_015819/0000/tree_77.root
 224. dcap://cluster142.knu.ac.kr//pnfs/knu.ac.kr/data/cms/store/user/dongwoon/UL20NanoAOD/2016PostVFP/2016PostVFP/Data/SingleElectron/SingleElectron_Run2016F/250421_015819/0000/tree_78.root
 225. dcap://cluster142.knu.ac.kr//pnfs/knu.ac.kr/data/cms/store/user/dongwoon/UL20NanoAOD/2016PostVFP/2016PostVFP/Data/SingleElectron/SingleElectron_Run2016F/250421_015819/0000/tree_79.root
 226. dcap://cluster142.knu.ac.kr//pnfs/knu.ac.kr/data/cms/store/user/dongwoon/UL20NanoAOD/2016PostVFP/2016PostVFP/Data/SingleElectron/SingleElectron_Run2016F/250421_015819/0000/tree_7.root
 227. dcap://cluster142.knu.ac.kr//pnfs/knu.ac.kr/data/cms/store/user/dongwoon/UL20NanoAOD/2016PostVFP/2016PostVFP/Data/SingleElectron/SingleElectron_Run2016F/250421_015819/0000/tree_80.root
 228. dcap://cluster142.knu.ac.kr//pnfs/knu.ac.kr/data/cms/store/user/dongwoon/UL20NanoAOD/2016PostVFP/2016PostVFP/Data/SingleElectron/SingleElectron_Run2016F/250421_015819/0000/tree_81.root
 229. dcap://cluster142.knu.ac.kr//pnfs/knu.ac.kr/data/cms/store/user/dongwoon/UL20NanoAOD/2016PostVFP/2016PostVFP/Data/SingleElectron/SingleElectron_Run2016F/250421_015819/0000/tree_82.root
 230. dcap://cluster142.knu.ac.kr//pnfs/knu.ac.kr/data/cms/store/user/dongwoon/UL20NanoAOD/2016PostVFP/2016PostVFP/Data/SingleElectron/SingleElectron_Run2016F/250421_015819/0000/tree_83.root
 231. dcap://cluster142.knu.ac.kr//pnfs/knu.ac.kr/data/cms/store/user/dongwoon/UL20NanoAOD/2016PostVFP/2016PostVFP/Data/SingleElectron/SingleElectron_Run2016F/250421_015819/0000/tree_84.root
 232. dcap://cluster142.knu.ac.kr//pnfs/knu.ac.kr/data/cms/store/user/dongwoon/UL20NanoAOD/2016PostVFP/2016PostVFP/Data/SingleElectron/SingleElectron_Run2016F/250421_015819/0000/tree_85.root
 233. dcap://cluster142.knu.ac.kr//pnfs/knu.ac.kr/data/cms/store/user/dongwoon/UL20NanoAOD/2016PostVFP/2016PostVFP/Data/SingleElectron/SingleElectron_Run2016F/250421_015819/0000/tree_86.root
 234. dcap://cluster142.knu.ac.kr//pnfs/knu.ac.kr/data/cms/store/user/dongwoon/UL20NanoAOD/2016PostVFP/2016PostVFP/Data/SingleElectron/SingleElectron_Run2016F/250421_015819/0000/tree_87.root
 235. dcap://cluster142.knu.ac.kr//pnfs/knu.ac.kr/data/cms/store/user/dongwoon/UL20NanoAOD/2016PostVFP/2016PostVFP/Data/SingleElectron/SingleElectron_Run2016F/250421_015819/0000/tree_88.root
 236. dcap://cluster142.knu.ac.kr//pnfs/knu.ac.kr/data/cms/store/user/dongwoon/UL20NanoAOD/2016PostVFP/2016PostVFP/Data/SingleElectron/SingleElectron_Run2016F/250421_015819/0000/tree_89.root
 237. dcap://cluster142.knu.ac.kr//pnfs/knu.ac.kr/data/cms/store/user/dongwoon/UL20NanoAOD/2016PostVFP/2016PostVFP/Data/SingleElectron/SingleElectron_Run2016F/250421_015819/0000/tree_8.root
 238. dcap://cluster142.knu.ac.kr//pnfs/knu.ac.kr/data/cms/store/user/dongwoon/UL20NanoAOD/2016PostVFP/2016PostVFP/Data/SingleElectron/SingleElectron_Run2016F/250421_015819/0000/tree_90.root
 239. dcap://cluster142.knu.ac.kr//pnfs/knu.ac.kr/data/cms/store/user/dongwoon/UL20NanoAOD/2016PostVFP/2016PostVFP/Data/SingleElectron/SingleElectron_Run2016F/250421_015819/0000/tree_91.root
 240. dcap://cluster142.knu.ac.kr//pnfs/knu.ac.kr/data/cms/store/user/dongwoon/UL20NanoAOD/2016PostVFP/2016PostVFP/Data/SingleElectron/SingleElectron_Run2016F/250421_015819/0000/tree_92.root
 241. dcap://cluster142.knu.ac.kr//pnfs/knu.ac.kr/data/cms/store/user/dongwoon/UL20NanoAOD/2016PostVFP/2016PostVFP/Data/SingleElectron/SingleElectron_Run2016F/250421_015819/0000/tree_93.root
 242. dcap://cluster142.knu.ac.kr//pnfs/knu.ac.kr/data/cms/store/user/dongwoon/UL20NanoAOD/2016PostVFP/2016PostVFP/Data/SingleElectron/SingleElectron_Run2016F/250421_015819/0000/tree_94.root
 243. dcap://cluster142.knu.ac.kr//pnfs/knu.ac.kr/data/cms/store/user/dongwoon/UL20NanoAOD/2016PostVFP/2016PostVFP/Data/SingleElectron/SingleElectron_Run2016F/250421_015819/0000/tree_95.root
 244. dcap://cluster142.knu.ac.kr//pnfs/knu.ac.kr/data/cms/store/user/dongwoon/UL20NanoAOD/2016PostVFP/2016PostVFP/Data/SingleElectron/SingleElectron_Run2016F/250421_015819/0000/tree_96.root
 245. dcap://cluster142.knu.ac.kr//pnfs/knu.ac.kr/data/cms/store/user/dongwoon/UL20NanoAOD/2016PostVFP/2016PostVFP/Data/SingleElectron/SingleElectron_Run2016F/250421_015819/0000/tree_97.root
 246. dcap://cluster142.knu.ac.kr//pnfs/knu.ac.kr/data/cms/store/user/dongwoon/UL20NanoAOD/2016PostVFP/2016PostVFP/Data/SingleElectron/SingleElectron_Run2016F/250421_015819/0000/tree_98.root
 247. dcap://cluster142.knu.ac.kr//pnfs/knu.ac.kr/data/cms/store/user/dongwoon/UL20NanoAOD/2016PostVFP/2016PostVFP/Data/SingleElectron/SingleElectron_Run2016F/250421_015819/0000/tree_99.root
 248. dcap://cluster142.knu.ac.kr//pnfs/knu.ac.kr/data/cms/store/user/dongwoon/UL20NanoAOD/2016PostVFP/2016PostVFP/Data/SingleElectron/SingleElectron_Run2016F/250421_015819/0000/tree_9.root
