000 (816215.003.000) 2026-02-27 05:22:40 Job submitted from host: <155.230.23.72:9618?addrs=155.230.23.72-9618+[2407-c000-c024-0-20c-29ff-fe6a-c74b]-9618&alias=cms02.knu.ac.kr&noUDP&sock=schedd_1497_655d>
...
040 (816215.003.000) 2026-02-27 05:22:49 Started transferring input files
	Transferring to host: <155.230.21.71:9618?addrs=155.230.21.71-9618+[2407-c000-c025--21-71]-9618&alias=cluster271.knu.ac.kr&noUDP&sock=slot1_1_2586400_86d0_1108>
...
040 (816215.003.000) 2026-02-27 05:22:49 Finished transferring input files
...
001 (816215.003.000) 2026-02-27 05:22:50 Job executing on host: <155.230.21.71:9618?addrs=155.230.21.71-9618+[2407-c000-c025--21-71]-9618&alias=cluster271.knu.ac.kr&noUDP&sock=startd_1160_3df3>
	SlotName: slot1_1@cluster271.knu.ac.kr
	CondorScratchDir = "/home/condor/dir_957995"
	Cpus = 1
	Disk = 2840
	GPUs = 0
	Memory = 1100
...
006 (816215.003.000) 2026-02-27 05:22:59 Image size of job updated: 113792
	112  -  MemoryUsage of job (MB)
	113792  -  ResidentSetSize of job (KB)
...
006 (816215.003.000) 2026-02-27 05:28:00 Image size of job updated: 170280
	167  -  MemoryUsage of job (MB)
	170280  -  ResidentSetSize of job (KB)
...
006 (816215.003.000) 2026-02-27 06:08:03 Image size of job updated: 177504
	174  -  MemoryUsage of job (MB)
	177504  -  ResidentSetSize of job (KB)
...
006 (816215.003.000) 2026-02-27 07:13:10 Image size of job updated: 179936
	176  -  MemoryUsage of job (MB)
	179936  -  ResidentSetSize of job (KB)
...
006 (816215.003.000) 2026-02-27 09:03:20 Image size of job updated: 180104
	176  -  MemoryUsage of job (MB)
	180104  -  ResidentSetSize of job (KB)
...
006 (816215.003.000) 2026-02-27 10:08:26 Image size of job updated: 180272
	177  -  MemoryUsage of job (MB)
	180272  -  ResidentSetSize of job (KB)
...
006 (816215.003.000) 2026-02-27 16:14:02 Image size of job updated: 180560
	177  -  MemoryUsage of job (MB)
	180560  -  ResidentSetSize of job (KB)
...
006 (816215.003.000) 2026-02-27 16:34:05 Image size of job updated: 183280
	179  -  MemoryUsage of job (MB)
	183280  -  ResidentSetSize of job (KB)
...
006 (816215.003.000) 2026-02-27 16:54:07 Image size of job updated: 183284
	179  -  MemoryUsage of job (MB)
	183284  -  ResidentSetSize of job (KB)
...
006 (816215.003.000) 2026-02-27 19:19:21 Image size of job updated: 183452
	180  -  MemoryUsage of job (MB)
	183452  -  ResidentSetSize of job (KB)
...
040 (816215.003.000) 2026-02-27 19:29:22 Started transferring output files
...
040 (816215.003.000) 2026-02-27 19:29:22 Finished transferring output files
...
005 (816215.003.000) 2026-02-27 19:29:22 Job terminated.
	(1) Normal termination (return value 0)
		Usr 0 03:55:57, Sys 0 00:36:26  -  Run Remote Usage
		Usr 0 00:00:00, Sys 0 00:00:00  -  Run Local Usage
		Usr 0 03:55:57, Sys 0 00:36:26  -  Total Remote Usage
		Usr 0 00:00:00, Sys 0 00:00:00  -  Total Local Usage
	126360  -  Run Bytes Sent By Job
	871  -  Run Bytes Received By Job
	126360  -  Total Bytes Sent By Job
	871  -  Total Bytes Received By Job
	Partitionable Resources :    Usage  Request Allocated 
	   Cpus                 :     0.60        1         1 
	   Disk (KB)            :   184           1      2840 
	   GPUs                 :                           0 
	   Memory (MB)          :   180        1024      1100 
	   TimeExecute (s)      : 50792                       
	   TimeSlotBusy (s)     : 50793                       

	Job terminated of its own accord at 2026-02-27T10:29:22Z with exit-code 0.
...
