000 (816215.001.000) 2026-02-27 05:22:40 Job submitted from host: <155.230.23.72:9618?addrs=155.230.23.72-9618+[2407-c000-c024-0-20c-29ff-fe6a-c74b]-9618&alias=cms02.knu.ac.kr&noUDP&sock=schedd_1497_655d>
...
040 (816215.001.000) 2026-02-27 05:22:48 Started transferring input files
	Transferring to host: <155.230.21.75:9618?addrs=155.230.21.75-9618+[2407-c000-c025--21-75]-9618&alias=cluster275.knu.ac.kr&noUDP&sock=slot1_2_1504_7436_4165>
...
040 (816215.001.000) 2026-02-27 05:22:48 Finished transferring input files
...
001 (816215.001.000) 2026-02-27 05:22:49 Job executing on host: <155.230.21.75:9618?addrs=155.230.21.75-9618+[2407-c000-c025--21-75]-9618&alias=cluster275.knu.ac.kr&noUDP&sock=startd_1094_f8b2>
	SlotName: slot1_2@cluster275.knu.ac.kr
	CondorScratchDir = "/home/condor/dir_2718110"
	Cpus = 1
	Disk = 2841
	GPUs = 0
	Memory = 1100
...
006 (816215.001.000) 2026-02-27 05:22:58 Image size of job updated: 107808
	106  -  MemoryUsage of job (MB)
	107808  -  ResidentSetSize of job (KB)
...
006 (816215.001.000) 2026-02-27 05:27:59 Image size of job updated: 154752
	152  -  MemoryUsage of job (MB)
	154752  -  ResidentSetSize of job (KB)
...
006 (816215.001.000) 2026-02-27 05:32:59 Image size of job updated: 154768
	152  -  MemoryUsage of job (MB)
	154768  -  ResidentSetSize of job (KB)
...
006 (816215.001.000) 2026-02-27 05:48:01 Image size of job updated: 154772
	152  -  MemoryUsage of job (MB)
	154772  -  ResidentSetSize of job (KB)
...
006 (816215.001.000) 2026-02-27 06:03:03 Image size of job updated: 154884
	152  -  MemoryUsage of job (MB)
	154884  -  ResidentSetSize of job (KB)
...
006 (816215.001.000) 2026-02-27 06:13:04 Image size of job updated: 154888
	152  -  MemoryUsage of job (MB)
	154888  -  ResidentSetSize of job (KB)
...
006 (816215.001.000) 2026-02-27 06:18:05 Image size of job updated: 154892
	152  -  MemoryUsage of job (MB)
	154892  -  ResidentSetSize of job (KB)
...
006 (816215.001.000) 2026-02-27 06:28:05 Image size of job updated: 154896
	152  -  MemoryUsage of job (MB)
	154896  -  ResidentSetSize of job (KB)
...
006 (816215.001.000) 2026-02-27 06:33:06 Image size of job updated: 171800
	168  -  MemoryUsage of job (MB)
	171800  -  ResidentSetSize of job (KB)
...
006 (816215.001.000) 2026-02-27 06:38:06 Image size of job updated: 171820
	168  -  MemoryUsage of job (MB)
	171820  -  ResidentSetSize of job (KB)
...
006 (816215.001.000) 2026-02-27 06:43:06 Image size of job updated: 171824
	168  -  MemoryUsage of job (MB)
	171824  -  ResidentSetSize of job (KB)
...
006 (816215.001.000) 2026-02-27 06:48:07 Image size of job updated: 171832
	168  -  MemoryUsage of job (MB)
	171832  -  ResidentSetSize of job (KB)
...
006 (816215.001.000) 2026-02-27 06:53:07 Image size of job updated: 171836
	168  -  MemoryUsage of job (MB)
	171836  -  ResidentSetSize of job (KB)
...
006 (816215.001.000) 2026-02-27 06:58:07 Image size of job updated: 171840
	168  -  MemoryUsage of job (MB)
	171840  -  ResidentSetSize of job (KB)
...
006 (816215.001.000) 2026-02-27 07:08:09 Image size of job updated: 171852
	168  -  MemoryUsage of job (MB)
	171852  -  ResidentSetSize of job (KB)
...
006 (816215.001.000) 2026-02-27 07:38:12 Image size of job updated: 174504
	171  -  MemoryUsage of job (MB)
	174504  -  ResidentSetSize of job (KB)
...
006 (816215.001.000) 2026-02-27 07:43:12 Image size of job updated: 174516
	171  -  MemoryUsage of job (MB)
	174516  -  ResidentSetSize of job (KB)
...
006 (816215.001.000) 2026-02-27 07:53:13 Image size of job updated: 174520
	171  -  MemoryUsage of job (MB)
	174520  -  ResidentSetSize of job (KB)
...
006 (816215.001.000) 2026-02-27 08:28:16 Image size of job updated: 174768
	171  -  MemoryUsage of job (MB)
	174768  -  ResidentSetSize of job (KB)
...
006 (816215.001.000) 2026-02-27 08:43:18 Image size of job updated: 175196
	172  -  MemoryUsage of job (MB)
	175196  -  ResidentSetSize of job (KB)
...
006 (816215.001.000) 2026-02-27 09:48:24 Image size of job updated: 175532
	172  -  MemoryUsage of job (MB)
	175532  -  ResidentSetSize of job (KB)
...
006 (816215.001.000) 2026-02-27 10:48:30 Image size of job updated: 175748
	172  -  MemoryUsage of job (MB)
	175748  -  ResidentSetSize of job (KB)
...
006 (816215.001.000) 2026-02-27 15:39:00 Image size of job updated: 180756
	177  -  MemoryUsage of job (MB)
	180756  -  ResidentSetSize of job (KB)
...
006 (816215.001.000) 2026-02-27 16:19:04 Image size of job updated: 183360
	180  -  MemoryUsage of job (MB)
	183360  -  ResidentSetSize of job (KB)
...
006 (816215.001.000) 2026-02-28 03:05:11 Image size of job updated: 183940
	180  -  MemoryUsage of job (MB)
	183940  -  ResidentSetSize of job (KB)
...
006 (816215.001.000) 2026-02-28 03:20:13 Image size of job updated: 183976
	180  -  MemoryUsage of job (MB)
	183976  -  ResidentSetSize of job (KB)
...
006 (816215.001.000) 2026-02-28 03:55:16 Image size of job updated: 183980
	180  -  MemoryUsage of job (MB)
	183980  -  ResidentSetSize of job (KB)
...
006 (816215.001.000) 2026-02-28 04:45:22 Image size of job updated: 184032
	180  -  MemoryUsage of job (MB)
	184032  -  ResidentSetSize of job (KB)
...
004 (816215.001.000) 2026-02-28 10:09:48 Job was evicted.
	(0) CPU times
		Usr 0 12:17:49, Sys 0 01:49:22  -  Run Remote Usage
		Usr 0 00:00:00, Sys 0 00:00:00  -  Run Local Usage
	0  -  Run Bytes Sent By Job
	871  -  Run Bytes Received By Job
	Partitionable Resources :     Usage  Request Allocated 
	   Cpus                 :      0.82        1         1 
	   Disk (KB)            :    481           1      2841 
	   GPUs                 :                            0 
	   Memory (MB)          :    180        1024      1100 
	   TimeExecute (s)      : 103619                       
	   TimeSlotBusy (s)     : 103620                       
...
009 (816215.001.000) 2026-02-28 10:09:48 Job was aborted.
	via condor_rm (by user dwkim)
...
