000 (842543.026.000) 2026-03-14 10:57:17 Job submitted from host: <155.230.23.72:9618?addrs=155.230.23.72-9618+[2407-c000-c024-0-20c-29ff-fe6a-c74b]-9618&alias=cms02.knu.ac.kr&noUDP&sock=schedd_1497_655d>
...
040 (842543.026.000) 2026-03-14 10:58:23 Started transferring input files
	Transferring to host: <155.230.21.137:9618?addrs=155.230.21.137-9618+[2407-c000-c025--21-137]-9618&alias=cluster337.knu.ac.kr&noUDP&sock=slot1_14_4110_9de0_22065>
...
040 (842543.026.000) 2026-03-14 10:58:23 Finished transferring input files
...
001 (842543.026.000) 2026-03-14 10:58:24 Job executing on host: <155.230.21.137:9618?addrs=155.230.21.137-9618+[2407-c000-c025--21-137]-9618&alias=cluster337.knu.ac.kr&noUDP&sock=startd_3186_e8d3>
	SlotName: slot1_14@cluster337.knu.ac.kr
	CondorScratchDir = "/home/condor/dir_1124679"
	Cpus = 1
	Disk = 4687
	GPUs = 0
	Memory = 1100
...
006 (842543.026.000) 2026-03-14 10:58:33 Image size of job updated: 97624
	96  -  MemoryUsage of job (MB)
	97624  -  ResidentSetSize of job (KB)
...
006 (842543.026.000) 2026-03-14 11:03:34 Image size of job updated: 171800
	168  -  MemoryUsage of job (MB)
	171800  -  ResidentSetSize of job (KB)
...
006 (842543.026.000) 2026-03-14 11:08:34 Image size of job updated: 172368
	169  -  MemoryUsage of job (MB)
	172368  -  ResidentSetSize of job (KB)
...
006 (842543.026.000) 2026-03-14 11:13:34 Image size of job updated: 172376
	169  -  MemoryUsage of job (MB)
	172376  -  ResidentSetSize of job (KB)
...
040 (842543.026.000) 2026-03-14 12:28:49 Started transferring output files
...
040 (842543.026.000) 2026-03-14 12:28:49 Finished transferring output files
...
005 (842543.026.000) 2026-03-14 12:28:50 Job terminated.
	(1) Normal termination (return value 0)
		Usr 0 01:07:39, Sys 0 00:12:17  -  Run Remote Usage
		Usr 0 00:00:00, Sys 0 00:00:00  -  Run Local Usage
		Usr 0 01:07:39, Sys 0 00:12:17  -  Total Remote Usage
		Usr 0 00:00:00, Sys 0 00:00:00  -  Total Local Usage
	124162  -  Run Bytes Sent By Job
	1028  -  Run Bytes Received By Job
	124162  -  Total Bytes Sent By Job
	1028  -  Total Bytes Received By Job
	Partitionable Resources :    Usage  Request Allocated 
	   Cpus                 :     0.96        1         1 
	   Disk (KB)            :   183           2      4687 
	   GPUs                 :                           0 
	   Memory (MB)          :   169        1024      1100 
	   TimeExecute (s)      :  5425                       
	   TimeSlotBusy (s)     :  5426                       

	Job terminated of its own accord at 2026-03-14T03:28:49Z with exit-code 0.
...
