000 (842543.027.000) 2026-03-14 10:57:17 Job submitted from host: <155.230.23.72:9618?addrs=155.230.23.72-9618+[2407-c000-c024-0-20c-29ff-fe6a-c74b]-9618&alias=cms02.knu.ac.kr&noUDP&sock=schedd_1497_655d>
...
040 (842543.027.000) 2026-03-14 10:58:23 Started transferring input files
	Transferring to host: <155.230.21.43:9618?addrs=155.230.21.43-9618+[2407-c000-c025--21-43]-9618&alias=cluster243.knu.ac.kr&noUDP&sock=slot1_6_2314_2c17_1973>
...
040 (842543.027.000) 2026-03-14 10:58:23 Finished transferring input files
...
001 (842543.027.000) 2026-03-14 10:58:24 Job executing on host: <155.230.21.43:9618?addrs=155.230.21.43-9618+[2407-c000-c025--21-43]-9618&alias=cluster243.knu.ac.kr&noUDP&sock=startd_1693_d5ed>
	SlotName: slot1_6@cluster243.knu.ac.kr
	CondorScratchDir = "/home/condor/dir_1676994"
	Cpus = 1
	Disk = 2761
	GPUs = 0
	Memory = 1100
...
006 (842543.027.000) 2026-03-14 10:58:33 Image size of job updated: 99452
	98  -  MemoryUsage of job (MB)
	99452  -  ResidentSetSize of job (KB)
...
006 (842543.027.000) 2026-03-14 11:03:34 Image size of job updated: 155412
	152  -  MemoryUsage of job (MB)
	155412  -  ResidentSetSize of job (KB)
...
006 (842543.027.000) 2026-03-14 11:08:34 Image size of job updated: 177072
	173  -  MemoryUsage of job (MB)
	177072  -  ResidentSetSize of job (KB)
...
006 (842543.027.000) 2026-03-15 23:57:14 Image size of job updated: 179768
	176  -  MemoryUsage of job (MB)
	179768  -  ResidentSetSize of job (KB)
...
006 (842543.027.000) 2026-03-16 00:02:15 Image size of job updated: 180220
	176  -  MemoryUsage of job (MB)
	180220  -  ResidentSetSize of job (KB)
...
040 (842543.027.000) 2026-03-16 03:21:35 Started transferring output files
...
040 (842543.027.000) 2026-03-16 03:21:36 Finished transferring output files
...
005 (842543.027.000) 2026-03-16 03:21:36 Job terminated.
	(1) Normal termination (return value 0)
		Usr 0 01:25:32, Sys 0 00:14:37  -  Run Remote Usage
		Usr 0 00:00:00, Sys 0 00:00:00  -  Run Local Usage
		Usr 0 01:25:32, Sys 0 00:14:37  -  Total Remote Usage
		Usr 0 00:00:00, Sys 0 00:00:00  -  Total Local Usage
	111623  -  Run Bytes Sent By Job
	1028  -  Run Bytes Received By Job
	111623  -  Total Bytes Sent By Job
	1028  -  Total Bytes Received By Job
	Partitionable Resources :     Usage  Request Allocated 
	   Cpus                 :      0.43        1         1 
	   Disk (KB)            :    170           2      2761 
	   GPUs                 :                            0 
	   Memory (MB)          :    176        1024      1100 
	   TimeExecute (s)      : 145391                       
	   TimeSlotBusy (s)     : 145393                       

	Job terminated of its own accord at 2026-03-15T18:21:35Z with exit-code 0.
...
