000 (842543.002.000) 2026-03-14 10:57:17 Job submitted from host: <155.230.23.72:9618?addrs=155.230.23.72-9618+[2407-c000-c024-0-20c-29ff-fe6a-c74b]-9618&alias=cms02.knu.ac.kr&noUDP&sock=schedd_1497_655d>
...
040 (842543.002.000) 2026-03-14 10:58:15 Started transferring input files
	Transferring to host: <155.230.21.127:9618?addrs=155.230.21.127-9618+[2407-c000-c025--21-127]-9618&alias=cluster327.knu.ac.kr&noUDP&sock=slot1_8_3816_7794_4904>
...
040 (842543.002.000) 2026-03-14 10:58:15 Finished transferring input files
...
001 (842543.002.000) 2026-03-14 10:58:16 Job executing on host: <155.230.21.127:9618?addrs=155.230.21.127-9618+[2407-c000-c025--21-127]-9618&alias=cluster327.knu.ac.kr&noUDP&sock=startd_2856_8e92>
	SlotName: slot1_8@cluster327.knu.ac.kr
	CondorScratchDir = "/home/condor/dir_3298318"
	Cpus = 1
	Disk = 2885
	GPUs = 0
	Memory = 1100
...
006 (842543.002.000) 2026-03-14 10:58:24 Image size of job updated: 94164
	92  -  MemoryUsage of job (MB)
	94164  -  ResidentSetSize of job (KB)
...
006 (842543.002.000) 2026-03-14 11:03:24 Image size of job updated: 169604
	166  -  MemoryUsage of job (MB)
	169604  -  ResidentSetSize of job (KB)
...
006 (842543.002.000) 2026-03-14 11:08:25 Image size of job updated: 170940
	167  -  MemoryUsage of job (MB)
	170940  -  ResidentSetSize of job (KB)
...
006 (842543.002.000) 2026-03-14 12:08:29 Image size of job updated: 174152
	171  -  MemoryUsage of job (MB)
	174152  -  ResidentSetSize of job (KB)
...
040 (842543.002.000) 2026-03-14 12:29:18 Started transferring output files
...
040 (842543.002.000) 2026-03-14 12:29:18 Finished transferring output files
...
005 (842543.002.000) 2026-03-14 12:29:18 Job terminated.
	(1) Normal termination (return value 0)
		Usr 0 01:10:26, Sys 0 00:09:18  -  Run Remote Usage
		Usr 0 00:00:00, Sys 0 00:00:00  -  Run Local Usage
		Usr 0 01:10:26, Sys 0 00:09:18  -  Total Remote Usage
		Usr 0 00:00:00, Sys 0 00:00:00  -  Total Local Usage
	103848  -  Run Bytes Sent By Job
	1028  -  Run Bytes Received By Job
	103848  -  Total Bytes Sent By Job
	1028  -  Total Bytes Received By Job
	Partitionable Resources :    Usage  Request Allocated 
	   Cpus                 :     0.97        1         1 
	   Disk (KB)            :   163           2      2885 
	   GPUs                 :                           0 
	   Memory (MB)          :   171        1024      1100 
	   TimeExecute (s)      :  5462                       
	   TimeSlotBusy (s)     :  5463                       

	Job terminated of its own accord at 2026-03-14T03:29:18Z with exit-code 0.
...
