000 (842543.011.000) 2026-03-14 10:57:17 Job submitted from host: <155.230.23.72:9618?addrs=155.230.23.72-9618+[2407-c000-c024-0-20c-29ff-fe6a-c74b]-9618&alias=cms02.knu.ac.kr&noUDP&sock=schedd_1497_655d>
...
040 (842543.011.000) 2026-03-14 10:58:23 Started transferring input files
	Transferring to host: <155.230.21.98:9618?addrs=155.230.21.98-9618+[2407-c000-c025--21-98]-9618&alias=cluster298.knu.ac.kr&noUDP&sock=slot1_4_1507_9156_1902>
...
040 (842543.011.000) 2026-03-14 10:58:23 Finished transferring input files
...
001 (842543.011.000) 2026-03-14 10:58:24 Job executing on host: <155.230.21.98:9618?addrs=155.230.21.98-9618+[2407-c000-c025--21-98]-9618&alias=cluster298.knu.ac.kr&noUDP&sock=startd_1094_f8b2>
	SlotName: slot1_4@cluster298.knu.ac.kr
	CondorScratchDir = "/home/condor/dir_3010501"
	Cpus = 1
	Disk = 2835
	GPUs = 0
	Memory = 1100
...
006 (842543.011.000) 2026-03-14 10:58:33 Image size of job updated: 95420
	94  -  MemoryUsage of job (MB)
	95420  -  ResidentSetSize of job (KB)
...
006 (842543.011.000) 2026-03-14 11:03:34 Image size of job updated: 175056
	171  -  MemoryUsage of job (MB)
	175056  -  ResidentSetSize of job (KB)
...
006 (842543.011.000) 2026-03-14 11:58:39 Image size of job updated: 180252
	177  -  MemoryUsage of job (MB)
	180252  -  ResidentSetSize of job (KB)
...
040 (842543.011.000) 2026-03-14 12:40:54 Started transferring output files
...
040 (842543.011.000) 2026-03-14 12:40:54 Finished transferring output files
...
005 (842543.011.000) 2026-03-14 12:40:54 Job terminated.
	(1) Normal termination (return value 0)
		Usr 0 01:24:29, Sys 0 00:09:25  -  Run Remote Usage
		Usr 0 00:00:00, Sys 0 00:00:00  -  Run Local Usage
		Usr 0 01:24:29, Sys 0 00:09:25  -  Total Remote Usage
		Usr 0 00:00:00, Sys 0 00:00:00  -  Total Local Usage
	104196  -  Run Bytes Sent By Job
	1028  -  Run Bytes Received By Job
	104196  -  Total Bytes Sent By Job
	1028  -  Total Bytes Received By Job
	Partitionable Resources :    Usage  Request Allocated 
	   Cpus                 :     0.97        1         1 
	   Disk (KB)            :   163           2      2835 
	   GPUs                 :                           0 
	   Memory (MB)          :   177        1024      1100 
	   TimeExecute (s)      :  6150                       
	   TimeSlotBusy (s)     :  6151                       

	Job terminated of its own accord at 2026-03-14T03:40:54Z with exit-code 0.
...
