000 (842543.021.000) 2026-03-14 10:57:17 Job submitted from host: <155.230.23.72:9618?addrs=155.230.23.72-9618+[2407-c000-c024-0-20c-29ff-fe6a-c74b]-9618&alias=cms02.knu.ac.kr&noUDP&sock=schedd_1497_655d>
...
040 (842543.021.000) 2026-03-14 10:58:20 Started transferring input files
	Transferring to host: <155.230.21.148:9618?addrs=155.230.21.148-9618+[2407-c000-c025--21-148]-9618&alias=cluster348.knu.ac.kr&noUDP&sock=slot1_4_4717_4d99_8509>
...
040 (842543.021.000) 2026-03-14 10:58:20 Finished transferring input files
...
001 (842543.021.000) 2026-03-14 10:58:21 Job executing on host: <155.230.21.148:9618?addrs=155.230.21.148-9618+[2407-c000-c025--21-148]-9618&alias=cluster348.knu.ac.kr&noUDP&sock=startd_3493_7c66>
	SlotName: slot1_4@cluster348.knu.ac.kr
	CondorScratchDir = "/home/condor/dir_4042247"
	Cpus = 1
	Disk = 2048
	GPUs = 0
	Memory = 1100
...
006 (842543.021.000) 2026-03-14 10:58:30 Image size of job updated: 97688
	96  -  MemoryUsage of job (MB)
	97688  -  ResidentSetSize of job (KB)
...
006 (842543.021.000) 2026-03-14 11:03:31 Image size of job updated: 170980
	167  -  MemoryUsage of job (MB)
	170980  -  ResidentSetSize of job (KB)
...
006 (842543.021.000) 2026-03-14 11:08:31 Image size of job updated: 171268
	168  -  MemoryUsage of job (MB)
	171268  -  ResidentSetSize of job (KB)
...
006 (842543.021.000) 2026-03-14 11:13:32 Image size of job updated: 171384
	168  -  MemoryUsage of job (MB)
	171384  -  ResidentSetSize of job (KB)
...
006 (842543.021.000) 2026-03-14 11:28:33 Image size of job updated: 171780
	168  -  MemoryUsage of job (MB)
	171780  -  ResidentSetSize of job (KB)
...
006 (842543.021.000) 2026-03-14 11:33:33 Image size of job updated: 171908
	168  -  MemoryUsage of job (MB)
	171908  -  ResidentSetSize of job (KB)
...
040 (842543.021.000) 2026-03-14 12:23:04 Started transferring output files
...
040 (842543.021.000) 2026-03-14 12:23:04 Finished transferring output files
...
005 (842543.021.000) 2026-03-14 12:23:04 Job terminated.
	(1) Normal termination (return value 0)
		Usr 0 00:56:44, Sys 0 00:11:56  -  Run Remote Usage
		Usr 0 00:00:00, Sys 0 00:00:00  -  Run Local Usage
		Usr 0 00:56:44, Sys 0 00:11:56  -  Total Remote Usage
		Usr 0 00:00:00, Sys 0 00:00:00  -  Total Local Usage
	121988  -  Run Bytes Sent By Job
	1028  -  Run Bytes Received By Job
	121988  -  Total Bytes Sent By Job
	1028  -  Total Bytes Received By Job
	Partitionable Resources :    Usage  Request Allocated 
	   Cpus                 :     0.88        1         1 
	   Disk (KB)            :   181           2      2048 
	   GPUs                 :                           0 
	   Memory (MB)          :   168        1024      1100 
	   TimeExecute (s)      :  5083                       
	   TimeSlotBusy (s)     :  5084                       

	Job terminated of its own accord at 2026-03-14T03:23:04Z with exit-code 0.
...
