000 (842543.004.000) 2026-03-14 10:57:17 Job submitted from host: <155.230.23.72:9618?addrs=155.230.23.72-9618+[2407-c000-c024-0-20c-29ff-fe6a-c74b]-9618&alias=cms02.knu.ac.kr&noUDP&sock=schedd_1497_655d>
...
040 (842543.004.000) 2026-03-14 10:58:16 Started transferring input files
	Transferring to host: <155.230.21.82:9618?addrs=155.230.21.82-9618+[2407-c000-c025--21-82]-9618&alias=cluster282.knu.ac.kr&noUDP&sock=slot1_4_1746_f700_2273>
...
040 (842543.004.000) 2026-03-14 10:58:16 Finished transferring input files
...
001 (842543.004.000) 2026-03-14 10:58:17 Job executing on host: <155.230.21.82:9618?addrs=155.230.21.82-9618+[2407-c000-c025--21-82]-9618&alias=cluster282.knu.ac.kr&noUDP&sock=startd_1265_4364>
	SlotName: slot1_4@cluster282.knu.ac.kr
	CondorScratchDir = "/home/condor/dir_2041287"
	Cpus = 1
	Disk = 2824
	GPUs = 0
	Memory = 1100
...
006 (842543.004.000) 2026-03-14 10:58:26 Image size of job updated: 96816
	95  -  MemoryUsage of job (MB)
	96816  -  ResidentSetSize of job (KB)
...
006 (842543.004.000) 2026-03-14 11:03:27 Image size of job updated: 171444
	168  -  MemoryUsage of job (MB)
	171444  -  ResidentSetSize of job (KB)
...
006 (842543.004.000) 2026-03-14 11:08:27 Image size of job updated: 171948
	168  -  MemoryUsage of job (MB)
	171948  -  ResidentSetSize of job (KB)
...
006 (842543.004.000) 2026-03-14 11:13:27 Image size of job updated: 174540
	171  -  MemoryUsage of job (MB)
	174540  -  ResidentSetSize of job (KB)
...
006 (842543.004.000) 2026-03-14 11:38:30 Image size of job updated: 174648
	171  -  MemoryUsage of job (MB)
	174648  -  ResidentSetSize of job (KB)
...
040 (842543.004.000) 2026-03-14 12:43:05 Started transferring output files
...
040 (842543.004.000) 2026-03-14 12:43:05 Finished transferring output files
...
005 (842543.004.000) 2026-03-14 12:43:05 Job terminated.
	(1) Normal termination (return value 0)
		Usr 0 01:19:09, Sys 0 00:13:07  -  Run Remote Usage
		Usr 0 00:00:00, Sys 0 00:00:00  -  Run Local Usage
		Usr 0 01:19:09, Sys 0 00:13:07  -  Total Remote Usage
		Usr 0 00:00:00, Sys 0 00:00:00  -  Total Local Usage
	132751  -  Run Bytes Sent By Job
	1028  -  Run Bytes Received By Job
	132751  -  Total Bytes Sent By Job
	1028  -  Total Bytes Received By Job
	Partitionable Resources :    Usage  Request Allocated 
	   Cpus                 :     0.90        1         1 
	   Disk (KB)            :   191           2      2824 
	   GPUs                 :                           0 
	   Memory (MB)          :   171        1024      1100 
	   TimeExecute (s)      :  6285                       
	   TimeSlotBusy (s)     :  6289                       

	Job terminated of its own accord at 2026-03-14T03:43:02Z with exit-code 0.
...
