000 (842543.001.000) 2026-03-14 10:57:17 Job submitted from host: <155.230.23.72:9618?addrs=155.230.23.72-9618+[2407-c000-c024-0-20c-29ff-fe6a-c74b]-9618&alias=cms02.knu.ac.kr&noUDP&sock=schedd_1497_655d>
...
040 (842543.001.000) 2026-03-14 10:58:15 Started transferring input files
	Transferring to host: <155.230.21.144:9618?addrs=155.230.21.144-9618+[2407-c000-c025--21-144]-9618&alias=cluster344.knu.ac.kr&noUDP&sock=slot1_8_3897_89f8_5034>
...
040 (842543.001.000) 2026-03-14 10:58:15 Finished transferring input files
...
001 (842543.001.000) 2026-03-14 10:58:16 Job executing on host: <155.230.21.144:9618?addrs=155.230.21.144-9618+[2407-c000-c025--21-144]-9618&alias=cluster344.knu.ac.kr&noUDP&sock=startd_3065_e9dd>
	SlotName: slot1_8@cluster344.knu.ac.kr
	CondorScratchDir = "/home/condor/dir_2406719"
	Cpus = 1
	Disk = 2826
	GPUs = 0
	Memory = 1100
...
006 (842543.001.000) 2026-03-14 10:58:24 Image size of job updated: 94252
	93  -  MemoryUsage of job (MB)
	94252  -  ResidentSetSize of job (KB)
...
006 (842543.001.000) 2026-03-14 11:03:24 Image size of job updated: 168004
	165  -  MemoryUsage of job (MB)
	168004  -  ResidentSetSize of job (KB)
...
006 (842543.001.000) 2026-03-14 11:08:25 Image size of job updated: 169640
	166  -  MemoryUsage of job (MB)
	169640  -  ResidentSetSize of job (KB)
...
006 (842543.001.000) 2026-03-14 12:18:32 Image size of job updated: 175064
	171  -  MemoryUsage of job (MB)
	175064  -  ResidentSetSize of job (KB)
...
040 (842543.001.000) 2026-03-14 12:31:17 Started transferring output files
...
040 (842543.001.000) 2026-03-14 12:31:17 Finished transferring output files
...
005 (842543.001.000) 2026-03-14 12:31:17 Job terminated.
	(1) Normal termination (return value 0)
		Usr 0 01:07:20, Sys 0 00:10:28  -  Run Remote Usage
		Usr 0 00:00:00, Sys 0 00:00:00  -  Run Local Usage
		Usr 0 01:07:20, Sys 0 00:10:28  -  Total Remote Usage
		Usr 0 00:00:00, Sys 0 00:00:00  -  Total Local Usage
	108892  -  Run Bytes Sent By Job
	1028  -  Run Bytes Received By Job
	108892  -  Total Bytes Sent By Job
	1028  -  Total Bytes Received By Job
	Partitionable Resources :    Usage  Request Allocated 
	   Cpus                 :     0.88        1         1 
	   Disk (KB)            :   168           2      2826 
	   GPUs                 :                           0 
	   Memory (MB)          :   171        1024      1100 
	   TimeExecute (s)      :  5580                       
	   TimeSlotBusy (s)     :  5582                       

	Job terminated of its own accord at 2026-03-14T03:31:16Z with exit-code 0.
...
