000 (842543.017.000) 2026-03-14 10:57:17 Job submitted from host: <155.230.23.72:9618?addrs=155.230.23.72-9618+[2407-c000-c024-0-20c-29ff-fe6a-c74b]-9618&alias=cms02.knu.ac.kr&noUDP&sock=schedd_1497_655d>
...
040 (842543.017.000) 2026-03-14 10:58:28 Started transferring input files
	Transferring to host: <155.230.21.44:9618?addrs=155.230.21.44-9618+[2407-c000-c025--21-44]-9618&alias=cluster244.knu.ac.kr&noUDP&sock=slot1_6_1512_1737_364>
...
040 (842543.017.000) 2026-03-14 10:58:28 Finished transferring input files
...
001 (842543.017.000) 2026-03-14 10:58:29 Job executing on host: <155.230.21.44:9618?addrs=155.230.21.44-9618+[2407-c000-c025--21-44]-9618&alias=cluster244.knu.ac.kr&noUDP&sock=startd_1095_a84b>
	SlotName: slot1_6@cluster244.knu.ac.kr
	CondorScratchDir = "/home/condor/dir_422345"
	Cpus = 1
	Disk = 2821
	GPUs = 0
	Memory = 1100
...
006 (842543.017.000) 2026-03-14 10:58:37 Image size of job updated: 98656
	97  -  MemoryUsage of job (MB)
	98656  -  ResidentSetSize of job (KB)
...
006 (842543.017.000) 2026-03-14 11:03:37 Image size of job updated: 154104
	151  -  MemoryUsage of job (MB)
	154104  -  ResidentSetSize of job (KB)
...
006 (842543.017.000) 2026-03-14 11:08:38 Image size of job updated: 175140
	172  -  MemoryUsage of job (MB)
	175140  -  ResidentSetSize of job (KB)
...
006 (842543.017.000) 2026-03-16 02:57:37 Image size of job updated: 175884
	172  -  MemoryUsage of job (MB)
	175884  -  ResidentSetSize of job (KB)
...
040 (842543.017.000) 2026-03-16 03:33:44 Started transferring output files
...
040 (842543.017.000) 2026-03-16 03:33:44 Finished transferring output files
...
005 (842543.017.000) 2026-03-16 03:33:44 Job terminated.
	(1) Normal termination (return value 0)
		Usr 0 01:29:31, Sys 0 00:15:21  -  Run Remote Usage
		Usr 0 00:00:00, Sys 0 00:00:00  -  Run Local Usage
		Usr 0 01:29:31, Sys 0 00:15:21  -  Total Remote Usage
		Usr 0 00:00:00, Sys 0 00:00:00  -  Total Local Usage
	120755  -  Run Bytes Sent By Job
	1028  -  Run Bytes Received By Job
	120755  -  Total Bytes Sent By Job
	1028  -  Total Bytes Received By Job
	Partitionable Resources :     Usage  Request Allocated 
	   Cpus                 :      0.59        1         1 
	   Disk (KB)            :    179           2      2821 
	   GPUs                 :                            0 
	   Memory (MB)          :    172        1024      1100 
	   TimeExecute (s)      : 146115                       
	   TimeSlotBusy (s)     : 146116                       

	Job terminated of its own accord at 2026-03-15T18:33:44Z with exit-code 0.
...
