000 (842543.008.000) 2026-03-14 10:57:17 Job submitted from host: <155.230.23.72:9618?addrs=155.230.23.72-9618+[2407-c000-c024-0-20c-29ff-fe6a-c74b]-9618&alias=cms02.knu.ac.kr&noUDP&sock=schedd_1497_655d>
...
040 (842543.008.000) 2026-03-14 10:58:22 Started transferring input files
	Transferring to host: <155.230.21.72:9618?addrs=155.230.21.72-9618+[2407-c000-c025--21-72]-9618&alias=cluster272.knu.ac.kr&noUDP&sock=slot1_4_3993884_54e3_3733>
...
040 (842543.008.000) 2026-03-14 10:58:22 Finished transferring input files
...
001 (842543.008.000) 2026-03-14 10:58:23 Job executing on host: <155.230.21.72:9618?addrs=155.230.21.72-9618+[2407-c000-c025--21-72]-9618&alias=cluster272.knu.ac.kr&noUDP&sock=startd_1080_5e5f>
	SlotName: slot1_4@cluster272.knu.ac.kr
	CondorScratchDir = "/home/condor/dir_1260428"
	Cpus = 1
	Disk = 2821
	GPUs = 0
	Memory = 1100
...
006 (842543.008.000) 2026-03-14 10:58:32 Image size of job updated: 97152
	95  -  MemoryUsage of job (MB)
	97152  -  ResidentSetSize of job (KB)
...
006 (842543.008.000) 2026-03-14 11:03:33 Image size of job updated: 153072
	150  -  MemoryUsage of job (MB)
	153072  -  ResidentSetSize of job (KB)
...
006 (842543.008.000) 2026-03-14 11:08:34 Image size of job updated: 175480
	172  -  MemoryUsage of job (MB)
	175480  -  ResidentSetSize of job (KB)
...
040 (842543.008.000) 2026-03-14 17:36:58 Started transferring output files
...
040 (842543.008.000) 2026-03-14 17:36:58 Finished transferring output files
...
005 (842543.008.000) 2026-03-14 17:36:58 Job terminated.
	(1) Normal termination (return value 0)
		Usr 0 01:24:12, Sys 0 00:13:04  -  Run Remote Usage
		Usr 0 00:00:00, Sys 0 00:00:00  -  Run Local Usage
		Usr 0 01:24:12, Sys 0 00:13:04  -  Total Remote Usage
		Usr 0 00:00:00, Sys 0 00:00:00  -  Total Local Usage
	116355  -  Run Bytes Sent By Job
	1028  -  Run Bytes Received By Job
	116355  -  Total Bytes Sent By Job
	1028  -  Total Bytes Received By Job
	Partitionable Resources :    Usage  Request Allocated 
	   Cpus                 :     0.92        1         1 
	   Disk (KB)            :   175           2      2821 
	   GPUs                 :                           0 
	   Memory (MB)          :   172        1024      1100 
	   TimeExecute (s)      : 23915                       
	   TimeSlotBusy (s)     : 23916                       

	Job terminated of its own accord at 2026-03-14T08:36:58Z with exit-code 0.
...
