000 (842543.029.000) 2026-03-14 10:57:17 Job submitted from host: <155.230.23.72:9618?addrs=155.230.23.72-9618+[2407-c000-c024-0-20c-29ff-fe6a-c74b]-9618&alias=cms02.knu.ac.kr&noUDP&sock=schedd_1497_655d>
...
040 (842543.029.000) 2026-03-14 10:58:25 Started transferring input files
	Transferring to host: <155.230.21.99:9618?addrs=155.230.21.99-9618+[2407-c000-c025--21-99]-9618&alias=cluster299.knu.ac.kr&noUDP&sock=slot1_6_1472_e835_11308>
...
040 (842543.029.000) 2026-03-14 10:58:25 Finished transferring input files
...
001 (842543.029.000) 2026-03-14 10:58:26 Job executing on host: <155.230.21.99:9618?addrs=155.230.21.99-9618+[2407-c000-c025--21-99]-9618&alias=cluster299.knu.ac.kr&noUDP&sock=startd_1098_b713>
	SlotName: slot1_6@cluster299.knu.ac.kr
	CondorScratchDir = "/home/condor/dir_1879542"
	Cpus = 1
	Disk = 2824
	GPUs = 0
	Memory = 1100
...
006 (842543.029.000) 2026-03-14 10:58:34 Image size of job updated: 91316
	90  -  MemoryUsage of job (MB)
	91316  -  ResidentSetSize of job (KB)
...
006 (842543.029.000) 2026-03-14 11:03:34 Image size of job updated: 170324
	167  -  MemoryUsage of job (MB)
	170324  -  ResidentSetSize of job (KB)
...
006 (842543.029.000) 2026-03-14 11:08:34 Image size of job updated: 170496
	167  -  MemoryUsage of job (MB)
	170496  -  ResidentSetSize of job (KB)
...
006 (842543.029.000) 2026-03-14 11:13:35 Image size of job updated: 174860
	171  -  MemoryUsage of job (MB)
	174860  -  ResidentSetSize of job (KB)
...
006 (842543.029.000) 2026-03-14 11:18:35 Image size of job updated: 174980
	171  -  MemoryUsage of job (MB)
	174980  -  ResidentSetSize of job (KB)
...
006 (842543.029.000) 2026-03-14 11:33:36 Image size of job updated: 175180
	172  -  MemoryUsage of job (MB)
	175180  -  ResidentSetSize of job (KB)
...
040 (842543.029.000) 2026-03-14 11:55:29 Started transferring output files
...
040 (842543.029.000) 2026-03-14 11:55:29 Finished transferring output files
...
005 (842543.029.000) 2026-03-14 11:55:29 Job terminated.
	(1) Normal termination (return value 0)
		Usr 0 00:46:10, Sys 0 00:04:59  -  Run Remote Usage
		Usr 0 00:00:00, Sys 0 00:00:00  -  Run Local Usage
		Usr 0 00:46:10, Sys 0 00:04:59  -  Total Remote Usage
		Usr 0 00:00:00, Sys 0 00:00:00  -  Total Local Usage
	65011  -  Run Bytes Sent By Job
	1028  -  Run Bytes Received By Job
	65011  -  Total Bytes Sent By Job
	1028  -  Total Bytes Received By Job
	Partitionable Resources :    Usage  Request Allocated 
	   Cpus                 :     0.95        1         1 
	   Disk (KB)            :   125           2      2824 
	   GPUs                 :                           0 
	   Memory (MB)          :   172        1024      1100 
	   TimeExecute (s)      :  3423                       
	   TimeSlotBusy (s)     :  3424                       

	Job terminated of its own accord at 2026-03-14T02:55:29Z with exit-code 0.
...
