000 (842543.015.000) 2026-03-14 10:57:17 Job submitted from host: <155.230.23.72:9618?addrs=155.230.23.72-9618+[2407-c000-c024-0-20c-29ff-fe6a-c74b]-9618&alias=cms02.knu.ac.kr&noUDP&sock=schedd_1497_655d>
...
040 (842543.015.000) 2026-03-14 10:58:18 Started transferring input files
	Transferring to host: <155.230.21.146:9618?addrs=155.230.21.146-9618+[2407-c000-c025--21-146]-9618&alias=cluster346.knu.ac.kr&noUDP&sock=slot1_6_98017_97eb_4096>
...
040 (842543.015.000) 2026-03-14 10:58:18 Finished transferring input files
...
001 (842543.015.000) 2026-03-14 10:58:19 Job executing on host: <155.230.21.146:9618?addrs=155.230.21.146-9618+[2407-c000-c025--21-146]-9618&alias=cluster346.knu.ac.kr&noUDP&sock=startd_6945_4554>
	SlotName: slot1_6@cluster346.knu.ac.kr
	AvailableGPUs = {  }
	CondorScratchDir = "/home/condor/dir_3757723"
	Cpus = 1
	Disk = 2048
	GPUs = 0
	Memory = 1100
...
006 (842543.015.000) 2026-03-14 10:58:28 Image size of job updated: 94020
	92  -  MemoryUsage of job (MB)
	94020  -  ResidentSetSize of job (KB)
...
006 (842543.015.000) 2026-03-14 11:03:29 Image size of job updated: 170512
	167  -  MemoryUsage of job (MB)
	170512  -  ResidentSetSize of job (KB)
...
006 (842543.015.000) 2026-03-14 11:08:30 Image size of job updated: 172368
	169  -  MemoryUsage of job (MB)
	172368  -  ResidentSetSize of job (KB)
...
006 (842543.015.000) 2026-03-14 11:13:30 Image size of job updated: 172388
	169  -  MemoryUsage of job (MB)
	172388  -  ResidentSetSize of job (KB)
...
040 (842543.015.000) 2026-03-14 12:49:14 Started transferring output files
...
040 (842543.015.000) 2026-03-14 12:49:14 Finished transferring output files
...
005 (842543.015.000) 2026-03-14 12:49:14 Job terminated.
	(1) Normal termination (return value 0)
		Usr 0 01:41:40, Sys 0 00:02:51  -  Run Remote Usage
		Usr 0 00:00:00, Sys 0 00:00:00  -  Run Local Usage
		Usr 0 01:41:40, Sys 0 00:02:51  -  Total Remote Usage
		Usr 0 00:00:00, Sys 0 00:00:00  -  Total Local Usage
	116890  -  Run Bytes Sent By Job
	1028  -  Run Bytes Received By Job
	116890  -  Total Bytes Sent By Job
	1028  -  Total Bytes Received By Job
	Partitionable Resources :    Usage  Request Allocated 
	   Cpus                 :     0.95        1         1 
	   Disk (KB)            :   176           2      2048 
	   GPUs                 :                           0 
	   Memory (MB)          :   169        1024      1100 
	   TimeExecute (s)      :  6655                       
	   TimeSlotBusy (s)     :  6656                       

	Job terminated of its own accord at 2026-03-14T03:49:14Z with exit-code 0.
...
