000 (842543.023.000) 2026-03-14 10:57:17 Job submitted from host: <155.230.23.72:9618?addrs=155.230.23.72-9618+[2407-c000-c024-0-20c-29ff-fe6a-c74b]-9618&alias=cms02.knu.ac.kr&noUDP&sock=schedd_1497_655d>
...
040 (842543.023.000) 2026-03-14 10:58:22 Started transferring input files
	Transferring to host: <155.230.21.135:9618?addrs=155.230.21.135-9618+[2407-c000-c025--21-135]-9618&alias=cluster335.knu.ac.kr&noUDP&sock=slot1_7_3817_2bf4_4967>
...
040 (842543.023.000) 2026-03-14 10:58:22 Finished transferring input files
...
001 (842543.023.000) 2026-03-14 10:58:23 Job executing on host: <155.230.21.135:9618?addrs=155.230.21.135-9618+[2407-c000-c025--21-135]-9618&alias=cluster335.knu.ac.kr&noUDP&sock=startd_2883_13a1>
	SlotName: slot1_7@cluster335.knu.ac.kr
	CondorScratchDir = "/home/condor/dir_276089"
	Cpus = 1
	Disk = 2836
	GPUs = 0
	Memory = 1100
...
006 (842543.023.000) 2026-03-14 10:58:31 Image size of job updated: 97428
	96  -  MemoryUsage of job (MB)
	97428  -  ResidentSetSize of job (KB)
...
006 (842543.023.000) 2026-03-14 11:03:31 Image size of job updated: 171244
	168  -  MemoryUsage of job (MB)
	171244  -  ResidentSetSize of job (KB)
...
006 (842543.023.000) 2026-03-14 11:08:32 Image size of job updated: 171936
	168  -  MemoryUsage of job (MB)
	171936  -  ResidentSetSize of job (KB)
...
006 (842543.023.000) 2026-03-14 11:48:36 Image size of job updated: 172476
	169  -  MemoryUsage of job (MB)
	172476  -  ResidentSetSize of job (KB)
...
040 (842543.023.000) 2026-03-14 12:35:24 Started transferring output files
...
040 (842543.023.000) 2026-03-14 12:35:24 Finished transferring output files
...
005 (842543.023.000) 2026-03-14 12:35:24 Job terminated.
	(1) Normal termination (return value 0)
		Usr 0 01:27:41, Sys 0 00:03:32  -  Run Remote Usage
		Usr 0 00:00:00, Sys 0 00:00:00  -  Run Local Usage
		Usr 0 01:27:41, Sys 0 00:03:32  -  Total Remote Usage
		Usr 0 00:00:00, Sys 0 00:00:00  -  Total Local Usage
	125365  -  Run Bytes Sent By Job
	1028  -  Run Bytes Received By Job
	125365  -  Total Bytes Sent By Job
	1028  -  Total Bytes Received By Job
	Partitionable Resources :    Usage  Request Allocated 
	   Cpus                 :     0.98        1         1 
	   Disk (KB)            :   184           2      2836 
	   GPUs                 :                           0 
	   Memory (MB)          :   169        1024      1100 
	   TimeExecute (s)      :  5821                       
	   TimeSlotBusy (s)     :  5822                       

	Job terminated of its own accord at 2026-03-14T03:35:24Z with exit-code 0.
...
