000 (842543.019.000) 2026-03-14 10:57:17 Job submitted from host: <155.230.23.72:9618?addrs=155.230.23.72-9618+[2407-c000-c024-0-20c-29ff-fe6a-c74b]-9618&alias=cms02.knu.ac.kr&noUDP&sock=schedd_1497_655d>
...
040 (842543.019.000) 2026-03-14 10:58:20 Started transferring input files
	Transferring to host: <155.230.21.116:9618?addrs=155.230.21.116-9618+[2407-c000-c025--21-116]-9618&alias=cluster316.knu.ac.kr&noUDP&sock=slot1_4_2117_5e2f_2186>
...
040 (842543.019.000) 2026-03-14 10:58:20 Finished transferring input files
...
001 (842543.019.000) 2026-03-14 10:58:21 Job executing on host: <155.230.21.116:9618?addrs=155.230.21.116-9618+[2407-c000-c025--21-116]-9618&alias=cluster316.knu.ac.kr&noUDP&sock=startd_1694_8585>
	SlotName: slot1_4@cluster316.knu.ac.kr
	CondorScratchDir = "/home/condor/dir_3186641"
	Cpus = 1
	Disk = 2823
	GPUs = 0
	Memory = 1100
...
006 (842543.019.000) 2026-03-14 10:58:30 Image size of job updated: 97076
	95  -  MemoryUsage of job (MB)
	97076  -  ResidentSetSize of job (KB)
...
006 (842543.019.000) 2026-03-14 11:03:31 Image size of job updated: 171668
	168  -  MemoryUsage of job (MB)
	171668  -  ResidentSetSize of job (KB)
...
006 (842543.019.000) 2026-03-14 11:08:31 Image size of job updated: 171876
	168  -  MemoryUsage of job (MB)
	171876  -  ResidentSetSize of job (KB)
...
006 (842543.019.000) 2026-03-14 11:53:37 Image size of job updated: 174452
	171  -  MemoryUsage of job (MB)
	174452  -  ResidentSetSize of job (KB)
...
040 (842543.019.000) 2026-03-14 12:33:51 Started transferring output files
...
040 (842543.019.000) 2026-03-14 12:33:51 Finished transferring output files
...
005 (842543.019.000) 2026-03-14 12:33:51 Job terminated.
	(1) Normal termination (return value 0)
		Usr 0 01:14:32, Sys 0 00:10:32  -  Run Remote Usage
		Usr 0 00:00:00, Sys 0 00:00:00  -  Run Local Usage
		Usr 0 01:14:32, Sys 0 00:10:32  -  Total Remote Usage
		Usr 0 00:00:00, Sys 0 00:00:00  -  Total Local Usage
	110536  -  Run Bytes Sent By Job
	1028  -  Run Bytes Received By Job
	110536  -  Total Bytes Sent By Job
	1028  -  Total Bytes Received By Job
	Partitionable Resources :    Usage  Request Allocated 
	   Cpus                 :     0.97        1         1 
	   Disk (KB)            :   169           2      2823 
	   GPUs                 :                           0 
	   Memory (MB)          :   171        1024      1100 
	   TimeExecute (s)      :  5730                       
	   TimeSlotBusy (s)     :  5731                       

	Job terminated of its own accord at 2026-03-14T03:33:51Z with exit-code 0.
...
