000 (842543.018.000) 2026-03-14 10:57:17 Job submitted from host: <155.230.23.72:9618?addrs=155.230.23.72-9618+[2407-c000-c024-0-20c-29ff-fe6a-c74b]-9618&alias=cms02.knu.ac.kr&noUDP&sock=schedd_1497_655d>
...
040 (842543.018.000) 2026-03-14 10:58:19 Started transferring input files
	Transferring to host: <155.230.21.119:9618?addrs=155.230.21.119-9618+[2407-c000-c025--21-119]-9618&alias=cluster319.knu.ac.kr&noUDP&sock=slot1_3_2021_ba2b_2214>
...
040 (842543.018.000) 2026-03-14 10:58:19 Finished transferring input files
...
001 (842543.018.000) 2026-03-14 10:58:20 Job executing on host: <155.230.21.119:9618?addrs=155.230.21.119-9618+[2407-c000-c025--21-119]-9618&alias=cluster319.knu.ac.kr&noUDP&sock=startd_1632_fea6>
	SlotName: slot1_3@cluster319.knu.ac.kr
	CondorScratchDir = "/home/condor/dir_1815729"
	Cpus = 1
	Disk = 2829
	GPUs = 0
	Memory = 1100
...
006 (842543.018.000) 2026-03-14 10:58:29 Image size of job updated: 95520
	94  -  MemoryUsage of job (MB)
	95520  -  ResidentSetSize of job (KB)
...
006 (842543.018.000) 2026-03-14 11:03:30 Image size of job updated: 174244
	171  -  MemoryUsage of job (MB)
	174244  -  ResidentSetSize of job (KB)
...
006 (842543.018.000) 2026-03-14 11:13:31 Image size of job updated: 180232
	177  -  MemoryUsage of job (MB)
	180232  -  ResidentSetSize of job (KB)
...
006 (842543.018.000) 2026-03-14 11:23:33 Image size of job updated: 180264
	177  -  MemoryUsage of job (MB)
	180264  -  ResidentSetSize of job (KB)
...
040 (842543.018.000) 2026-03-14 12:13:06 Started transferring output files
...
040 (842543.018.000) 2026-03-14 12:13:06 Finished transferring output files
...
005 (842543.018.000) 2026-03-14 12:13:07 Job terminated.
	(1) Normal termination (return value 0)
		Usr 0 00:58:23, Sys 0 00:08:15  -  Run Remote Usage
		Usr 0 00:00:00, Sys 0 00:00:00  -  Run Local Usage
		Usr 0 00:58:23, Sys 0 00:08:15  -  Total Remote Usage
		Usr 0 00:00:00, Sys 0 00:00:00  -  Total Local Usage
	91244  -  Run Bytes Sent By Job
	1028  -  Run Bytes Received By Job
	91244  -  Total Bytes Sent By Job
	1028  -  Total Bytes Received By Job
	Partitionable Resources :    Usage  Request Allocated 
	   Cpus                 :     0.91        1         1 
	   Disk (KB)            :   150           2      2829 
	   GPUs                 :                           0 
	   Memory (MB)          :   177        1024      1100 
	   TimeExecute (s)      :  4486                       
	   TimeSlotBusy (s)     :  4487                       

	Job terminated of its own accord at 2026-03-14T03:13:06Z with exit-code 0.
...
