000 (842543.024.000) 2026-03-14 10:57:17 Job submitted from host: <155.230.23.72:9618?addrs=155.230.23.72-9618+[2407-c000-c024-0-20c-29ff-fe6a-c74b]-9618&alias=cms02.knu.ac.kr&noUDP&sock=schedd_1497_655d>
...
040 (842543.024.000) 2026-03-14 10:58:22 Started transferring input files
	Transferring to host: <155.230.21.155:9618?addrs=155.230.21.155-9618+[2407-c000-c025--21-155]-9618&alias=cluster355.knu.ac.kr&noUDP&sock=slot1_4_3994_e25b_7448>
...
040 (842543.024.000) 2026-03-14 10:58:22 Finished transferring input files
...
001 (842543.024.000) 2026-03-14 10:58:23 Job executing on host: <155.230.21.155:9618?addrs=155.230.21.155-9618+[2407-c000-c025--21-155]-9618&alias=cluster355.knu.ac.kr&noUDP&sock=startd_2910_98af>
	SlotName: slot1_4@cluster355.knu.ac.kr
	CondorScratchDir = "/home/condor/dir_2056632"
	Cpus = 1
	Disk = 4665
	GPUs = 0
	Memory = 1100
...
006 (842543.024.000) 2026-03-14 10:58:32 Image size of job updated: 95512
	94  -  MemoryUsage of job (MB)
	95512  -  ResidentSetSize of job (KB)
...
006 (842543.024.000) 2026-03-14 11:03:33 Image size of job updated: 171556
	168  -  MemoryUsage of job (MB)
	171556  -  ResidentSetSize of job (KB)
...
006 (842543.024.000) 2026-03-14 11:08:34 Image size of job updated: 171972
	168  -  MemoryUsage of job (MB)
	171972  -  ResidentSetSize of job (KB)
...
006 (842543.024.000) 2026-03-14 11:23:36 Image size of job updated: 172672
	169  -  MemoryUsage of job (MB)
	172672  -  ResidentSetSize of job (KB)
...
040 (842543.024.000) 2026-03-14 11:43:49 Started transferring output files
...
040 (842543.024.000) 2026-03-14 11:43:49 Finished transferring output files
...
005 (842543.024.000) 2026-03-14 11:43:49 Job terminated.
	(1) Normal termination (return value 0)
		Usr 0 00:35:51, Sys 0 00:02:16  -  Run Remote Usage
		Usr 0 00:00:00, Sys 0 00:00:00  -  Run Local Usage
		Usr 0 00:35:51, Sys 0 00:02:16  -  Total Remote Usage
		Usr 0 00:00:00, Sys 0 00:00:00  -  Total Local Usage
	116633  -  Run Bytes Sent By Job
	1028  -  Run Bytes Received By Job
	116633  -  Total Bytes Sent By Job
	1028  -  Total Bytes Received By Job
	Partitionable Resources :    Usage  Request Allocated 
	   Cpus                 :     0.87        1         1 
	   Disk (KB)            :   175           2      4665 
	   GPUs                 :                           0 
	   Memory (MB)          :   169        1024      1100 
	   TimeExecute (s)      :  2726                       
	   TimeSlotBusy (s)     :  2727                       

	Job terminated of its own accord at 2026-03-14T02:43:49Z with exit-code 0.
...
