000 (842543.030.000) 2026-03-14 10:57:17 Job submitted from host: <155.230.23.72:9618?addrs=155.230.23.72-9618+[2407-c000-c024-0-20c-29ff-fe6a-c74b]-9618&alias=cms02.knu.ac.kr&noUDP&sock=schedd_1497_655d>
...
040 (842543.030.000) 2026-03-14 10:58:25 Started transferring input files
	Transferring to host: <155.230.21.141:9618?addrs=155.230.21.141-9618+[2407-c000-c025--21-141]-9618&alias=cluster341.knu.ac.kr&noUDP&sock=slot1_10_2594_7523_3174>
...
040 (842543.030.000) 2026-03-14 10:58:25 Finished transferring input files
...
001 (842543.030.000) 2026-03-14 10:58:26 Job executing on host: <155.230.21.141:9618?addrs=155.230.21.141-9618+[2407-c000-c025--21-141]-9618&alias=cluster341.knu.ac.kr&noUDP&sock=startd_2129_e538>
	SlotName: slot1_10@cluster341.knu.ac.kr
	CondorScratchDir = "/home/condor/dir_3500117"
	Cpus = 1
	Disk = 2757
	GPUs = 0
	Memory = 1100
...
006 (842543.030.000) 2026-03-14 10:58:34 Image size of job updated: 92724
	91  -  MemoryUsage of job (MB)
	92724  -  ResidentSetSize of job (KB)
...
006 (842543.030.000) 2026-03-14 11:03:34 Image size of job updated: 169464
	166  -  MemoryUsage of job (MB)
	169464  -  ResidentSetSize of job (KB)
...
006 (842543.030.000) 2026-03-14 11:08:35 Image size of job updated: 169576
	166  -  MemoryUsage of job (MB)
	169576  -  ResidentSetSize of job (KB)
...
040 (842543.030.000) 2026-03-14 12:55:28 Started transferring output files
...
040 (842543.030.000) 2026-03-14 12:55:28 Finished transferring output files
...
005 (842543.030.000) 2026-03-14 12:55:28 Job terminated.
	(1) Normal termination (return value 0)
		Usr 0 01:25:45, Sys 0 00:12:03  -  Run Remote Usage
		Usr 0 00:00:00, Sys 0 00:00:00  -  Run Local Usage
		Usr 0 01:25:45, Sys 0 00:12:03  -  Total Remote Usage
		Usr 0 00:00:00, Sys 0 00:00:00  -  Total Local Usage
	117097  -  Run Bytes Sent By Job
	1028  -  Run Bytes Received By Job
	117097  -  Total Bytes Sent By Job
	1028  -  Total Bytes Received By Job
	Partitionable Resources :    Usage  Request Allocated 
	   Cpus                 :     0.84        1         1 
	   Disk (KB)            :   176           2      2757 
	   GPUs                 :                           0 
	   Memory (MB)          :   166        1024      1100 
	   TimeExecute (s)      :  7022                       
	   TimeSlotBusy (s)     :  7023                       

	Job terminated of its own accord at 2026-03-14T03:55:28Z with exit-code 0.
...
