000 (842543.022.000) 2026-03-14 10:57:17 Job submitted from host: <155.230.23.72:9618?addrs=155.230.23.72-9618+[2407-c000-c024-0-20c-29ff-fe6a-c74b]-9618&alias=cms02.knu.ac.kr&noUDP&sock=schedd_1497_655d>
...
040 (842543.022.000) 2026-03-14 10:58:22 Started transferring input files
	Transferring to host: <155.230.21.153:9618?addrs=155.230.21.153-9618+[2407-c000-c024-0-12ff-e0ff-fe03-bebe]-9618&alias=cluster353.knu.ac.kr&noUDP&sock=slot1_9_2402_2d1b_7001>
...
040 (842543.022.000) 2026-03-14 10:58:22 Finished transferring input files
...
001 (842543.022.000) 2026-03-14 10:58:23 Job executing on host: <155.230.21.153:9618?addrs=155.230.21.153-9618+[2407-c000-c024-0-12ff-e0ff-fe03-bebe]-9618&alias=cluster353.knu.ac.kr&noUDP&sock=startd_1930_65df>
	SlotName: slot1_9@cluster353.knu.ac.kr
	CondorScratchDir = "/home/condor/dir_2921626"
	Cpus = 1
	Disk = 2765
	GPUs = 0
	Memory = 1100
...
006 (842543.022.000) 2026-03-14 10:58:31 Image size of job updated: 97808
	96  -  MemoryUsage of job (MB)
	97808  -  ResidentSetSize of job (KB)
...
006 (842543.022.000) 2026-03-14 11:03:31 Image size of job updated: 172656
	169  -  MemoryUsage of job (MB)
	172656  -  ResidentSetSize of job (KB)
...
006 (842543.022.000) 2026-03-14 11:08:32 Image size of job updated: 172720
	169  -  MemoryUsage of job (MB)
	172720  -  ResidentSetSize of job (KB)
...
040 (842543.022.000) 2026-03-14 11:46:42 Started transferring output files
...
040 (842543.022.000) 2026-03-14 11:46:42 Finished transferring output files
...
005 (842543.022.000) 2026-03-14 11:46:42 Job terminated.
	(1) Normal termination (return value 0)
		Usr 0 00:38:50, Sys 0 00:02:17  -  Run Remote Usage
		Usr 0 00:00:00, Sys 0 00:00:00  -  Run Local Usage
		Usr 0 00:38:50, Sys 0 00:02:17  -  Total Remote Usage
		Usr 0 00:00:00, Sys 0 00:00:00  -  Total Local Usage
	117726  -  Run Bytes Sent By Job
	1028  -  Run Bytes Received By Job
	117726  -  Total Bytes Sent By Job
	1028  -  Total Bytes Received By Job
	Partitionable Resources :    Usage  Request Allocated 
	   Cpus                 :     0.93        1         1 
	   Disk (KB)            :   176           2      2765 
	   GPUs                 :                           0 
	   Memory (MB)          :   169        1024      1100 
	   TimeExecute (s)      :  2899                       
	   TimeSlotBusy (s)     :  2900                       

	Job terminated of its own accord at 2026-03-14T02:46:42Z with exit-code 0.
...
