000 (842543.003.000) 2026-03-14 10:57:17 Job submitted from host: <155.230.23.72:9618?addrs=155.230.23.72-9618+[2407-c000-c024-0-20c-29ff-fe6a-c74b]-9618&alias=cms02.knu.ac.kr&noUDP&sock=schedd_1497_655d>
...
040 (842543.003.000) 2026-03-14 10:58:15 Started transferring input files
	Transferring to host: <155.230.21.145:9618?addrs=155.230.21.145-9618+[2407-c000-c025--21-145]-9618&alias=cluster345.knu.ac.kr&noUDP&sock=slot1_5_3707_aab0_4794>
...
040 (842543.003.000) 2026-03-14 10:58:15 Finished transferring input files
...
001 (842543.003.000) 2026-03-14 10:58:16 Job executing on host: <155.230.21.145:9618?addrs=155.230.21.145-9618+[2407-c000-c025--21-145]-9618&alias=cluster345.knu.ac.kr&noUDP&sock=startd_2863_5bbc>
	SlotName: slot1_5@cluster345.knu.ac.kr
	CondorScratchDir = "/home/condor/dir_1281033"
	Cpus = 1
	Disk = 2818
	GPUs = 0
	Memory = 1100
...
006 (842543.003.000) 2026-03-14 10:58:24 Image size of job updated: 96776
	95  -  MemoryUsage of job (MB)
	96776  -  ResidentSetSize of job (KB)
...
006 (842543.003.000) 2026-03-14 11:03:24 Image size of job updated: 171040
	168  -  MemoryUsage of job (MB)
	171040  -  ResidentSetSize of job (KB)
...
006 (842543.003.000) 2026-03-14 11:08:25 Image size of job updated: 171392
	168  -  MemoryUsage of job (MB)
	171392  -  ResidentSetSize of job (KB)
...
006 (842543.003.000) 2026-03-14 11:13:25 Image size of job updated: 171400
	168  -  MemoryUsage of job (MB)
	171400  -  ResidentSetSize of job (KB)
...
006 (842543.003.000) 2026-03-14 11:18:25 Image size of job updated: 171740
	168  -  MemoryUsage of job (MB)
	171740  -  ResidentSetSize of job (KB)
...
006 (842543.003.000) 2026-03-14 11:28:26 Image size of job updated: 171964
	168  -  MemoryUsage of job (MB)
	171964  -  ResidentSetSize of job (KB)
...
040 (842543.003.000) 2026-03-14 12:52:28 Started transferring output files
...
040 (842543.003.000) 2026-03-14 12:52:28 Finished transferring output files
...
005 (842543.003.000) 2026-03-14 12:52:29 Job terminated.
	(1) Normal termination (return value 0)
		Usr 0 01:24:09, Sys 0 00:13:08  -  Run Remote Usage
		Usr 0 00:00:00, Sys 0 00:00:00  -  Run Local Usage
		Usr 0 01:24:09, Sys 0 00:13:08  -  Total Remote Usage
		Usr 0 00:00:00, Sys 0 00:00:00  -  Total Local Usage
	130557  -  Run Bytes Sent By Job
	1028  -  Run Bytes Received By Job
	130557  -  Total Bytes Sent By Job
	1028  -  Total Bytes Received By Job
	Partitionable Resources :    Usage  Request Allocated 
	   Cpus                 :     0.93        1         1 
	   Disk (KB)            :   189           2      2818 
	   GPUs                 :                           0 
	   Memory (MB)          :   168        1024      1100 
	   TimeExecute (s)      :  6852                       
	   TimeSlotBusy (s)     :  6853                       

	Job terminated of its own accord at 2026-03-14T03:52:28Z with exit-code 0.
...
