000 (842543.010.000) 2026-03-14 10:57:17 Job submitted from host: <155.230.23.72:9618?addrs=155.230.23.72-9618+[2407-c000-c024-0-20c-29ff-fe6a-c74b]-9618&alias=cms02.knu.ac.kr&noUDP&sock=schedd_1497_655d>
...
040 (842543.010.000) 2026-03-14 10:58:18 Started transferring input files
	Transferring to host: <155.230.21.122:9618?addrs=155.230.21.122-9618+[2407-c000-c025--21-122]-9618&alias=cluster322.knu.ac.kr&noUDP&sock=slot1_3_1936_d648_2057>
...
040 (842543.010.000) 2026-03-14 10:58:18 Finished transferring input files
...
001 (842543.010.000) 2026-03-14 10:58:19 Job executing on host: <155.230.21.122:9618?addrs=155.230.21.122-9618+[2407-c000-c025--21-122]-9618&alias=cluster322.knu.ac.kr&noUDP&sock=startd_1539_3457>
	SlotName: slot1_3@cluster322.knu.ac.kr
	CondorScratchDir = "/home/condor/dir_2203677"
	Cpus = 1
	Disk = 2839
	GPUs = 0
	Memory = 1100
...
006 (842543.010.000) 2026-03-14 10:58:27 Image size of job updated: 97680
	96  -  MemoryUsage of job (MB)
	97680  -  ResidentSetSize of job (KB)
...
006 (842543.010.000) 2026-03-14 11:03:27 Image size of job updated: 170096
	167  -  MemoryUsage of job (MB)
	170096  -  ResidentSetSize of job (KB)
...
006 (842543.010.000) 2026-03-14 11:08:27 Image size of job updated: 171596
	168  -  MemoryUsage of job (MB)
	171596  -  ResidentSetSize of job (KB)
...
006 (842543.010.000) 2026-03-14 11:58:32 Image size of job updated: 180412
	177  -  MemoryUsage of job (MB)
	180412  -  ResidentSetSize of job (KB)
...
040 (842543.010.000) 2026-03-14 12:30:39 Started transferring output files
...
040 (842543.010.000) 2026-03-14 12:30:39 Finished transferring output files
...
005 (842543.010.000) 2026-03-14 12:30:39 Job terminated.
	(1) Normal termination (return value 0)
		Usr 0 01:14:31, Sys 0 00:09:00  -  Run Remote Usage
		Usr 0 00:00:00, Sys 0 00:00:00  -  Run Local Usage
		Usr 0 01:14:31, Sys 0 00:09:00  -  Total Remote Usage
		Usr 0 00:00:00, Sys 0 00:00:00  -  Total Local Usage
	98265  -  Run Bytes Sent By Job
	1028  -  Run Bytes Received By Job
	98265  -  Total Bytes Sent By Job
	1028  -  Total Bytes Received By Job
	Partitionable Resources :    Usage  Request Allocated 
	   Cpus                 :     0.95        1         1 
	   Disk (KB)            :   157           2      2839 
	   GPUs                 :                           0 
	   Memory (MB)          :   177        1024      1100 
	   TimeExecute (s)      :  5540                       
	   TimeSlotBusy (s)     :  5541                       

	Job terminated of its own accord at 2026-03-14T03:30:39Z with exit-code 0.
...
