000 (842543.016.000) 2026-03-14 10:57:17 Job submitted from host: <155.230.23.72:9618?addrs=155.230.23.72-9618+[2407-c000-c024-0-20c-29ff-fe6a-c74b]-9618&alias=cms02.knu.ac.kr&noUDP&sock=schedd_1497_655d>
...
040 (842543.016.000) 2026-03-14 10:58:19 Started transferring input files
	Transferring to host: <155.230.21.121:9618?addrs=155.230.21.121-9618+[2407-c000-c025--21-121]-9618&alias=cluster321.knu.ac.kr&noUDP&sock=slot1_6_2177_a4b2_2824>
...
040 (842543.016.000) 2026-03-14 10:58:19 Finished transferring input files
...
001 (842543.016.000) 2026-03-14 10:58:20 Job executing on host: <155.230.21.121:9618?addrs=155.230.21.121-9618+[2407-c000-c025--21-121]-9618&alias=cluster321.knu.ac.kr&noUDP&sock=startd_1610_e791>
	SlotName: slot1_6@cluster321.knu.ac.kr
	CondorScratchDir = "/home/condor/dir_2672164"
	Cpus = 1
	Disk = 2773
	GPUs = 0
	Memory = 1100
...
006 (842543.016.000) 2026-03-14 10:58:29 Image size of job updated: 97216
	95  -  MemoryUsage of job (MB)
	97216  -  ResidentSetSize of job (KB)
...
006 (842543.016.000) 2026-03-14 11:03:30 Image size of job updated: 176308
	173  -  MemoryUsage of job (MB)
	176308  -  ResidentSetSize of job (KB)
...
006 (842543.016.000) 2026-03-14 11:08:31 Image size of job updated: 177188
	174  -  MemoryUsage of job (MB)
	177188  -  ResidentSetSize of job (KB)
...
006 (842543.016.000) 2026-03-14 12:13:37 Image size of job updated: 177268
	174  -  MemoryUsage of job (MB)
	177268  -  ResidentSetSize of job (KB)
...
040 (842543.016.000) 2026-03-14 12:32:24 Started transferring output files
...
040 (842543.016.000) 2026-03-14 12:32:24 Finished transferring output files
...
005 (842543.016.000) 2026-03-14 12:32:24 Job terminated.
	(1) Normal termination (return value 0)
		Usr 0 01:15:11, Sys 0 00:10:48  -  Run Remote Usage
		Usr 0 00:00:00, Sys 0 00:00:00  -  Run Local Usage
		Usr 0 01:15:11, Sys 0 00:10:48  -  Total Remote Usage
		Usr 0 00:00:00, Sys 0 00:00:00  -  Total Local Usage
	112756  -  Run Bytes Sent By Job
	1028  -  Run Bytes Received By Job
	112756  -  Total Bytes Sent By Job
	1028  -  Total Bytes Received By Job
	Partitionable Resources :    Usage  Request Allocated 
	   Cpus                 :     0.98        1         1 
	   Disk (KB)            :   171           2      2773 
	   GPUs                 :                           0 
	   Memory (MB)          :   174        1024      1100 
	   TimeExecute (s)      :  5644                       
	   TimeSlotBusy (s)     :  5645                       

	Job terminated of its own accord at 2026-03-14T03:32:24Z with exit-code 0.
...
