000 (842543.012.000) 2026-03-14 10:57:17 Job submitted from host: <155.230.23.72:9618?addrs=155.230.23.72-9618+[2407-c000-c024-0-20c-29ff-fe6a-c74b]-9618&alias=cms02.knu.ac.kr&noUDP&sock=schedd_1497_655d>
...
040 (842543.012.000) 2026-03-14 10:58:18 Started transferring input files
	Transferring to host: <155.230.21.120:9618?addrs=155.230.21.120-9618+[2407-c000-c025--21-120]-9618&alias=cluster320.knu.ac.kr&noUDP&sock=slot1_4_2006_288b_2283>
...
040 (842543.012.000) 2026-03-14 10:58:18 Finished transferring input files
...
001 (842543.012.000) 2026-03-14 10:58:19 Job executing on host: <155.230.21.120:9618?addrs=155.230.21.120-9618+[2407-c000-c025--21-120]-9618&alias=cluster320.knu.ac.kr&noUDP&sock=startd_1541_9388>
	SlotName: slot1_4@cluster320.knu.ac.kr
	CondorScratchDir = "/home/condor/dir_1492804"
	Cpus = 1
	Disk = 2818
	GPUs = 0
	Memory = 1100
...
006 (842543.012.000) 2026-03-14 10:58:27 Image size of job updated: 95652
	94  -  MemoryUsage of job (MB)
	95652  -  ResidentSetSize of job (KB)
...
006 (842543.012.000) 2026-03-14 11:03:27 Image size of job updated: 171116
	168  -  MemoryUsage of job (MB)
	171116  -  ResidentSetSize of job (KB)
...
006 (842543.012.000) 2026-03-14 11:08:27 Image size of job updated: 171808
	168  -  MemoryUsage of job (MB)
	171808  -  ResidentSetSize of job (KB)
...
006 (842543.012.000) 2026-03-14 11:33:29 Image size of job updated: 177636
	174  -  MemoryUsage of job (MB)
	177636  -  ResidentSetSize of job (KB)
...
006 (842543.012.000) 2026-03-14 11:53:30 Image size of job updated: 180224
	176  -  MemoryUsage of job (MB)
	180224  -  ResidentSetSize of job (KB)
...
040 (842543.012.000) 2026-03-14 12:32:57 Started transferring output files
...
040 (842543.012.000) 2026-03-14 12:32:57 Finished transferring output files
...
005 (842543.012.000) 2026-03-14 12:32:57 Job terminated.
	(1) Normal termination (return value 0)
		Usr 0 01:15:59, Sys 0 00:09:50  -  Run Remote Usage
		Usr 0 00:00:00, Sys 0 00:00:00  -  Run Local Usage
		Usr 0 01:15:59, Sys 0 00:09:50  -  Total Remote Usage
		Usr 0 00:00:00, Sys 0 00:00:00  -  Total Local Usage
	105078  -  Run Bytes Sent By Job
	1028  -  Run Bytes Received By Job
	105078  -  Total Bytes Sent By Job
	1028  -  Total Bytes Received By Job
	Partitionable Resources :    Usage  Request Allocated 
	   Cpus                 :     0.98        1         1 
	   Disk (KB)            :   164           2      2818 
	   GPUs                 :                           0 
	   Memory (MB)          :   176        1024      1100 
	   TimeExecute (s)      :  5678                       
	   TimeSlotBusy (s)     :  5679                       

	Job terminated of its own accord at 2026-03-14T03:32:57Z with exit-code 0.
...
