000 (842543.013.000) 2026-03-14 10:57:17 Job submitted from host: <155.230.23.72:9618?addrs=155.230.23.72-9618+[2407-c000-c024-0-20c-29ff-fe6a-c74b]-9618&alias=cms02.knu.ac.kr&noUDP&sock=schedd_1497_655d>
...
040 (842543.013.000) 2026-03-14 10:58:18 Started transferring input files
	Transferring to host: <155.230.21.115:9618?addrs=155.230.21.115-9618+[2407-c000-c025--21-115]-9618&alias=cluster315.knu.ac.kr&noUDP&sock=slot1_6_2102_cc8f_2300>
...
040 (842543.013.000) 2026-03-14 10:58:18 Finished transferring input files
...
001 (842543.013.000) 2026-03-14 10:58:19 Job executing on host: <155.230.21.115:9618?addrs=155.230.21.115-9618+[2407-c000-c025--21-115]-9618&alias=cluster315.knu.ac.kr&noUDP&sock=startd_1635_0d6f>
	SlotName: slot1_6@cluster315.knu.ac.kr
	CondorScratchDir = "/home/condor/dir_3136470"
	Cpus = 1
	Disk = 2830
	GPUs = 0
	Memory = 1100
...
006 (842543.013.000) 2026-03-14 10:58:27 Image size of job updated: 95516
	94  -  MemoryUsage of job (MB)
	95516  -  ResidentSetSize of job (KB)
...
006 (842543.013.000) 2026-03-14 11:03:27 Image size of job updated: 171612
	168  -  MemoryUsage of job (MB)
	171612  -  ResidentSetSize of job (KB)
...
006 (842543.013.000) 2026-03-14 11:08:28 Image size of job updated: 172864
	169  -  MemoryUsage of job (MB)
	172864  -  ResidentSetSize of job (KB)
...
006 (842543.013.000) 2026-03-14 12:03:32 Image size of job updated: 175436
	172  -  MemoryUsage of job (MB)
	175436  -  ResidentSetSize of job (KB)
...
040 (842543.013.000) 2026-03-14 12:35:25 Started transferring output files
...
040 (842543.013.000) 2026-03-14 12:35:25 Finished transferring output files
...
005 (842543.013.000) 2026-03-14 12:35:25 Job terminated.
	(1) Normal termination (return value 0)
		Usr 0 01:18:18, Sys 0 00:10:37  -  Run Remote Usage
		Usr 0 00:00:00, Sys 0 00:00:00  -  Run Local Usage
		Usr 0 01:18:18, Sys 0 00:10:37  -  Total Remote Usage
		Usr 0 00:00:00, Sys 0 00:00:00  -  Total Local Usage
	113066  -  Run Bytes Sent By Job
	1028  -  Run Bytes Received By Job
	113066  -  Total Bytes Sent By Job
	1028  -  Total Bytes Received By Job
	Partitionable Resources :    Usage  Request Allocated 
	   Cpus                 :     0.96        1         1 
	   Disk (KB)            :   172           2      2830 
	   GPUs                 :                           0 
	   Memory (MB)          :   172        1024      1100 
	   TimeExecute (s)      :  5826                       
	   TimeSlotBusy (s)     :  5827                       

	Job terminated of its own accord at 2026-03-14T03:35:25Z with exit-code 0.
...
