000 (816221.000.000) 2026-02-27 05:22:41 Job submitted from host: <155.230.23.72:9618?addrs=155.230.23.72-9618+[2407-c000-c024-0-20c-29ff-fe6a-c74b]-9618&alias=cms02.knu.ac.kr&noUDP&sock=schedd_1497_655d>
...
040 (816221.000.000) 2026-02-27 05:22:52 Started transferring input files
	Transferring to host: <155.230.21.99:9618?addrs=155.230.21.99-9618+[2407-c000-c025--21-99]-9618&alias=cluster299.knu.ac.kr&noUDP&sock=slot1_2_1472_e835_6440>
...
040 (816221.000.000) 2026-02-27 05:22:52 Finished transferring input files
...
001 (816221.000.000) 2026-02-27 05:22:53 Job executing on host: <155.230.21.99:9618?addrs=155.230.21.99-9618+[2407-c000-c025--21-99]-9618&alias=cluster299.knu.ac.kr&noUDP&sock=startd_1098_b713>
	SlotName: slot1_2@cluster299.knu.ac.kr
	CondorScratchDir = "/home/condor/dir_1205576"
	Cpus = 1
	Disk = 2824
	GPUs = 0
	Memory = 1100
...
006 (816221.000.000) 2026-02-27 05:23:02 Image size of job updated: 113232
	109  -  MemoryUsage of job (MB)
	111284  -  ResidentSetSize of job (KB)
...
006 (816221.000.000) 2026-02-27 05:28:03 Image size of job updated: 152348
	149  -  MemoryUsage of job (MB)
	152348  -  ResidentSetSize of job (KB)
...
006 (816221.000.000) 2026-02-27 05:33:03 Image size of job updated: 152704
	150  -  MemoryUsage of job (MB)
	152704  -  ResidentSetSize of job (KB)
...
006 (816221.000.000) 2026-02-27 05:38:03 Image size of job updated: 163280
	160  -  MemoryUsage of job (MB)
	163280  -  ResidentSetSize of job (KB)
...
006 (816221.000.000) 2026-02-27 05:43:04 Image size of job updated: 171488
	168  -  MemoryUsage of job (MB)
	171488  -  ResidentSetSize of job (KB)
...
006 (816221.000.000) 2026-02-27 05:48:04 Image size of job updated: 171508
	168  -  MemoryUsage of job (MB)
	171508  -  ResidentSetSize of job (KB)
...
006 (816221.000.000) 2026-02-27 05:53:04 Image size of job updated: 174708
	171  -  MemoryUsage of job (MB)
	174708  -  ResidentSetSize of job (KB)
...
006 (816221.000.000) 2026-02-27 06:03:06 Image size of job updated: 174800
	171  -  MemoryUsage of job (MB)
	174800  -  ResidentSetSize of job (KB)
...
006 (816221.000.000) 2026-02-27 06:13:07 Image size of job updated: 176208
	173  -  MemoryUsage of job (MB)
	176208  -  ResidentSetSize of job (KB)
...
006 (816221.000.000) 2026-02-27 06:53:11 Image size of job updated: 176228
	173  -  MemoryUsage of job (MB)
	176228  -  ResidentSetSize of job (KB)
...
006 (816221.000.000) 2026-02-27 07:43:16 Image size of job updated: 176248
	173  -  MemoryUsage of job (MB)
	176248  -  ResidentSetSize of job (KB)
...
006 (816221.000.000) 2026-02-27 08:08:18 Image size of job updated: 176616
	173  -  MemoryUsage of job (MB)
	176616  -  ResidentSetSize of job (KB)
...
006 (816221.000.000) 2026-02-27 08:33:21 Image size of job updated: 176644
	173  -  MemoryUsage of job (MB)
	176644  -  ResidentSetSize of job (KB)
...
006 (816221.000.000) 2026-02-27 08:38:21 Image size of job updated: 179724
	176  -  MemoryUsage of job (MB)
	179724  -  ResidentSetSize of job (KB)
...
006 (816221.000.000) 2026-02-27 08:48:22 Image size of job updated: 179880
	176  -  MemoryUsage of job (MB)
	179880  -  ResidentSetSize of job (KB)
...
006 (816221.000.000) 2026-02-27 09:28:26 Image size of job updated: 180024
	176  -  MemoryUsage of job (MB)
	180024  -  ResidentSetSize of job (KB)
...
006 (816221.000.000) 2026-02-27 09:33:26 Image size of job updated: 185492
	182  -  MemoryUsage of job (MB)
	185492  -  ResidentSetSize of job (KB)
...
040 (816221.000.000) 2026-02-27 14:29:15 Started transferring output files
...
040 (816221.000.000) 2026-02-27 14:29:15 Finished transferring output files
...
005 (816221.000.000) 2026-02-27 14:29:15 Job terminated.
	(1) Normal termination (return value 0)
		Usr 0 07:25:29, Sys 0 01:10:03  -  Run Remote Usage
		Usr 0 00:00:00, Sys 0 00:00:00  -  Run Local Usage
		Usr 0 07:25:29, Sys 0 01:10:03  -  Total Remote Usage
		Usr 0 00:00:00, Sys 0 00:00:00  -  Total Local Usage
	294354  -  Run Bytes Sent By Job
	855  -  Run Bytes Received By Job
	294354  -  Total Bytes Sent By Job
	855  -  Total Bytes Received By Job
	Partitionable Resources :    Usage  Request Allocated 
	   Cpus                 :     0.96        1         1 
	   Disk (KB)            :   348           1      2824 
	   GPUs                 :                           0 
	   Memory (MB)          :   182        1024      1100 
	   TimeExecute (s)      : 32782                       
	   TimeSlotBusy (s)     : 32783                       

	Job terminated of its own accord at 2026-02-27T05:29:15Z with exit-code 0.
...
