000 (842541.011.000) 2026-03-14 10:57:16 Job submitted from host: <155.230.23.72:9618?addrs=155.230.23.72-9618+[2407-c000-c024-0-20c-29ff-fe6a-c74b]-9618&alias=cms02.knu.ac.kr&noUDP&sock=schedd_1497_655d>
...
040 (842541.011.000) 2026-03-14 10:57:54 Started transferring input files
	Transferring to host: <155.230.21.122:9618?addrs=155.230.21.122-9618+[2407-c000-c025--21-122]-9618&alias=cluster322.knu.ac.kr&noUDP&sock=slot1_2_1936_d648_2056>
...
040 (842541.011.000) 2026-03-14 10:57:54 Finished transferring input files
...
001 (842541.011.000) 2026-03-14 10:57:55 Job executing on host: <155.230.21.122:9618?addrs=155.230.21.122-9618+[2407-c000-c025--21-122]-9618&alias=cluster322.knu.ac.kr&noUDP&sock=startd_1539_3457>
	SlotName: slot1_2@cluster322.knu.ac.kr
	CondorScratchDir = "/home/condor/dir_2203492"
	Cpus = 1
	Disk = 2839
	GPUs = 0
	Memory = 1100
...
006 (842541.011.000) 2026-03-14 10:58:04 Image size of job updated: 96980
	95  -  MemoryUsage of job (MB)
	96980  -  ResidentSetSize of job (KB)
...
006 (842541.011.000) 2026-03-14 11:03:05 Image size of job updated: 167976
	165  -  MemoryUsage of job (MB)
	167976  -  ResidentSetSize of job (KB)
...
006 (842541.011.000) 2026-03-14 11:08:05 Image size of job updated: 170888
	167  -  MemoryUsage of job (MB)
	170888  -  ResidentSetSize of job (KB)
...
006 (842541.011.000) 2026-03-14 11:13:05 Image size of job updated: 170908
	167  -  MemoryUsage of job (MB)
	170908  -  ResidentSetSize of job (KB)
...
006 (842541.011.000) 2026-03-14 11:28:07 Image size of job updated: 170984
	167  -  MemoryUsage of job (MB)
	170984  -  ResidentSetSize of job (KB)
...
006 (842541.011.000) 2026-03-14 11:58:10 Image size of job updated: 173564
	170  -  MemoryUsage of job (MB)
	173564  -  ResidentSetSize of job (KB)
...
040 (842541.011.000) 2026-03-14 12:53:51 Started transferring output files
...
040 (842541.011.000) 2026-03-14 12:53:51 Finished transferring output files
...
005 (842541.011.000) 2026-03-14 12:53:51 Job terminated.
	(1) Normal termination (return value 0)
		Usr 0 01:35:19, Sys 0 00:11:31  -  Run Remote Usage
		Usr 0 00:00:00, Sys 0 00:00:00  -  Run Local Usage
		Usr 0 01:35:19, Sys 0 00:11:31  -  Total Remote Usage
		Usr 0 00:00:00, Sys 0 00:00:00  -  Total Local Usage
	116643  -  Run Bytes Sent By Job
	848  -  Run Bytes Received By Job
	116643  -  Total Bytes Sent By Job
	848  -  Total Bytes Received By Job
	Partitionable Resources :    Usage  Request Allocated 
	   Cpus                 :     0.97        1         1 
	   Disk (KB)            :   175           1      2839 
	   GPUs                 :                           0 
	   Memory (MB)          :   170        1024      1100 
	   TimeExecute (s)      :  6956                       
	   TimeSlotBusy (s)     :  6957                       

	Job terminated of its own accord at 2026-03-14T03:53:51Z with exit-code 0.
...
000 (845920.011.000) 2026-03-16 11:09:37 Job submitted from host: <155.230.23.72:9618?addrs=155.230.23.72-9618+[2407-c000-c024-0-20c-29ff-fe6a-c74b]-9618&alias=cms02.knu.ac.kr&noUDP&sock=schedd_1497_655d>
...
040 (845920.011.000) 2026-03-16 11:11:07 Started transferring input files
	Transferring to host: <155.230.21.122:9618?addrs=155.230.21.122-9618+[2407-c000-c025--21-122]-9618&alias=cluster322.knu.ac.kr&noUDP&sock=slot1_22_1936_d648_2532>
...
040 (845920.011.000) 2026-03-16 11:11:07 Finished transferring input files
...
001 (845920.011.000) 2026-03-16 11:11:08 Job executing on host: <155.230.21.122:9618?addrs=155.230.21.122-9618+[2407-c000-c025--21-122]-9618&alias=cluster322.knu.ac.kr&noUDP&sock=startd_1539_3457>
	SlotName: slot1_22@cluster322.knu.ac.kr
	CondorScratchDir = "/home/condor/dir_2429771"
	Cpus = 1
	Disk = 2839
	GPUs = 0
	Memory = 1100
...
006 (845920.011.000) 2026-03-16 11:11:17 Image size of job updated: 97524
	96  -  MemoryUsage of job (MB)
	97524  -  ResidentSetSize of job (KB)
...
006 (845920.011.000) 2026-03-16 11:16:18 Image size of job updated: 165300
	162  -  MemoryUsage of job (MB)
	165300  -  ResidentSetSize of job (KB)
...
006 (845920.011.000) 2026-03-16 11:21:19 Image size of job updated: 168736
	165  -  MemoryUsage of job (MB)
	168736  -  ResidentSetSize of job (KB)
...
006 (845920.011.000) 2026-03-16 11:26:19 Image size of job updated: 169524
	166  -  MemoryUsage of job (MB)
	169524  -  ResidentSetSize of job (KB)
...
006 (845920.011.000) 2026-03-16 11:31:20 Image size of job updated: 170288
	167  -  MemoryUsage of job (MB)
	170288  -  ResidentSetSize of job (KB)
...
006 (845920.011.000) 2026-03-16 11:36:21 Image size of job updated: 170520
	167  -  MemoryUsage of job (MB)
	170520  -  ResidentSetSize of job (KB)
...
006 (845920.011.000) 2026-03-16 11:46:22 Image size of job updated: 173164
	170  -  MemoryUsage of job (MB)
	173164  -  ResidentSetSize of job (KB)
...
006 (845920.011.000) 2026-03-16 11:56:23 Image size of job updated: 173432
	170  -  MemoryUsage of job (MB)
	173432  -  ResidentSetSize of job (KB)
...
040 (845920.011.000) 2026-03-16 13:55:36 Started transferring output files
...
040 (845920.011.000) 2026-03-16 13:55:36 Finished transferring output files
...
005 (845920.011.000) 2026-03-16 13:55:36 Job terminated.
	(1) Normal termination (return value 0)
		Usr 0 02:23:35, Sys 0 00:11:58  -  Run Remote Usage
		Usr 0 00:00:00, Sys 0 00:00:00  -  Run Local Usage
		Usr 0 02:23:35, Sys 0 00:11:58  -  Total Remote Usage
		Usr 0 00:00:00, Sys 0 00:00:00  -  Total Local Usage
	117486  -  Run Bytes Sent By Job
	848  -  Run Bytes Received By Job
	117486  -  Total Bytes Sent By Job
	848  -  Total Bytes Received By Job
	Partitionable Resources :    Usage  Request Allocated 
	   Cpus                 :     0.99        1         1 
	   Disk (KB)            :   137           1      2839 
	   GPUs                 :                           0 
	   Memory (MB)          :   170        1024      1100 
	   TimeExecute (s)      :  9868                       
	   TimeSlotBusy (s)     :  9869                       

	Job terminated of its own accord at 2026-03-16T04:55:36Z with exit-code 0.
...
