000 (842541.000.000) 2026-03-14 10:57:16 Job submitted from host: <155.230.23.72:9618?addrs=155.230.23.72-9618+[2407-c000-c024-0-20c-29ff-fe6a-c74b]-9618&alias=cms02.knu.ac.kr&noUDP&sock=schedd_1497_655d>
...
040 (842541.000.000) 2026-03-14 10:57:50 Started transferring input files
	Transferring to host: <155.230.21.142:9618?addrs=155.230.21.142-9618+[2407-c000-c025--21-142]-9618&alias=cluster342.knu.ac.kr&noUDP&sock=slot1_2_2558_17a1_1855>
...
040 (842541.000.000) 2026-03-14 10:57:50 Finished transferring input files
...
001 (842541.000.000) 2026-03-14 10:57:51 Job executing on host: <155.230.21.142:9618?addrs=155.230.21.142-9618+[2407-c000-c025--21-142]-9618&alias=cluster342.knu.ac.kr&noUDP&sock=startd_1844_68ba>
	SlotName: slot1_2@cluster342.knu.ac.kr
	CondorScratchDir = "/home/condor/dir_1784071"
	Cpus = 1
	Disk = 2760
	GPUs = 0
	Memory = 1100
...
006 (842541.000.000) 2026-03-14 10:57:59 Image size of job updated: 98016
	96  -  MemoryUsage of job (MB)
	98016  -  ResidentSetSize of job (KB)
...
006 (842541.000.000) 2026-03-14 11:02:59 Image size of job updated: 169320
	166  -  MemoryUsage of job (MB)
	169320  -  ResidentSetSize of job (KB)
...
006 (842541.000.000) 2026-03-14 11:08:00 Image size of job updated: 170136
	167  -  MemoryUsage of job (MB)
	170136  -  ResidentSetSize of job (KB)
...
006 (842541.000.000) 2026-03-14 11:13:01 Image size of job updated: 172560
	169  -  MemoryUsage of job (MB)
	172560  -  ResidentSetSize of job (KB)
...
006 (842541.000.000) 2026-03-14 11:38:03 Image size of job updated: 172620
	169  -  MemoryUsage of job (MB)
	172620  -  ResidentSetSize of job (KB)
...
006 (842541.000.000) 2026-03-14 11:48:04 Image size of job updated: 172904
	169  -  MemoryUsage of job (MB)
	172904  -  ResidentSetSize of job (KB)
...
040 (842541.000.000) 2026-03-14 12:29:05 Started transferring output files
...
040 (842541.000.000) 2026-03-14 12:29:05 Finished transferring output files
...
005 (842541.000.000) 2026-03-14 12:29:05 Job terminated.
	(1) Normal termination (return value 0)
		Usr 0 01:04:00, Sys 0 00:10:50  -  Run Remote Usage
		Usr 0 00:00:00, Sys 0 00:00:00  -  Run Local Usage
		Usr 0 01:04:00, Sys 0 00:10:50  -  Total Remote Usage
		Usr 0 00:00:00, Sys 0 00:00:00  -  Total Local Usage
	110324  -  Run Bytes Sent By Job
	848  -  Run Bytes Received By Job
	110324  -  Total Bytes Sent By Job
	848  -  Total Bytes Received By Job
	Partitionable Resources :    Usage  Request Allocated 
	   Cpus                 :     0.95        1         1 
	   Disk (KB)            :   168           1      2760 
	   GPUs                 :                           0 
	   Memory (MB)          :   169        1024      1100 
	   TimeExecute (s)      :  5474                       
	   TimeSlotBusy (s)     :  5475                       

	Job terminated of its own accord at 2026-03-14T03:29:05Z with exit-code 0.
...
000 (845920.000.000) 2026-03-16 11:09:37 Job submitted from host: <155.230.23.72:9618?addrs=155.230.23.72-9618+[2407-c000-c024-0-20c-29ff-fe6a-c74b]-9618&alias=cms02.knu.ac.kr&noUDP&sock=schedd_1497_655d>
...
040 (845920.000.000) 2026-03-16 11:11:05 Started transferring input files
	Transferring to host: <155.230.21.78:9618?addrs=155.230.21.78-9618+[2407-c000-c025--21-78]-9618&alias=cluster278.knu.ac.kr&noUDP&sock=slot1_2_1721_599f_4186>
...
040 (845920.000.000) 2026-03-16 11:11:05 Finished transferring input files
...
001 (845920.000.000) 2026-03-16 11:11:06 Job executing on host: <155.230.21.78:9618?addrs=155.230.21.78-9618+[2407-c000-c025--21-78]-9618&alias=cluster278.knu.ac.kr&noUDP&sock=startd_1324_bb7b>
	SlotName: slot1_2@cluster278.knu.ac.kr
	CondorScratchDir = "/home/condor/dir_1746761"
	Cpus = 1
	Disk = 2830
	GPUs = 0
	Memory = 1100
...
006 (845920.000.000) 2026-03-16 11:11:15 Image size of job updated: 72564
	71  -  MemoryUsage of job (MB)
	72564  -  ResidentSetSize of job (KB)
...
006 (845920.000.000) 2026-03-16 11:16:16 Image size of job updated: 164324
	161  -  MemoryUsage of job (MB)
	164324  -  ResidentSetSize of job (KB)
...
006 (845920.000.000) 2026-03-16 11:21:17 Image size of job updated: 167824
	164  -  MemoryUsage of job (MB)
	167824  -  ResidentSetSize of job (KB)
...
006 (845920.000.000) 2026-03-16 11:26:17 Image size of job updated: 169300
	166  -  MemoryUsage of job (MB)
	169300  -  ResidentSetSize of job (KB)
...
006 (845920.000.000) 2026-03-16 11:31:18 Image size of job updated: 169592
	166  -  MemoryUsage of job (MB)
	169592  -  ResidentSetSize of job (KB)
...
006 (845920.000.000) 2026-03-16 11:36:19 Image size of job updated: 170248
	167  -  MemoryUsage of job (MB)
	170248  -  ResidentSetSize of job (KB)
...
006 (845920.000.000) 2026-03-16 11:41:19 Image size of job updated: 170264
	167  -  MemoryUsage of job (MB)
	170264  -  ResidentSetSize of job (KB)
...
006 (845920.000.000) 2026-03-16 11:46:20 Image size of job updated: 172844
	169  -  MemoryUsage of job (MB)
	172844  -  ResidentSetSize of job (KB)
...
006 (845920.000.000) 2026-03-16 12:41:26 Image size of job updated: 172892
	169  -  MemoryUsage of job (MB)
	172892  -  ResidentSetSize of job (KB)
...
040 (845920.000.000) 2026-03-16 13:37:58 Started transferring output files
...
040 (845920.000.000) 2026-03-16 13:37:58 Finished transferring output files
...
005 (845920.000.000) 2026-03-16 13:37:58 Job terminated.
	(1) Normal termination (return value 0)
		Usr 0 01:55:26, Sys 0 00:11:24  -  Run Remote Usage
		Usr 0 00:00:00, Sys 0 00:00:00  -  Run Local Usage
		Usr 0 01:55:26, Sys 0 00:11:24  -  Total Remote Usage
		Usr 0 00:00:00, Sys 0 00:00:00  -  Total Local Usage
	111421  -  Run Bytes Sent By Job
	848  -  Run Bytes Received By Job
	111421  -  Total Bytes Sent By Job
	848  -  Total Bytes Received By Job
	Partitionable Resources :    Usage  Request Allocated 
	   Cpus                 :     0.78        1         1 
	   Disk (KB)            :   131           1      2830 
	   GPUs                 :                           0 
	   Memory (MB)          :   169        1024      1100 
	   TimeExecute (s)      :  8812                       
	   TimeSlotBusy (s)     :  8813                       

	Job terminated of its own accord at 2026-03-16T04:37:58Z with exit-code 0.
...
