000 (842541.025.000) 2026-03-14 10:57:16 Job submitted from host: <155.230.23.72:9618?addrs=155.230.23.72-9618+[2407-c000-c024-0-20c-29ff-fe6a-c74b]-9618&alias=cms02.knu.ac.kr&noUDP&sock=schedd_1497_655d>
...
040 (842541.025.000) 2026-03-14 10:58:00 Started transferring input files
	Transferring to host: <155.230.21.137:9618?addrs=155.230.21.137-9618+[2407-c000-c025--21-137]-9618&alias=cluster337.knu.ac.kr&noUDP&sock=slot1_12_4110_9de0_22064>
...
040 (842541.025.000) 2026-03-14 10:58:00 Finished transferring input files
...
001 (842541.025.000) 2026-03-14 10:58:01 Job executing on host: <155.230.21.137:9618?addrs=155.230.21.137-9618+[2407-c000-c025--21-137]-9618&alias=cluster337.knu.ac.kr&noUDP&sock=startd_3186_e8d3>
	SlotName: slot1_12@cluster337.knu.ac.kr
	CondorScratchDir = "/home/condor/dir_1123979"
	Cpus = 1
	Disk = 4687
	GPUs = 0
	Memory = 1100
...
006 (842541.025.000) 2026-03-14 10:58:09 Image size of job updated: 95824
	94  -  MemoryUsage of job (MB)
	95824  -  ResidentSetSize of job (KB)
...
006 (842541.025.000) 2026-03-14 11:03:09 Image size of job updated: 172804
	169  -  MemoryUsage of job (MB)
	172804  -  ResidentSetSize of job (KB)
...
006 (842541.025.000) 2026-03-14 11:08:10 Image size of job updated: 173092
	170  -  MemoryUsage of job (MB)
	173092  -  ResidentSetSize of job (KB)
...
040 (842541.025.000) 2026-03-14 12:25:37 Started transferring output files
...
040 (842541.025.000) 2026-03-14 12:25:37 Finished transferring output files
...
005 (842541.025.000) 2026-03-14 12:25:37 Job terminated.
	(1) Normal termination (return value 0)
		Usr 0 01:05:40, Sys 0 00:11:33  -  Run Remote Usage
		Usr 0 00:00:00, Sys 0 00:00:00  -  Run Local Usage
		Usr 0 01:05:40, Sys 0 00:11:33  -  Total Remote Usage
		Usr 0 00:00:00, Sys 0 00:00:00  -  Total Local Usage
	116898  -  Run Bytes Sent By Job
	848  -  Run Bytes Received By Job
	116898  -  Total Bytes Sent By Job
	848  -  Total Bytes Received By Job
	Partitionable Resources :    Usage  Request Allocated 
	   Cpus                 :     0.89        1         1 
	   Disk (KB)            :   175           1      4687 
	   GPUs                 :                           0 
	   Memory (MB)          :   170        1024      1100 
	   TimeExecute (s)      :  5256                       
	   TimeSlotBusy (s)     :  5257                       

	Job terminated of its own accord at 2026-03-14T03:25:37Z with exit-code 0.
...
000 (845920.025.000) 2026-03-16 11:09:38 Job submitted from host: <155.230.23.72:9618?addrs=155.230.23.72-9618+[2407-c000-c024-0-20c-29ff-fe6a-c74b]-9618&alias=cms02.knu.ac.kr&noUDP&sock=schedd_1497_655d>
...
040 (845920.025.000) 2026-03-16 11:11:24 Started transferring input files
	Transferring to host: <155.230.21.108:9618?addrs=155.230.21.108-9618+[2407-c000-c025--21-108]-9618&alias=cluster308.knu.ac.kr&noUDP&sock=slot1_17_2299_9a77_4088>
...
040 (845920.025.000) 2026-03-16 11:11:24 Finished transferring input files
...
001 (845920.025.000) 2026-03-16 11:11:25 Job executing on host: <155.230.21.108:9618?addrs=155.230.21.108-9618+[2407-c000-c025--21-108]-9618&alias=cluster308.knu.ac.kr&noUDP&sock=startd_1898_72d7>
	SlotName: slot1_17@cluster308.knu.ac.kr
	CondorScratchDir = "/home/condor/dir_686597"
	Cpus = 1
	Disk = 2774
	GPUs = 0
	Memory = 1100
...
006 (845920.025.000) 2026-03-16 11:11:34 Image size of job updated: 98288
	96  -  MemoryUsage of job (MB)
	98288  -  ResidentSetSize of job (KB)
...
006 (845920.025.000) 2026-03-16 11:16:35 Image size of job updated: 172956
	169  -  MemoryUsage of job (MB)
	172956  -  ResidentSetSize of job (KB)
...
006 (845920.025.000) 2026-03-16 11:21:36 Image size of job updated: 173188
	170  -  MemoryUsage of job (MB)
	173188  -  ResidentSetSize of job (KB)
...
006 (845920.025.000) 2026-03-16 11:41:37 Image size of job updated: 173396
	170  -  MemoryUsage of job (MB)
	173396  -  ResidentSetSize of job (KB)
...
006 (845920.025.000) 2026-03-16 11:46:37 Image size of job updated: 175776
	172  -  MemoryUsage of job (MB)
	175776  -  ResidentSetSize of job (KB)
...
040 (845920.025.000) 2026-03-16 13:13:44 Started transferring output files
...
040 (845920.025.000) 2026-03-16 13:13:44 Finished transferring output files
...
005 (845920.025.000) 2026-03-16 13:13:44 Job terminated.
	(1) Normal termination (return value 0)
		Usr 0 01:37:31, Sys 0 00:11:51  -  Run Remote Usage
		Usr 0 00:00:00, Sys 0 00:00:00  -  Run Local Usage
		Usr 0 01:37:31, Sys 0 00:11:51  -  Total Remote Usage
		Usr 0 00:00:00, Sys 0 00:00:00  -  Total Local Usage
	118074  -  Run Bytes Sent By Job
	848  -  Run Bytes Received By Job
	118074  -  Total Bytes Sent By Job
	848  -  Total Bytes Received By Job
	Partitionable Resources :    Usage  Request Allocated 
	   Cpus                 :     0.92        1         1 
	   Disk (KB)            :   138           1      2774 
	   GPUs                 :                           0 
	   Memory (MB)          :   172        1024      1100 
	   TimeExecute (s)      :  7339                       
	   TimeSlotBusy (s)     :  7340                       

	Job terminated of its own accord at 2026-03-16T04:13:44Z with exit-code 0.
...
