000 (842541.001.000) 2026-03-14 10:57:16 Job submitted from host: <155.230.23.72:9618?addrs=155.230.23.72-9618+[2407-c000-c024-0-20c-29ff-fe6a-c74b]-9618&alias=cms02.knu.ac.kr&noUDP&sock=schedd_1497_655d>
...
040 (842541.001.000) 2026-03-14 10:57:50 Started transferring input files
	Transferring to host: <155.230.21.100:9618?addrs=155.230.21.100-9618+[2407-c000-c025--21-100]-9618&alias=cluster300.knu.ac.kr&noUDP&sock=slot1_4_2329_bdb8_3357>
...
040 (842541.001.000) 2026-03-14 10:57:50 Finished transferring input files
...
001 (842541.001.000) 2026-03-14 10:57:52 Job executing on host: <155.230.21.100:9618?addrs=155.230.21.100-9618+[2407-c000-c025--21-100]-9618&alias=cluster300.knu.ac.kr&noUDP&sock=startd_1664_f1ae>
	SlotName: slot1_4@cluster300.knu.ac.kr
	CondorScratchDir = "/home/condor/dir_2435339"
	Cpus = 1
	Disk = 2777
	GPUs = 0
	Memory = 1100
...
006 (842541.001.000) 2026-03-14 10:58:00 Image size of job updated: 95744
	94  -  MemoryUsage of job (MB)
	95744  -  ResidentSetSize of job (KB)
...
006 (842541.001.000) 2026-03-14 11:03:00 Image size of job updated: 165080
	162  -  MemoryUsage of job (MB)
	165080  -  ResidentSetSize of job (KB)
...
006 (842541.001.000) 2026-03-14 11:08:00 Image size of job updated: 170060
	167  -  MemoryUsage of job (MB)
	170060  -  ResidentSetSize of job (KB)
...
006 (842541.001.000) 2026-03-14 11:18:02 Image size of job updated: 172640
	169  -  MemoryUsage of job (MB)
	172640  -  ResidentSetSize of job (KB)
...
006 (842541.001.000) 2026-03-14 12:08:07 Image size of job updated: 180224
	176  -  MemoryUsage of job (MB)
	180224  -  ResidentSetSize of job (KB)
...
006 (842541.001.000) 2026-03-14 12:38:11 Image size of job updated: 180260
	177  -  MemoryUsage of job (MB)
	180260  -  ResidentSetSize of job (KB)
...
040 (842541.001.000) 2026-03-14 12:53:05 Started transferring output files
...
040 (842541.001.000) 2026-03-14 12:53:05 Finished transferring output files
...
005 (842541.001.000) 2026-03-14 12:53:05 Job terminated.
	(1) Normal termination (return value 0)
		Usr 0 01:36:23, Sys 0 00:09:23  -  Run Remote Usage
		Usr 0 00:00:00, Sys 0 00:00:00  -  Run Local Usage
		Usr 0 01:36:23, Sys 0 00:09:23  -  Total Remote Usage
		Usr 0 00:00:00, Sys 0 00:00:00  -  Total Local Usage
	101182  -  Run Bytes Sent By Job
	848  -  Run Bytes Received By Job
	101182  -  Total Bytes Sent By Job
	848  -  Total Bytes Received By Job
	Partitionable Resources :    Usage  Request Allocated 
	   Cpus                 :     0.75        1         1 
	   Disk (KB)            :   159           1      2777 
	   GPUs                 :                           0 
	   Memory (MB)          :   177        1024      1100 
	   TimeExecute (s)      :  6914                       
	   TimeSlotBusy (s)     :  6915                       

	Job terminated of its own accord at 2026-03-14T03:53:05Z with exit-code 0.
...
000 (845920.001.000) 2026-03-16 11:09:37 Job submitted from host: <155.230.23.72:9618?addrs=155.230.23.72-9618+[2407-c000-c024-0-20c-29ff-fe6a-c74b]-9618&alias=cms02.knu.ac.kr&noUDP&sock=schedd_1497_655d>
...
040 (845920.001.000) 2026-03-16 11:11:05 Started transferring input files
	Transferring to host: <155.230.21.80:9618?addrs=155.230.21.80-9618+[2407-c000-c025--21-80]-9618&alias=cluster280.knu.ac.kr&noUDP&sock=slot1_2_1740_bcc0_3166>
...
040 (845920.001.000) 2026-03-16 11:11:05 Finished transferring input files
...
001 (845920.001.000) 2026-03-16 11:11:06 Job executing on host: <155.230.21.80:9618?addrs=155.230.21.80-9618+[2407-c000-c025--21-80]-9618&alias=cluster280.knu.ac.kr&noUDP&sock=startd_1255_6772>
	SlotName: slot1_2@cluster280.knu.ac.kr
	CondorScratchDir = "/home/condor/dir_703506"
	Cpus = 1
	Disk = 2821
	GPUs = 0
	Memory = 1100
...
006 (845920.001.000) 2026-03-16 11:11:14 Image size of job updated: 95868
	94  -  MemoryUsage of job (MB)
	95868  -  ResidentSetSize of job (KB)
...
006 (845920.001.000) 2026-03-16 11:16:14 Image size of job updated: 164364
	161  -  MemoryUsage of job (MB)
	164364  -  ResidentSetSize of job (KB)
...
006 (845920.001.000) 2026-03-16 11:21:15 Image size of job updated: 168444
	165  -  MemoryUsage of job (MB)
	168444  -  ResidentSetSize of job (KB)
...
006 (845920.001.000) 2026-03-16 11:26:15 Image size of job updated: 169652
	166  -  MemoryUsage of job (MB)
	169652  -  ResidentSetSize of job (KB)
...
006 (845920.001.000) 2026-03-16 11:31:15 Image size of job updated: 169752
	166  -  MemoryUsage of job (MB)
	169752  -  ResidentSetSize of job (KB)
...
006 (845920.001.000) 2026-03-16 11:36:16 Image size of job updated: 169756
	166  -  MemoryUsage of job (MB)
	169756  -  ResidentSetSize of job (KB)
...
006 (845920.001.000) 2026-03-16 11:41:16 Image size of job updated: 170228
	167  -  MemoryUsage of job (MB)
	170228  -  ResidentSetSize of job (KB)
...
006 (845920.001.000) 2026-03-16 11:51:17 Image size of job updated: 170408
	167  -  MemoryUsage of job (MB)
	170408  -  ResidentSetSize of job (KB)
...
006 (845920.001.000) 2026-03-16 11:56:18 Image size of job updated: 172820
	169  -  MemoryUsage of job (MB)
	172820  -  ResidentSetSize of job (KB)
...
006 (845920.001.000) 2026-03-16 12:36:22 Image size of job updated: 180236
	177  -  MemoryUsage of job (MB)
	180236  -  ResidentSetSize of job (KB)
...
006 (845920.001.000) 2026-03-16 12:41:23 Image size of job updated: 180244
	177  -  MemoryUsage of job (MB)
	180244  -  ResidentSetSize of job (KB)
...
040 (845920.001.000) 2026-03-16 13:19:34 Started transferring output files
...
040 (845920.001.000) 2026-03-16 13:19:34 Finished transferring output files
...
005 (845920.001.000) 2026-03-16 13:19:34 Job terminated.
	(1) Normal termination (return value 0)
		Usr 0 01:44:58, Sys 0 00:09:50  -  Run Remote Usage
		Usr 0 00:00:00, Sys 0 00:00:00  -  Run Local Usage
		Usr 0 01:44:58, Sys 0 00:09:50  -  Total Remote Usage
		Usr 0 00:00:00, Sys 0 00:00:00  -  Total Local Usage
	101666  -  Run Bytes Sent By Job
	848  -  Run Bytes Received By Job
	101666  -  Total Bytes Sent By Job
	848  -  Total Bytes Received By Job
	Partitionable Resources :    Usage  Request Allocated 
	   Cpus                 :     0.81        1         1 
	   Disk (KB)            :   121           1      2821 
	   GPUs                 :                           0 
	   Memory (MB)          :   177        1024      1100 
	   TimeExecute (s)      :  7708                       
	   TimeSlotBusy (s)     :  7709                       

	Job terminated of its own accord at 2026-03-16T04:19:34Z with exit-code 0.
...
