000 (842541.015.000) 2026-03-14 10:57:16 Job submitted from host: <155.230.23.72:9618?addrs=155.230.23.72-9618+[2407-c000-c024-0-20c-29ff-fe6a-c74b]-9618&alias=cms02.knu.ac.kr&noUDP&sock=schedd_1497_655d>
...
040 (842541.015.000) 2026-03-14 10:57:56 Started transferring input files
	Transferring to host: <155.230.21.121:9618?addrs=155.230.21.121-9618+[2407-c000-c025--21-121]-9618&alias=cluster321.knu.ac.kr&noUDP&sock=slot1_3_2177_a4b2_2823>
...
040 (842541.015.000) 2026-03-14 10:57:56 Finished transferring input files
...
001 (842541.015.000) 2026-03-14 10:57:57 Job executing on host: <155.230.21.121:9618?addrs=155.230.21.121-9618+[2407-c000-c025--21-121]-9618&alias=cluster321.knu.ac.kr&noUDP&sock=startd_1610_e791>
	SlotName: slot1_3@cluster321.knu.ac.kr
	CondorScratchDir = "/home/condor/dir_2671820"
	Cpus = 1
	Disk = 2773
	GPUs = 0
	Memory = 1100
...
006 (842541.015.000) 2026-03-14 10:58:06 Image size of job updated: 97604
	96  -  MemoryUsage of job (MB)
	97604  -  ResidentSetSize of job (KB)
...
006 (842541.015.000) 2026-03-14 11:03:07 Image size of job updated: 170688
	167  -  MemoryUsage of job (MB)
	170688  -  ResidentSetSize of job (KB)
...
006 (842541.015.000) 2026-03-14 11:08:08 Image size of job updated: 171644
	168  -  MemoryUsage of job (MB)
	171644  -  ResidentSetSize of job (KB)
...
006 (842541.015.000) 2026-03-14 11:38:10 Image size of job updated: 176592
	173  -  MemoryUsage of job (MB)
	176592  -  ResidentSetSize of job (KB)
...
006 (842541.015.000) 2026-03-14 11:58:11 Image size of job updated: 176692
	173  -  MemoryUsage of job (MB)
	176692  -  ResidentSetSize of job (KB)
...
040 (842541.015.000) 2026-03-14 12:30:01 Started transferring output files
...
040 (842541.015.000) 2026-03-14 12:30:01 Finished transferring output files
...
005 (842541.015.000) 2026-03-14 12:30:01 Job terminated.
	(1) Normal termination (return value 0)
		Usr 0 01:13:46, Sys 0 00:10:23  -  Run Remote Usage
		Usr 0 00:00:00, Sys 0 00:00:00  -  Run Local Usage
		Usr 0 01:13:46, Sys 0 00:10:23  -  Total Remote Usage
		Usr 0 00:00:00, Sys 0 00:00:00  -  Total Local Usage
	108797  -  Run Bytes Sent By Job
	848  -  Run Bytes Received By Job
	108797  -  Total Bytes Sent By Job
	848  -  Total Bytes Received By Job
	Partitionable Resources :    Usage  Request Allocated 
	   Cpus                 :     0.98        1         1 
	   Disk (KB)            :   167           1      2773 
	   GPUs                 :                           0 
	   Memory (MB)          :   173        1024      1100 
	   TimeExecute (s)      :  5524                       
	   TimeSlotBusy (s)     :  5525                       

	Job terminated of its own accord at 2026-03-14T03:30:01Z with exit-code 0.
...
000 (845920.015.000) 2026-03-16 11:09:37 Job submitted from host: <155.230.23.72:9618?addrs=155.230.23.72-9618+[2407-c000-c024-0-20c-29ff-fe6a-c74b]-9618&alias=cms02.knu.ac.kr&noUDP&sock=schedd_1497_655d>
...
040 (845920.015.000) 2026-03-16 11:11:08 Started transferring input files
	Transferring to host: <155.230.21.121:9618?addrs=155.230.21.121-9618+[2407-c000-c025--21-121]-9618&alias=cluster321.knu.ac.kr&noUDP&sock=slot1_16_2177_a4b2_3420>
...
040 (845920.015.000) 2026-03-16 11:11:08 Finished transferring input files
...
001 (845920.015.000) 2026-03-16 11:11:09 Job executing on host: <155.230.21.121:9618?addrs=155.230.21.121-9618+[2407-c000-c025--21-121]-9618&alias=cluster321.knu.ac.kr&noUDP&sock=startd_1610_e791>
	SlotName: slot1_16@cluster321.knu.ac.kr
	CondorScratchDir = "/home/condor/dir_3149501"
	Cpus = 1
	Disk = 2773
	GPUs = 0
	Memory = 1100
...
006 (845920.015.000) 2026-03-16 11:11:18 Image size of job updated: 96736
	95  -  MemoryUsage of job (MB)
	96736  -  ResidentSetSize of job (KB)
...
006 (845920.015.000) 2026-03-16 11:16:19 Image size of job updated: 152556
	149  -  MemoryUsage of job (MB)
	152556  -  ResidentSetSize of job (KB)
...
006 (845920.015.000) 2026-03-16 11:21:19 Image size of job updated: 167332
	164  -  MemoryUsage of job (MB)
	167332  -  ResidentSetSize of job (KB)
...
006 (845920.015.000) 2026-03-16 11:26:19 Image size of job updated: 167376
	164  -  MemoryUsage of job (MB)
	167376  -  ResidentSetSize of job (KB)
...
006 (845920.015.000) 2026-03-16 11:31:20 Image size of job updated: 170704
	167  -  MemoryUsage of job (MB)
	170704  -  ResidentSetSize of job (KB)
...
006 (845920.015.000) 2026-03-16 11:41:20 Image size of job updated: 171416
	168  -  MemoryUsage of job (MB)
	171416  -  ResidentSetSize of job (KB)
...
006 (845920.015.000) 2026-03-16 11:51:21 Image size of job updated: 171636
	168  -  MemoryUsage of job (MB)
	171636  -  ResidentSetSize of job (KB)
...
006 (845920.015.000) 2026-03-16 11:56:21 Image size of job updated: 174224
	171  -  MemoryUsage of job (MB)
	174224  -  ResidentSetSize of job (KB)
...
006 (845920.015.000) 2026-03-16 12:26:25 Image size of job updated: 179584
	176  -  MemoryUsage of job (MB)
	179584  -  ResidentSetSize of job (KB)
...
006 (845920.015.000) 2026-03-16 12:31:25 Image size of job updated: 180476
	177  -  MemoryUsage of job (MB)
	180476  -  ResidentSetSize of job (KB)
...
006 (845920.015.000) 2026-03-16 12:46:26 Image size of job updated: 180524
	177  -  MemoryUsage of job (MB)
	180524  -  ResidentSetSize of job (KB)
...
040 (845920.015.000) 2026-03-16 13:36:20 Started transferring output files
...
040 (845920.015.000) 2026-03-16 13:36:20 Finished transferring output files
...
005 (845920.015.000) 2026-03-16 13:36:20 Job terminated.
	(1) Normal termination (return value 0)
		Usr 0 02:05:28, Sys 0 00:10:52  -  Run Remote Usage
		Usr 0 00:00:00, Sys 0 00:00:00  -  Run Local Usage
		Usr 0 02:05:28, Sys 0 00:10:52  -  Total Remote Usage
		Usr 0 00:00:00, Sys 0 00:00:00  -  Total Local Usage
	110343  -  Run Bytes Sent By Job
	848  -  Run Bytes Received By Job
	110343  -  Total Bytes Sent By Job
	848  -  Total Bytes Received By Job
	Partitionable Resources :    Usage  Request Allocated 
	   Cpus                 :     0.97        1         1 
	   Disk (KB)            :   130           1      2773 
	   GPUs                 :                           0 
	   Memory (MB)          :   177        1024      1100 
	   TimeExecute (s)      :  8711                       
	   TimeSlotBusy (s)     :  8712                       

	Job terminated of its own accord at 2026-03-16T04:36:20Z with exit-code 0.
...
