000 (842541.009.000) 2026-03-14 10:57:16 Job submitted from host: <155.230.23.72:9618?addrs=155.230.23.72-9618+[2407-c000-c024-0-20c-29ff-fe6a-c74b]-9618&alias=cms02.knu.ac.kr&noUDP&sock=schedd_1497_655d>
...
040 (842541.009.000) 2026-03-14 10:57:53 Started transferring input files
	Transferring to host: <155.230.21.113:9618?addrs=155.230.21.113-9618+[2407-c000-c025--21-113]-9618&alias=cluster313.knu.ac.kr&noUDP&sock=slot1_3_2052_91cd_3395>
...
040 (842541.009.000) 2026-03-14 10:57:53 Finished transferring input files
...
001 (842541.009.000) 2026-03-14 10:57:54 Job executing on host: <155.230.21.113:9618?addrs=155.230.21.113-9618+[2407-c000-c025--21-113]-9618&alias=cluster313.knu.ac.kr&noUDP&sock=startd_1757_bbfd>
	SlotName: slot1_3@cluster313.knu.ac.kr
	CondorScratchDir = "/home/condor/dir_228623"
	Cpus = 1
	Disk = 2834
	GPUs = 0
	Memory = 1100
...
006 (842541.009.000) 2026-03-14 10:58:03 Image size of job updated: 96172
	94  -  MemoryUsage of job (MB)
	96172  -  ResidentSetSize of job (KB)
...
006 (842541.009.000) 2026-03-14 11:03:04 Image size of job updated: 169916
	166  -  MemoryUsage of job (MB)
	169916  -  ResidentSetSize of job (KB)
...
006 (842541.009.000) 2026-03-14 11:08:05 Image size of job updated: 170708
	167  -  MemoryUsage of job (MB)
	170708  -  ResidentSetSize of job (KB)
...
006 (842541.009.000) 2026-03-14 11:23:06 Image size of job updated: 174364
	171  -  MemoryUsage of job (MB)
	174364  -  ResidentSetSize of job (KB)
...
006 (842541.009.000) 2026-03-14 11:38:07 Image size of job updated: 179836
	176  -  MemoryUsage of job (MB)
	179836  -  ResidentSetSize of job (KB)
...
006 (842541.009.000) 2026-03-14 12:08:10 Image size of job updated: 180228
	177  -  MemoryUsage of job (MB)
	180228  -  ResidentSetSize of job (KB)
...
040 (842541.009.000) 2026-03-14 12:29:03 Started transferring output files
...
040 (842541.009.000) 2026-03-14 12:29:03 Finished transferring output files
...
005 (842541.009.000) 2026-03-14 12:29:03 Job terminated.
	(1) Normal termination (return value 0)
		Usr 0 01:09:25, Sys 0 00:11:00  -  Run Remote Usage
		Usr 0 00:00:00, Sys 0 00:00:00  -  Run Local Usage
		Usr 0 01:09:25, Sys 0 00:11:00  -  Total Remote Usage
		Usr 0 00:00:00, Sys 0 00:00:00  -  Total Local Usage
	112437  -  Run Bytes Sent By Job
	848  -  Run Bytes Received By Job
	112437  -  Total Bytes Sent By Job
	848  -  Total Bytes Received By Job
	Partitionable Resources :    Usage  Request Allocated 
	   Cpus                 :     0.96        1         1 
	   Disk (KB)            :   171           1      2834 
	   GPUs                 :                           0 
	   Memory (MB)          :   177        1024      1100 
	   TimeExecute (s)      :  5469                       
	   TimeSlotBusy (s)     :  5470                       

	Job terminated of its own accord at 2026-03-14T03:29:03Z with exit-code 0.
...
000 (845920.009.000) 2026-03-16 11:09:37 Job submitted from host: <155.230.23.72:9618?addrs=155.230.23.72-9618+[2407-c000-c024-0-20c-29ff-fe6a-c74b]-9618&alias=cms02.knu.ac.kr&noUDP&sock=schedd_1497_655d>
...
040 (845920.009.000) 2026-03-16 11:11:06 Started transferring input files
	Transferring to host: <155.230.21.112:9618?addrs=155.230.21.112-9618+[2407-c000-c025--21-112]-9618&alias=cluster312.knu.ac.kr&noUDP&sock=slot1_8_1717_881f_3199>
...
040 (845920.009.000) 2026-03-16 11:11:06 Finished transferring input files
...
001 (845920.009.000) 2026-03-16 11:11:07 Job executing on host: <155.230.21.112:9618?addrs=155.230.21.112-9618+[2407-c000-c025--21-112]-9618&alias=cluster312.knu.ac.kr&noUDP&sock=startd_1274_6fbf>
	SlotName: slot1_8@cluster312.knu.ac.kr
	CondorScratchDir = "/home/condor/dir_2300110"
	Cpus = 1
	Disk = 2838
	GPUs = 0
	Memory = 1100
...
006 (845920.009.000) 2026-03-16 11:11:16 Image size of job updated: 98324
	97  -  MemoryUsage of job (MB)
	98324  -  ResidentSetSize of job (KB)
...
006 (845920.009.000) 2026-03-16 11:16:17 Image size of job updated: 151296
	148  -  MemoryUsage of job (MB)
	151296  -  ResidentSetSize of job (KB)
...
006 (845920.009.000) 2026-03-16 11:21:17 Image size of job updated: 170972
	167  -  MemoryUsage of job (MB)
	170972  -  ResidentSetSize of job (KB)
...
006 (845920.009.000) 2026-03-16 11:26:18 Image size of job updated: 171196
	168  -  MemoryUsage of job (MB)
	171196  -  ResidentSetSize of job (KB)
...
006 (845920.009.000) 2026-03-16 11:31:19 Image size of job updated: 171252
	168  -  MemoryUsage of job (MB)
	171252  -  ResidentSetSize of job (KB)
...
006 (845920.009.000) 2026-03-16 11:41:20 Image size of job updated: 173836
	170  -  MemoryUsage of job (MB)
	173836  -  ResidentSetSize of job (KB)
...
006 (845920.009.000) 2026-03-16 11:51:21 Image size of job updated: 177272
	174  -  MemoryUsage of job (MB)
	177272  -  ResidentSetSize of job (KB)
...
006 (845920.009.000) 2026-03-16 11:56:21 Image size of job updated: 180312
	177  -  MemoryUsage of job (MB)
	180312  -  ResidentSetSize of job (KB)
...
006 (845920.009.000) 2026-03-16 12:56:27 Image size of job updated: 180368
	177  -  MemoryUsage of job (MB)
	180368  -  ResidentSetSize of job (KB)
...
040 (845920.009.000) 2026-03-16 13:28:22 Started transferring output files
...
040 (845920.009.000) 2026-03-16 13:28:22 Finished transferring output files
...
005 (845920.009.000) 2026-03-16 13:28:22 Job terminated.
	(1) Normal termination (return value 0)
		Usr 0 01:55:06, Sys 0 00:11:27  -  Run Remote Usage
		Usr 0 00:00:00, Sys 0 00:00:00  -  Run Local Usage
		Usr 0 01:55:06, Sys 0 00:11:27  -  Total Remote Usage
		Usr 0 00:00:00, Sys 0 00:00:00  -  Total Local Usage
	113490  -  Run Bytes Sent By Job
	848  -  Run Bytes Received By Job
	113490  -  Total Bytes Sent By Job
	848  -  Total Bytes Received By Job
	Partitionable Resources :    Usage  Request Allocated 
	   Cpus                 :     0.93        1         1 
	   Disk (KB)            :   133           1      2838 
	   GPUs                 :                           0 
	   Memory (MB)          :   177        1024      1100 
	   TimeExecute (s)      :  8235                       
	   TimeSlotBusy (s)     :  8236                       

	Job terminated of its own accord at 2026-03-16T04:28:22Z with exit-code 0.
...
