000 (842541.027.000) 2026-03-14 10:57:16 Job submitted from host: <155.230.23.72:9618?addrs=155.230.23.72-9618+[2407-c000-c024-0-20c-29ff-fe6a-c74b]-9618&alias=cms02.knu.ac.kr&noUDP&sock=schedd_1497_655d>
...
040 (842541.027.000) 2026-03-14 10:58:00 Started transferring input files
	Transferring to host: <155.230.21.33:9618?addrs=155.230.21.33-9618+[2407-c000-c025--21-33]-9618&alias=cluster233.knu.ac.kr&noUDP&sock=slot1_4_1663_7bdd_1569>
...
040 (842541.027.000) 2026-03-14 10:58:00 Finished transferring input files
...
001 (842541.027.000) 2026-03-14 10:58:01 Job executing on host: <155.230.21.33:9618?addrs=155.230.21.33-9618+[2407-c000-c025--21-33]-9618&alias=cluster233.knu.ac.kr&noUDP&sock=startd_1134_687c>
	SlotName: slot1_4@cluster233.knu.ac.kr
	CondorScratchDir = "/home/condor/dir_2852094"
	Cpus = 1
	Disk = 2833
	GPUs = 0
	Memory = 1100
...
006 (842541.027.000) 2026-03-14 10:58:10 Image size of job updated: 97020
	95  -  MemoryUsage of job (MB)
	97020  -  ResidentSetSize of job (KB)
...
006 (842541.027.000) 2026-03-14 11:03:11 Image size of job updated: 150600
	148  -  MemoryUsage of job (MB)
	150600  -  ResidentSetSize of job (KB)
...
006 (842541.027.000) 2026-03-14 11:08:12 Image size of job updated: 172068
	169  -  MemoryUsage of job (MB)
	172068  -  ResidentSetSize of job (KB)
...
006 (842541.027.000) 2026-03-14 11:23:14 Image size of job updated: 173100
	170  -  MemoryUsage of job (MB)
	173100  -  ResidentSetSize of job (KB)
...
006 (842541.027.000) 2026-03-14 11:38:15 Image size of job updated: 173552
	170  -  MemoryUsage of job (MB)
	173552  -  ResidentSetSize of job (KB)
...
006 (842541.027.000) 2026-03-15 22:56:46 Image size of job updated: 174560
	171  -  MemoryUsage of job (MB)
	174560  -  ResidentSetSize of job (KB)
...
006 (842541.027.000) 2026-03-15 23:31:50 Image size of job updated: 178784
	175  -  MemoryUsage of job (MB)
	178784  -  ResidentSetSize of job (KB)
...
040 (842541.027.000) 2026-03-15 23:36:18 Started transferring output files
...
040 (842541.027.000) 2026-03-15 23:36:19 Finished transferring output files
...
005 (842541.027.000) 2026-03-15 23:36:19 Job terminated.
	(1) Normal termination (return value 0)
		Usr 0 01:09:36, Sys 0 00:11:40  -  Run Remote Usage
		Usr 0 00:00:00, Sys 0 00:00:00  -  Run Local Usage
		Usr 0 01:09:36, Sys 0 00:11:40  -  Total Remote Usage
		Usr 0 00:00:00, Sys 0 00:00:00  -  Total Local Usage
	95896  -  Run Bytes Sent By Job
	848  -  Run Bytes Received By Job
	95896  -  Total Bytes Sent By Job
	848  -  Total Bytes Received By Job
	Partitionable Resources :     Usage  Request Allocated 
	   Cpus                 :      0.11        1         1 
	   Disk (KB)            :    154           1      2833 
	   GPUs                 :                            0 
	   Memory (MB)          :    175        1024      1100 
	   TimeExecute (s)      : 131897                       
	   TimeSlotBusy (s)     : 131899                       

	Job terminated of its own accord at 2026-03-15T14:36:18Z with exit-code 0.
...
000 (845920.027.000) 2026-03-16 11:09:38 Job submitted from host: <155.230.23.72:9618?addrs=155.230.23.72-9618+[2407-c000-c024-0-20c-29ff-fe6a-c74b]-9618&alias=cms02.knu.ac.kr&noUDP&sock=schedd_1497_655d>
...
040 (845920.027.000) 2026-03-16 11:11:24 Started transferring input files
	Transferring to host: <155.230.21.111:9618?addrs=155.230.21.111-9618+[2407-c000-c025--21-111]-9618&alias=cluster311.knu.ac.kr&noUDP&sock=slot1_7_1791_abe2_3094>
...
040 (845920.027.000) 2026-03-16 11:11:24 Finished transferring input files
...
001 (845920.027.000) 2026-03-16 11:11:25 Job executing on host: <155.230.21.111:9618?addrs=155.230.21.111-9618+[2407-c000-c025--21-111]-9618&alias=cluster311.knu.ac.kr&noUDP&sock=startd_1310_2127>
	SlotName: slot1_7@cluster311.knu.ac.kr
	CondorScratchDir = "/home/condor/dir_2430424"
	Cpus = 1
	Disk = 2841
	GPUs = 0
	Memory = 1100
...
006 (845920.027.000) 2026-03-16 11:11:34 Image size of job updated: 97472
	96  -  MemoryUsage of job (MB)
	97472  -  ResidentSetSize of job (KB)
...
006 (845920.027.000) 2026-03-16 11:16:35 Image size of job updated: 165568
	162  -  MemoryUsage of job (MB)
	165568  -  ResidentSetSize of job (KB)
...
006 (845920.027.000) 2026-03-16 11:21:36 Image size of job updated: 170424
	167  -  MemoryUsage of job (MB)
	170424  -  ResidentSetSize of job (KB)
...
006 (845920.027.000) 2026-03-16 11:26:36 Image size of job updated: 171060
	168  -  MemoryUsage of job (MB)
	171060  -  ResidentSetSize of job (KB)
...
006 (845920.027.000) 2026-03-16 11:31:37 Image size of job updated: 173652
	170  -  MemoryUsage of job (MB)
	173652  -  ResidentSetSize of job (KB)
...
006 (845920.027.000) 2026-03-16 12:51:44 Image size of job updated: 174664
	171  -  MemoryUsage of job (MB)
	174664  -  ResidentSetSize of job (KB)
...
040 (845920.027.000) 2026-03-16 12:53:11 Started transferring output files
...
040 (845920.027.000) 2026-03-16 12:53:11 Finished transferring output files
...
005 (845920.027.000) 2026-03-16 12:53:11 Job terminated.
	(1) Normal termination (return value 0)
		Usr 0 01:24:12, Sys 0 00:09:00  -  Run Remote Usage
		Usr 0 00:00:00, Sys 0 00:00:00  -  Run Local Usage
		Usr 0 01:24:12, Sys 0 00:09:00  -  Total Remote Usage
		Usr 0 00:00:00, Sys 0 00:00:00  -  Total Local Usage
	93794  -  Run Bytes Sent By Job
	848  -  Run Bytes Received By Job
	93794  -  Total Bytes Sent By Job
	848  -  Total Bytes Received By Job
	Partitionable Resources :    Usage  Request Allocated 
	   Cpus                 :     0.84        1         1 
	   Disk (KB)            :   114           1      2841 
	   GPUs                 :                           0 
	   Memory (MB)          :   171        1024      1100 
	   TimeExecute (s)      :  6106                       
	   TimeSlotBusy (s)     :  6107                       

	Job terminated of its own accord at 2026-03-16T03:53:11Z with exit-code 0.
...
