000 (842541.023.000) 2026-03-14 10:57:16 Job submitted from host: <155.230.23.72:9618?addrs=155.230.23.72-9618+[2407-c000-c024-0-20c-29ff-fe6a-c74b]-9618&alias=cms02.knu.ac.kr&noUDP&sock=schedd_1497_655d>
...
040 (842541.023.000) 2026-03-14 10:58:00 Started transferring input files
	Transferring to host: <155.230.21.155:9618?addrs=155.230.21.155-9618+[2407-c000-c025--21-155]-9618&alias=cluster355.knu.ac.kr&noUDP&sock=slot1_3_3994_e25b_7447>
...
040 (842541.023.000) 2026-03-14 10:58:00 Finished transferring input files
...
001 (842541.023.000) 2026-03-14 10:58:01 Job executing on host: <155.230.21.155:9618?addrs=155.230.21.155-9618+[2407-c000-c025--21-155]-9618&alias=cluster355.knu.ac.kr&noUDP&sock=startd_2910_98af>
	SlotName: slot1_3@cluster355.knu.ac.kr
	CondorScratchDir = "/home/condor/dir_2056147"
	Cpus = 1
	Disk = 4665
	GPUs = 0
	Memory = 1100
...
006 (842541.023.000) 2026-03-14 10:58:09 Image size of job updated: 97124
	95  -  MemoryUsage of job (MB)
	97124  -  ResidentSetSize of job (KB)
...
006 (842541.023.000) 2026-03-14 11:03:09 Image size of job updated: 171052
	168  -  MemoryUsage of job (MB)
	171052  -  ResidentSetSize of job (KB)
...
040 (842541.023.000) 2026-03-14 11:42:21 Started transferring output files
...
040 (842541.023.000) 2026-03-14 11:42:21 Finished transferring output files
...
005 (842541.023.000) 2026-03-14 11:42:21 Job terminated.
	(1) Normal termination (return value 0)
		Usr 0 00:34:55, Sys 0 00:02:06  -  Run Remote Usage
		Usr 0 00:00:00, Sys 0 00:00:00  -  Run Local Usage
		Usr 0 00:34:55, Sys 0 00:02:06  -  Total Remote Usage
		Usr 0 00:00:00, Sys 0 00:00:00  -  Total Local Usage
	110042  -  Run Bytes Sent By Job
	848  -  Run Bytes Received By Job
	110042  -  Total Bytes Sent By Job
	848  -  Total Bytes Received By Job
	Partitionable Resources :    Usage  Request Allocated 
	   Cpus                 :     0.86        1         1 
	   Disk (KB)            :   168           1      4665 
	   GPUs                 :                           0 
	   Memory (MB)          :   168        1024      1100 
	   TimeExecute (s)      :  2659                       
	   TimeSlotBusy (s)     :  2661                       

	Job terminated of its own accord at 2026-03-14T02:42:20Z with exit-code 0.
...
000 (845920.023.000) 2026-03-16 11:09:38 Job submitted from host: <155.230.23.72:9618?addrs=155.230.23.72-9618+[2407-c000-c024-0-20c-29ff-fe6a-c74b]-9618&alias=cms02.knu.ac.kr&noUDP&sock=schedd_1497_655d>
...
040 (845920.023.000) 2026-03-16 11:11:24 Started transferring input files
	Transferring to host: <155.230.21.113:9618?addrs=155.230.21.113-9618+[2407-c000-c025--21-113]-9618&alias=cluster313.knu.ac.kr&noUDP&sock=slot1_16_2052_91cd_3932>
...
040 (845920.023.000) 2026-03-16 11:11:24 Finished transferring input files
...
001 (845920.023.000) 2026-03-16 11:11:25 Job executing on host: <155.230.21.113:9618?addrs=155.230.21.113-9618+[2407-c000-c025--21-113]-9618&alias=cluster313.knu.ac.kr&noUDP&sock=startd_1757_bbfd>
	SlotName: slot1_16@cluster313.knu.ac.kr
	CondorScratchDir = "/home/condor/dir_526637"
	Cpus = 1
	Disk = 2834
	GPUs = 0
	Memory = 1100
...
006 (845920.023.000) 2026-03-16 11:11:34 Image size of job updated: 95584
	94  -  MemoryUsage of job (MB)
	95584  -  ResidentSetSize of job (KB)
...
006 (845920.023.000) 2026-03-16 11:16:35 Image size of job updated: 152588
	150  -  MemoryUsage of job (MB)
	152588  -  ResidentSetSize of job (KB)
...
006 (845920.023.000) 2026-03-16 11:21:36 Image size of job updated: 166772
	163  -  MemoryUsage of job (MB)
	166772  -  ResidentSetSize of job (KB)
...
006 (845920.023.000) 2026-03-16 11:26:36 Image size of job updated: 169588
	166  -  MemoryUsage of job (MB)
	169588  -  ResidentSetSize of job (KB)
...
006 (845920.023.000) 2026-03-16 11:31:37 Image size of job updated: 170788
	167  -  MemoryUsage of job (MB)
	170788  -  ResidentSetSize of job (KB)
...
006 (845920.023.000) 2026-03-16 11:36:38 Image size of job updated: 171012
	168  -  MemoryUsage of job (MB)
	171012  -  ResidentSetSize of job (KB)
...
006 (845920.023.000) 2026-03-16 11:41:38 Image size of job updated: 171044
	168  -  MemoryUsage of job (MB)
	171044  -  ResidentSetSize of job (KB)
...
006 (845920.023.000) 2026-03-16 11:46:38 Image size of job updated: 173636
	170  -  MemoryUsage of job (MB)
	173636  -  ResidentSetSize of job (KB)
...
040 (845920.023.000) 2026-03-16 13:39:46 Started transferring output files
...
040 (845920.023.000) 2026-03-16 13:39:46 Finished transferring output files
...
005 (845920.023.000) 2026-03-16 13:39:46 Job terminated.
	(1) Normal termination (return value 0)
		Usr 0 02:01:06, Sys 0 00:11:54  -  Run Remote Usage
		Usr 0 00:00:00, Sys 0 00:00:00  -  Run Local Usage
		Usr 0 02:01:06, Sys 0 00:11:54  -  Total Remote Usage
		Usr 0 00:00:00, Sys 0 00:00:00  -  Total Local Usage
	113439  -  Run Bytes Sent By Job
	848  -  Run Bytes Received By Job
	113439  -  Total Bytes Sent By Job
	848  -  Total Bytes Received By Job
	Partitionable Resources :    Usage  Request Allocated 
	   Cpus                 :     0.96        1         1 
	   Disk (KB)            :   133           1      2834 
	   GPUs                 :                           0 
	   Memory (MB)          :   170        1024      1100 
	   TimeExecute (s)      :  8901                       
	   TimeSlotBusy (s)     :  8902                       

	Job terminated of its own accord at 2026-03-16T04:39:46Z with exit-code 0.
...
