000 (842541.024.000) 2026-03-14 10:57:16 Job submitted from host: <155.230.23.72:9618?addrs=155.230.23.72-9618+[2407-c000-c024-0-20c-29ff-fe6a-c74b]-9618&alias=cms02.knu.ac.kr&noUDP&sock=schedd_1497_655d>
...
040 (842541.024.000) 2026-03-14 10:58:00 Started transferring input files
	Transferring to host: <155.230.21.151:9618?addrs=155.230.21.151-9618+[2407-c000-c025--21-151]-9618&alias=cluster351.knu.ac.kr&noUDP&sock=slot1_13_4615_6f55_11870>
...
040 (842541.024.000) 2026-03-14 10:58:00 Finished transferring input files
...
001 (842541.024.000) 2026-03-14 10:58:01 Job executing on host: <155.230.21.151:9618?addrs=155.230.21.151-9618+[2407-c000-c025--21-151]-9618&alias=cluster351.knu.ac.kr&noUDP&sock=startd_3828_44a0>
	SlotName: slot1_13@cluster351.knu.ac.kr
	CondorScratchDir = "/home/condor/dir_1345672"
	Cpus = 1
	Disk = 8386
	GPUs = 0
	Memory = 1100
...
006 (842541.024.000) 2026-03-14 10:58:09 Image size of job updated: 97692
	96  -  MemoryUsage of job (MB)
	97692  -  ResidentSetSize of job (KB)
...
006 (842541.024.000) 2026-03-14 11:03:09 Image size of job updated: 171196
	168  -  MemoryUsage of job (MB)
	171196  -  ResidentSetSize of job (KB)
...
006 (842541.024.000) 2026-03-14 11:08:10 Image size of job updated: 171316
	168  -  MemoryUsage of job (MB)
	171316  -  ResidentSetSize of job (KB)
...
040 (842541.024.000) 2026-03-14 12:02:45 Started transferring output files
...
040 (842541.024.000) 2026-03-14 12:02:46 Finished transferring output files
...
005 (842541.024.000) 2026-03-14 12:02:46 Job terminated.
	(1) Normal termination (return value 0)
		Usr 0 00:43:27, Sys 0 00:03:58  -  Run Remote Usage
		Usr 0 00:00:00, Sys 0 00:00:00  -  Run Local Usage
		Usr 0 00:43:27, Sys 0 00:03:58  -  Total Remote Usage
		Usr 0 00:00:00, Sys 0 00:00:00  -  Total Local Usage
	106741  -  Run Bytes Sent By Job
	848  -  Run Bytes Received By Job
	106741  -  Total Bytes Sent By Job
	848  -  Total Bytes Received By Job
	Partitionable Resources :    Usage  Request Allocated 
	   Cpus                 :     0.83        1         1 
	   Disk (KB)            :   165           1      8386 
	   GPUs                 :                           0 
	   Memory (MB)          :   168        1024      1100 
	   TimeExecute (s)      :  3884                       
	   TimeSlotBusy (s)     :  3886                       

	Job terminated of its own accord at 2026-03-14T03:02:45Z with exit-code 0.
...
000 (845920.024.000) 2026-03-16 11:09:38 Job submitted from host: <155.230.23.72:9618?addrs=155.230.23.72-9618+[2407-c000-c024-0-20c-29ff-fe6a-c74b]-9618&alias=cms02.knu.ac.kr&noUDP&sock=schedd_1497_655d>
...
040 (845920.024.000) 2026-03-16 11:11:22 Started transferring input files
	Transferring to host: <155.230.21.149:9618?addrs=155.230.21.149-9618+[2407-c000-c025--21-149]-9618&alias=cluster349.knu.ac.kr&noUDP&sock=slot1_6_2461_bf3d_2840>
...
040 (845920.024.000) 2026-03-16 11:11:22 Finished transferring input files
...
001 (845920.024.000) 2026-03-16 11:11:24 Job executing on host: <155.230.21.149:9618?addrs=155.230.21.149-9618+[2407-c000-c025--21-149]-9618&alias=cluster349.knu.ac.kr&noUDP&sock=startd_1753_fd9c>
	SlotName: slot1_6@cluster349.knu.ac.kr
	CondorScratchDir = "/home/condor/dir_1892522"
	Cpus = 1
	Disk = 2837
	GPUs = 0
	Memory = 1100
...
006 (845920.024.000) 2026-03-16 11:11:32 Image size of job updated: 97816
	96  -  MemoryUsage of job (MB)
	97816  -  ResidentSetSize of job (KB)
...
006 (845920.024.000) 2026-03-16 11:16:32 Image size of job updated: 170720
	167  -  MemoryUsage of job (MB)
	170720  -  ResidentSetSize of job (KB)
...
006 (845920.024.000) 2026-03-16 11:21:32 Image size of job updated: 170792
	167  -  MemoryUsage of job (MB)
	170792  -  ResidentSetSize of job (KB)
...
006 (845920.024.000) 2026-03-16 11:46:36 Image size of job updated: 173196
	170  -  MemoryUsage of job (MB)
	173196  -  ResidentSetSize of job (KB)
...
006 (845920.024.000) 2026-03-16 13:06:44 Image size of job updated: 173444
	170  -  MemoryUsage of job (MB)
	173444  -  ResidentSetSize of job (KB)
...
040 (845920.024.000) 2026-03-16 13:22:02 Started transferring output files
...
040 (845920.024.000) 2026-03-16 13:22:02 Finished transferring output files
...
005 (845920.024.000) 2026-03-16 13:22:03 Job terminated.
	(1) Normal termination (return value 0)
		Usr 0 01:47:15, Sys 0 00:10:46  -  Run Remote Usage
		Usr 0 00:00:00, Sys 0 00:00:00  -  Run Local Usage
		Usr 0 01:47:15, Sys 0 00:10:46  -  Total Remote Usage
		Usr 0 00:00:00, Sys 0 00:00:00  -  Total Local Usage
	109084  -  Run Bytes Sent By Job
	848  -  Run Bytes Received By Job
	109084  -  Total Bytes Sent By Job
	848  -  Total Bytes Received By Job
	Partitionable Resources :    Usage  Request Allocated 
	   Cpus                 :     0.93        1         1 
	   Disk (KB)            :   129           1      2837 
	   GPUs                 :                           0 
	   Memory (MB)          :   170        1024      1100 
	   TimeExecute (s)      :  7838                       
	   TimeSlotBusy (s)     :  7840                       

	Job terminated of its own accord at 2026-03-16T04:22:01Z with exit-code 0.
...
