000 (842541.016.000) 2026-03-14 10:57:16 Job submitted from host: <155.230.23.72:9618?addrs=155.230.23.72-9618+[2407-c000-c024-0-20c-29ff-fe6a-c74b]-9618&alias=cms02.knu.ac.kr&noUDP&sock=schedd_1497_655d>
...
040 (842541.016.000) 2026-03-14 10:58:07 Started transferring input files
	Transferring to host: <155.230.21.114:9618?addrs=155.230.21.114-9618+[2407-c000-c025--21-114]-9618&alias=cluster314.knu.ac.kr&noUDP&sock=slot1_3_2241_bcb4_2364>
...
040 (842541.016.000) 2026-03-14 10:58:07 Finished transferring input files
...
001 (842541.016.000) 2026-03-14 10:58:08 Job executing on host: <155.230.21.114:9618?addrs=155.230.21.114-9618+[2407-c000-c025--21-114]-9618&alias=cluster314.knu.ac.kr&noUDP&sock=startd_1682_4a63>
	SlotName: slot1_3@cluster314.knu.ac.kr
	CondorScratchDir = "/home/condor/dir_3502754"
	Cpus = 1
	Disk = 2754
	GPUs = 0
	Memory = 1100
...
006 (842541.016.000) 2026-03-14 10:58:17 Image size of job updated: 97992
	96  -  MemoryUsage of job (MB)
	97992  -  ResidentSetSize of job (KB)
...
006 (842541.016.000) 2026-03-14 11:03:18 Image size of job updated: 171096
	168  -  MemoryUsage of job (MB)
	171096  -  ResidentSetSize of job (KB)
...
006 (842541.016.000) 2026-03-14 11:08:19 Image size of job updated: 172156
	169  -  MemoryUsage of job (MB)
	172156  -  ResidentSetSize of job (KB)
...
006 (842541.016.000) 2026-03-14 11:13:19 Image size of job updated: 172160
	169  -  MemoryUsage of job (MB)
	172160  -  ResidentSetSize of job (KB)
...
006 (842541.016.000) 2026-03-14 12:03:23 Image size of job updated: 172964
	169  -  MemoryUsage of job (MB)
	172964  -  ResidentSetSize of job (KB)
...
040 (842541.016.000) 2026-03-14 12:43:26 Started transferring output files
...
040 (842541.016.000) 2026-03-14 12:43:26 Finished transferring output files
...
005 (842541.016.000) 2026-03-14 12:43:26 Job terminated.
	(1) Normal termination (return value 0)
		Usr 0 01:25:52, Sys 0 00:10:54  -  Run Remote Usage
		Usr 0 00:00:00, Sys 0 00:00:00  -  Run Local Usage
		Usr 0 01:25:52, Sys 0 00:10:54  -  Total Remote Usage
		Usr 0 00:00:00, Sys 0 00:00:00  -  Total Local Usage
	113933  -  Run Bytes Sent By Job
	848  -  Run Bytes Received By Job
	113933  -  Total Bytes Sent By Job
	848  -  Total Bytes Received By Job
	Partitionable Resources :    Usage  Request Allocated 
	   Cpus                 :     0.98        1         1 
	   Disk (KB)            :   172           1      2754 
	   GPUs                 :                           0 
	   Memory (MB)          :   169        1024      1100 
	   TimeExecute (s)      :  6318                       
	   TimeSlotBusy (s)     :  6319                       

	Job terminated of its own accord at 2026-03-14T03:43:26Z with exit-code 0.
...
000 (845920.016.000) 2026-03-16 11:09:37 Job submitted from host: <155.230.23.72:9618?addrs=155.230.23.72-9618+[2407-c000-c024-0-20c-29ff-fe6a-c74b]-9618&alias=cms02.knu.ac.kr&noUDP&sock=schedd_1497_655d>
...
040 (845920.016.000) 2026-03-16 11:11:08 Started transferring input files
	Transferring to host: <155.230.21.72:9618?addrs=155.230.21.72-9618+[2407-c000-c025--21-72]-9618&alias=cluster272.knu.ac.kr&noUDP&sock=slot1_9_3993884_54e3_3893>
...
040 (845920.016.000) 2026-03-16 11:11:08 Finished transferring input files
...
001 (845920.016.000) 2026-03-16 11:11:09 Job executing on host: <155.230.21.72:9618?addrs=155.230.21.72-9618+[2407-c000-c025--21-72]-9618&alias=cluster272.knu.ac.kr&noUDP&sock=startd_1080_5e5f>
	SlotName: slot1_9@cluster272.knu.ac.kr
	CondorScratchDir = "/home/condor/dir_2242569"
	Cpus = 1
	Disk = 2821
	GPUs = 0
	Memory = 1100
...
006 (845920.016.000) 2026-03-16 11:11:18 Image size of job updated: 95516
	94  -  MemoryUsage of job (MB)
	95516  -  ResidentSetSize of job (KB)
...
006 (845920.016.000) 2026-03-16 11:16:19 Image size of job updated: 165744
	162  -  MemoryUsage of job (MB)
	165744  -  ResidentSetSize of job (KB)
...
006 (845920.016.000) 2026-03-16 11:21:20 Image size of job updated: 168876
	165  -  MemoryUsage of job (MB)
	168876  -  ResidentSetSize of job (KB)
...
006 (845920.016.000) 2026-03-16 11:26:20 Image size of job updated: 169492
	166  -  MemoryUsage of job (MB)
	169492  -  ResidentSetSize of job (KB)
...
006 (845920.016.000) 2026-03-16 11:31:21 Image size of job updated: 169716
	166  -  MemoryUsage of job (MB)
	169716  -  ResidentSetSize of job (KB)
...
006 (845920.016.000) 2026-03-16 11:36:22 Image size of job updated: 169732
	166  -  MemoryUsage of job (MB)
	169732  -  ResidentSetSize of job (KB)
...
006 (845920.016.000) 2026-03-16 11:41:22 Image size of job updated: 169760
	166  -  MemoryUsage of job (MB)
	169760  -  ResidentSetSize of job (KB)
...
006 (845920.016.000) 2026-03-16 11:56:24 Image size of job updated: 169928
	166  -  MemoryUsage of job (MB)
	169928  -  ResidentSetSize of job (KB)
...
006 (845920.016.000) 2026-03-16 12:01:24 Image size of job updated: 169940
	166  -  MemoryUsage of job (MB)
	169940  -  ResidentSetSize of job (KB)
...
006 (845920.016.000) 2026-03-16 12:21:26 Image size of job updated: 171436
	168  -  MemoryUsage of job (MB)
	171436  -  ResidentSetSize of job (KB)
...
006 (845920.016.000) 2026-03-16 14:31:40 Image size of job updated: 174968
	171  -  MemoryUsage of job (MB)
	174968  -  ResidentSetSize of job (KB)
...
006 (845920.016.000) 2026-03-16 18:02:01 Image size of job updated: 176464
	173  -  MemoryUsage of job (MB)
	176464  -  ResidentSetSize of job (KB)
...
006 (845920.016.000) 2026-03-16 19:07:07 Image size of job updated: 180052
	176  -  MemoryUsage of job (MB)
	180052  -  ResidentSetSize of job (KB)
...
040 (845920.016.000) 2026-03-16 21:07:50 Started transferring output files
...
040 (845920.016.000) 2026-03-16 21:07:50 Finished transferring output files
...
005 (845920.016.000) 2026-03-16 21:07:50 Job terminated.
	(1) Normal termination (return value 0)
		Usr 0 03:07:12, Sys 0 00:15:26  -  Run Remote Usage
		Usr 0 00:00:00, Sys 0 00:00:00  -  Run Local Usage
		Usr 0 03:07:12, Sys 0 00:15:26  -  Total Remote Usage
		Usr 0 00:00:00, Sys 0 00:00:00  -  Total Local Usage
	116396  -  Run Bytes Sent By Job
	848  -  Run Bytes Received By Job
	116396  -  Total Bytes Sent By Job
	848  -  Total Bytes Received By Job
	Partitionable Resources :    Usage  Request Allocated 
	   Cpus                 :     0.80        1         1 
	   Disk (KB)            :   136           1      2821 
	   GPUs                 :                           0 
	   Memory (MB)          :   176        1024      1100 
	   TimeExecute (s)      : 35800                       
	   TimeSlotBusy (s)     : 35802                       

	Job terminated of its own accord at 2026-03-16T12:07:49Z with exit-code 0.
...
