000 (842541.022.000) 2026-03-14 10:57:16 Job submitted from host: <155.230.23.72:9618?addrs=155.230.23.72-9618+[2407-c000-c024-0-20c-29ff-fe6a-c74b]-9618&alias=cms02.knu.ac.kr&noUDP&sock=schedd_1497_655d>
...
040 (842541.022.000) 2026-03-14 10:57:58 Started transferring input files
	Transferring to host: <155.230.21.135:9618?addrs=155.230.21.135-9618+[2407-c000-c025--21-135]-9618&alias=cluster335.knu.ac.kr&noUDP&sock=slot1_6_3817_2bf4_4966>
...
040 (842541.022.000) 2026-03-14 10:57:58 Finished transferring input files
...
001 (842541.022.000) 2026-03-14 10:57:59 Job executing on host: <155.230.21.135:9618?addrs=155.230.21.135-9618+[2407-c000-c025--21-135]-9618&alias=cluster335.knu.ac.kr&noUDP&sock=startd_2883_13a1>
	SlotName: slot1_6@cluster335.knu.ac.kr
	CondorScratchDir = "/home/condor/dir_275903"
	Cpus = 1
	Disk = 2836
	GPUs = 0
	Memory = 1100
...
006 (842541.022.000) 2026-03-14 10:58:08 Image size of job updated: 98164
	96  -  MemoryUsage of job (MB)
	98164  -  ResidentSetSize of job (KB)
...
006 (842541.022.000) 2026-03-14 11:03:09 Image size of job updated: 168708
	165  -  MemoryUsage of job (MB)
	168708  -  ResidentSetSize of job (KB)
...
006 (842541.022.000) 2026-03-14 11:08:09 Image size of job updated: 170212
	167  -  MemoryUsage of job (MB)
	170212  -  ResidentSetSize of job (KB)
...
006 (842541.022.000) 2026-03-14 11:13:10 Image size of job updated: 170216
	167  -  MemoryUsage of job (MB)
	170216  -  ResidentSetSize of job (KB)
...
006 (842541.022.000) 2026-03-14 11:43:12 Image size of job updated: 170428
	167  -  MemoryUsage of job (MB)
	170428  -  ResidentSetSize of job (KB)
...
040 (842541.022.000) 2026-03-14 12:27:06 Started transferring output files
...
040 (842541.022.000) 2026-03-14 12:27:06 Finished transferring output files
...
005 (842541.022.000) 2026-03-14 12:27:06 Job terminated.
	(1) Normal termination (return value 0)
		Usr 0 01:19:46, Sys 0 00:03:14  -  Run Remote Usage
		Usr 0 00:00:00, Sys 0 00:00:00  -  Run Local Usage
		Usr 0 01:19:46, Sys 0 00:03:14  -  Total Remote Usage
		Usr 0 00:00:00, Sys 0 00:00:00  -  Total Local Usage
	114882  -  Run Bytes Sent By Job
	848  -  Run Bytes Received By Job
	114882  -  Total Bytes Sent By Job
	848  -  Total Bytes Received By Job
	Partitionable Resources :    Usage  Request Allocated 
	   Cpus                 :     0.98        1         1 
	   Disk (KB)            :   173           1      2836 
	   GPUs                 :                           0 
	   Memory (MB)          :   167        1024      1100 
	   TimeExecute (s)      :  5347                       
	   TimeSlotBusy (s)     :  5348                       

	Job terminated of its own accord at 2026-03-14T03:27:06Z with exit-code 0.
...
000 (845920.022.000) 2026-03-16 11:09:38 Job submitted from host: <155.230.23.72:9618?addrs=155.230.23.72-9618+[2407-c000-c024-0-20c-29ff-fe6a-c74b]-9618&alias=cms02.knu.ac.kr&noUDP&sock=schedd_1497_655d>
...
040 (845920.022.000) 2026-03-16 11:11:11 Started transferring input files
	Transferring to host: <155.230.21.73:9618?addrs=155.230.21.73-9618+[2407-c000-c025--21-73]-9618&alias=cluster273.knu.ac.kr&noUDP&sock=slot1_9_1561_9d99_7830>
...
040 (845920.022.000) 2026-03-16 11:11:11 Finished transferring input files
...
001 (845920.022.000) 2026-03-16 11:11:12 Job executing on host: <155.230.21.73:9618?addrs=155.230.21.73-9618+[2407-c000-c025--21-73]-9618&alias=cluster273.knu.ac.kr&noUDP&sock=startd_1131_59b4>
	SlotName: slot1_9@cluster273.knu.ac.kr
	CondorScratchDir = "/home/condor/dir_1198974"
	Cpus = 1
	Disk = 2819
	GPUs = 0
	Memory = 1100
...
006 (845920.022.000) 2026-03-16 11:11:21 Image size of job updated: 95672
	94  -  MemoryUsage of job (MB)
	95672  -  ResidentSetSize of job (KB)
...
006 (845920.022.000) 2026-03-16 11:16:22 Image size of job updated: 162368
	159  -  MemoryUsage of job (MB)
	162368  -  ResidentSetSize of job (KB)
...
006 (845920.022.000) 2026-03-16 11:21:22 Image size of job updated: 166160
	163  -  MemoryUsage of job (MB)
	166160  -  ResidentSetSize of job (KB)
...
006 (845920.022.000) 2026-03-16 11:26:22 Image size of job updated: 172872
	169  -  MemoryUsage of job (MB)
	172872  -  ResidentSetSize of job (KB)
...
006 (845920.022.000) 2026-03-16 18:22:04 Image size of job updated: 172972
	169  -  MemoryUsage of job (MB)
	172972  -  ResidentSetSize of job (KB)
...
006 (845920.022.000) 2026-03-16 19:37:12 Image size of job updated: 173080
	170  -  MemoryUsage of job (MB)
	173080  -  ResidentSetSize of job (KB)
...
040 (845920.022.000) 2026-03-16 20:30:29 Started transferring output files
...
040 (845920.022.000) 2026-03-16 20:30:29 Finished transferring output files
...
005 (845920.022.000) 2026-03-16 20:30:30 Job terminated.
	(1) Normal termination (return value 0)
		Usr 0 02:03:01, Sys 0 00:15:09  -  Run Remote Usage
		Usr 0 00:00:00, Sys 0 00:00:00  -  Run Local Usage
		Usr 0 02:03:01, Sys 0 00:15:09  -  Total Remote Usage
		Usr 0 00:00:00, Sys 0 00:00:00  -  Total Local Usage
	117929  -  Run Bytes Sent By Job
	848  -  Run Bytes Received By Job
	117929  -  Total Bytes Sent By Job
	848  -  Total Bytes Received By Job
	Partitionable Resources :    Usage  Request Allocated 
	   Cpus                 :     0.58        1         1 
	   Disk (KB)            :   137           1      2819 
	   GPUs                 :                           0 
	   Memory (MB)          :   170        1024      1100 
	   TimeExecute (s)      : 33557                       
	   TimeSlotBusy (s)     : 33558                       

	Job terminated of its own accord at 2026-03-16T11:30:29Z with exit-code 0.
...
